23:16:12 INFO  : Launching XSCT server: xsct.bat -n  -interactive C:\Users\khali\ENSC_452_git\ENSC_452\Game_Logic_ScoreLives\temp_xsdb_launch_script.tcl
23:16:13 INFO  : Registering command handlers for Vitis TCF services
23:16:18 INFO  : XSCT server has started successfully.
23:16:21 INFO  : Platform repository initialization has completed.
23:16:23 INFO  : Successfully done setting XSCT server connection channel  
23:16:23 INFO  : plnx-install-location is set to ''
23:16:23 INFO  : Successfully done query RDI_DATADIR 
23:16:23 INFO  : Successfully done setting workspace for the tool. 
23:16:32 INFO  : Platform 'pp_' is added to custom repositories.
23:16:34 INFO  : [Import] Updating active build configuration of the system project 'APP_system' to 'Debug' after the import.
23:17:48 INFO  : Result from executing command 'getProjects': pp_
23:17:48 INFO  : Result from executing command 'getPlatforms': pp_|C:/Users/khali/ENSC_452_git/ENSC_452/Game_Logic_ScoreLives/pp_/export/pp_/pp_.xpfm
23:17:49 INFO  : Checking for BSP changes to sync application flags for project 'APP'...
23:20:18 INFO  : Checking for BSP changes to sync application flags for project 'APP'...
23:32:32 INFO  : Checking for BSP changes to sync application flags for project 'APP'...
23:33:00 INFO  : Checking for BSP changes to sync application flags for project 'APP'...
23:36:43 INFO  : Connected to target on host '127.0.0.1' and port '3121'.
23:36:44 INFO  : Jtag cable 'Digilent Zed 210248469160' is selected.
23:36:44 INFO  : 'jtag frequency' command is executed.
23:36:44 INFO  : Context for 'APU' is selected.
23:36:44 INFO  : System reset is completed.
23:36:47 INFO  : 'after 3000' command is executed.
23:36:47 INFO  : 'targets -set -filter {jtag_cable_name =~ "Digilent Zed 210248469160" && level==0 && jtag_device_ctx=="jsn-Zed-210248469160-03727093-0"}' command is executed.
23:36:50 INFO  : Device configured successfully with "C:/Users/khali/ENSC_452_git/ENSC_452/Game_Logic_ScoreLives/APP/_ide/bitstream/AST2.0_LivesNScore.bit"
23:36:50 INFO  : Context for 'APU' is selected.
23:36:50 INFO  : Hardware design and registers information is loaded from 'C:/Users/khali/ENSC_452_git/ENSC_452/Game_Logic_ScoreLives/pp_/export/pp_/hw/AST2.0_LivesNScore.xsa'.
23:36:50 INFO  : 'configparams force-mem-access 1' command is executed.
23:36:50 INFO  : Context for 'APU' is selected.
23:36:50 INFO  : Sourcing of 'C:/Users/khali/ENSC_452_git/ENSC_452/Game_Logic_ScoreLives/APP/_ide/psinit/ps7_init.tcl' is done.
23:36:52 INFO  : 'ps7_init' command is executed.
23:36:52 INFO  : 'ps7_post_config' command is executed.
23:36:52 INFO  : Context for processor 'ps7_cortexa9_0' is selected.
23:36:52 INFO  : The application 'C:/Users/khali/ENSC_452_git/ENSC_452/Game_Logic_ScoreLives/APP/Debug/APP.elf' is downloaded to processor 'ps7_cortexa9_0'.
23:36:52 INFO  : 'configparams force-mem-access 0' command is executed.
23:36:52 INFO  : ----------------XSDB Script----------------
connect -url tcp:127.0.0.1:3121
targets -set -nocase -filter {name =~"APU*"}
rst -system
after 3000
targets -set -filter {jtag_cable_name =~ "Digilent Zed 210248469160" && level==0 && jtag_device_ctx=="jsn-Zed-210248469160-03727093-0"}
fpga -file C:/Users/khali/ENSC_452_git/ENSC_452/Game_Logic_ScoreLives/APP/_ide/bitstream/AST2.0_LivesNScore.bit
targets -set -nocase -filter {name =~"APU*"}
loadhw -hw C:/Users/khali/ENSC_452_git/ENSC_452/Game_Logic_ScoreLives/pp_/export/pp_/hw/AST2.0_LivesNScore.xsa -mem-ranges [list {0x40000000 0xbfffffff}] -regs
configparams force-mem-access 1
targets -set -nocase -filter {name =~"APU*"}
source C:/Users/khali/ENSC_452_git/ENSC_452/Game_Logic_ScoreLives/APP/_ide/psinit/ps7_init.tcl
ps7_init
ps7_post_config
targets -set -nocase -filter {name =~ "*A9*#0"}
dow C:/Users/khali/ENSC_452_git/ENSC_452/Game_Logic_ScoreLives/APP/Debug/APP.elf
configparams force-mem-access 0
----------------End of Script----------------

23:36:52 INFO  : Context for processor 'ps7_cortexa9_0' is selected.
23:36:52 INFO  : 'con' command is executed.
23:36:52 INFO  : ----------------XSDB Script (After Launch)----------------
targets -set -nocase -filter {name =~ "*A9*#0"}
con
----------------End of Script----------------

23:36:52 INFO  : Launch script is exported to file 'C:\Users\khali\ENSC_452_git\ENSC_452\Game_Logic_ScoreLives\APP_system\_ide\scripts\debugger_app-default.tcl'
23:38:35 INFO  : Disconnected from the channel tcfchan#6.
23:38:36 INFO  : Checking for BSP changes to sync application flags for project 'APP'...
23:39:45 INFO  : Checking for BSP changes to sync application flags for project 'APP'...
23:40:17 INFO  : Checking for BSP changes to sync application flags for project 'APP'...
23:40:37 INFO  : Connected to target on host '127.0.0.1' and port '3121'.
23:40:37 INFO  : Jtag cable 'Digilent Zed 210248469160' is selected.
23:40:37 INFO  : 'jtag frequency' command is executed.
23:40:37 INFO  : Context for 'APU' is selected.
23:40:38 INFO  : System reset is completed.
23:40:41 INFO  : 'after 3000' command is executed.
23:40:41 INFO  : 'targets -set -filter {jtag_cable_name =~ "Digilent Zed 210248469160" && level==0 && jtag_device_ctx=="jsn-Zed-210248469160-03727093-0"}' command is executed.
23:40:43 INFO  : Device configured successfully with "C:/Users/khali/ENSC_452_git/ENSC_452/Game_Logic_ScoreLives/APP/_ide/bitstream/AST2.0_LivesNScore.bit"
23:40:44 INFO  : Context for 'APU' is selected.
23:40:44 INFO  : Hardware design and registers information is loaded from 'C:/Users/khali/ENSC_452_git/ENSC_452/Game_Logic_ScoreLives/pp_/export/pp_/hw/AST2.0_LivesNScore.xsa'.
23:40:44 INFO  : 'configparams force-mem-access 1' command is executed.
23:40:44 INFO  : Context for 'APU' is selected.
23:40:44 INFO  : Sourcing of 'C:/Users/khali/ENSC_452_git/ENSC_452/Game_Logic_ScoreLives/APP/_ide/psinit/ps7_init.tcl' is done.
23:40:45 INFO  : 'ps7_init' command is executed.
23:40:45 INFO  : 'ps7_post_config' command is executed.
23:40:45 INFO  : Context for processor 'ps7_cortexa9_0' is selected.
23:40:46 ERROR : Cannot halt processor core, timeout
23:40:46 INFO  : ----------------XSDB Script----------------
connect -url tcp:127.0.0.1:3121
targets -set -nocase -filter {name =~"APU*"}
rst -system
after 3000
targets -set -filter {jtag_cable_name =~ "Digilent Zed 210248469160" && level==0 && jtag_device_ctx=="jsn-Zed-210248469160-03727093-0"}
fpga -file C:/Users/khali/ENSC_452_git/ENSC_452/Game_Logic_ScoreLives/APP/_ide/bitstream/AST2.0_LivesNScore.bit
targets -set -nocase -filter {name =~"APU*"}
loadhw -hw C:/Users/khali/ENSC_452_git/ENSC_452/Game_Logic_ScoreLives/pp_/export/pp_/hw/AST2.0_LivesNScore.xsa -mem-ranges [list {0x40000000 0xbfffffff}] -regs
configparams force-mem-access 1
targets -set -nocase -filter {name =~"APU*"}
source C:/Users/khali/ENSC_452_git/ENSC_452/Game_Logic_ScoreLives/APP/_ide/psinit/ps7_init.tcl
ps7_init
ps7_post_config
targets -set -nocase -filter {name =~ "*A9*#0"}
dow C:/Users/khali/ENSC_452_git/ENSC_452/Game_Logic_ScoreLives/APP/Debug/APP.elf
----------------End of Script----------------

23:40:46 ERROR : Cannot halt processor core, timeout
23:40:53 INFO  : Connected to target on host '127.0.0.1' and port '3121'.
23:40:54 INFO  : Jtag cable 'Digilent Zed 210248469160' is selected.
23:40:54 INFO  : 'jtag frequency' command is executed.
23:40:54 INFO  : Context for 'APU' is selected.
23:40:55 INFO  : System reset is completed.
23:40:58 INFO  : 'after 3000' command is executed.
23:40:58 INFO  : 'targets -set -filter {jtag_cable_name =~ "Digilent Zed 210248469160" && level==0 && jtag_device_ctx=="jsn-Zed-210248469160-03727093-0"}' command is executed.
23:41:01 INFO  : Device configured successfully with "C:/Users/khali/ENSC_452_git/ENSC_452/Game_Logic_ScoreLives/APP/_ide/bitstream/AST2.0_LivesNScore.bit"
23:41:01 INFO  : Context for 'APU' is selected.
23:41:01 INFO  : Hardware design and registers information is loaded from 'C:/Users/khali/ENSC_452_git/ENSC_452/Game_Logic_ScoreLives/pp_/export/pp_/hw/AST2.0_LivesNScore.xsa'.
23:41:01 INFO  : 'configparams force-mem-access 1' command is executed.
23:41:01 INFO  : Context for 'APU' is selected.
23:41:01 INFO  : Sourcing of 'C:/Users/khali/ENSC_452_git/ENSC_452/Game_Logic_ScoreLives/APP/_ide/psinit/ps7_init.tcl' is done.
23:41:25 ERROR : 'ps7_init' is cancelled.
23:41:25 INFO  : ----------------XSDB Script----------------
connect -url tcp:127.0.0.1:3121
targets -set -nocase -filter {name =~"APU*"}
rst -system
after 3000
targets -set -filter {jtag_cable_name =~ "Digilent Zed 210248469160" && level==0 && jtag_device_ctx=="jsn-Zed-210248469160-03727093-0"}
fpga -file C:/Users/khali/ENSC_452_git/ENSC_452/Game_Logic_ScoreLives/APP/_ide/bitstream/AST2.0_LivesNScore.bit
targets -set -nocase -filter {name =~"APU*"}
loadhw -hw C:/Users/khali/ENSC_452_git/ENSC_452/Game_Logic_ScoreLives/pp_/export/pp_/hw/AST2.0_LivesNScore.xsa -mem-ranges [list {0x40000000 0xbfffffff}] -regs
configparams force-mem-access 1
targets -set -nocase -filter {name =~"APU*"}
source C:/Users/khali/ENSC_452_git/ENSC_452/Game_Logic_ScoreLives/APP/_ide/psinit/ps7_init.tcl
ps7_init
----------------End of Script----------------

23:41:25 ERROR : 'ps7_init' is cancelled.
23:41:32 INFO  : Connected to target on host '127.0.0.1' and port '3121'.
23:41:33 INFO  : Jtag cable 'Digilent Zed 210248469160' is selected.
23:41:33 INFO  : 'jtag frequency' command is executed.
23:41:33 INFO  : Context for 'APU' is selected.
23:41:33 INFO  : System reset is completed.
23:41:36 INFO  : 'after 3000' command is executed.
23:41:37 INFO  : 'targets -set -filter {jtag_cable_name =~ "Digilent Zed 210248469160" && level==0 && jtag_device_ctx=="jsn-Zed-210248469160-03727093-0"}' command is executed.
23:41:40 INFO  : Device configured successfully with "C:/Users/khali/ENSC_452_git/ENSC_452/Game_Logic_ScoreLives/APP/_ide/bitstream/AST2.0_LivesNScore.bit"
23:41:40 INFO  : Context for 'APU' is selected.
23:41:40 INFO  : Hardware design and registers information is loaded from 'C:/Users/khali/ENSC_452_git/ENSC_452/Game_Logic_ScoreLives/pp_/export/pp_/hw/AST2.0_LivesNScore.xsa'.
23:41:40 INFO  : 'configparams force-mem-access 1' command is executed.
23:41:40 INFO  : Context for 'APU' is selected.
23:41:40 INFO  : Sourcing of 'C:/Users/khali/ENSC_452_git/ENSC_452/Game_Logic_ScoreLives/APP/_ide/psinit/ps7_init.tcl' is done.
23:41:42 INFO  : 'ps7_init' command is executed.
23:41:42 INFO  : 'ps7_post_config' command is executed.
23:41:42 INFO  : Context for processor 'ps7_cortexa9_0' is selected.
23:41:42 INFO  : The application 'C:/Users/khali/ENSC_452_git/ENSC_452/Game_Logic_ScoreLives/APP/Debug/APP.elf' is downloaded to processor 'ps7_cortexa9_0'.
23:41:42 INFO  : 'configparams force-mem-access 0' command is executed.
23:41:42 INFO  : ----------------XSDB Script----------------
connect -url tcp:127.0.0.1:3121
targets -set -nocase -filter {name =~"APU*"}
rst -system
after 3000
targets -set -filter {jtag_cable_name =~ "Digilent Zed 210248469160" && level==0 && jtag_device_ctx=="jsn-Zed-210248469160-03727093-0"}
fpga -file C:/Users/khali/ENSC_452_git/ENSC_452/Game_Logic_ScoreLives/APP/_ide/bitstream/AST2.0_LivesNScore.bit
targets -set -nocase -filter {name =~"APU*"}
loadhw -hw C:/Users/khali/ENSC_452_git/ENSC_452/Game_Logic_ScoreLives/pp_/export/pp_/hw/AST2.0_LivesNScore.xsa -mem-ranges [list {0x40000000 0xbfffffff}] -regs
configparams force-mem-access 1
targets -set -nocase -filter {name =~"APU*"}
source C:/Users/khali/ENSC_452_git/ENSC_452/Game_Logic_ScoreLives/APP/_ide/psinit/ps7_init.tcl
ps7_init
ps7_post_config
targets -set -nocase -filter {name =~ "*A9*#0"}
dow C:/Users/khali/ENSC_452_git/ENSC_452/Game_Logic_ScoreLives/APP/Debug/APP.elf
configparams force-mem-access 0
----------------End of Script----------------

23:41:43 INFO  : Context for processor 'ps7_cortexa9_0' is selected.
23:41:43 INFO  : 'con' command is executed.
23:41:43 INFO  : ----------------XSDB Script (After Launch)----------------
targets -set -nocase -filter {name =~ "*A9*#0"}
con
----------------End of Script----------------

23:41:43 INFO  : Launch script is exported to file 'C:\Users\khali\ENSC_452_git\ENSC_452\Game_Logic_ScoreLives\APP_system\_ide\scripts\debugger_app-default.tcl'
23:42:36 INFO  : Disconnected from the channel tcfchan#10.
23:42:41 INFO  : Connected to target on host '127.0.0.1' and port '3121'.
23:42:41 INFO  : Jtag cable 'Digilent Zed 210248469160' is selected.
23:42:41 INFO  : 'jtag frequency' command is executed.
23:42:41 INFO  : Context for 'APU' is selected.
23:42:42 INFO  : System reset is completed.
23:42:45 INFO  : 'after 3000' command is executed.
23:42:45 INFO  : 'targets -set -filter {jtag_cable_name =~ "Digilent Zed 210248469160" && level==0 && jtag_device_ctx=="jsn-Zed-210248469160-03727093-0"}' command is executed.
23:42:48 INFO  : Device configured successfully with "C:/Users/khali/ENSC_452_git/ENSC_452/Game_Logic_ScoreLives/APP/_ide/bitstream/AST2.0_LivesNScore.bit"
23:42:48 INFO  : Context for 'APU' is selected.
23:42:48 INFO  : Hardware design and registers information is loaded from 'C:/Users/khali/ENSC_452_git/ENSC_452/Game_Logic_ScoreLives/pp_/export/pp_/hw/AST2.0_LivesNScore.xsa'.
23:42:48 INFO  : 'configparams force-mem-access 1' command is executed.
23:42:48 INFO  : Context for 'APU' is selected.
23:42:48 INFO  : Sourcing of 'C:/Users/khali/ENSC_452_git/ENSC_452/Game_Logic_ScoreLives/APP/_ide/psinit/ps7_init.tcl' is done.
23:42:50 INFO  : 'ps7_init' command is executed.
23:42:50 INFO  : 'ps7_post_config' command is executed.
23:42:50 INFO  : Context for processor 'ps7_cortexa9_0' is selected.
23:42:50 INFO  : The application 'C:/Users/khali/ENSC_452_git/ENSC_452/Game_Logic_ScoreLives/APP/Debug/APP.elf' is downloaded to processor 'ps7_cortexa9_0'.
23:42:50 INFO  : 'configparams force-mem-access 0' command is executed.
23:42:50 INFO  : ----------------XSDB Script----------------
connect -url tcp:127.0.0.1:3121
targets -set -nocase -filter {name =~"APU*"}
rst -system
after 3000
targets -set -filter {jtag_cable_name =~ "Digilent Zed 210248469160" && level==0 && jtag_device_ctx=="jsn-Zed-210248469160-03727093-0"}
fpga -file C:/Users/khali/ENSC_452_git/ENSC_452/Game_Logic_ScoreLives/APP/_ide/bitstream/AST2.0_LivesNScore.bit
targets -set -nocase -filter {name =~"APU*"}
loadhw -hw C:/Users/khali/ENSC_452_git/ENSC_452/Game_Logic_ScoreLives/pp_/export/pp_/hw/AST2.0_LivesNScore.xsa -mem-ranges [list {0x40000000 0xbfffffff}] -regs
configparams force-mem-access 1
targets -set -nocase -filter {name =~"APU*"}
source C:/Users/khali/ENSC_452_git/ENSC_452/Game_Logic_ScoreLives/APP/_ide/psinit/ps7_init.tcl
ps7_init
ps7_post_config
targets -set -nocase -filter {name =~ "*A9*#0"}
dow C:/Users/khali/ENSC_452_git/ENSC_452/Game_Logic_ScoreLives/APP/Debug/APP.elf
configparams force-mem-access 0
----------------End of Script----------------

23:42:50 INFO  : Context for processor 'ps7_cortexa9_0' is selected.
23:42:50 INFO  : 'con' command is executed.
23:42:50 INFO  : ----------------XSDB Script (After Launch)----------------
targets -set -nocase -filter {name =~ "*A9*#0"}
con
----------------End of Script----------------

23:42:50 INFO  : Launch script is exported to file 'C:\Users\khali\ENSC_452_git\ENSC_452\Game_Logic_ScoreLives\APP_system\_ide\scripts\debugger_app-default.tcl'
23:49:48 INFO  : Disconnected from the channel tcfchan#11.
23:49:49 INFO  : Checking for BSP changes to sync application flags for project 'APP'...
23:50:12 INFO  : Connected to target on host '127.0.0.1' and port '3121'.
23:50:13 INFO  : Jtag cable 'Digilent Zed 210248469160' is selected.
23:50:13 INFO  : 'jtag frequency' command is executed.
23:50:13 INFO  : Context for 'APU' is selected.
23:50:13 INFO  : System reset is completed.
23:50:16 INFO  : 'after 3000' command is executed.
23:50:16 INFO  : 'targets -set -filter {jtag_cable_name =~ "Digilent Zed 210248469160" && level==0 && jtag_device_ctx=="jsn-Zed-210248469160-03727093-0"}' command is executed.
23:50:19 INFO  : Device configured successfully with "C:/Users/khali/ENSC_452_git/ENSC_452/Game_Logic_ScoreLives/APP/_ide/bitstream/AST2.0_LivesNScore.bit"
23:50:19 INFO  : Context for 'APU' is selected.
23:50:19 INFO  : Hardware design and registers information is loaded from 'C:/Users/khali/ENSC_452_git/ENSC_452/Game_Logic_ScoreLives/pp_/export/pp_/hw/AST2.0_LivesNScore.xsa'.
23:50:19 INFO  : 'configparams force-mem-access 1' command is executed.
23:50:19 INFO  : Context for 'APU' is selected.
23:50:19 INFO  : Sourcing of 'C:/Users/khali/ENSC_452_git/ENSC_452/Game_Logic_ScoreLives/APP/_ide/psinit/ps7_init.tcl' is done.
23:50:21 INFO  : 'ps7_init' command is executed.
23:50:21 INFO  : 'ps7_post_config' command is executed.
23:50:21 INFO  : Context for processor 'ps7_cortexa9_0' is selected.
23:50:21 ERROR : Cannot halt processor core, timeout
23:50:21 INFO  : ----------------XSDB Script----------------
connect -url tcp:127.0.0.1:3121
targets -set -nocase -filter {name =~"APU*"}
rst -system
after 3000
targets -set -filter {jtag_cable_name =~ "Digilent Zed 210248469160" && level==0 && jtag_device_ctx=="jsn-Zed-210248469160-03727093-0"}
fpga -file C:/Users/khali/ENSC_452_git/ENSC_452/Game_Logic_ScoreLives/APP/_ide/bitstream/AST2.0_LivesNScore.bit
targets -set -nocase -filter {name =~"APU*"}
loadhw -hw C:/Users/khali/ENSC_452_git/ENSC_452/Game_Logic_ScoreLives/pp_/export/pp_/hw/AST2.0_LivesNScore.xsa -mem-ranges [list {0x40000000 0xbfffffff}] -regs
configparams force-mem-access 1
targets -set -nocase -filter {name =~"APU*"}
source C:/Users/khali/ENSC_452_git/ENSC_452/Game_Logic_ScoreLives/APP/_ide/psinit/ps7_init.tcl
ps7_init
ps7_post_config
targets -set -nocase -filter {name =~ "*A9*#0"}
dow C:/Users/khali/ENSC_452_git/ENSC_452/Game_Logic_ScoreLives/APP/Debug/APP.elf
----------------End of Script----------------

23:50:21 ERROR : Cannot halt processor core, timeout
23:50:31 INFO  : Connected to target on host '127.0.0.1' and port '3121'.
23:50:32 INFO  : Jtag cable 'Digilent Zed 210248469160' is selected.
23:50:32 INFO  : 'jtag frequency' command is executed.
23:50:32 INFO  : Context for 'APU' is selected.
23:50:32 INFO  : System reset is completed.
23:50:35 INFO  : 'after 3000' command is executed.
23:50:35 INFO  : 'targets -set -filter {jtag_cable_name =~ "Digilent Zed 210248469160" && level==0 && jtag_device_ctx=="jsn-Zed-210248469160-03727093-0"}' command is executed.
23:50:38 INFO  : Device configured successfully with "C:/Users/khali/ENSC_452_git/ENSC_452/Game_Logic_ScoreLives/APP/_ide/bitstream/AST2.0_LivesNScore.bit"
23:50:38 INFO  : Context for 'APU' is selected.
23:50:38 INFO  : Hardware design and registers information is loaded from 'C:/Users/khali/ENSC_452_git/ENSC_452/Game_Logic_ScoreLives/pp_/export/pp_/hw/AST2.0_LivesNScore.xsa'.
23:50:38 INFO  : 'configparams force-mem-access 1' command is executed.
23:50:38 INFO  : Context for 'APU' is selected.
23:50:38 INFO  : Sourcing of 'C:/Users/khali/ENSC_452_git/ENSC_452/Game_Logic_ScoreLives/APP/_ide/psinit/ps7_init.tcl' is done.
23:50:40 INFO  : 'ps7_init' command is executed.
23:50:40 INFO  : 'ps7_post_config' command is executed.
23:50:40 INFO  : Context for processor 'ps7_cortexa9_0' is selected.
23:50:40 INFO  : The application 'C:/Users/khali/ENSC_452_git/ENSC_452/Game_Logic_ScoreLives/APP/Debug/APP.elf' is downloaded to processor 'ps7_cortexa9_0'.
23:50:40 INFO  : 'configparams force-mem-access 0' command is executed.
23:50:40 INFO  : ----------------XSDB Script----------------
connect -url tcp:127.0.0.1:3121
targets -set -nocase -filter {name =~"APU*"}
rst -system
after 3000
targets -set -filter {jtag_cable_name =~ "Digilent Zed 210248469160" && level==0 && jtag_device_ctx=="jsn-Zed-210248469160-03727093-0"}
fpga -file C:/Users/khali/ENSC_452_git/ENSC_452/Game_Logic_ScoreLives/APP/_ide/bitstream/AST2.0_LivesNScore.bit
targets -set -nocase -filter {name =~"APU*"}
loadhw -hw C:/Users/khali/ENSC_452_git/ENSC_452/Game_Logic_ScoreLives/pp_/export/pp_/hw/AST2.0_LivesNScore.xsa -mem-ranges [list {0x40000000 0xbfffffff}] -regs
configparams force-mem-access 1
targets -set -nocase -filter {name =~"APU*"}
source C:/Users/khali/ENSC_452_git/ENSC_452/Game_Logic_ScoreLives/APP/_ide/psinit/ps7_init.tcl
ps7_init
ps7_post_config
targets -set -nocase -filter {name =~ "*A9*#0"}
dow C:/Users/khali/ENSC_452_git/ENSC_452/Game_Logic_ScoreLives/APP/Debug/APP.elf
configparams force-mem-access 0
----------------End of Script----------------

23:50:41 INFO  : Context for processor 'ps7_cortexa9_0' is selected.
23:50:41 INFO  : 'con' command is executed.
23:50:41 INFO  : ----------------XSDB Script (After Launch)----------------
targets -set -nocase -filter {name =~ "*A9*#0"}
con
----------------End of Script----------------

23:50:41 INFO  : Launch script is exported to file 'C:\Users\khali\ENSC_452_git\ENSC_452\Game_Logic_ScoreLives\APP_system\_ide\scripts\debugger_app-default.tcl'
23:52:08 INFO  : Disconnected from the channel tcfchan#13.
23:52:10 INFO  : Checking for BSP changes to sync application flags for project 'APP'...
23:53:04 INFO  : Connected to target on host '127.0.0.1' and port '3121'.
23:53:04 INFO  : Jtag cable 'Digilent Zed 210248469160' is selected.
23:53:04 INFO  : 'jtag frequency' command is executed.
23:53:04 INFO  : Context for 'APU' is selected.
23:53:04 INFO  : System reset is completed.
23:53:08 INFO  : 'after 3000' command is executed.
23:53:08 INFO  : 'targets -set -filter {jtag_cable_name =~ "Digilent Zed 210248469160" && level==0 && jtag_device_ctx=="jsn-Zed-210248469160-03727093-0"}' command is executed.
23:53:11 INFO  : Device configured successfully with "C:/Users/khali/ENSC_452_git/ENSC_452/Game_Logic_ScoreLives/APP/_ide/bitstream/AST2.0_LivesNScore.bit"
23:53:11 INFO  : Context for 'APU' is selected.
23:53:11 INFO  : Hardware design and registers information is loaded from 'C:/Users/khali/ENSC_452_git/ENSC_452/Game_Logic_ScoreLives/pp_/export/pp_/hw/AST2.0_LivesNScore.xsa'.
23:53:11 INFO  : 'configparams force-mem-access 1' command is executed.
23:53:11 INFO  : Context for 'APU' is selected.
23:53:11 INFO  : Sourcing of 'C:/Users/khali/ENSC_452_git/ENSC_452/Game_Logic_ScoreLives/APP/_ide/psinit/ps7_init.tcl' is done.
23:53:12 INFO  : 'ps7_init' command is executed.
23:53:12 INFO  : 'ps7_post_config' command is executed.
23:53:12 INFO  : Context for processor 'ps7_cortexa9_0' is selected.
23:53:12 INFO  : The application 'C:/Users/khali/ENSC_452_git/ENSC_452/Game_Logic_ScoreLives/APP/Debug/APP.elf' is downloaded to processor 'ps7_cortexa9_0'.
23:53:12 INFO  : 'configparams force-mem-access 0' command is executed.
23:53:12 INFO  : ----------------XSDB Script----------------
connect -url tcp:127.0.0.1:3121
targets -set -nocase -filter {name =~"APU*"}
rst -system
after 3000
targets -set -filter {jtag_cable_name =~ "Digilent Zed 210248469160" && level==0 && jtag_device_ctx=="jsn-Zed-210248469160-03727093-0"}
fpga -file C:/Users/khali/ENSC_452_git/ENSC_452/Game_Logic_ScoreLives/APP/_ide/bitstream/AST2.0_LivesNScore.bit
targets -set -nocase -filter {name =~"APU*"}
loadhw -hw C:/Users/khali/ENSC_452_git/ENSC_452/Game_Logic_ScoreLives/pp_/export/pp_/hw/AST2.0_LivesNScore.xsa -mem-ranges [list {0x40000000 0xbfffffff}] -regs
configparams force-mem-access 1
targets -set -nocase -filter {name =~"APU*"}
source C:/Users/khali/ENSC_452_git/ENSC_452/Game_Logic_ScoreLives/APP/_ide/psinit/ps7_init.tcl
ps7_init
ps7_post_config
targets -set -nocase -filter {name =~ "*A9*#0"}
dow C:/Users/khali/ENSC_452_git/ENSC_452/Game_Logic_ScoreLives/APP/Debug/APP.elf
configparams force-mem-access 0
----------------End of Script----------------

23:53:12 INFO  : Context for processor 'ps7_cortexa9_0' is selected.
23:53:12 INFO  : 'con' command is executed.
23:53:12 INFO  : ----------------XSDB Script (After Launch)----------------
targets -set -nocase -filter {name =~ "*A9*#0"}
con
----------------End of Script----------------

23:53:12 INFO  : Launch script is exported to file 'C:\Users\khali\ENSC_452_git\ENSC_452\Game_Logic_ScoreLives\APP_system\_ide\scripts\debugger_app-default.tcl'
23:54:46 INFO  : Disconnected from the channel tcfchan#15.
23:54:48 INFO  : Connected to target on host '127.0.0.1' and port '3121'.
23:54:48 INFO  : Jtag cable 'Digilent Zed 210248469160' is selected.
23:54:48 INFO  : 'jtag frequency' command is executed.
23:54:48 INFO  : Context for 'APU' is selected.
23:54:48 INFO  : System reset is completed.
23:54:51 INFO  : 'after 3000' command is executed.
23:54:52 INFO  : 'targets -set -filter {jtag_cable_name =~ "Digilent Zed 210248469160" && level==0 && jtag_device_ctx=="jsn-Zed-210248469160-03727093-0"}' command is executed.
23:54:54 INFO  : Device configured successfully with "C:/Users/khali/ENSC_452_git/ENSC_452/Game_Logic_ScoreLives/APP/_ide/bitstream/AST2.0_LivesNScore.bit"
23:54:55 INFO  : Context for 'APU' is selected.
23:54:55 INFO  : Hardware design and registers information is loaded from 'C:/Users/khali/ENSC_452_git/ENSC_452/Game_Logic_ScoreLives/pp_/export/pp_/hw/AST2.0_LivesNScore.xsa'.
23:54:55 INFO  : 'configparams force-mem-access 1' command is executed.
23:54:55 INFO  : Context for 'APU' is selected.
23:54:55 INFO  : Sourcing of 'C:/Users/khali/ENSC_452_git/ENSC_452/Game_Logic_ScoreLives/APP/_ide/psinit/ps7_init.tcl' is done.
23:54:56 INFO  : 'ps7_init' command is executed.
23:54:56 INFO  : 'ps7_post_config' command is executed.
23:54:56 INFO  : Context for processor 'ps7_cortexa9_0' is selected.
23:54:57 INFO  : The application 'C:/Users/khali/ENSC_452_git/ENSC_452/Game_Logic_ScoreLives/APP/Debug/APP.elf' is downloaded to processor 'ps7_cortexa9_0'.
23:54:57 INFO  : 'configparams force-mem-access 0' command is executed.
23:54:57 INFO  : ----------------XSDB Script----------------
connect -url tcp:127.0.0.1:3121
targets -set -nocase -filter {name =~"APU*"}
rst -system
after 3000
targets -set -filter {jtag_cable_name =~ "Digilent Zed 210248469160" && level==0 && jtag_device_ctx=="jsn-Zed-210248469160-03727093-0"}
fpga -file C:/Users/khali/ENSC_452_git/ENSC_452/Game_Logic_ScoreLives/APP/_ide/bitstream/AST2.0_LivesNScore.bit
targets -set -nocase -filter {name =~"APU*"}
loadhw -hw C:/Users/khali/ENSC_452_git/ENSC_452/Game_Logic_ScoreLives/pp_/export/pp_/hw/AST2.0_LivesNScore.xsa -mem-ranges [list {0x40000000 0xbfffffff}] -regs
configparams force-mem-access 1
targets -set -nocase -filter {name =~"APU*"}
source C:/Users/khali/ENSC_452_git/ENSC_452/Game_Logic_ScoreLives/APP/_ide/psinit/ps7_init.tcl
ps7_init
ps7_post_config
targets -set -nocase -filter {name =~ "*A9*#0"}
dow C:/Users/khali/ENSC_452_git/ENSC_452/Game_Logic_ScoreLives/APP/Debug/APP.elf
configparams force-mem-access 0
----------------End of Script----------------

23:54:58 INFO  : Context for processor 'ps7_cortexa9_0' is selected.
23:54:58 INFO  : 'con' command is executed.
23:54:58 INFO  : ----------------XSDB Script (After Launch)----------------
targets -set -nocase -filter {name =~ "*A9*#0"}
con
----------------End of Script----------------

23:54:58 INFO  : Launch script is exported to file 'C:\Users\khali\ENSC_452_git\ENSC_452\Game_Logic_ScoreLives\APP_system\_ide\scripts\debugger_app-default.tcl'
23:56:19 INFO  : Disconnected from the channel tcfchan#16.
23:56:20 INFO  : Connected to target on host '127.0.0.1' and port '3121'.
23:56:20 INFO  : Jtag cable 'Digilent Zed 210248469160' is selected.
23:56:20 INFO  : 'jtag frequency' command is executed.
23:56:21 INFO  : Context for 'APU' is selected.
23:56:21 INFO  : System reset is completed.
23:56:24 INFO  : 'after 3000' command is executed.
23:56:24 INFO  : 'targets -set -filter {jtag_cable_name =~ "Digilent Zed 210248469160" && level==0 && jtag_device_ctx=="jsn-Zed-210248469160-03727093-0"}' command is executed.
23:56:27 INFO  : Device configured successfully with "C:/Users/khali/ENSC_452_git/ENSC_452/Game_Logic_ScoreLives/APP/_ide/bitstream/AST2.0_LivesNScore.bit"
23:56:27 INFO  : Context for 'APU' is selected.
23:56:27 INFO  : Hardware design and registers information is loaded from 'C:/Users/khali/ENSC_452_git/ENSC_452/Game_Logic_ScoreLives/pp_/export/pp_/hw/AST2.0_LivesNScore.xsa'.
23:56:27 INFO  : 'configparams force-mem-access 1' command is executed.
23:56:27 INFO  : Context for 'APU' is selected.
23:56:27 INFO  : Sourcing of 'C:/Users/khali/ENSC_452_git/ENSC_452/Game_Logic_ScoreLives/APP/_ide/psinit/ps7_init.tcl' is done.
23:56:28 INFO  : 'ps7_init' command is executed.
23:56:28 INFO  : 'ps7_post_config' command is executed.
23:56:28 INFO  : Context for processor 'ps7_cortexa9_0' is selected.
23:56:28 INFO  : The application 'C:/Users/khali/ENSC_452_git/ENSC_452/Game_Logic_ScoreLives/APP/Debug/APP.elf' is downloaded to processor 'ps7_cortexa9_0'.
23:56:28 INFO  : 'configparams force-mem-access 0' command is executed.
23:56:28 INFO  : ----------------XSDB Script----------------
connect -url tcp:127.0.0.1:3121
targets -set -nocase -filter {name =~"APU*"}
rst -system
after 3000
targets -set -filter {jtag_cable_name =~ "Digilent Zed 210248469160" && level==0 && jtag_device_ctx=="jsn-Zed-210248469160-03727093-0"}
fpga -file C:/Users/khali/ENSC_452_git/ENSC_452/Game_Logic_ScoreLives/APP/_ide/bitstream/AST2.0_LivesNScore.bit
targets -set -nocase -filter {name =~"APU*"}
loadhw -hw C:/Users/khali/ENSC_452_git/ENSC_452/Game_Logic_ScoreLives/pp_/export/pp_/hw/AST2.0_LivesNScore.xsa -mem-ranges [list {0x40000000 0xbfffffff}] -regs
configparams force-mem-access 1
targets -set -nocase -filter {name =~"APU*"}
source C:/Users/khali/ENSC_452_git/ENSC_452/Game_Logic_ScoreLives/APP/_ide/psinit/ps7_init.tcl
ps7_init
ps7_post_config
targets -set -nocase -filter {name =~ "*A9*#0"}
dow C:/Users/khali/ENSC_452_git/ENSC_452/Game_Logic_ScoreLives/APP/Debug/APP.elf
configparams force-mem-access 0
----------------End of Script----------------

23:56:28 INFO  : Context for processor 'ps7_cortexa9_0' is selected.
23:56:28 INFO  : 'con' command is executed.
23:56:28 INFO  : ----------------XSDB Script (After Launch)----------------
targets -set -nocase -filter {name =~ "*A9*#0"}
con
----------------End of Script----------------

23:56:28 INFO  : Launch script is exported to file 'C:\Users\khali\ENSC_452_git\ENSC_452\Game_Logic_ScoreLives\APP_system\_ide\scripts\debugger_app-default.tcl'
23:59:00 INFO  : Disconnected from the channel tcfchan#17.
23:59:01 INFO  : Connected to target on host '127.0.0.1' and port '3121'.
23:59:01 INFO  : Jtag cable 'Digilent Zed 210248469160' is selected.
23:59:01 INFO  : 'jtag frequency' command is executed.
23:59:01 INFO  : Context for 'APU' is selected.
23:59:01 INFO  : System reset is completed.
23:59:04 INFO  : 'after 3000' command is executed.
23:59:05 INFO  : 'targets -set -filter {jtag_cable_name =~ "Digilent Zed 210248469160" && level==0 && jtag_device_ctx=="jsn-Zed-210248469160-03727093-0"}' command is executed.
23:59:07 INFO  : Device configured successfully with "C:/Users/khali/ENSC_452_git/ENSC_452/Game_Logic_ScoreLives/APP/_ide/bitstream/AST2.0_LivesNScore.bit"
23:59:07 INFO  : Context for 'APU' is selected.
23:59:07 INFO  : Hardware design and registers information is loaded from 'C:/Users/khali/ENSC_452_git/ENSC_452/Game_Logic_ScoreLives/pp_/export/pp_/hw/AST2.0_LivesNScore.xsa'.
23:59:07 INFO  : 'configparams force-mem-access 1' command is executed.
23:59:07 INFO  : Context for 'APU' is selected.
23:59:07 INFO  : Sourcing of 'C:/Users/khali/ENSC_452_git/ENSC_452/Game_Logic_ScoreLives/APP/_ide/psinit/ps7_init.tcl' is done.
23:59:09 INFO  : 'ps7_init' command is executed.
23:59:09 INFO  : 'ps7_post_config' command is executed.
23:59:09 INFO  : Context for processor 'ps7_cortexa9_0' is selected.
23:59:09 INFO  : The application 'C:/Users/khali/ENSC_452_git/ENSC_452/Game_Logic_ScoreLives/APP/Debug/APP.elf' is downloaded to processor 'ps7_cortexa9_0'.
23:59:09 INFO  : 'configparams force-mem-access 0' command is executed.
23:59:09 INFO  : ----------------XSDB Script----------------
connect -url tcp:127.0.0.1:3121
targets -set -nocase -filter {name =~"APU*"}
rst -system
after 3000
targets -set -filter {jtag_cable_name =~ "Digilent Zed 210248469160" && level==0 && jtag_device_ctx=="jsn-Zed-210248469160-03727093-0"}
fpga -file C:/Users/khali/ENSC_452_git/ENSC_452/Game_Logic_ScoreLives/APP/_ide/bitstream/AST2.0_LivesNScore.bit
targets -set -nocase -filter {name =~"APU*"}
loadhw -hw C:/Users/khali/ENSC_452_git/ENSC_452/Game_Logic_ScoreLives/pp_/export/pp_/hw/AST2.0_LivesNScore.xsa -mem-ranges [list {0x40000000 0xbfffffff}] -regs
configparams force-mem-access 1
targets -set -nocase -filter {name =~"APU*"}
source C:/Users/khali/ENSC_452_git/ENSC_452/Game_Logic_ScoreLives/APP/_ide/psinit/ps7_init.tcl
ps7_init
ps7_post_config
targets -set -nocase -filter {name =~ "*A9*#0"}
dow C:/Users/khali/ENSC_452_git/ENSC_452/Game_Logic_ScoreLives/APP/Debug/APP.elf
configparams force-mem-access 0
----------------End of Script----------------

23:59:09 INFO  : Context for processor 'ps7_cortexa9_0' is selected.
23:59:09 INFO  : 'con' command is executed.
23:59:09 INFO  : ----------------XSDB Script (After Launch)----------------
targets -set -nocase -filter {name =~ "*A9*#0"}
con
----------------End of Script----------------

23:59:09 INFO  : Launch script is exported to file 'C:\Users\khali\ENSC_452_git\ENSC_452\Game_Logic_ScoreLives\APP_system\_ide\scripts\debugger_app-default.tcl'
00:00:04 INFO  : Checking for BSP changes to sync application flags for project 'APP'...
00:00:06 INFO  : Disconnected from the channel tcfchan#18.
00:00:43 INFO  : Connected to target on host '127.0.0.1' and port '3121'.
00:00:44 INFO  : Jtag cable 'Digilent Zed 210248469160' is selected.
00:00:44 INFO  : 'jtag frequency' command is executed.
00:00:44 INFO  : Context for 'APU' is selected.
00:00:44 INFO  : System reset is completed.
00:00:47 INFO  : 'after 3000' command is executed.
00:00:48 INFO  : 'targets -set -filter {jtag_cable_name =~ "Digilent Zed 210248469160" && level==0 && jtag_device_ctx=="jsn-Zed-210248469160-03727093-0"}' command is executed.
00:00:50 INFO  : Device configured successfully with "C:/Users/khali/ENSC_452_git/ENSC_452/Game_Logic_ScoreLives/APP/_ide/bitstream/AST2.0_LivesNScore.bit"
00:00:51 INFO  : Context for 'APU' is selected.
00:00:51 INFO  : Hardware design and registers information is loaded from 'C:/Users/khali/ENSC_452_git/ENSC_452/Game_Logic_ScoreLives/pp_/export/pp_/hw/AST2.0_LivesNScore.xsa'.
00:00:51 INFO  : 'configparams force-mem-access 1' command is executed.
00:00:51 INFO  : Context for 'APU' is selected.
00:00:51 INFO  : Sourcing of 'C:/Users/khali/ENSC_452_git/ENSC_452/Game_Logic_ScoreLives/APP/_ide/psinit/ps7_init.tcl' is done.
00:00:52 INFO  : 'ps7_init' command is executed.
00:00:52 INFO  : 'ps7_post_config' command is executed.
00:00:52 INFO  : Context for processor 'ps7_cortexa9_0' is selected.
00:00:52 ERROR : Cannot halt processor core, timeout
00:00:52 INFO  : ----------------XSDB Script----------------
connect -url tcp:127.0.0.1:3121
targets -set -nocase -filter {name =~"APU*"}
rst -system
after 3000
targets -set -filter {jtag_cable_name =~ "Digilent Zed 210248469160" && level==0 && jtag_device_ctx=="jsn-Zed-210248469160-03727093-0"}
fpga -file C:/Users/khali/ENSC_452_git/ENSC_452/Game_Logic_ScoreLives/APP/_ide/bitstream/AST2.0_LivesNScore.bit
targets -set -nocase -filter {name =~"APU*"}
loadhw -hw C:/Users/khali/ENSC_452_git/ENSC_452/Game_Logic_ScoreLives/pp_/export/pp_/hw/AST2.0_LivesNScore.xsa -mem-ranges [list {0x40000000 0xbfffffff}] -regs
configparams force-mem-access 1
targets -set -nocase -filter {name =~"APU*"}
source C:/Users/khali/ENSC_452_git/ENSC_452/Game_Logic_ScoreLives/APP/_ide/psinit/ps7_init.tcl
ps7_init
ps7_post_config
targets -set -nocase -filter {name =~ "*A9*#0"}
dow C:/Users/khali/ENSC_452_git/ENSC_452/Game_Logic_ScoreLives/APP/Debug/APP.elf
----------------End of Script----------------

00:00:52 ERROR : Cannot halt processor core, timeout
00:01:03 INFO  : Connected to target on host '127.0.0.1' and port '3121'.
00:01:03 INFO  : Jtag cable 'Digilent Zed 210248469160' is selected.
00:01:03 INFO  : 'jtag frequency' command is executed.
00:01:03 INFO  : Context for 'APU' is selected.
00:01:03 INFO  : System reset is completed.
00:01:06 INFO  : 'after 3000' command is executed.
00:01:07 INFO  : 'targets -set -filter {jtag_cable_name =~ "Digilent Zed 210248469160" && level==0 && jtag_device_ctx=="jsn-Zed-210248469160-03727093-0"}' command is executed.
00:01:09 INFO  : Device configured successfully with "C:/Users/khali/ENSC_452_git/ENSC_452/Game_Logic_ScoreLives/APP/_ide/bitstream/AST2.0_LivesNScore.bit"
00:01:09 INFO  : Context for 'APU' is selected.
00:01:09 INFO  : Hardware design and registers information is loaded from 'C:/Users/khali/ENSC_452_git/ENSC_452/Game_Logic_ScoreLives/pp_/export/pp_/hw/AST2.0_LivesNScore.xsa'.
00:01:09 INFO  : 'configparams force-mem-access 1' command is executed.
00:01:09 INFO  : Context for 'APU' is selected.
00:01:09 INFO  : Sourcing of 'C:/Users/khali/ENSC_452_git/ENSC_452/Game_Logic_ScoreLives/APP/_ide/psinit/ps7_init.tcl' is done.
00:01:11 INFO  : 'ps7_init' command is executed.
00:01:11 INFO  : 'ps7_post_config' command is executed.
00:01:11 INFO  : Context for processor 'ps7_cortexa9_0' is selected.
00:01:11 ERROR : Cannot halt processor core, timeout
00:01:11 INFO  : ----------------XSDB Script----------------
connect -url tcp:127.0.0.1:3121
targets -set -nocase -filter {name =~"APU*"}
rst -system
after 3000
targets -set -filter {jtag_cable_name =~ "Digilent Zed 210248469160" && level==0 && jtag_device_ctx=="jsn-Zed-210248469160-03727093-0"}
fpga -file C:/Users/khali/ENSC_452_git/ENSC_452/Game_Logic_ScoreLives/APP/_ide/bitstream/AST2.0_LivesNScore.bit
targets -set -nocase -filter {name =~"APU*"}
loadhw -hw C:/Users/khali/ENSC_452_git/ENSC_452/Game_Logic_ScoreLives/pp_/export/pp_/hw/AST2.0_LivesNScore.xsa -mem-ranges [list {0x40000000 0xbfffffff}] -regs
configparams force-mem-access 1
targets -set -nocase -filter {name =~"APU*"}
source C:/Users/khali/ENSC_452_git/ENSC_452/Game_Logic_ScoreLives/APP/_ide/psinit/ps7_init.tcl
ps7_init
ps7_post_config
targets -set -nocase -filter {name =~ "*A9*#0"}
dow C:/Users/khali/ENSC_452_git/ENSC_452/Game_Logic_ScoreLives/APP/Debug/APP.elf
----------------End of Script----------------

00:01:11 ERROR : Cannot halt processor core, timeout
00:01:18 INFO  : Connected to target on host '127.0.0.1' and port '3121'.
00:01:22 INFO  : Jtag cable 'Digilent Zed 210248469160' is selected.
00:01:22 INFO  : 'jtag frequency' command is executed.
00:01:22 INFO  : Context for 'APU' is selected.
00:01:22 INFO  : System reset is completed.
00:01:25 INFO  : 'after 3000' command is executed.
00:01:26 INFO  : 'targets -set -filter {jtag_cable_name =~ "Digilent Zed 210248469160" && level==0 && jtag_device_ctx=="jsn-Zed-210248469160-03727093-0"}' command is executed.
00:01:28 INFO  : Device configured successfully with "C:/Users/khali/ENSC_452_git/ENSC_452/Game_Logic_ScoreLives/APP/_ide/bitstream/AST2.0_LivesNScore.bit"
00:01:28 INFO  : Context for 'APU' is selected.
00:01:28 INFO  : Hardware design and registers information is loaded from 'C:/Users/khali/ENSC_452_git/ENSC_452/Game_Logic_ScoreLives/pp_/export/pp_/hw/AST2.0_LivesNScore.xsa'.
00:01:28 INFO  : 'configparams force-mem-access 1' command is executed.
00:01:28 INFO  : Context for 'APU' is selected.
00:01:28 INFO  : Sourcing of 'C:/Users/khali/ENSC_452_git/ENSC_452/Game_Logic_ScoreLives/APP/_ide/psinit/ps7_init.tcl' is done.
00:01:30 INFO  : 'ps7_init' command is executed.
00:01:30 INFO  : 'ps7_post_config' command is executed.
00:01:30 INFO  : Context for processor 'ps7_cortexa9_0' is selected.
00:01:30 INFO  : The application 'C:/Users/khali/ENSC_452_git/ENSC_452/Game_Logic_ScoreLives/APP/Debug/APP.elf' is downloaded to processor 'ps7_cortexa9_0'.
00:01:30 INFO  : 'configparams force-mem-access 0' command is executed.
00:01:30 INFO  : ----------------XSDB Script----------------
connect -url tcp:127.0.0.1:3121
targets -set -nocase -filter {name =~"APU*"}
rst -system
after 3000
targets -set -filter {jtag_cable_name =~ "Digilent Zed 210248469160" && level==0 && jtag_device_ctx=="jsn-Zed-210248469160-03727093-0"}
fpga -file C:/Users/khali/ENSC_452_git/ENSC_452/Game_Logic_ScoreLives/APP/_ide/bitstream/AST2.0_LivesNScore.bit
targets -set -nocase -filter {name =~"APU*"}
loadhw -hw C:/Users/khali/ENSC_452_git/ENSC_452/Game_Logic_ScoreLives/pp_/export/pp_/hw/AST2.0_LivesNScore.xsa -mem-ranges [list {0x40000000 0xbfffffff}] -regs
configparams force-mem-access 1
targets -set -nocase -filter {name =~"APU*"}
source C:/Users/khali/ENSC_452_git/ENSC_452/Game_Logic_ScoreLives/APP/_ide/psinit/ps7_init.tcl
ps7_init
ps7_post_config
targets -set -nocase -filter {name =~ "*A9*#0"}
dow C:/Users/khali/ENSC_452_git/ENSC_452/Game_Logic_ScoreLives/APP/Debug/APP.elf
configparams force-mem-access 0
----------------End of Script----------------

00:01:31 INFO  : Context for processor 'ps7_cortexa9_0' is selected.
00:01:31 INFO  : 'con' command is executed.
00:01:31 INFO  : ----------------XSDB Script (After Launch)----------------
targets -set -nocase -filter {name =~ "*A9*#0"}
con
----------------End of Script----------------

00:01:31 INFO  : Launch script is exported to file 'C:\Users\khali\ENSC_452_git\ENSC_452\Game_Logic_ScoreLives\APP_system\_ide\scripts\debugger_app-default.tcl'
00:03:57 INFO  : Disconnected from the channel tcfchan#20.
00:03:59 INFO  : Checking for BSP changes to sync application flags for project 'APP'...
00:04:47 INFO  : Connected to target on host '127.0.0.1' and port '3121'.
00:04:48 INFO  : Jtag cable 'Digilent Zed 210248469160' is selected.
00:04:48 INFO  : 'jtag frequency' command is executed.
00:04:48 INFO  : Context for 'APU' is selected.
00:04:48 INFO  : System reset is completed.
00:04:51 INFO  : 'after 3000' command is executed.
00:04:52 INFO  : 'targets -set -filter {jtag_cable_name =~ "Digilent Zed 210248469160" && level==0 && jtag_device_ctx=="jsn-Zed-210248469160-03727093-0"}' command is executed.
00:04:54 INFO  : Device configured successfully with "C:/Users/khali/ENSC_452_git/ENSC_452/Game_Logic_ScoreLives/APP/_ide/bitstream/AST2.0_LivesNScore.bit"
00:04:54 INFO  : Context for 'APU' is selected.
00:04:54 INFO  : Hardware design and registers information is loaded from 'C:/Users/khali/ENSC_452_git/ENSC_452/Game_Logic_ScoreLives/pp_/export/pp_/hw/AST2.0_LivesNScore.xsa'.
00:04:54 INFO  : 'configparams force-mem-access 1' command is executed.
00:04:54 INFO  : Context for 'APU' is selected.
00:04:54 INFO  : Sourcing of 'C:/Users/khali/ENSC_452_git/ENSC_452/Game_Logic_ScoreLives/APP/_ide/psinit/ps7_init.tcl' is done.
00:04:56 INFO  : 'ps7_init' command is executed.
00:04:56 INFO  : 'ps7_post_config' command is executed.
00:04:56 INFO  : Context for processor 'ps7_cortexa9_0' is selected.
00:04:57 INFO  : The application 'C:/Users/khali/ENSC_452_git/ENSC_452/Game_Logic_ScoreLives/APP/Debug/APP.elf' is downloaded to processor 'ps7_cortexa9_0'.
00:04:57 INFO  : 'configparams force-mem-access 0' command is executed.
00:04:57 INFO  : ----------------XSDB Script----------------
connect -url tcp:127.0.0.1:3121
targets -set -nocase -filter {name =~"APU*"}
rst -system
after 3000
targets -set -filter {jtag_cable_name =~ "Digilent Zed 210248469160" && level==0 && jtag_device_ctx=="jsn-Zed-210248469160-03727093-0"}
fpga -file C:/Users/khali/ENSC_452_git/ENSC_452/Game_Logic_ScoreLives/APP/_ide/bitstream/AST2.0_LivesNScore.bit
targets -set -nocase -filter {name =~"APU*"}
loadhw -hw C:/Users/khali/ENSC_452_git/ENSC_452/Game_Logic_ScoreLives/pp_/export/pp_/hw/AST2.0_LivesNScore.xsa -mem-ranges [list {0x40000000 0xbfffffff}] -regs
configparams force-mem-access 1
targets -set -nocase -filter {name =~"APU*"}
source C:/Users/khali/ENSC_452_git/ENSC_452/Game_Logic_ScoreLives/APP/_ide/psinit/ps7_init.tcl
ps7_init
ps7_post_config
targets -set -nocase -filter {name =~ "*A9*#0"}
dow C:/Users/khali/ENSC_452_git/ENSC_452/Game_Logic_ScoreLives/APP/Debug/APP.elf
configparams force-mem-access 0
----------------End of Script----------------

00:04:57 INFO  : Context for processor 'ps7_cortexa9_0' is selected.
00:04:57 INFO  : 'con' command is executed.
00:04:57 INFO  : ----------------XSDB Script (After Launch)----------------
targets -set -nocase -filter {name =~ "*A9*#0"}
con
----------------End of Script----------------

00:04:57 INFO  : Launch script is exported to file 'C:\Users\khali\ENSC_452_git\ENSC_452\Game_Logic_ScoreLives\APP_system\_ide\scripts\debugger_app-default.tcl'
00:06:58 INFO  : Checking for BSP changes to sync application flags for project 'APP'...
00:06:59 INFO  : Disconnected from the channel tcfchan#22.
00:07:41 INFO  : Connected to target on host '127.0.0.1' and port '3121'.
00:07:42 INFO  : Jtag cable 'Digilent Zed 210248469160' is selected.
00:07:42 INFO  : 'jtag frequency' command is executed.
00:07:42 INFO  : Context for 'APU' is selected.
00:07:42 INFO  : System reset is completed.
00:07:45 INFO  : 'after 3000' command is executed.
00:07:46 INFO  : 'targets -set -filter {jtag_cable_name =~ "Digilent Zed 210248469160" && level==0 && jtag_device_ctx=="jsn-Zed-210248469160-03727093-0"}' command is executed.
00:07:48 INFO  : Device configured successfully with "C:/Users/khali/ENSC_452_git/ENSC_452/Game_Logic_ScoreLives/APP/_ide/bitstream/AST2.0_LivesNScore.bit"
00:07:48 INFO  : Context for 'APU' is selected.
00:07:48 INFO  : Hardware design and registers information is loaded from 'C:/Users/khali/ENSC_452_git/ENSC_452/Game_Logic_ScoreLives/pp_/export/pp_/hw/AST2.0_LivesNScore.xsa'.
00:07:48 INFO  : 'configparams force-mem-access 1' command is executed.
00:07:48 INFO  : Context for 'APU' is selected.
00:07:48 INFO  : Sourcing of 'C:/Users/khali/ENSC_452_git/ENSC_452/Game_Logic_ScoreLives/APP/_ide/psinit/ps7_init.tcl' is done.
00:07:50 INFO  : 'ps7_init' command is executed.
00:07:50 INFO  : 'ps7_post_config' command is executed.
00:07:50 INFO  : Context for processor 'ps7_cortexa9_0' is selected.
00:07:51 INFO  : The application 'C:/Users/khali/ENSC_452_git/ENSC_452/Game_Logic_ScoreLives/APP/Debug/APP.elf' is downloaded to processor 'ps7_cortexa9_0'.
00:07:51 INFO  : 'configparams force-mem-access 0' command is executed.
00:07:51 INFO  : ----------------XSDB Script----------------
connect -url tcp:127.0.0.1:3121
targets -set -nocase -filter {name =~"APU*"}
rst -system
after 3000
targets -set -filter {jtag_cable_name =~ "Digilent Zed 210248469160" && level==0 && jtag_device_ctx=="jsn-Zed-210248469160-03727093-0"}
fpga -file C:/Users/khali/ENSC_452_git/ENSC_452/Game_Logic_ScoreLives/APP/_ide/bitstream/AST2.0_LivesNScore.bit
targets -set -nocase -filter {name =~"APU*"}
loadhw -hw C:/Users/khali/ENSC_452_git/ENSC_452/Game_Logic_ScoreLives/pp_/export/pp_/hw/AST2.0_LivesNScore.xsa -mem-ranges [list {0x40000000 0xbfffffff}] -regs
configparams force-mem-access 1
targets -set -nocase -filter {name =~"APU*"}
source C:/Users/khali/ENSC_452_git/ENSC_452/Game_Logic_ScoreLives/APP/_ide/psinit/ps7_init.tcl
ps7_init
ps7_post_config
targets -set -nocase -filter {name =~ "*A9*#0"}
dow C:/Users/khali/ENSC_452_git/ENSC_452/Game_Logic_ScoreLives/APP/Debug/APP.elf
configparams force-mem-access 0
----------------End of Script----------------

00:07:51 INFO  : Context for processor 'ps7_cortexa9_0' is selected.
00:07:51 INFO  : 'con' command is executed.
00:07:51 INFO  : ----------------XSDB Script (After Launch)----------------
targets -set -nocase -filter {name =~ "*A9*#0"}
con
----------------End of Script----------------

00:07:51 INFO  : Launch script is exported to file 'C:\Users\khali\ENSC_452_git\ENSC_452\Game_Logic_ScoreLives\APP_system\_ide\scripts\debugger_app-default.tcl'
00:11:11 INFO  : Disconnected from the channel tcfchan#24.
00:11:12 INFO  : Checking for BSP changes to sync application flags for project 'APP'...
00:14:10 INFO  : Checking for BSP changes to sync application flags for project 'APP'...
00:14:29 INFO  : Checking for BSP changes to sync application flags for project 'APP'...
00:15:03 INFO  : Connected to target on host '127.0.0.1' and port '3121'.
00:15:04 INFO  : Jtag cable 'Digilent Zed 210248469160' is selected.
00:15:04 INFO  : 'jtag frequency' command is executed.
00:15:04 INFO  : Context for 'APU' is selected.
00:15:04 INFO  : System reset is completed.
00:15:07 INFO  : 'after 3000' command is executed.
00:15:08 INFO  : 'targets -set -filter {jtag_cable_name =~ "Digilent Zed 210248469160" && level==0 && jtag_device_ctx=="jsn-Zed-210248469160-03727093-0"}' command is executed.
00:15:10 INFO  : Device configured successfully with "C:/Users/khali/ENSC_452_git/ENSC_452/Game_Logic_ScoreLives/APP/_ide/bitstream/AST2.0_LivesNScore.bit"
00:15:10 INFO  : Context for 'APU' is selected.
00:15:10 INFO  : Hardware design and registers information is loaded from 'C:/Users/khali/ENSC_452_git/ENSC_452/Game_Logic_ScoreLives/pp_/export/pp_/hw/AST2.0_LivesNScore.xsa'.
00:15:10 INFO  : 'configparams force-mem-access 1' command is executed.
00:15:10 INFO  : Context for 'APU' is selected.
00:15:10 INFO  : Sourcing of 'C:/Users/khali/ENSC_452_git/ENSC_452/Game_Logic_ScoreLives/APP/_ide/psinit/ps7_init.tcl' is done.
00:15:11 INFO  : 'ps7_init' command is executed.
00:15:11 INFO  : 'ps7_post_config' command is executed.
00:15:11 INFO  : Context for processor 'ps7_cortexa9_0' is selected.
00:15:12 INFO  : The application 'C:/Users/khali/ENSC_452_git/ENSC_452/Game_Logic_ScoreLives/APP/Debug/APP.elf' is downloaded to processor 'ps7_cortexa9_0'.
00:15:12 INFO  : 'configparams force-mem-access 0' command is executed.
00:15:12 INFO  : ----------------XSDB Script----------------
connect -url tcp:127.0.0.1:3121
targets -set -nocase -filter {name =~"APU*"}
rst -system
after 3000
targets -set -filter {jtag_cable_name =~ "Digilent Zed 210248469160" && level==0 && jtag_device_ctx=="jsn-Zed-210248469160-03727093-0"}
fpga -file C:/Users/khali/ENSC_452_git/ENSC_452/Game_Logic_ScoreLives/APP/_ide/bitstream/AST2.0_LivesNScore.bit
targets -set -nocase -filter {name =~"APU*"}
loadhw -hw C:/Users/khali/ENSC_452_git/ENSC_452/Game_Logic_ScoreLives/pp_/export/pp_/hw/AST2.0_LivesNScore.xsa -mem-ranges [list {0x40000000 0xbfffffff}] -regs
configparams force-mem-access 1
targets -set -nocase -filter {name =~"APU*"}
source C:/Users/khali/ENSC_452_git/ENSC_452/Game_Logic_ScoreLives/APP/_ide/psinit/ps7_init.tcl
ps7_init
ps7_post_config
targets -set -nocase -filter {name =~ "*A9*#0"}
dow C:/Users/khali/ENSC_452_git/ENSC_452/Game_Logic_ScoreLives/APP/Debug/APP.elf
configparams force-mem-access 0
----------------End of Script----------------

00:15:13 INFO  : Context for processor 'ps7_cortexa9_0' is selected.
00:15:13 INFO  : 'con' command is executed.
00:15:13 INFO  : ----------------XSDB Script (After Launch)----------------
targets -set -nocase -filter {name =~ "*A9*#0"}
con
----------------End of Script----------------

00:15:13 INFO  : Launch script is exported to file 'C:\Users\khali\ENSC_452_git\ENSC_452\Game_Logic_ScoreLives\APP_system\_ide\scripts\debugger_app-default.tcl'
00:16:14 INFO  : Disconnected from the channel tcfchan#28.
00:27:01 INFO  : Connected to target on host '127.0.0.1' and port '3121'.
00:27:03 INFO  : Jtag cable 'Digilent Zed 210248469160' is selected.
00:27:03 INFO  : 'jtag frequency' command is executed.
00:27:03 INFO  : Context for 'APU' is selected.
00:27:03 INFO  : System reset is completed.
00:27:06 INFO  : 'after 3000' command is executed.
00:27:06 INFO  : 'targets -set -filter {jtag_cable_name =~ "Digilent Zed 210248469160" && level==0 && jtag_device_ctx=="jsn-Zed-210248469160-03727093-0"}' command is executed.
00:27:09 INFO  : Device configured successfully with "C:/Users/khali/ENSC_452_git/ENSC_452/Game_Logic_ScoreLives/APP/_ide/bitstream/AST2.0_LivesNScore.bit"
00:27:09 INFO  : Context for 'APU' is selected.
00:27:09 INFO  : Hardware design and registers information is loaded from 'C:/Users/khali/ENSC_452_git/ENSC_452/Game_Logic_ScoreLives/pp_/export/pp_/hw/AST2.0_LivesNScore.xsa'.
00:27:09 INFO  : 'configparams force-mem-access 1' command is executed.
00:27:09 INFO  : Context for 'APU' is selected.
00:27:09 INFO  : Sourcing of 'C:/Users/khali/ENSC_452_git/ENSC_452/Game_Logic_ScoreLives/APP/_ide/psinit/ps7_init.tcl' is done.
00:27:10 INFO  : 'ps7_init' command is executed.
00:27:10 INFO  : 'ps7_post_config' command is executed.
00:27:10 INFO  : Context for processor 'ps7_cortexa9_0' is selected.
00:27:11 ERROR : Cannot halt processor core, timeout
00:27:11 INFO  : ----------------XSDB Script----------------
connect -url tcp:127.0.0.1:3121
targets -set -nocase -filter {name =~"APU*"}
rst -system
after 3000
targets -set -filter {jtag_cable_name =~ "Digilent Zed 210248469160" && level==0 && jtag_device_ctx=="jsn-Zed-210248469160-03727093-0"}
fpga -file C:/Users/khali/ENSC_452_git/ENSC_452/Game_Logic_ScoreLives/APP/_ide/bitstream/AST2.0_LivesNScore.bit
targets -set -nocase -filter {name =~"APU*"}
loadhw -hw C:/Users/khali/ENSC_452_git/ENSC_452/Game_Logic_ScoreLives/pp_/export/pp_/hw/AST2.0_LivesNScore.xsa -mem-ranges [list {0x40000000 0xbfffffff}] -regs
configparams force-mem-access 1
targets -set -nocase -filter {name =~"APU*"}
source C:/Users/khali/ENSC_452_git/ENSC_452/Game_Logic_ScoreLives/APP/_ide/psinit/ps7_init.tcl
ps7_init
ps7_post_config
targets -set -nocase -filter {name =~ "*A9*#0"}
dow C:/Users/khali/ENSC_452_git/ENSC_452/Game_Logic_ScoreLives/APP/Debug/APP.elf
----------------End of Script----------------

00:27:11 ERROR : Cannot halt processor core, timeout
00:27:18 INFO  : Connected to target on host '127.0.0.1' and port '3121'.
00:27:27 INFO  : ----------------XSDB Script----------------
connect -url tcp:127.0.0.1:3121
----------------End of Script----------------

00:27:27 ERROR : Could not find ARM device on the board for connection 'Local'.
Check if the target is in:
1. Split JTAG - No operations are possible with ARM DAP.
2. Non JTAG bootmode - Bootrom may need time to enable DAP.
Please try again.


Troubleshooting hints:
1. Check whether board is connected to system properly.
2. In case of zynq board, check whether Digilent/Xilinx cable switch settings are correct.
3. If you are using Xilinx Platform Cable USB, ensure that status LED is green.
00:27:39 INFO  : Connected to target on host '127.0.0.1' and port '3121'.
00:27:39 INFO  : Jtag cable 'Digilent Zed 210248469160' is selected.
00:27:39 INFO  : 'jtag frequency' command is executed.
00:27:39 INFO  : Context for 'APU' is selected.
00:27:40 INFO  : System reset is completed.
00:27:43 INFO  : 'after 3000' command is executed.
00:27:43 INFO  : 'targets -set -filter {jtag_cable_name =~ "Digilent Zed 210248469160" && level==0 && jtag_device_ctx=="jsn-Zed-210248469160-03727093-0"}' command is executed.
00:27:46 INFO  : Device configured successfully with "C:/Users/khali/ENSC_452_git/ENSC_452/Game_Logic_ScoreLives/APP/_ide/bitstream/AST2.0_LivesNScore.bit"
00:27:46 INFO  : Context for 'APU' is selected.
00:27:46 INFO  : Hardware design and registers information is loaded from 'C:/Users/khali/ENSC_452_git/ENSC_452/Game_Logic_ScoreLives/pp_/export/pp_/hw/AST2.0_LivesNScore.xsa'.
00:27:46 INFO  : 'configparams force-mem-access 1' command is executed.
00:27:46 INFO  : Context for 'APU' is selected.
00:27:46 INFO  : Sourcing of 'C:/Users/khali/ENSC_452_git/ENSC_452/Game_Logic_ScoreLives/APP/_ide/psinit/ps7_init.tcl' is done.
00:27:47 INFO  : 'ps7_init' command is executed.
00:27:47 INFO  : 'ps7_post_config' command is executed.
00:27:47 INFO  : Context for processor 'ps7_cortexa9_0' is selected.
00:27:47 ERROR : Cannot halt processor core, timeout
00:27:47 INFO  : ----------------XSDB Script----------------
connect -url tcp:127.0.0.1:3121
targets -set -nocase -filter {name =~"APU*"}
rst -system
after 3000
targets -set -filter {jtag_cable_name =~ "Digilent Zed 210248469160" && level==0 && jtag_device_ctx=="jsn-Zed-210248469160-03727093-0"}
fpga -file C:/Users/khali/ENSC_452_git/ENSC_452/Game_Logic_ScoreLives/APP/_ide/bitstream/AST2.0_LivesNScore.bit
targets -set -nocase -filter {name =~"APU*"}
loadhw -hw C:/Users/khali/ENSC_452_git/ENSC_452/Game_Logic_ScoreLives/pp_/export/pp_/hw/AST2.0_LivesNScore.xsa -mem-ranges [list {0x40000000 0xbfffffff}] -regs
configparams force-mem-access 1
targets -set -nocase -filter {name =~"APU*"}
source C:/Users/khali/ENSC_452_git/ENSC_452/Game_Logic_ScoreLives/APP/_ide/psinit/ps7_init.tcl
ps7_init
ps7_post_config
targets -set -nocase -filter {name =~ "*A9*#0"}
dow C:/Users/khali/ENSC_452_git/ENSC_452/Game_Logic_ScoreLives/APP/Debug/APP.elf
----------------End of Script----------------

00:27:47 ERROR : Cannot halt processor core, timeout
00:27:53 INFO  : Connected to target on host '127.0.0.1' and port '3121'.
00:27:53 INFO  : Jtag cable 'Digilent Zed 210248469160' is selected.
00:27:53 INFO  : 'jtag frequency' command is executed.
00:27:53 INFO  : Context for 'APU' is selected.
00:27:53 INFO  : System reset is completed.
00:27:56 INFO  : 'after 3000' command is executed.
00:27:57 INFO  : 'targets -set -filter {jtag_cable_name =~ "Digilent Zed 210248469160" && level==0 && jtag_device_ctx=="jsn-Zed-210248469160-03727093-0"}' command is executed.
00:27:59 INFO  : Device configured successfully with "C:/Users/khali/ENSC_452_git/ENSC_452/Game_Logic_ScoreLives/APP/_ide/bitstream/AST2.0_LivesNScore.bit"
00:27:59 INFO  : Context for 'APU' is selected.
00:27:59 INFO  : Hardware design and registers information is loaded from 'C:/Users/khali/ENSC_452_git/ENSC_452/Game_Logic_ScoreLives/pp_/export/pp_/hw/AST2.0_LivesNScore.xsa'.
00:27:59 INFO  : 'configparams force-mem-access 1' command is executed.
00:27:59 INFO  : Context for 'APU' is selected.
00:27:59 INFO  : Sourcing of 'C:/Users/khali/ENSC_452_git/ENSC_452/Game_Logic_ScoreLives/APP/_ide/psinit/ps7_init.tcl' is done.
00:28:01 INFO  : 'ps7_init' command is executed.
00:28:01 INFO  : 'ps7_post_config' command is executed.
00:28:01 INFO  : Context for processor 'ps7_cortexa9_0' is selected.
00:28:01 INFO  : The application 'C:/Users/khali/ENSC_452_git/ENSC_452/Game_Logic_ScoreLives/APP/Debug/APP.elf' is downloaded to processor 'ps7_cortexa9_0'.
00:28:02 INFO  : 'configparams force-mem-access 0' command is executed.
00:28:02 INFO  : ----------------XSDB Script----------------
connect -url tcp:127.0.0.1:3121
targets -set -nocase -filter {name =~"APU*"}
rst -system
after 3000
targets -set -filter {jtag_cable_name =~ "Digilent Zed 210248469160" && level==0 && jtag_device_ctx=="jsn-Zed-210248469160-03727093-0"}
fpga -file C:/Users/khali/ENSC_452_git/ENSC_452/Game_Logic_ScoreLives/APP/_ide/bitstream/AST2.0_LivesNScore.bit
targets -set -nocase -filter {name =~"APU*"}
loadhw -hw C:/Users/khali/ENSC_452_git/ENSC_452/Game_Logic_ScoreLives/pp_/export/pp_/hw/AST2.0_LivesNScore.xsa -mem-ranges [list {0x40000000 0xbfffffff}] -regs
configparams force-mem-access 1
targets -set -nocase -filter {name =~"APU*"}
source C:/Users/khali/ENSC_452_git/ENSC_452/Game_Logic_ScoreLives/APP/_ide/psinit/ps7_init.tcl
ps7_init
ps7_post_config
targets -set -nocase -filter {name =~ "*A9*#0"}
dow C:/Users/khali/ENSC_452_git/ENSC_452/Game_Logic_ScoreLives/APP/Debug/APP.elf
configparams force-mem-access 0
----------------End of Script----------------

00:28:02 INFO  : Context for processor 'ps7_cortexa9_0' is selected.
00:28:02 INFO  : 'con' command is executed.
00:28:02 INFO  : ----------------XSDB Script (After Launch)----------------
targets -set -nocase -filter {name =~ "*A9*#0"}
con
----------------End of Script----------------

00:28:02 INFO  : Launch script is exported to file 'C:\Users\khali\ENSC_452_git\ENSC_452\Game_Logic_ScoreLives\APP_system\_ide\scripts\debugger_app-default.tcl'
00:28:39 INFO  : Checking for BSP changes to sync application flags for project 'APP'...
00:28:45 INFO  : Disconnected from the channel tcfchan#29.
00:30:38 INFO  : Checking for BSP changes to sync application flags for project 'APP'...
00:31:00 INFO  : Connected to target on host '127.0.0.1' and port '3121'.
00:31:01 INFO  : Jtag cable 'Digilent Zed 210248469160' is selected.
00:31:01 INFO  : 'jtag frequency' command is executed.
00:31:01 INFO  : Context for 'APU' is selected.
00:31:01 INFO  : System reset is completed.
00:31:04 INFO  : 'after 3000' command is executed.
00:31:05 INFO  : 'targets -set -filter {jtag_cable_name =~ "Digilent Zed 210248469160" && level==0 && jtag_device_ctx=="jsn-Zed-210248469160-03727093-0"}' command is executed.
00:31:07 INFO  : Device configured successfully with "C:/Users/khali/ENSC_452_git/ENSC_452/Game_Logic_ScoreLives/APP/_ide/bitstream/AST2.0_LivesNScore.bit"
00:31:07 INFO  : Context for 'APU' is selected.
00:31:07 INFO  : Hardware design and registers information is loaded from 'C:/Users/khali/ENSC_452_git/ENSC_452/Game_Logic_ScoreLives/pp_/export/pp_/hw/AST2.0_LivesNScore.xsa'.
00:31:07 INFO  : 'configparams force-mem-access 1' command is executed.
00:31:07 INFO  : Context for 'APU' is selected.
00:31:07 INFO  : Sourcing of 'C:/Users/khali/ENSC_452_git/ENSC_452/Game_Logic_ScoreLives/APP/_ide/psinit/ps7_init.tcl' is done.
00:31:09 INFO  : 'ps7_init' command is executed.
00:31:09 INFO  : 'ps7_post_config' command is executed.
00:31:09 INFO  : Context for processor 'ps7_cortexa9_0' is selected.
00:31:09 INFO  : The application 'C:/Users/khali/ENSC_452_git/ENSC_452/Game_Logic_ScoreLives/APP/Debug/APP.elf' is downloaded to processor 'ps7_cortexa9_0'.
00:31:09 INFO  : 'configparams force-mem-access 0' command is executed.
00:31:09 INFO  : ----------------XSDB Script----------------
connect -url tcp:127.0.0.1:3121
targets -set -nocase -filter {name =~"APU*"}
rst -system
after 3000
targets -set -filter {jtag_cable_name =~ "Digilent Zed 210248469160" && level==0 && jtag_device_ctx=="jsn-Zed-210248469160-03727093-0"}
fpga -file C:/Users/khali/ENSC_452_git/ENSC_452/Game_Logic_ScoreLives/APP/_ide/bitstream/AST2.0_LivesNScore.bit
targets -set -nocase -filter {name =~"APU*"}
loadhw -hw C:/Users/khali/ENSC_452_git/ENSC_452/Game_Logic_ScoreLives/pp_/export/pp_/hw/AST2.0_LivesNScore.xsa -mem-ranges [list {0x40000000 0xbfffffff}] -regs
configparams force-mem-access 1
targets -set -nocase -filter {name =~"APU*"}
source C:/Users/khali/ENSC_452_git/ENSC_452/Game_Logic_ScoreLives/APP/_ide/psinit/ps7_init.tcl
ps7_init
ps7_post_config
targets -set -nocase -filter {name =~ "*A9*#0"}
dow C:/Users/khali/ENSC_452_git/ENSC_452/Game_Logic_ScoreLives/APP/Debug/APP.elf
configparams force-mem-access 0
----------------End of Script----------------

00:31:09 INFO  : Context for processor 'ps7_cortexa9_0' is selected.
00:31:09 INFO  : 'con' command is executed.
00:31:09 INFO  : ----------------XSDB Script (After Launch)----------------
targets -set -nocase -filter {name =~ "*A9*#0"}
con
----------------End of Script----------------

00:31:09 INFO  : Launch script is exported to file 'C:\Users\khali\ENSC_452_git\ENSC_452\Game_Logic_ScoreLives\APP_system\_ide\scripts\debugger_app-default.tcl'
00:32:51 INFO  : Disconnected from the channel tcfchan#32.
00:32:52 INFO  : Connected to target on host '127.0.0.1' and port '3121'.
00:32:53 INFO  : Jtag cable 'Digilent Zed 210248469160' is selected.
00:32:53 INFO  : 'jtag frequency' command is executed.
00:32:53 INFO  : Context for 'APU' is selected.
00:32:53 INFO  : System reset is completed.
00:32:56 INFO  : 'after 3000' command is executed.
00:32:57 INFO  : 'targets -set -filter {jtag_cable_name =~ "Digilent Zed 210248469160" && level==0 && jtag_device_ctx=="jsn-Zed-210248469160-03727093-0"}' command is executed.
00:32:59 INFO  : Device configured successfully with "C:/Users/khali/ENSC_452_git/ENSC_452/Game_Logic_ScoreLives/APP/_ide/bitstream/AST2.0_LivesNScore.bit"
00:32:59 INFO  : Context for 'APU' is selected.
00:32:59 INFO  : Hardware design and registers information is loaded from 'C:/Users/khali/ENSC_452_git/ENSC_452/Game_Logic_ScoreLives/pp_/export/pp_/hw/AST2.0_LivesNScore.xsa'.
00:32:59 INFO  : 'configparams force-mem-access 1' command is executed.
00:32:59 INFO  : Context for 'APU' is selected.
00:32:59 INFO  : Sourcing of 'C:/Users/khali/ENSC_452_git/ENSC_452/Game_Logic_ScoreLives/APP/_ide/psinit/ps7_init.tcl' is done.
00:33:01 INFO  : 'ps7_init' command is executed.
00:33:01 INFO  : 'ps7_post_config' command is executed.
00:33:01 INFO  : Context for processor 'ps7_cortexa9_0' is selected.
00:33:02 INFO  : The application 'C:/Users/khali/ENSC_452_git/ENSC_452/Game_Logic_ScoreLives/APP/Debug/APP.elf' is downloaded to processor 'ps7_cortexa9_0'.
00:33:02 INFO  : 'configparams force-mem-access 0' command is executed.
00:33:02 INFO  : ----------------XSDB Script----------------
connect -url tcp:127.0.0.1:3121
targets -set -nocase -filter {name =~"APU*"}
rst -system
after 3000
targets -set -filter {jtag_cable_name =~ "Digilent Zed 210248469160" && level==0 && jtag_device_ctx=="jsn-Zed-210248469160-03727093-0"}
fpga -file C:/Users/khali/ENSC_452_git/ENSC_452/Game_Logic_ScoreLives/APP/_ide/bitstream/AST2.0_LivesNScore.bit
targets -set -nocase -filter {name =~"APU*"}
loadhw -hw C:/Users/khali/ENSC_452_git/ENSC_452/Game_Logic_ScoreLives/pp_/export/pp_/hw/AST2.0_LivesNScore.xsa -mem-ranges [list {0x40000000 0xbfffffff}] -regs
configparams force-mem-access 1
targets -set -nocase -filter {name =~"APU*"}
source C:/Users/khali/ENSC_452_git/ENSC_452/Game_Logic_ScoreLives/APP/_ide/psinit/ps7_init.tcl
ps7_init
ps7_post_config
targets -set -nocase -filter {name =~ "*A9*#0"}
dow C:/Users/khali/ENSC_452_git/ENSC_452/Game_Logic_ScoreLives/APP/Debug/APP.elf
configparams force-mem-access 0
----------------End of Script----------------

00:33:02 INFO  : Context for processor 'ps7_cortexa9_0' is selected.
00:33:02 INFO  : 'con' command is executed.
00:33:02 INFO  : ----------------XSDB Script (After Launch)----------------
targets -set -nocase -filter {name =~ "*A9*#0"}
con
----------------End of Script----------------

00:33:02 INFO  : Launch script is exported to file 'C:\Users\khali\ENSC_452_git\ENSC_452\Game_Logic_ScoreLives\APP_system\_ide\scripts\debugger_app-default.tcl'
00:34:30 INFO  : Disconnected from the channel tcfchan#33.
00:35:44 INFO  : Checking for BSP changes to sync application flags for project 'APP'...
01:32:52 INFO  : Connected to target on host '127.0.0.1' and port '3121'.
01:32:53 INFO  : Jtag cable 'Digilent Zed 210248469160' is selected.
01:32:53 INFO  : 'jtag frequency' command is executed.
01:32:53 INFO  : Context for 'APU' is selected.
01:32:53 INFO  : System reset is completed.
01:32:56 INFO  : 'after 3000' command is executed.
01:32:57 INFO  : 'targets -set -filter {jtag_cable_name =~ "Digilent Zed 210248469160" && level==0 && jtag_device_ctx=="jsn-Zed-210248469160-03727093-0"}' command is executed.
01:32:59 INFO  : Device configured successfully with "C:/Users/khali/ENSC_452_git/ENSC_452/Game_Logic_ScoreLives/APP/_ide/bitstream/AST2.0_LivesNScore.bit"
01:32:59 INFO  : Context for 'APU' is selected.
01:32:59 INFO  : Hardware design and registers information is loaded from 'C:/Users/khali/ENSC_452_git/ENSC_452/Game_Logic_ScoreLives/pp_/export/pp_/hw/AST2.0_LivesNScore.xsa'.
01:32:59 INFO  : 'configparams force-mem-access 1' command is executed.
01:32:59 INFO  : Context for 'APU' is selected.
01:32:59 INFO  : Sourcing of 'C:/Users/khali/ENSC_452_git/ENSC_452/Game_Logic_ScoreLives/APP/_ide/psinit/ps7_init.tcl' is done.
01:33:01 INFO  : 'ps7_init' command is executed.
01:33:01 INFO  : 'ps7_post_config' command is executed.
01:33:01 INFO  : Context for processor 'ps7_cortexa9_0' is selected.
01:33:02 INFO  : The application 'C:/Users/khali/ENSC_452_git/ENSC_452/Game_Logic_ScoreLives/APP/Debug/APP.elf' is downloaded to processor 'ps7_cortexa9_0'.
01:33:02 INFO  : 'configparams force-mem-access 0' command is executed.
01:33:02 INFO  : ----------------XSDB Script----------------
connect -url tcp:127.0.0.1:3121
targets -set -nocase -filter {name =~"APU*"}
rst -system
after 3000
targets -set -filter {jtag_cable_name =~ "Digilent Zed 210248469160" && level==0 && jtag_device_ctx=="jsn-Zed-210248469160-03727093-0"}
fpga -file C:/Users/khali/ENSC_452_git/ENSC_452/Game_Logic_ScoreLives/APP/_ide/bitstream/AST2.0_LivesNScore.bit
targets -set -nocase -filter {name =~"APU*"}
loadhw -hw C:/Users/khali/ENSC_452_git/ENSC_452/Game_Logic_ScoreLives/pp_/export/pp_/hw/AST2.0_LivesNScore.xsa -mem-ranges [list {0x40000000 0xbfffffff}] -regs
configparams force-mem-access 1
targets -set -nocase -filter {name =~"APU*"}
source C:/Users/khali/ENSC_452_git/ENSC_452/Game_Logic_ScoreLives/APP/_ide/psinit/ps7_init.tcl
ps7_init
ps7_post_config
targets -set -nocase -filter {name =~ "*A9*#0"}
dow C:/Users/khali/ENSC_452_git/ENSC_452/Game_Logic_ScoreLives/APP/Debug/APP.elf
configparams force-mem-access 0
----------------End of Script----------------

01:33:02 INFO  : Context for processor 'ps7_cortexa9_0' is selected.
01:33:02 INFO  : 'con' command is executed.
01:33:02 INFO  : ----------------XSDB Script (After Launch)----------------
targets -set -nocase -filter {name =~ "*A9*#0"}
con
----------------End of Script----------------

01:33:02 INFO  : Launch script is exported to file 'C:\Users\khali\ENSC_452_git\ENSC_452\Game_Logic_ScoreLives\APP_system\_ide\scripts\debugger_app-default.tcl'
01:40:11 INFO  : Disconnected from the channel tcfchan#35.
01:40:13 INFO  : Checking for BSP changes to sync application flags for project 'APP'...
01:42:38 INFO  : Connected to target on host '127.0.0.1' and port '3121'.
01:42:39 INFO  : Jtag cable 'Digilent Zed 210248469160' is selected.
01:42:39 INFO  : 'jtag frequency' command is executed.
01:42:39 INFO  : Context for 'APU' is selected.
01:42:39 INFO  : System reset is completed.
01:42:42 INFO  : 'after 3000' command is executed.
01:42:42 INFO  : 'targets -set -filter {jtag_cable_name =~ "Digilent Zed 210248469160" && level==0 && jtag_device_ctx=="jsn-Zed-210248469160-03727093-0"}' command is executed.
01:42:44 INFO  : Device configured successfully with "C:/Users/khali/ENSC_452_git/ENSC_452/Game_Logic_ScoreLives/APP/_ide/bitstream/AST2.0_LivesNScore.bit"
01:42:44 INFO  : Context for 'APU' is selected.
01:42:45 INFO  : Hardware design and registers information is loaded from 'C:/Users/khali/ENSC_452_git/ENSC_452/Game_Logic_ScoreLives/pp_/export/pp_/hw/AST2.0_LivesNScore.xsa'.
01:42:45 INFO  : 'configparams force-mem-access 1' command is executed.
01:42:45 INFO  : Context for 'APU' is selected.
01:42:45 INFO  : Sourcing of 'C:/Users/khali/ENSC_452_git/ENSC_452/Game_Logic_ScoreLives/APP/_ide/psinit/ps7_init.tcl' is done.
01:42:45 INFO  : 'ps7_init' command is executed.
01:42:45 INFO  : 'ps7_post_config' command is executed.
01:42:46 INFO  : Context for processor 'ps7_cortexa9_0' is selected.
01:42:46 INFO  : The application 'C:/Users/khali/ENSC_452_git/ENSC_452/Game_Logic_ScoreLives/APP/Debug/APP.elf' is downloaded to processor 'ps7_cortexa9_0'.
01:42:46 INFO  : 'configparams force-mem-access 0' command is executed.
01:42:46 INFO  : ----------------XSDB Script----------------
connect -url tcp:127.0.0.1:3121
targets -set -nocase -filter {name =~"APU*"}
rst -system
after 3000
targets -set -filter {jtag_cable_name =~ "Digilent Zed 210248469160" && level==0 && jtag_device_ctx=="jsn-Zed-210248469160-03727093-0"}
fpga -file C:/Users/khali/ENSC_452_git/ENSC_452/Game_Logic_ScoreLives/APP/_ide/bitstream/AST2.0_LivesNScore.bit
targets -set -nocase -filter {name =~"APU*"}
loadhw -hw C:/Users/khali/ENSC_452_git/ENSC_452/Game_Logic_ScoreLives/pp_/export/pp_/hw/AST2.0_LivesNScore.xsa -mem-ranges [list {0x40000000 0xbfffffff}] -regs
configparams force-mem-access 1
targets -set -nocase -filter {name =~"APU*"}
source C:/Users/khali/ENSC_452_git/ENSC_452/Game_Logic_ScoreLives/APP/_ide/psinit/ps7_init.tcl
ps7_init
ps7_post_config
targets -set -nocase -filter {name =~ "*A9*#0"}
dow C:/Users/khali/ENSC_452_git/ENSC_452/Game_Logic_ScoreLives/APP/Debug/APP.elf
configparams force-mem-access 0
----------------End of Script----------------

01:42:46 INFO  : Context for processor 'ps7_cortexa9_0' is selected.
01:42:46 INFO  : 'con' command is executed.
01:42:46 INFO  : ----------------XSDB Script (After Launch)----------------
targets -set -nocase -filter {name =~ "*A9*#0"}
con
----------------End of Script----------------

01:42:46 INFO  : Launch script is exported to file 'C:\Users\khali\ENSC_452_git\ENSC_452\Game_Logic_ScoreLives\APP_system\_ide\scripts\debugger_app-default.tcl'
01:47:46 INFO  : Disconnected from the channel tcfchan#37.
01:47:47 INFO  : Checking for BSP changes to sync application flags for project 'APP'...
01:47:56 INFO  : Checking for BSP changes to sync application flags for project 'APP'...
01:58:15 INFO  : Connected to target on host '127.0.0.1' and port '3121'.
01:58:15 INFO  : Jtag cable 'Digilent Zed 210248469160' is selected.
01:58:15 INFO  : 'jtag frequency' command is executed.
01:58:15 INFO  : Context for 'APU' is selected.
01:58:15 INFO  : System reset is completed.
01:58:18 INFO  : 'after 3000' command is executed.
01:58:18 INFO  : 'targets -set -filter {jtag_cable_name =~ "Digilent Zed 210248469160" && level==0 && jtag_device_ctx=="jsn-Zed-210248469160-03727093-0"}' command is executed.
01:58:21 INFO  : Device configured successfully with "C:/Users/khali/ENSC_452_git/ENSC_452/Game_Logic_ScoreLives/APP/_ide/bitstream/AST2.0_LivesNScore.bit"
01:58:21 INFO  : Context for 'APU' is selected.
01:58:21 INFO  : Hardware design and registers information is loaded from 'C:/Users/khali/ENSC_452_git/ENSC_452/Game_Logic_ScoreLives/pp_/export/pp_/hw/AST2.0_LivesNScore.xsa'.
01:58:21 INFO  : 'configparams force-mem-access 1' command is executed.
01:58:21 INFO  : Context for 'APU' is selected.
01:58:21 INFO  : Sourcing of 'C:/Users/khali/ENSC_452_git/ENSC_452/Game_Logic_ScoreLives/APP/_ide/psinit/ps7_init.tcl' is done.
01:58:21 INFO  : 'ps7_init' command is executed.
01:58:21 INFO  : 'ps7_post_config' command is executed.
01:58:21 INFO  : Context for processor 'ps7_cortexa9_0' is selected.
01:58:22 INFO  : The application 'C:/Users/khali/ENSC_452_git/ENSC_452/Game_Logic_ScoreLives/APP/Debug/APP.elf' is downloaded to processor 'ps7_cortexa9_0'.
01:58:22 INFO  : 'configparams force-mem-access 0' command is executed.
01:58:22 INFO  : ----------------XSDB Script----------------
connect -url tcp:127.0.0.1:3121
targets -set -nocase -filter {name =~"APU*"}
rst -system
after 3000
targets -set -filter {jtag_cable_name =~ "Digilent Zed 210248469160" && level==0 && jtag_device_ctx=="jsn-Zed-210248469160-03727093-0"}
fpga -file C:/Users/khali/ENSC_452_git/ENSC_452/Game_Logic_ScoreLives/APP/_ide/bitstream/AST2.0_LivesNScore.bit
targets -set -nocase -filter {name =~"APU*"}
loadhw -hw C:/Users/khali/ENSC_452_git/ENSC_452/Game_Logic_ScoreLives/pp_/export/pp_/hw/AST2.0_LivesNScore.xsa -mem-ranges [list {0x40000000 0xbfffffff}] -regs
configparams force-mem-access 1
targets -set -nocase -filter {name =~"APU*"}
source C:/Users/khali/ENSC_452_git/ENSC_452/Game_Logic_ScoreLives/APP/_ide/psinit/ps7_init.tcl
ps7_init
ps7_post_config
targets -set -nocase -filter {name =~ "*A9*#0"}
dow C:/Users/khali/ENSC_452_git/ENSC_452/Game_Logic_ScoreLives/APP/Debug/APP.elf
configparams force-mem-access 0
----------------End of Script----------------

01:58:22 INFO  : Context for processor 'ps7_cortexa9_0' is selected.
01:58:22 INFO  : 'con' command is executed.
01:58:22 INFO  : ----------------XSDB Script (After Launch)----------------
targets -set -nocase -filter {name =~ "*A9*#0"}
con
----------------End of Script----------------

01:58:22 INFO  : Launch script is exported to file 'C:\Users\khali\ENSC_452_git\ENSC_452\Game_Logic_ScoreLives\APP_system\_ide\scripts\debugger_app-default.tcl'
01:59:52 INFO  : Disconnected from the channel tcfchan#40.
01:59:53 INFO  : Checking for BSP changes to sync application flags for project 'APP'...
02:00:37 INFO  : Connected to target on host '127.0.0.1' and port '3121'.
02:00:37 INFO  : Jtag cable 'Digilent Zed 210248469160' is selected.
02:00:38 INFO  : 'jtag frequency' command is executed.
02:00:38 INFO  : Context for 'APU' is selected.
02:00:38 INFO  : System reset is completed.
02:00:41 INFO  : 'after 3000' command is executed.
02:00:41 INFO  : 'targets -set -filter {jtag_cable_name =~ "Digilent Zed 210248469160" && level==0 && jtag_device_ctx=="jsn-Zed-210248469160-03727093-0"}' command is executed.
02:00:43 INFO  : Device configured successfully with "C:/Users/khali/ENSC_452_git/ENSC_452/Game_Logic_ScoreLives/APP/_ide/bitstream/AST2.0_LivesNScore.bit"
02:00:43 INFO  : Context for 'APU' is selected.
02:00:43 INFO  : Hardware design and registers information is loaded from 'C:/Users/khali/ENSC_452_git/ENSC_452/Game_Logic_ScoreLives/pp_/export/pp_/hw/AST2.0_LivesNScore.xsa'.
02:00:43 INFO  : 'configparams force-mem-access 1' command is executed.
02:00:43 INFO  : Context for 'APU' is selected.
02:00:43 INFO  : Sourcing of 'C:/Users/khali/ENSC_452_git/ENSC_452/Game_Logic_ScoreLives/APP/_ide/psinit/ps7_init.tcl' is done.
02:00:44 INFO  : 'ps7_init' command is executed.
02:00:44 INFO  : 'ps7_post_config' command is executed.
02:00:44 INFO  : Context for processor 'ps7_cortexa9_0' is selected.
02:00:44 INFO  : The application 'C:/Users/khali/ENSC_452_git/ENSC_452/Game_Logic_ScoreLives/APP/Debug/APP.elf' is downloaded to processor 'ps7_cortexa9_0'.
02:00:44 INFO  : 'configparams force-mem-access 0' command is executed.
02:00:44 INFO  : ----------------XSDB Script----------------
connect -url tcp:127.0.0.1:3121
targets -set -nocase -filter {name =~"APU*"}
rst -system
after 3000
targets -set -filter {jtag_cable_name =~ "Digilent Zed 210248469160" && level==0 && jtag_device_ctx=="jsn-Zed-210248469160-03727093-0"}
fpga -file C:/Users/khali/ENSC_452_git/ENSC_452/Game_Logic_ScoreLives/APP/_ide/bitstream/AST2.0_LivesNScore.bit
targets -set -nocase -filter {name =~"APU*"}
loadhw -hw C:/Users/khali/ENSC_452_git/ENSC_452/Game_Logic_ScoreLives/pp_/export/pp_/hw/AST2.0_LivesNScore.xsa -mem-ranges [list {0x40000000 0xbfffffff}] -regs
configparams force-mem-access 1
targets -set -nocase -filter {name =~"APU*"}
source C:/Users/khali/ENSC_452_git/ENSC_452/Game_Logic_ScoreLives/APP/_ide/psinit/ps7_init.tcl
ps7_init
ps7_post_config
targets -set -nocase -filter {name =~ "*A9*#0"}
dow C:/Users/khali/ENSC_452_git/ENSC_452/Game_Logic_ScoreLives/APP/Debug/APP.elf
configparams force-mem-access 0
----------------End of Script----------------

02:00:44 INFO  : Context for processor 'ps7_cortexa9_0' is selected.
02:00:44 INFO  : 'con' command is executed.
02:00:44 INFO  : ----------------XSDB Script (After Launch)----------------
targets -set -nocase -filter {name =~ "*A9*#0"}
con
----------------End of Script----------------

02:00:44 INFO  : Launch script is exported to file 'C:\Users\khali\ENSC_452_git\ENSC_452\Game_Logic_ScoreLives\APP_system\_ide\scripts\debugger_app-default.tcl'
02:07:37 INFO  : Checking for BSP changes to sync application flags for project 'APP'...
02:07:54 INFO  : Checking for BSP changes to sync application flags for project 'APP'...
02:08:20 INFO  : Disconnected from the channel tcfchan#42.
02:08:21 INFO  : Connected to target on host '127.0.0.1' and port '3121'.
02:08:21 INFO  : Jtag cable 'Digilent Zed 210248469160' is selected.
02:08:21 INFO  : 'jtag frequency' command is executed.
02:08:21 INFO  : Context for 'APU' is selected.
02:08:21 INFO  : System reset is completed.
02:08:24 INFO  : 'after 3000' command is executed.
02:08:24 INFO  : 'targets -set -filter {jtag_cable_name =~ "Digilent Zed 210248469160" && level==0 && jtag_device_ctx=="jsn-Zed-210248469160-03727093-0"}' command is executed.
02:08:26 INFO  : Device configured successfully with "C:/Users/khali/ENSC_452_git/ENSC_452/Game_Logic_ScoreLives/APP/_ide/bitstream/AST2.0_LivesNScore.bit"
02:08:26 INFO  : Context for 'APU' is selected.
02:08:26 INFO  : Hardware design and registers information is loaded from 'C:/Users/khali/ENSC_452_git/ENSC_452/Game_Logic_ScoreLives/pp_/export/pp_/hw/AST2.0_LivesNScore.xsa'.
02:08:26 INFO  : 'configparams force-mem-access 1' command is executed.
02:08:26 INFO  : Context for 'APU' is selected.
02:08:26 INFO  : Sourcing of 'C:/Users/khali/ENSC_452_git/ENSC_452/Game_Logic_ScoreLives/APP/_ide/psinit/ps7_init.tcl' is done.
02:08:27 INFO  : 'ps7_init' command is executed.
02:08:27 INFO  : 'ps7_post_config' command is executed.
02:08:27 INFO  : Context for processor 'ps7_cortexa9_0' is selected.
02:08:27 INFO  : The application 'C:/Users/khali/ENSC_452_git/ENSC_452/Game_Logic_ScoreLives/APP/Debug/APP.elf' is downloaded to processor 'ps7_cortexa9_0'.
02:08:27 INFO  : 'configparams force-mem-access 0' command is executed.
02:08:27 INFO  : ----------------XSDB Script----------------
connect -url tcp:127.0.0.1:3121
targets -set -nocase -filter {name =~"APU*"}
rst -system
after 3000
targets -set -filter {jtag_cable_name =~ "Digilent Zed 210248469160" && level==0 && jtag_device_ctx=="jsn-Zed-210248469160-03727093-0"}
fpga -file C:/Users/khali/ENSC_452_git/ENSC_452/Game_Logic_ScoreLives/APP/_ide/bitstream/AST2.0_LivesNScore.bit
targets -set -nocase -filter {name =~"APU*"}
loadhw -hw C:/Users/khali/ENSC_452_git/ENSC_452/Game_Logic_ScoreLives/pp_/export/pp_/hw/AST2.0_LivesNScore.xsa -mem-ranges [list {0x40000000 0xbfffffff}] -regs
configparams force-mem-access 1
targets -set -nocase -filter {name =~"APU*"}
source C:/Users/khali/ENSC_452_git/ENSC_452/Game_Logic_ScoreLives/APP/_ide/psinit/ps7_init.tcl
ps7_init
ps7_post_config
targets -set -nocase -filter {name =~ "*A9*#0"}
dow C:/Users/khali/ENSC_452_git/ENSC_452/Game_Logic_ScoreLives/APP/Debug/APP.elf
configparams force-mem-access 0
----------------End of Script----------------

02:08:27 INFO  : Context for processor 'ps7_cortexa9_0' is selected.
02:08:27 INFO  : 'con' command is executed.
02:08:27 INFO  : ----------------XSDB Script (After Launch)----------------
targets -set -nocase -filter {name =~ "*A9*#0"}
con
----------------End of Script----------------

02:08:27 INFO  : Launch script is exported to file 'C:\Users\khali\ENSC_452_git\ENSC_452\Game_Logic_ScoreLives\APP_system\_ide\scripts\debugger_app-default.tcl'
02:10:13 INFO  : Disconnected from the channel tcfchan#45.
