#-----------------------------------------------------------
# Webtalk v2019.1 (64-bit)
# SW Build 2552052 on Fri May 24 14:49:42 MDT 2019
# 
# Start of session at: Thu Jan 30 23:14:49 2020
# Process ID: 16252
# Current directory: C:/Users/khali/ENSC_452/Project_modules/Audio/New_folder/btn_controlled_volume/btn_controlled_volume.sdk/webtalk
# Command line: wbtcv.exe -mode batch -source sdk_webtalk.tcl
# Log file: C:/Users/khali/ENSC_452/Project_modules/Audio/New_folder/btn_controlled_volume/btn_controlled_volume.sdk/webtalk/webtalk.log
# Journal file: C:/Users/khali/ENSC_452/Project_modules/Audio/New_folder/btn_controlled_volume/btn_controlled_volume.sdk/webtalk\webtalk.jou
#-----------------------------------------------------------
source sdk_webtalk.tcl
# webtalk_init -webtalk_dir C:\\Users\\khali\\ENSC_452\\Project_modules\\Audio\\New_folder\\btn_controlled_volume\\btn_controlled_volume.sdk\\webtalk
# webtalk_register_client -client project
# webtalk_add_data -client project -key date_generated -value "2020-01-30 23:14:44" -context "software_version_and_target_device"
# webtalk_add_data -client project -key product_version -value "SDK v2019.1" -context "software_version_and_target_device"
# webtalk_add_data -client project -key build_version -value "2019.1" -context "software_version_and_target_device"
# webtalk_add_data -client project -key os_platform -value "amd64" -context "software_version_and_target_device"
# webtalk_add_data -client project -key registration_id -value "" -context "software_version_and_target_device"
# webtalk_add_data -client project -key tool_flow -value "SDK" -context "software_version_and_target_device"
# webtalk_add_data -client project -key beta -value "false" -context "software_version_and_target_device"
# webtalk_add_data -client project -key route_design -value "NA" -context "software_version_and_target_device"
# webtalk_add_data -client project -key target_family -value "NA" -context "software_version_and_target_device"
# webtalk_add_data -client project -key target_device -value "NA" -context "software_version_and_target_device"
# webtalk_add_data -client project -key target_package -value "NA" -context "software_version_and_target_device"
# webtalk_add_data -client project -key target_speed -value "NA" -context "software_version_and_target_device"
# webtalk_add_data -client project -key random_id -value "jps0jl1eg1p3lg51j4vvur7qd1" -context "software_version_and_target_device"
# webtalk_add_data -client project -key project_id -value "2019.1_11" -context "software_version_and_target_device"
# webtalk_add_data -client project -key project_iteration -value "11" -context "software_version_and_target_device"
# webtalk_add_data -client project -key os_name -value "Microsoft Windows 8 or later , 64-bit" -context "user_environment"
# webtalk_add_data -client project -key os_release -value "major release  (build 9200)" -context "user_environment"
# webtalk_add_data -client project -key cpu_name -value "Intel(R) Core(TM) i5-7200U CPU @ 2.50GHz" -context "user_environment"
# webtalk_add_data -client project -key cpu_speed -value "2712 MHz" -context "user_environment"
# webtalk_add_data -client project -key total_processors -value "1" -context "user_environment"
# webtalk_add_data -client project -key system_ram -value "8.462 GB" -context "user_environment"
# webtalk_register_client -client sdk
# webtalk_add_data -client sdk -key uid -value "1580441752017" -context "sdk\\\\bsp/1580441752017"
# webtalk_add_data -client sdk -key hwid -value "1580370150381" -context "sdk\\\\bsp/1580441752017"
# webtalk_add_data -client sdk -key os -value "standalone" -context "sdk\\\\bsp/1580441752017"
# webtalk_add_data -client sdk -key apptemplate -value "hello_world" -context "sdk\\\\bsp/1580441752017"
# webtalk_add_data -client sdk -key RecordType -value "BSPCreation" -context "sdk\\\\bsp/1580441752017"
# webtalk_add_data -client sdk -key uid -value "1580441758260" -context "sdk\\\\application/1580441758260"
# webtalk_add_data -client sdk -key hwid -value "1580370150381" -context "sdk\\\\application/1580441758260"
# webtalk_add_data -client sdk -key bspid -value "1580441752017" -context "sdk\\\\application/1580441758260"
# webtalk_add_data -client sdk -key newbsp -value "true" -context "sdk\\\\application/1580441758260"
# webtalk_add_data -client sdk -key os -value "standalone" -context "sdk\\\\application/1580441758260"
# webtalk_add_data -client sdk -key apptemplate -value "hello_world" -context "sdk\\\\application/1580441758260"
# webtalk_add_data -client sdk -key RecordType -value "APPCreation" -context "sdk\\\\application/1580441758260"
# webtalk_add_data -client sdk -key LangUsed -value "C" -context "sdk\\\\application/1580441758260"
# webtalk_add_data -client sdk -key Procused -value "ps7_cortexa9" -context "sdk\\\\application/1580441758260"
# webtalk_add_data -client sdk -key projSize -value "276.87890625" -context "sdk\\\\application/1580441758260"
# webtalk_add_data -client sdk -key uid -value "NA" -context "sdk\\\\bsp/1580454884202"
# webtalk_add_data -client sdk -key RecordType -value "ToolUsage" -context "sdk\\\\bsp/1580454884202"
# webtalk_add_data -client sdk -key BootgenCount -value "0" -context "sdk\\\\bsp/1580454884202"
# webtalk_add_data -client sdk -key DebugCount -value "6" -context "sdk\\\\bsp/1580454884202"
# webtalk_add_data -client sdk -key PerfCount -value "0" -context "sdk\\\\bsp/1580454884202"
# webtalk_add_data -client sdk -key FlashCount -value "0" -context "sdk\\\\bsp/1580454884202"
# webtalk_add_data -client sdk -key CrossTriggCount -value "0" -context "sdk\\\\bsp/1580454884202"
# webtalk_add_data -client sdk -key QemuDebugCount -value "0" -context "sdk\\\\bsp/1580454884202"
# webtalk_transmit -clientid 498526493 -regid "" -xml C:\\Users\\khali\\ENSC_452\\Project_modules\\Audio\\New_folder\\btn_controlled_volume\\btn_controlled_volume.sdk\\webtalk\\usage_statistics_ext_sdk.xml -html C:\\Users\\khali\\ENSC_452\\Project_modules\\Audio\\New_folder\\btn_controlled_volume\\btn_controlled_volume.sdk\\webtalk\\usage_statistics_ext_sdk.html -wdm C:\\Users\\khali\\ENSC_452\\Project_modules\\Audio\\New_folder\\btn_controlled_volume\\btn_controlled_volume.sdk\\webtalk\\sdk_webtalk.wdm -intro "<H3>SDK Usage Report</H3><BR>"
# webtalk_terminate
INFO: [Common 17-206] Exiting Webtalk at Thu Jan 30 23:14:50 2020...
