23:26:45 **** Incremental Build of configuration Debug for project audio_player ****
make pre-build main-build 
a9-linaro-pre-build-step
' '
'Building target: audio_player.elf'
'Invoking: ARM v7 gcc linker'
arm-none-eabi-gcc -mcpu=cortex-a9 -mfpu=vfpv3 -mfloat-abi=hard -Wl,-build-id=none -specs=Xilinx.spec -Wl,-T -Wl,../src/lscript.ld -L../../audio_player_bsp/ps7_cortexa9_0/lib -o "audio_player.elf"  ./src/audio_player.o ./src/platform.o   
c:/xilinx/sdk/2019.1/gnu/aarch32/nt/gcc-arm-none-eabi/bin/../lib/gcc/arm-none-eabi/8.2.0/../../../../arm-none-eabi/bin/ld.exe: warning: cannot find entry symbol _vector_table; defaulting to 0000000000100000
c:/xilinx/sdk/2019.1/gnu/aarch32/nt/gcc-arm-none-eabi/bin/../lib/gcc/arm-none-eabi/8.2.0/../../../../arm-none-eabi/bin/ld.exe: ./src/audio_player.o: in function `adau1761_init':
C:\Users\khali\ENSC_452_git\ENSC_452\Audio\Experimental\volume_control\volume_control.sdk\audio_player\Debug/../src/audio_player.c:62: undefined reference to `XLlFfio_LookupConfig'
c:/xilinx/sdk/2019.1/gnu/aarch32/nt/gcc-arm-none-eabi/bin/../lib/gcc/arm-none-eabi/8.2.0/../../../../arm-none-eabi/bin/ld.exe: C:\Users\khali\ENSC_452_git\ENSC_452\Audio\Experimental\volume_control\volume_control.sdk\audio_player\Debug/../src/audio_player.c:63: undefined reference to `XLlFifo_CfgInitialize'
c:/xilinx/sdk/2019.1/gnu/aarch32/nt/gcc-arm-none-eabi/bin/../lib/gcc/arm-none-eabi/8.2.0/../../../../arm-none-eabi/bin/ld.exe: C:\Users\khali\ENSC_452_git\ENSC_452\Audio\Experimental\volume_control\volume_control.sdk\audio_player\Debug/../src/audio_player.c:131: undefined reference to `XAxiDma_LookupConfig'
c:/xilinx/sdk/2019.1/gnu/aarch32/nt/gcc-arm-none-eabi/bin/../lib/gcc/arm-none-eabi/8.2.0/../../../../arm-none-eabi/bin/ld.exe: C:\Users\khali\ENSC_452_git\ENSC_452\Audio\Experimental\volume_control\volume_control.sdk\audio_player\Debug/../src/audio_player.c:131: undefined reference to `XAxiDma_CfgInitialize'
c:/xilinx/sdk/2019.1/gnu/aarch32/nt/gcc-arm-none-eabi/bin/../lib/gcc/arm-none-eabi/8.2.0/../../../../arm-none-eabi/bin/ld.exe: ./src/audio_player.o: in function `adau1761_spiWrite':
C:\Users\khali\ENSC_452_git\ENSC_452\Audio\Experimental\volume_control\volume_control.sdk\audio_player\Debug/../src/audio_player.c:159: undefined reference to `XLlFifo_TxPutWord'
c:/xilinx/sdk/2019.1/gnu/aarch32/nt/gcc-arm-none-eabi/bin/../lib/gcc/arm-none-eabi/8.2.0/../../../../arm-none-eabi/bin/ld.exe: C:\Users\khali\ENSC_452_git\ENSC_452\Audio\Experimental\volume_control\volume_control.sdk\audio_player\Debug/../src/audio_player.c:160: undefined reference to `XLlFifo_TxPutWord'
c:/xilinx/sdk/2019.1/gnu/aarch32/nt/gcc-arm-none-eabi/bin/../lib/gcc/arm-none-eabi/8.2.0/../../../../arm-none-eabi/bin/ld.exe: C:\Users\khali\ENSC_452_git\ENSC_452\Audio\Experimental\volume_control\volume_control.sdk\audio_player\Debug/../src/audio_player.c:161: undefined reference to `XLlFifo_TxPutWord'
c:/xilinx/sdk/2019.1/gnu/aarch32/nt/gcc-arm-none-eabi/bin/../lib/gcc/arm-none-eabi/8.2.0/../../../../arm-none-eabi/bin/ld.exe: C:\Users\khali\ENSC_452_git\ENSC_452\Audio\Experimental\volume_control\volume_control.sdk\audio_player\Debug/../src/audio_player.c:162: undefined reference to `XLlFifo_TxPutWord'
c:/xilinx/sdk/2019.1/gnu/aarch32/nt/gcc-arm-none-eabi/bin/../lib/gcc/arm-none-eabi/8.2.0/../../../../arm-none-eabi/bin/ld.exe: C:\Users\khali\ENSC_452_git\ENSC_452\Audio\Experimental\volume_control\volume_control.sdk\audio_player\Debug/../src/audio_player.c:163: undefined reference to `XLlFifo_iTxSetLen'
c:/xilinx/sdk/2019.1/gnu/aarch32/nt/gcc-arm-none-eabi/bin/../lib/gcc/arm-none-eabi/8.2.0/../../../../arm-none-eabi/bin/ld.exe: C:\Users\khali\ENSC_452_git\ENSC_452\Audio\Experimental\volume_control\volume_control.sdk\audio_player\Debug/../src/audio_player.c:165: undefined reference to `XLlFifo_RxGetWord'
c:/xilinx/sdk/2019.1/gnu/aarch32/nt/gcc-arm-none-eabi/bin/../lib/gcc/arm-none-eabi/8.2.0/../../../../arm-none-eabi/bin/ld.exe: C:\Users\khali\ENSC_452_git\ENSC_452\Audio\Experimental\volume_control\volume_control.sdk\audio_player\Debug/../src/audio_player.c:166: undefined reference to `XLlFifo_RxGetWord'
c:/xilinx/sdk/2019.1/gnu/aarch32/nt/gcc-arm-none-eabi/bin/../lib/gcc/arm-none-eabi/8.2.0/../../../../arm-none-eabi/bin/ld.exe: C:\Users\khali\ENSC_452_git\ENSC_452\Audio\Experimental\volume_control\volume_control.sdk\audio_player\Debug/../src/audio_player.c:167: undefined reference to `XLlFifo_RxGetWord'
c:/xilinx/sdk/2019.1/gnu/aarch32/nt/gcc-arm-none-eabi/bin/../lib/gcc/arm-none-eabi/8.2.0/../../../../arm-none-eabi/bin/ld.exe: C:\Users\khali\ENSC_452_git\ENSC_452\Audio\Experimental\volume_control\volume_control.sdk\audio_player\Debug/../src/audio_player.c:168: undefined reference to `XLlFifo_RxGetWord'
c:/xilinx/sdk/2019.1/gnu/aarch32/nt/gcc-arm-none-eabi/bin/../lib/gcc/arm-none-eabi/8.2.0/../../../../arm-none-eabi/bin/ld.exe: ./src/audio_player.o: in function `adau1761_spiRead':
C:\Users\khali\ENSC_452_git\ENSC_452\Audio\Experimental\volume_control\volume_control.sdk\audio_player\Debug/../src/audio_player.c:172: undefined reference to `XLlFifo_TxPutWord'
c:/xilinx/sdk/2019.1/gnu/aarch32/nt/gcc-arm-none-eabi/bin/../lib/gcc/arm-none-eabi/8.2.0/../../../../arm-none-eabi/bin/ld.exe: C:\Users\khali\ENSC_452_git\ENSC_452\Audio\Experimental\volume_control\volume_control.sdk\audio_player\Debug/../src/audio_player.c:173: undefined reference to `XLlFifo_TxPutWord'
c:/xilinx/sdk/2019.1/gnu/aarch32/nt/gcc-arm-none-eabi/bin/../lib/gcc/arm-none-eabi/8.2.0/../../../../arm-none-eabi/bin/ld.exe: C:\Users\khali\ENSC_452_git\ENSC_452\Audio\Experimental\volume_control\volume_control.sdk\audio_player\Debug/../src/audio_player.c:174: undefined reference to `XLlFifo_TxPutWord'
c:/xilinx/sdk/2019.1/gnu/aarch32/nt/gcc-arm-none-eabi/bin/../lib/gcc/arm-none-eabi/8.2.0/../../../../arm-none-eabi/bin/ld.exe: C:\Users\khali\ENSC_452_git\ENSC_452\Audio\Experimental\volume_control\volume_control.sdk\audio_player\Debug/../src/audio_player.c:175: undefined reference to `XLlFifo_TxPutWord'
c:/xilinx/sdk/2019.1/gnu/aarch32/nt/gcc-arm-none-eabi/bin/../lib/gcc/arm-none-eabi/8.2.0/../../../../arm-none-eabi/bin/ld.exe: C:\Users\khali\ENSC_452_git\ENSC_452\Audio\Experimental\volume_control\volume_control.sdk\audio_player\Debug/../src/audio_player.c:176: undefined reference to `XLlFifo_iTxSetLen'
c:/xilinx/sdk/2019.1/gnu/aarch32/nt/gcc-arm-none-eabi/bin/../lib/gcc/arm-none-eabi/8.2.0/../../../../arm-none-eabi/bin/ld.exe: C:\Users\khali\ENSC_452_git\ENSC_452\Audio\Experimental\volume_control\volume_control.sdk\audio_player\Debug/../src/audio_player.c:178: undefined reference to `XLlFifo_RxGetWord'
c:/xilinx/sdk/2019.1/gnu/aarch32/nt/gcc-arm-none-eabi/bin/../lib/gcc/arm-none-eabi/8.2.0/../../../../arm-none-eabi/bin/ld.exe: C:\Users\khali\ENSC_452_git\ENSC_452\Audio\Experimental\volume_control\volume_control.sdk\audio_player\Debug/../src/audio_player.c:179: undefined reference to `XLlFifo_RxGetWord'
c:/xilinx/sdk/2019.1/gnu/aarch32/nt/gcc-arm-none-eabi/bin/../lib/gcc/arm-none-eabi/8.2.0/../../../../arm-none-eabi/bin/ld.exe: C:\Users\khali\ENSC_452_git\ENSC_452\Audio\Experimental\volume_control\volume_control.sdk\audio_player\Debug/../src/audio_player.c:180: undefined reference to `XLlFifo_RxGetWord'
c:/xilinx/sdk/2019.1/gnu/aarch32/nt/gcc-arm-none-eabi/bin/../lib/gcc/arm-none-eabi/8.2.0/../../../../arm-none-eabi/bin/ld.exe: C:\Users\khali\ENSC_452_git\ENSC_452\Audio\Experimental\volume_control\volume_control.sdk\audio_player\Debug/../src/audio_player.c:181: undefined reference to `XLlFifo_RxGetWord'
c:/xilinx/sdk/2019.1/gnu/aarch32/nt/gcc-arm-none-eabi/bin/../lib/gcc/arm-none-eabi/8.2.0/../../../../arm-none-eabi/bin/ld.exe: ./src/audio_player.o: in function `adau1761_dmaSetup':
C:\Users\khali\ENSC_452_git\ENSC_452\Audio\Experimental\volume_control\volume_control.sdk\audio_player\Debug/../src/audio_player.c:197: undefined reference to `XAxiDma_BdRingCreate'
c:/xilinx/sdk/2019.1/gnu/aarch32/nt/gcc-arm-none-eabi/bin/../lib/gcc/arm-none-eabi/8.2.0/../../../../arm-none-eabi/bin/ld.exe: C:\Users\khali\ENSC_452_git\ENSC_452\Audio\Experimental\volume_control\volume_control.sdk\audio_player\Debug/../src/audio_player.c:206: undefined reference to `XAxiDma_BdRingClone'
c:/xilinx/sdk/2019.1/gnu/aarch32/nt/gcc-arm-none-eabi/bin/../lib/gcc/arm-none-eabi/8.2.0/../../../../arm-none-eabi/bin/ld.exe: C:\Users\khali\ENSC_452_git\ENSC_452\Audio\Experimental\volume_control\volume_control.sdk\audio_player\Debug/../src/audio_player.c:212: undefined reference to `XAxiDma_BdRingStart'
c:/xilinx/sdk/2019.1/gnu/aarch32/nt/gcc-arm-none-eabi/bin/../lib/gcc/arm-none-eabi/8.2.0/../../../../arm-none-eabi/bin/ld.exe: ./src/audio_player.o: in function `adau1761_dmaBusy':
C:\Users\khali\ENSC_452_git\ENSC_452\Audio\Experimental\volume_control\volume_control.sdk\audio_player\Debug/../src/audio_player.c:222: undefined reference to `XAxiDma_Busy'
c:/xilinx/sdk/2019.1/gnu/aarch32/nt/gcc-arm-none-eabi/bin/../lib/gcc/arm-none-eabi/8.2.0/../../../../arm-none-eabi/bin/ld.exe: ./src/audio_player.o: in function `adau1761_dmaReset':
C:\Users\khali\ENSC_452_git\ENSC_452\Audio\Experimental\volume_control\volume_control.sdk\audio_player\Debug/../src/audio_player.c:231: undefined reference to `XAxiDma_Reset'
c:/xilinx/sdk/2019.1/gnu/aarch32/nt/gcc-arm-none-eabi/bin/../lib/gcc/arm-none-eabi/8.2.0/../../../../arm-none-eabi/bin/ld.exe: C:\Users\khali\ENSC_452_git\ENSC_452\Audio\Experimental\volume_control\volume_control.sdk\audio_player\Debug/../src/audio_player.c:233: undefined reference to `XAxiDma_ResetIsDone'
c:/xilinx/sdk/2019.1/gnu/aarch32/nt/gcc-arm-none-eabi/bin/../lib/gcc/arm-none-eabi/8.2.0/../../../../arm-none-eabi/bin/ld.exe: ./src/audio_player.o: in function `adau1761_dmaFreeProcessedBDs':
C:\Users\khali\ENSC_452_git\ENSC_452\Audio\Experimental\volume_control\volume_control.sdk\audio_player\Debug/../src/audio_player.c:255: undefined reference to `XAxiDma_BdRingFromHw'
c:/xilinx/sdk/2019.1/gnu/aarch32/nt/gcc-arm-none-eabi/bin/../lib/gcc/arm-none-eabi/8.2.0/../../../../arm-none-eabi/bin/ld.exe: C:\Users\khali\ENSC_452_git\ENSC_452\Audio\Experimental\volume_control\volume_control.sdk\audio_player\Debug/../src/audio_player.c:258: undefined reference to `XAxiDma_BdRingFree'
c:/xilinx/sdk/2019.1/gnu/aarch32/nt/gcc-arm-none-eabi/bin/../lib/gcc/arm-none-eabi/8.2.0/../../../../arm-none-eabi/bin/ld.exe: ./src/audio_player.o: in function `adau1761_dmaTransmit':
C:\Users\khali\ENSC_452_git\ENSC_452\Audio\Experimental\volume_control\volume_control.sdk\audio_player\Debug/../src/audio_player.c:272: undefined reference to `Xil_DCacheFlushRange'
c:/xilinx/sdk/2019.1/gnu/aarch32/nt/gcc-arm-none-eabi/bin/../lib/gcc/arm-none-eabi/8.2.0/../../../../arm-none-eabi/bin/ld.exe: C:\Users\khali\ENSC_452_git\ENSC_452\Audio\Experimental\volume_control\volume_control.sdk\audio_player\Debug/../src/audio_player.c:275: undefined reference to `XAxiDma_BdRingAlloc'
c:/xilinx/sdk/2019.1/gnu/aarch32/nt/gcc-arm-none-eabi/bin/../lib/gcc/arm-none-eabi/8.2.0/../../../../arm-none-eabi/bin/ld.exe: C:\Users\khali\ENSC_452_git\ENSC_452\Audio\Experimental\volume_control\volume_control.sdk\audio_player\Debug/../src/audio_player.c:282: undefined reference to `XAxiDma_BdSetBufAddr'
c:/xilinx/sdk/2019.1/gnu/aarch32/nt/gcc-arm-none-eabi/bin/../lib/gcc/arm-none-eabi/8.2.0/../../../../arm-none-eabi/bin/ld.exe: C:\Users\khali\ENSC_452_git\ENSC_452\Audio\Experimental\volume_control\volume_control.sdk\audio_player\Debug/../src/audio_player.c:287: undefined reference to `XAxiDma_BdSetLength'
c:/xilinx/sdk/2019.1/gnu/aarch32/nt/gcc-arm-none-eabi/bin/../lib/gcc/arm-none-eabi/8.2.0/../../../../arm-none-eabi/bin/ld.exe: C:\Users\khali\ENSC_452_git\ENSC_452\Audio\Experimental\volume_control\volume_control.sdk\audio_player\Debug/../src/audio_player.c:299: undefined reference to `XAxiDma_BdSetCtrl'
c:/xilinx/sdk/2019.1/gnu/aarch32/nt/gcc-arm-none-eabi/bin/../lib/gcc/arm-none-eabi/8.2.0/../../../../arm-none-eabi/bin/ld.exe: C:\Users\khali\ENSC_452_git\ENSC_452\Audio\Experimental\volume_control\volume_control.sdk\audio_player\Debug/../src/audio_player.c:307: undefined reference to `XAxiDma_BdRingToHw'
c:/xilinx/sdk/2019.1/gnu/aarch32/nt/gcc-arm-none-eabi/bin/../lib/gcc/arm-none-eabi/8.2.0/../../../../arm-none-eabi/bin/ld.exe: ./src/audio_player.o: in function `playWavFile':
C:\Users\khali\ENSC_452_git\ENSC_452\Audio\Experimental\volume_control\volume_control.sdk\audio_player\Debug/../src/audio_player.c:375: undefined reference to `f_open'
c:/xilinx/sdk/2019.1/gnu/aarch32/nt/gcc-arm-none-eabi/bin/../lib/gcc/arm-none-eabi/8.2.0/../../../../arm-none-eabi/bin/ld.exe: C:\Users\khali\ENSC_452_git\ENSC_452\Audio\Experimental\volume_control\volume_control.sdk\audio_player\Debug/../src/audio_player.c:382: undefined reference to `f_read'
c:/xilinx/sdk/2019.1/gnu/aarch32/nt/gcc-arm-none-eabi/bin/../lib/gcc/arm-none-eabi/8.2.0/../../../../arm-none-eabi/bin/ld.exe: C:\Users\khali\ENSC_452_git\ENSC_452\Audio\Experimental\volume_control\volume_control.sdk\audio_player\Debug/../src/audio_player.c:397: undefined reference to `f_read'
c:/xilinx/sdk/2019.1/gnu/aarch32/nt/gcc-arm-none-eabi/bin/../lib/gcc/arm-none-eabi/8.2.0/../../../../arm-none-eabi/bin/ld.exe: C:\Users\khali\ENSC_452_git\ENSC_452\Audio\Experimental\volume_control\volume_control.sdk\audio_player\Debug/../src/audio_player.c:407: undefined reference to `f_read'
c:/xilinx/sdk/2019.1/gnu/aarch32/nt/gcc-arm-none-eabi/bin/../lib/gcc/arm-none-eabi/8.2.0/../../../../arm-none-eabi/bin/ld.exe: C:\Users\khali\ENSC_452_git\ENSC_452\Audio\Experimental\volume_control\volume_control.sdk\audio_player\Debug/../src/audio_player.c:432: undefined reference to `f_read'
c:/xilinx/sdk/2019.1/gnu/aarch32/nt/gcc-arm-none-eabi/bin/../lib/gcc/arm-none-eabi/8.2.0/../../../../arm-none-eabi/bin/ld.exe: C:\Users\khali\ENSC_452_git\ENSC_452\Audio\Experimental\volume_control\volume_control.sdk\audio_player\Debug/../src/audio_player.c:443: undefined reference to `f_lseek'
c:/xilinx/sdk/2019.1/gnu/aarch32/nt/gcc-arm-none-eabi/bin/../lib/gcc/arm-none-eabi/8.2.0/../../../../arm-none-eabi/bin/ld.exe: C:\Users\khali\ENSC_452_git\ENSC_452\Audio\Experimental\volume_control\volume_control.sdk\audio_player\Debug/../src/audio_player.c:481: undefined reference to `f_close'
c:/xilinx/sdk/2019.1/gnu/aarch32/nt/gcc-arm-none-eabi/bin/../lib/gcc/arm-none-eabi/8.2.0/../../../../arm-none-eabi/bin/ld.exe: ./src/audio_player.o: in function `main':
C:\Users\khali\ENSC_452_git\ENSC_452\Audio\Experimental\volume_control\volume_control.sdk\audio_player\Debug/../src/audio_player.c:490: undefined reference to `print'
c:/xilinx/sdk/2019.1/gnu/aarch32/nt/gcc-arm-none-eabi/bin/../lib/gcc/arm-none-eabi/8.2.0/../../../../arm-none-eabi/bin/ld.exe: C:\Users\khali\ENSC_452_git\ENSC_452\Audio\Experimental\volume_control\volume_control.sdk\audio_player\Debug/../src/audio_player.c:572: undefined reference to `print'
c:/xilinx/sdk/2019.1/gnu/aarch32/nt/gcc-arm-none-eabi/bin/../lib/gcc/arm-none-eabi/8.2.0/../../../../arm-none-eabi/bin/ld.exe: C:\Users\khali\ENSC_452_git\ENSC_452\Audio\Experimental\volume_control\volume_control.sdk\audio_player\Debug/../src/audio_player.c:574: undefined reference to `print'
c:/xilinx/sdk/2019.1/gnu/aarch32/nt/gcc-arm-none-eabi/bin/../lib/gcc/arm-none-eabi/8.2.0/../../../../arm-none-eabi/bin/ld.exe: C:\Users\khali\ENSC_452_git\ENSC_452\Audio\Experimental\volume_control\volume_control.sdk\audio_player\Debug/../src/audio_player.c:498: undefined reference to `print'
c:/xilinx/sdk/2019.1/gnu/aarch32/nt/gcc-arm-none-eabi/bin/../lib/gcc/arm-none-eabi/8.2.0/../../../../arm-none-eabi/bin/ld.exe: C:\Users\khali\ENSC_452_git\ENSC_452\Audio\Experimental\volume_control\volume_control.sdk\audio_player\Debug/../src/audio_player.c:499: undefined reference to `f_mount'
c:/xilinx/sdk/2019.1/gnu/aarch32/nt/gcc-arm-none-eabi/bin/../lib/gcc/arm-none-eabi/8.2.0/../../../../arm-none-eabi/bin/ld.exe: C:\Users\khali\ENSC_452_git\ENSC_452\Audio\Experimental\volume_control\volume_control.sdk\audio_player\Debug/../src/audio_player.c:501: undefined reference to `print'
c:/xilinx/sdk/2019.1/gnu/aarch32/nt/gcc-arm-none-eabi/bin/../lib/gcc/arm-none-eabi/8.2.0/../../../../arm-none-eabi/bin/ld.exe: C:\Users\khali\ENSC_452_git\ENSC_452\Audio\Experimental\volume_control\volume_control.sdk\audio_player\Debug/../src/audio_player.c:512: undefined reference to `f_opendir'
c:/xilinx/sdk/2019.1/gnu/aarch32/nt/gcc-arm-none-eabi/bin/../lib/gcc/arm-none-eabi/8.2.0/../../../../arm-none-eabi/bin/ld.exe: C:\Users\khali\ENSC_452_git\ENSC_452\Audio\Experimental\volume_control\volume_control.sdk\audio_player\Debug/../src/audio_player.c:514: undefined reference to `print'
c:/xilinx/sdk/2019.1/gnu/aarch32/nt/gcc-arm-none-eabi/bin/../lib/gcc/arm-none-eabi/8.2.0/../../../../arm-none-eabi/bin/ld.exe: C:\Users\khali\ENSC_452_git\ENSC_452\Audio\Experimental\volume_control\volume_control.sdk\audio_player\Debug/../src/audio_player.c:520: undefined reference to `f_readdir'
c:/xilinx/sdk/2019.1/gnu/aarch32/nt/gcc-arm-none-eabi/bin/../lib/gcc/arm-none-eabi/8.2.0/../../../../arm-none-eabi/bin/ld.exe: C:\Users\khali\ENSC_452_git\ENSC_452\Audio\Experimental\volume_control\volume_control.sdk\audio_player\Debug/../src/audio_player.c:534: undefined reference to `f_closedir'
c:/xilinx/sdk/2019.1/gnu/aarch32/nt/gcc-arm-none-eabi/bin/../lib/gcc/arm-none-eabi/8.2.0/../../../../arm-none-eabi/bin/ld.exe: C:\Users\khali\ENSC_452_git\ENSC_452\Audio\Experimental\volume_control\volume_control.sdk\audio_player\Debug/../src/audio_player.c:537: undefined reference to `print'
c:/xilinx/sdk/2019.1/gnu/aarch32/nt/gcc-arm-none-eabi/bin/../lib/gcc/arm-none-eabi/8.2.0/../../../../arm-none-eabi/bin/ld.exe: C:\Users\khali\ENSC_452_git\ENSC_452\Audio\Experimental\volume_control\volume_control.sdk\audio_player\Debug/../src/audio_player.c:546: undefined reference to `print'
c:/xilinx/sdk/2019.1/gnu/aarch32/nt/gcc-arm-none-eabi/bin/../lib/gcc/arm-none-eabi/8.2.0/../../../../arm-none-eabi/bin/ld.exe: C:\Users\khali\ENSC_452_git\ENSC_452\Audio\Experimental\volume_control\volume_control.sdk\audio_player\Debug/../src/audio_player.c:547: undefined reference to `print'
c:/xilinx/sdk/2019.1/gnu/aarch32/nt/gcc-arm-none-eabi/bin/../lib/gcc/arm-none-eabi/8.2.0/../../../../arm-none-eabi/bin/ld.exe: C:\Users\khali\ENSC_452_git\ENSC_452\Audio\Experimental\volume_control\volume_control.sdk\audio_player\Debug/../src/audio_player.c:548: undefined reference to `print'
c:/xilinx/sdk/2019.1/gnu/aarch32/nt/gcc-arm-none-eabi/bin/../lib/gcc/arm-none-eabi/8.2.0/../../../../arm-none-eabi/bin/ld.exe: C:\Users\khali\ENSC_452_git\ENSC_452\Audio\Experimental\volume_control\volume_control.sdk\audio_player\Debug/../src/audio_player.c:549: undefined reference to `print'
c:/xilinx/sdk/2019.1/gnu/aarch32/nt/gcc-arm-none-eabi/bin/../lib/gcc/arm-none-eabi/8.2.0/../../../../arm-none-eabi/bin/ld.exe: ./src/audio_player.o:C:\Users\khali\ENSC_452_git\ENSC_452\Audio\Experimental\volume_control\volume_control.sdk\audio_player\Debug/../src/audio_player.c:550: more undefined references to `print' follow
c:/xilinx/sdk/2019.1/gnu/aarch32/nt/gcc-arm-none-eabi/bin/../lib/gcc/arm-none-eabi/8.2.0/../../../../arm-none-eabi/bin/ld.exe: c:/xilinx/sdk/2019.1/gnu/aarch32/nt/gcc-arm-none-eabi/bin/../arm-none-eabi/libc/usr/lib/thumb/v7-a+fp/hard\libc.a(lib_a-sbrkr.o): in function `_sbrk_r':
sbrkr.c:(.text+0x12): undefined reference to `_sbrk'
c:/xilinx/sdk/2019.1/gnu/aarch32/nt/gcc-arm-none-eabi/bin/../lib/gcc/arm-none-eabi/8.2.0/../../../../arm-none-eabi/bin/ld.exe: c:/xilinx/sdk/2019.1/gnu/aarch32/nt/gcc-arm-none-eabi/bin/../arm-none-eabi/libc/usr/lib/thumb/v7-a+fp/hard\libc.a(lib_a-writer.o): in function `_write_r':
writer.c:(.text+0x18): undefined reference to `_write'
c:/xilinx/sdk/2019.1/gnu/aarch32/nt/gcc-arm-none-eabi/bin/../lib/gcc/arm-none-eabi/8.2.0/../../../../arm-none-eabi/bin/ld.exe: c:/xilinx/sdk/2019.1/gnu/aarch32/nt/gcc-arm-none-eabi/bin/../arm-none-eabi/libc/usr/lib/thumb/v7-a+fp/hard\libc.a(lib_a-closer.o): in function `_close_r':
closer.c:(.text+0x12): undefined reference to `_close'
c:/xilinx/sdk/2019.1/gnu/aarch32/nt/gcc-arm-none-eabi/bin/../lib/gcc/arm-none-eabi/8.2.0/../../../../arm-none-eabi/bin/ld.exe: c:/xilinx/sdk/2019.1/gnu/aarch32/nt/gcc-arm-none-eabi/bin/../arm-none-eabi/libc/usr/lib/thumb/v7-a+fp/hard\libc.a(lib_a-fstatr.o): in function `_fstat_r':
fstatr.c:(.text+0x16): undefined reference to `_fstat'
c:/xilinx/sdk/2019.1/gnu/aarch32/nt/gcc-arm-none-eabi/bin/../lib/gcc/arm-none-eabi/8.2.0/../../../../arm-none-eabi/bin/ld.exe: c:/xilinx/sdk/2019.1/gnu/aarch32/nt/gcc-arm-none-eabi/bin/../arm-none-eabi/libc/usr/lib/thumb/v7-a+fp/hard\libc.a(lib_a-isattyr.o): in function `_isatty_r':
isattyr.c:(.text+0x12): undefined reference to `_isatty'
c:/xilinx/sdk/2019.1/gnu/aarch32/nt/gcc-arm-none-eabi/bin/../lib/gcc/arm-none-eabi/8.2.0/../../../../arm-none-eabi/bin/ld.exe: c:/xilinx/sdk/2019.1/gnu/aarch32/nt/gcc-arm-none-eabi/bin/../arm-none-eabi/libc/usr/lib/thumb/v7-a+fp/hard\libc.a(lib_a-lseekr.o): in function `_lseek_r':
lseekr.c:(.text+0x18): undefined reference to `_lseek'
c:/xilinx/sdk/2019.1/gnu/aarch32/nt/gcc-arm-none-eabi/bin/../lib/gcc/arm-none-eabi/8.2.0/../../../../arm-none-eabi/bin/ld.exe: c:/xilinx/sdk/2019.1/gnu/aarch32/nt/gcc-arm-none-eabi/bin/../arm-none-eabi/libc/usr/lib/thumb/v7-a+fp/hard\libc.a(lib_a-readr.o): in function `_read_r':
readr.c:(.text+0x18): undefined reference to `_read'
collect2.exe: error: ld returned 1 exit status
make: *** [makefile:41: audio_player.elf] Error 1

23:26:46 Build Finished (took 1s.585ms)

