#-----------------------------------------------------------
# Vivado v2017.2 (64-bit)
# SW Build 1909853 on Thu Jun 15 18:39:09 MDT 2017
# IP Build 1909766 on Thu Jun 15 19:58:00 MDT 2017
# Start of session at: Sat Dec 30 20:23:02 2017
# Process ID: 4944
# Current directory: C:/VivadoProjects/SPICodecDemo
# Command line: vivado.exe -gui_launcher_event rodinguilauncherevent8820 C:\VivadoProjects\SPICodecDemo\SPIRxTxDemo.xpr
# Log file: C:/VivadoProjects/SPICodecDemo/vivado.log
# Journal file: C:/VivadoProjects/SPICodecDemo\vivado.jou
#-----------------------------------------------------------
start_gui
open_project C:/VivadoProjects/SPICodecDemo/SPIRxTxDemo.xpr
Scanning sources...
Finished scanning sources
INFO: [IP_Flow 19-234] Refreshing IP repositories
INFO: [IP_Flow 19-1700] Loaded user IP repository 'c:/VivadoProjects/SPICodecDemo/SPIRxTxDemo.ipdefs/myIPCores_0'.
INFO: [IP_Flow 19-2313] Loaded Vivado IP repository 'C:/Xilinx/Vivado/2017.2/data/ip'.
open_project: Time (s): cpu = 00:00:13 ; elapsed = 00:00:08 . Memory (MB): peak = 812.164 ; gain = 89.512
update_compile_order -fileset sources_1
archive_project C:/VivadoProjects/SPIRxTxDemo.xpr.zip -temp_dir C:/VivadoProjects/SPICodecDemo/.Xil/Vivado-4944-dennycrane -force -exclude_run_results -include_config_settings
INFO: [Coretcl 2-137] starting archive...
INFO: [Coretcl 2-1499] Saving project copy to temporary location 'C:/VivadoProjects/SPICodecDemo/.Xil/Vivado-4944-dennycrane' for archiving project
Scanning sources...
Finished scanning sources
INFO: [IP_Flow 19-234] Refreshing IP repositories
INFO: [IP_Flow 19-1700] Loaded user IP repository 'c:/VivadoProjects/SPICodecDemo/SPIRxTxDemo.ipdefs/myIPCores_0'.
INFO: [IP_Flow 19-2313] Loaded Vivado IP repository 'C:/Xilinx/Vivado/2017.2/data/ip'.
INFO: [Coretcl 2-1211] Creating project copy for archival...
INFO: [Coretcl 2-135] resetting runs for excluding generated files from archive...
WARNING: [Coretcl 2-105] Run 'synth_1' is currently active
INFO: [Coretcl 2-133] re-setting run 'synth_1'...
WARNING: [Coretcl 2-105] Run 'design_1_processing_system7_0_0_synth_1' is currently active
INFO: [Coretcl 2-133] re-setting run 'design_1_processing_system7_0_0_synth_1'...
WARNING: [Coretcl 2-105] Run 'design_1_rst_ps7_0_100M_0_synth_1' is currently active
INFO: [Coretcl 2-133] re-setting run 'design_1_rst_ps7_0_100M_0_synth_1'...
WARNING: [Coretcl 2-105] Run 'design_1_myPrescaler_0_0_synth_1' is currently active
INFO: [Coretcl 2-133] re-setting run 'design_1_myPrescaler_0_0_synth_1'...
WARNING: [Coretcl 2-105] Run 'design_1_mySPIRxTx_0_0_synth_1' is currently active
INFO: [Coretcl 2-133] re-setting run 'design_1_mySPIRxTx_0_0_synth_1'...
WARNING: [Coretcl 2-105] Run 'design_1_myPrescaler_1_0_synth_1' is currently active
INFO: [Coretcl 2-133] re-setting run 'design_1_myPrescaler_1_0_synth_1'...
WARNING: [Coretcl 2-105] Run 'design_1_axi_fifo_mm_s_0_0_synth_1' is currently active
INFO: [Coretcl 2-133] re-setting run 'design_1_axi_fifo_mm_s_0_0_synth_1'...
WARNING: [Coretcl 2-105] Run 'design_1_axi_fifo_mm_s_1_0_synth_1' is currently active
INFO: [Coretcl 2-133] re-setting run 'design_1_axi_fifo_mm_s_1_0_synth_1'...
WARNING: [Coretcl 2-105] Run 'design_1_xbar_0_synth_1' is currently active
INFO: [Coretcl 2-133] re-setting run 'design_1_xbar_0_synth_1'...
WARNING: [Coretcl 2-105] Run 'design_1_myI2STx_0_0_synth_1' is currently active
INFO: [Coretcl 2-133] re-setting run 'design_1_myI2STx_0_0_synth_1'...
INFO: [Coretcl 2-133] re-setting run 'impl_1'...
INFO: [Coretcl 2-133] re-setting run 'design_1_processing_system7_0_0_impl_1'...
INFO: [Coretcl 2-133] re-setting run 'design_1_rst_ps7_0_100M_0_impl_1'...
INFO: [Coretcl 2-133] re-setting run 'design_1_myPrescaler_0_0_impl_1'...
INFO: [Coretcl 2-133] re-setting run 'design_1_mySPIRxTx_0_0_impl_1'...
INFO: [Coretcl 2-133] re-setting run 'design_1_myPrescaler_1_0_impl_1'...
INFO: [Coretcl 2-133] re-setting run 'design_1_axi_fifo_mm_s_0_0_impl_1'...
INFO: [Coretcl 2-133] re-setting run 'design_1_axi_fifo_mm_s_1_0_impl_1'...
INFO: [Coretcl 2-133] re-setting run 'design_1_xbar_0_impl_1'...
INFO: [Coretcl 2-133] re-setting run 'design_1_myI2STx_0_0_impl_1'...
INFO: [Coretcl 2-1212] Importing remotely added design sources and verilog include files (if any)...
INFO: [filemgmt 20-334] All file(s) are already imported in fileset: 'design_1_axi_fifo_mm_s_0_0'
INFO: [filemgmt 20-348] Importing the appropriate files for fileset: 'design_1_axi_fifo_mm_s_0_0'
INFO: [filemgmt 20-334] All file(s) are already imported in fileset: 'design_1_axi_fifo_mm_s_1_0'
INFO: [filemgmt 20-348] Importing the appropriate files for fileset: 'design_1_axi_fifo_mm_s_1_0'
INFO: [filemgmt 20-334] All file(s) are already imported in fileset: 'design_1_myI2STx_0_0'
INFO: [filemgmt 20-348] Importing the appropriate files for fileset: 'design_1_myI2STx_0_0'
INFO: [filemgmt 20-334] All file(s) are already imported in fileset: 'design_1_myPrescaler_0_0'
INFO: [filemgmt 20-348] Importing the appropriate files for fileset: 'design_1_myPrescaler_0_0'
INFO: [filemgmt 20-334] All file(s) are already imported in fileset: 'design_1_myPrescaler_1_0'
INFO: [filemgmt 20-348] Importing the appropriate files for fileset: 'design_1_myPrescaler_1_0'
INFO: [filemgmt 20-334] All file(s) are already imported in fileset: 'design_1_mySPIRxTx_0_0'
INFO: [filemgmt 20-348] Importing the appropriate files for fileset: 'design_1_mySPIRxTx_0_0'
INFO: [filemgmt 20-334] All file(s) are already imported in fileset: 'design_1_processing_system7_0_0'
INFO: [filemgmt 20-348] Importing the appropriate files for fileset: 'design_1_processing_system7_0_0'
INFO: [filemgmt 20-334] All file(s) are already imported in fileset: 'design_1_rst_ps7_0_100M_0'
INFO: [filemgmt 20-348] Importing the appropriate files for fileset: 'design_1_rst_ps7_0_100M_0'
INFO: [filemgmt 20-334] All file(s) are already imported in fileset: 'design_1_xbar_0'
INFO: [filemgmt 20-348] Importing the appropriate files for fileset: 'design_1_xbar_0'
INFO: [filemgmt 20-334] All file(s) are already imported in fileset: 'constrs_1'
INFO: [filemgmt 20-348] Importing the appropriate files for fileset: 'constrs_1'
INFO: [filemgmt 20-348] Importing the appropriate files for fileset: 'sources_1'
