15:28:53 INFO  : Launching XSCT server: xsct.bat -n  -interactive C:\Users\khali\ENSC_452_git\ENSC_452\gpio_Interrupts\temp_xsdb_launch_script.tcl
15:28:54 INFO  : Registering command handlers for Vitis TCF services
15:29:02 INFO  : Platform repository initialization has completed.
15:29:02 INFO  : XSCT server has started successfully.
15:29:03 INFO  : plnx-install-location is set to ''
15:29:03 INFO  : Successfully done setting XSCT server connection channel  
15:29:03 INFO  : Successfully done query RDI_DATADIR 
15:29:03 INFO  : Successfully done setting workspace for the tool. 
15:30:08 INFO  : Result from executing command 'getProjects': gpio_interrupts
15:30:10 INFO  : Result from executing command 'getPlatforms': 
15:31:30 INFO  : Result from executing command 'getProjects': gpio_interrupts
15:31:30 INFO  : Result from executing command 'getPlatforms': gpio_interrupts|C:/Users/khali/ENSC_452_git/ENSC_452/gpio_Interrupts/gpio_interrupts/export/gpio_interrupts/gpio_interrupts.xpfm
15:34:49 INFO  : Checking for BSP changes to sync application flags for project 'bttn_interrupts'...
15:36:44 INFO  : Checking for BSP changes to sync application flags for project 'bttn_interrupts'...
15:38:47 INFO  : Connected to target on host '127.0.0.1' and port '3121'.
15:38:47 INFO  : 'targets -set -filter {jtag_cable_name =~ "Digilent Zed 210248469160" && level==0 && jtag_device_ctx=="jsn-Zed-210248469160-03727093-0"}' command is executed.
15:38:50 INFO  : Device configured successfully with "C:/Users/khali/ENSC_452_git/ENSC_452/gpio_Interrupts/bttn_interrupts/_ide/bitstream/design_1_wrapper.bit"
15:39:16 INFO  : Connected to target on host '127.0.0.1' and port '3121'.
15:39:16 INFO  : Jtag cable 'Digilent Zed 210248469160' is selected.
15:39:16 INFO  : 'jtag frequency' command is executed.
15:39:16 INFO  : Context for 'APU' is selected.
15:39:17 INFO  : System reset is completed.
15:39:20 INFO  : 'after 3000' command is executed.
15:39:20 INFO  : 'targets -set -filter {jtag_cable_name =~ "Digilent Zed 210248469160" && level==0 && jtag_device_ctx=="jsn-Zed-210248469160-03727093-0"}' command is executed.
15:39:22 INFO  : Device configured successfully with "C:/Users/khali/ENSC_452_git/ENSC_452/gpio_Interrupts/bttn_interrupts/_ide/bitstream/design_1_wrapper.bit"
15:39:22 INFO  : Context for 'APU' is selected.
15:39:22 INFO  : Hardware design and registers information is loaded from 'C:/Users/khali/ENSC_452_git/ENSC_452/gpio_Interrupts/gpio_interrupts/export/gpio_interrupts/hw/design_1_wrapper.xsa'.
15:39:22 INFO  : 'configparams force-mem-access 1' command is executed.
15:39:22 INFO  : Context for 'APU' is selected.
15:39:22 INFO  : Sourcing of 'C:/Users/khali/ENSC_452_git/ENSC_452/gpio_Interrupts/bttn_interrupts/_ide/psinit/ps7_init.tcl' is done.
15:39:23 INFO  : 'ps7_init' command is executed.
15:39:23 INFO  : 'ps7_post_config' command is executed.
15:39:23 INFO  : Context for processor 'ps7_cortexa9_0' is selected.
15:39:23 INFO  : The application 'C:/Users/khali/ENSC_452_git/ENSC_452/gpio_Interrupts/bttn_interrupts/Debug/bttn_interrupts.elf' is downloaded to processor 'ps7_cortexa9_0'.
15:39:23 INFO  : 'configparams force-mem-access 0' command is executed.
15:39:23 INFO  : ----------------XSDB Script----------------
connect -url tcp:127.0.0.1:3121
targets -set -nocase -filter {name =~"APU*"}
rst -system
after 3000
targets -set -filter {jtag_cable_name =~ "Digilent Zed 210248469160" && level==0 && jtag_device_ctx=="jsn-Zed-210248469160-03727093-0"}
fpga -file C:/Users/khali/ENSC_452_git/ENSC_452/gpio_Interrupts/bttn_interrupts/_ide/bitstream/design_1_wrapper.bit
targets -set -nocase -filter {name =~"APU*"}
loadhw -hw C:/Users/khali/ENSC_452_git/ENSC_452/gpio_Interrupts/gpio_interrupts/export/gpio_interrupts/hw/design_1_wrapper.xsa -mem-ranges [list {0x40000000 0xbfffffff}] -regs
configparams force-mem-access 1
targets -set -nocase -filter {name =~"APU*"}
source C:/Users/khali/ENSC_452_git/ENSC_452/gpio_Interrupts/bttn_interrupts/_ide/psinit/ps7_init.tcl
ps7_init
ps7_post_config
targets -set -nocase -filter {name =~ "*A9*#0"}
dow C:/Users/khali/ENSC_452_git/ENSC_452/gpio_Interrupts/bttn_interrupts/Debug/bttn_interrupts.elf
configparams force-mem-access 0
----------------End of Script----------------

15:39:23 INFO  : Context for processor 'ps7_cortexa9_0' is selected.
15:39:23 INFO  : 'con' command is executed.
15:39:23 INFO  : ----------------XSDB Script (After Launch)----------------
targets -set -nocase -filter {name =~ "*A9*#0"}
con
----------------End of Script----------------

15:39:23 INFO  : Launch script is exported to file 'C:\Users\khali\ENSC_452_git\ENSC_452\gpio_Interrupts\bttn_interrupts_system\_ide\scripts\debugger_bttn_interrupts-default.tcl'
15:41:10 INFO  : Disconnected from the channel tcfchan#2.
15:41:15 INFO  : Connected to target on host '127.0.0.1' and port '3121'.
15:41:16 INFO  : Jtag cable 'Digilent Zed 210248469160' is selected.
15:41:16 INFO  : 'jtag frequency' command is executed.
15:41:16 INFO  : Context for 'APU' is selected.
15:41:16 INFO  : System reset is completed.
15:41:19 INFO  : 'after 3000' command is executed.
15:41:19 INFO  : 'targets -set -filter {jtag_cable_name =~ "Digilent Zed 210248469160" && level==0 && jtag_device_ctx=="jsn-Zed-210248469160-03727093-0"}' command is executed.
15:41:21 INFO  : Device configured successfully with "C:/Users/khali/ENSC_452_git/ENSC_452/gpio_Interrupts/bttn_interrupts/_ide/bitstream/design_1_wrapper.bit"
15:41:21 INFO  : Context for 'APU' is selected.
15:41:21 INFO  : Hardware design and registers information is loaded from 'C:/Users/khali/ENSC_452_git/ENSC_452/gpio_Interrupts/gpio_interrupts/export/gpio_interrupts/hw/design_1_wrapper.xsa'.
15:41:21 INFO  : 'configparams force-mem-access 1' command is executed.
15:41:21 INFO  : Context for 'APU' is selected.
15:41:21 INFO  : Sourcing of 'C:/Users/khali/ENSC_452_git/ENSC_452/gpio_Interrupts/bttn_interrupts/_ide/psinit/ps7_init.tcl' is done.
15:41:22 INFO  : 'ps7_init' command is executed.
15:41:22 INFO  : 'ps7_post_config' command is executed.
15:41:22 INFO  : Context for processor 'ps7_cortexa9_0' is selected.
15:41:22 INFO  : The application 'C:/Users/khali/ENSC_452_git/ENSC_452/gpio_Interrupts/bttn_interrupts/Debug/bttn_interrupts.elf' is downloaded to processor 'ps7_cortexa9_0'.
15:41:22 INFO  : 'configparams force-mem-access 0' command is executed.
15:41:22 INFO  : ----------------XSDB Script----------------
connect -url tcp:127.0.0.1:3121
targets -set -nocase -filter {name =~"APU*"}
rst -system
after 3000
targets -set -filter {jtag_cable_name =~ "Digilent Zed 210248469160" && level==0 && jtag_device_ctx=="jsn-Zed-210248469160-03727093-0"}
fpga -file C:/Users/khali/ENSC_452_git/ENSC_452/gpio_Interrupts/bttn_interrupts/_ide/bitstream/design_1_wrapper.bit
targets -set -nocase -filter {name =~"APU*"}
loadhw -hw C:/Users/khali/ENSC_452_git/ENSC_452/gpio_Interrupts/gpio_interrupts/export/gpio_interrupts/hw/design_1_wrapper.xsa -mem-ranges [list {0x40000000 0xbfffffff}] -regs
configparams force-mem-access 1
targets -set -nocase -filter {name =~"APU*"}
source C:/Users/khali/ENSC_452_git/ENSC_452/gpio_Interrupts/bttn_interrupts/_ide/psinit/ps7_init.tcl
ps7_init
ps7_post_config
targets -set -nocase -filter {name =~ "*A9*#0"}
dow C:/Users/khali/ENSC_452_git/ENSC_452/gpio_Interrupts/bttn_interrupts/Debug/bttn_interrupts.elf
configparams force-mem-access 0
----------------End of Script----------------

15:41:22 INFO  : Context for processor 'ps7_cortexa9_0' is selected.
15:41:22 INFO  : 'con' command is executed.
15:41:22 INFO  : ----------------XSDB Script (After Launch)----------------
targets -set -nocase -filter {name =~ "*A9*#0"}
con
----------------End of Script----------------

15:41:22 INFO  : Launch script is exported to file 'C:\Users\khali\ENSC_452_git\ENSC_452\gpio_Interrupts\bttn_interrupts_system\_ide\scripts\debugger_bttn_interrupts-default.tcl'
15:43:24 INFO  : Disconnected from the channel tcfchan#3.
15:43:31 INFO  : Connected to target on host '127.0.0.1' and port '3121'.
15:43:32 INFO  : Jtag cable 'Digilent Zed 210248469160' is selected.
15:43:32 INFO  : 'jtag frequency' command is executed.
15:43:32 INFO  : Context for 'APU' is selected.
15:43:32 INFO  : System reset is completed.
15:43:35 INFO  : 'after 3000' command is executed.
15:43:35 INFO  : 'targets -set -filter {jtag_cable_name =~ "Digilent Zed 210248469160" && level==0 && jtag_device_ctx=="jsn-Zed-210248469160-03727093-0"}' command is executed.
15:43:37 INFO  : Device configured successfully with "C:/Users/khali/ENSC_452_git/ENSC_452/gpio_Interrupts/bttn_interrupts/_ide/bitstream/design_1_wrapper.bit"
15:43:37 INFO  : Context for 'APU' is selected.
15:43:37 INFO  : Hardware design and registers information is loaded from 'C:/Users/khali/ENSC_452_git/ENSC_452/gpio_Interrupts/gpio_interrupts/export/gpio_interrupts/hw/design_1_wrapper.xsa'.
15:43:37 INFO  : 'configparams force-mem-access 1' command is executed.
15:43:37 INFO  : Context for 'APU' is selected.
15:43:37 INFO  : Sourcing of 'C:/Users/khali/ENSC_452_git/ENSC_452/gpio_Interrupts/bttn_interrupts/_ide/psinit/ps7_init.tcl' is done.
15:43:38 INFO  : 'ps7_init' command is executed.
15:43:38 INFO  : 'ps7_post_config' command is executed.
15:43:38 INFO  : Context for processor 'ps7_cortexa9_0' is selected.
15:43:38 INFO  : The application 'C:/Users/khali/ENSC_452_git/ENSC_452/gpio_Interrupts/bttn_interrupts/Debug/bttn_interrupts.elf' is downloaded to processor 'ps7_cortexa9_0'.
15:43:38 INFO  : 'configparams force-mem-access 0' command is executed.
15:43:38 INFO  : ----------------XSDB Script----------------
connect -url tcp:127.0.0.1:3121
targets -set -nocase -filter {name =~"APU*"}
rst -system
after 3000
targets -set -filter {jtag_cable_name =~ "Digilent Zed 210248469160" && level==0 && jtag_device_ctx=="jsn-Zed-210248469160-03727093-0"}
fpga -file C:/Users/khali/ENSC_452_git/ENSC_452/gpio_Interrupts/bttn_interrupts/_ide/bitstream/design_1_wrapper.bit
targets -set -nocase -filter {name =~"APU*"}
loadhw -hw C:/Users/khali/ENSC_452_git/ENSC_452/gpio_Interrupts/gpio_interrupts/export/gpio_interrupts/hw/design_1_wrapper.xsa -mem-ranges [list {0x40000000 0xbfffffff}] -regs
configparams force-mem-access 1
targets -set -nocase -filter {name =~"APU*"}
source C:/Users/khali/ENSC_452_git/ENSC_452/gpio_Interrupts/bttn_interrupts/_ide/psinit/ps7_init.tcl
ps7_init
ps7_post_config
targets -set -nocase -filter {name =~ "*A9*#0"}
dow C:/Users/khali/ENSC_452_git/ENSC_452/gpio_Interrupts/bttn_interrupts/Debug/bttn_interrupts.elf
configparams force-mem-access 0
----------------End of Script----------------

15:43:38 INFO  : Context for processor 'ps7_cortexa9_0' is selected.
15:43:38 INFO  : 'con' command is executed.
15:43:38 INFO  : ----------------XSDB Script (After Launch)----------------
targets -set -nocase -filter {name =~ "*A9*#0"}
con
----------------End of Script----------------

15:43:38 INFO  : Launch script is exported to file 'C:\Users\khali\ENSC_452_git\ENSC_452\gpio_Interrupts\bttn_interrupts_system\_ide\scripts\debugger_bttn_interrupts-default.tcl'
15:44:16 INFO  : Disconnected from the channel tcfchan#4.
15:44:19 INFO  : Connected to target on host '127.0.0.1' and port '3121'.
15:44:19 INFO  : Jtag cable 'Digilent Zed 210248469160' is selected.
15:44:19 INFO  : 'jtag frequency' command is executed.
15:44:19 INFO  : Context for 'APU' is selected.
15:44:19 INFO  : System reset is completed.
15:44:22 INFO  : 'after 3000' command is executed.
15:44:22 INFO  : 'targets -set -filter {jtag_cable_name =~ "Digilent Zed 210248469160" && level==0 && jtag_device_ctx=="jsn-Zed-210248469160-03727093-0"}' command is executed.
15:44:25 INFO  : Device configured successfully with "C:/Users/khali/ENSC_452_git/ENSC_452/gpio_Interrupts/bttn_interrupts/_ide/bitstream/design_1_wrapper.bit"
15:44:25 INFO  : Context for 'APU' is selected.
15:44:25 INFO  : Hardware design and registers information is loaded from 'C:/Users/khali/ENSC_452_git/ENSC_452/gpio_Interrupts/gpio_interrupts/export/gpio_interrupts/hw/design_1_wrapper.xsa'.
15:44:25 INFO  : 'configparams force-mem-access 1' command is executed.
15:44:25 INFO  : Context for 'APU' is selected.
15:44:25 INFO  : Sourcing of 'C:/Users/khali/ENSC_452_git/ENSC_452/gpio_Interrupts/bttn_interrupts/_ide/psinit/ps7_init.tcl' is done.
15:44:25 INFO  : 'ps7_init' command is executed.
15:44:25 INFO  : 'ps7_post_config' command is executed.
15:44:25 INFO  : Context for processor 'ps7_cortexa9_0' is selected.
15:44:25 INFO  : The application 'C:/Users/khali/ENSC_452_git/ENSC_452/gpio_Interrupts/bttn_interrupts/Debug/bttn_interrupts.elf' is downloaded to processor 'ps7_cortexa9_0'.
15:44:25 INFO  : 'configparams force-mem-access 0' command is executed.
15:44:25 INFO  : ----------------XSDB Script----------------
connect -url tcp:127.0.0.1:3121
targets -set -nocase -filter {name =~"APU*"}
rst -system
after 3000
targets -set -filter {jtag_cable_name =~ "Digilent Zed 210248469160" && level==0 && jtag_device_ctx=="jsn-Zed-210248469160-03727093-0"}
fpga -file C:/Users/khali/ENSC_452_git/ENSC_452/gpio_Interrupts/bttn_interrupts/_ide/bitstream/design_1_wrapper.bit
targets -set -nocase -filter {name =~"APU*"}
loadhw -hw C:/Users/khali/ENSC_452_git/ENSC_452/gpio_Interrupts/gpio_interrupts/export/gpio_interrupts/hw/design_1_wrapper.xsa -mem-ranges [list {0x40000000 0xbfffffff}] -regs
configparams force-mem-access 1
targets -set -nocase -filter {name =~"APU*"}
source C:/Users/khali/ENSC_452_git/ENSC_452/gpio_Interrupts/bttn_interrupts/_ide/psinit/ps7_init.tcl
ps7_init
ps7_post_config
targets -set -nocase -filter {name =~ "*A9*#0"}
dow C:/Users/khali/ENSC_452_git/ENSC_452/gpio_Interrupts/bttn_interrupts/Debug/bttn_interrupts.elf
configparams force-mem-access 0
----------------End of Script----------------

15:44:25 INFO  : Context for processor 'ps7_cortexa9_0' is selected.
15:44:26 INFO  : 'con' command is executed.
15:44:26 INFO  : ----------------XSDB Script (After Launch)----------------
targets -set -nocase -filter {name =~ "*A9*#0"}
con
----------------End of Script----------------

15:44:26 INFO  : Launch script is exported to file 'C:\Users\khali\ENSC_452_git\ENSC_452\gpio_Interrupts\bttn_interrupts_system\_ide\scripts\debugger_bttn_interrupts-default.tcl'
15:45:37 INFO  : Disconnected from the channel tcfchan#5.
15:45:38 INFO  : Connected to target on host '127.0.0.1' and port '3121'.
15:45:39 INFO  : Jtag cable 'Digilent Zed 210248469160' is selected.
15:45:39 INFO  : 'jtag frequency' command is executed.
15:45:39 INFO  : Context for 'APU' is selected.
15:45:39 INFO  : System reset is completed.
15:45:42 INFO  : 'after 3000' command is executed.
15:45:42 INFO  : 'targets -set -filter {jtag_cable_name =~ "Digilent Zed 210248469160" && level==0 && jtag_device_ctx=="jsn-Zed-210248469160-03727093-0"}' command is executed.
15:45:44 INFO  : Device configured successfully with "C:/Users/khali/ENSC_452_git/ENSC_452/gpio_Interrupts/bttn_interrupts/_ide/bitstream/design_1_wrapper.bit"
15:45:44 INFO  : Context for 'APU' is selected.
15:45:44 INFO  : Hardware design and registers information is loaded from 'C:/Users/khali/ENSC_452_git/ENSC_452/gpio_Interrupts/gpio_interrupts/export/gpio_interrupts/hw/design_1_wrapper.xsa'.
15:45:44 INFO  : 'configparams force-mem-access 1' command is executed.
15:45:44 INFO  : Context for 'APU' is selected.
15:45:44 INFO  : Sourcing of 'C:/Users/khali/ENSC_452_git/ENSC_452/gpio_Interrupts/bttn_interrupts/_ide/psinit/ps7_init.tcl' is done.
15:45:45 INFO  : 'ps7_init' command is executed.
15:45:45 INFO  : 'ps7_post_config' command is executed.
15:45:45 INFO  : Context for processor 'ps7_cortexa9_0' is selected.
15:45:45 INFO  : The application 'C:/Users/khali/ENSC_452_git/ENSC_452/gpio_Interrupts/bttn_interrupts/Debug/bttn_interrupts.elf' is downloaded to processor 'ps7_cortexa9_0'.
15:45:45 INFO  : 'configparams force-mem-access 0' command is executed.
15:45:45 INFO  : ----------------XSDB Script----------------
connect -url tcp:127.0.0.1:3121
targets -set -nocase -filter {name =~"APU*"}
rst -system
after 3000
targets -set -filter {jtag_cable_name =~ "Digilent Zed 210248469160" && level==0 && jtag_device_ctx=="jsn-Zed-210248469160-03727093-0"}
fpga -file C:/Users/khali/ENSC_452_git/ENSC_452/gpio_Interrupts/bttn_interrupts/_ide/bitstream/design_1_wrapper.bit
targets -set -nocase -filter {name =~"APU*"}
loadhw -hw C:/Users/khali/ENSC_452_git/ENSC_452/gpio_Interrupts/gpio_interrupts/export/gpio_interrupts/hw/design_1_wrapper.xsa -mem-ranges [list {0x40000000 0xbfffffff}] -regs
configparams force-mem-access 1
targets -set -nocase -filter {name =~"APU*"}
source C:/Users/khali/ENSC_452_git/ENSC_452/gpio_Interrupts/bttn_interrupts/_ide/psinit/ps7_init.tcl
ps7_init
ps7_post_config
targets -set -nocase -filter {name =~ "*A9*#0"}
dow C:/Users/khali/ENSC_452_git/ENSC_452/gpio_Interrupts/bttn_interrupts/Debug/bttn_interrupts.elf
configparams force-mem-access 0
----------------End of Script----------------

15:45:45 INFO  : Context for processor 'ps7_cortexa9_0' is selected.
15:45:46 INFO  : 'con' command is executed.
15:45:46 INFO  : ----------------XSDB Script (After Launch)----------------
targets -set -nocase -filter {name =~ "*A9*#0"}
con
----------------End of Script----------------

15:45:46 INFO  : Launch script is exported to file 'C:\Users\khali\ENSC_452_git\ENSC_452\gpio_Interrupts\bttn_interrupts_system\_ide\scripts\debugger_bttn_interrupts-default.tcl'
15:45:56 INFO  : Disconnected from the channel tcfchan#6.
15:45:57 INFO  : Connected to target on host '127.0.0.1' and port '3121'.
15:45:58 INFO  : Jtag cable 'Digilent Zed 210248469160' is selected.
15:45:58 INFO  : 'jtag frequency' command is executed.
15:45:58 INFO  : Context for 'APU' is selected.
15:45:58 INFO  : System reset is completed.
15:46:01 INFO  : 'after 3000' command is executed.
15:46:01 INFO  : 'targets -set -filter {jtag_cable_name =~ "Digilent Zed 210248469160" && level==0 && jtag_device_ctx=="jsn-Zed-210248469160-03727093-0"}' command is executed.
15:46:03 INFO  : Device configured successfully with "C:/Users/khali/ENSC_452_git/ENSC_452/gpio_Interrupts/bttn_interrupts/_ide/bitstream/design_1_wrapper.bit"
15:46:04 INFO  : Context for 'APU' is selected.
15:46:04 INFO  : Hardware design and registers information is loaded from 'C:/Users/khali/ENSC_452_git/ENSC_452/gpio_Interrupts/gpio_interrupts/export/gpio_interrupts/hw/design_1_wrapper.xsa'.
15:46:04 INFO  : 'configparams force-mem-access 1' command is executed.
15:46:04 INFO  : Context for 'APU' is selected.
15:46:04 INFO  : Sourcing of 'C:/Users/khali/ENSC_452_git/ENSC_452/gpio_Interrupts/bttn_interrupts/_ide/psinit/ps7_init.tcl' is done.
15:46:04 INFO  : 'ps7_init' command is executed.
15:46:04 INFO  : 'ps7_post_config' command is executed.
15:46:04 INFO  : Context for processor 'ps7_cortexa9_0' is selected.
15:46:04 INFO  : The application 'C:/Users/khali/ENSC_452_git/ENSC_452/gpio_Interrupts/bttn_interrupts/Debug/bttn_interrupts.elf' is downloaded to processor 'ps7_cortexa9_0'.
15:46:04 INFO  : 'configparams force-mem-access 0' command is executed.
15:46:04 INFO  : ----------------XSDB Script----------------
connect -url tcp:127.0.0.1:3121
targets -set -nocase -filter {name =~"APU*"}
rst -system
after 3000
targets -set -filter {jtag_cable_name =~ "Digilent Zed 210248469160" && level==0 && jtag_device_ctx=="jsn-Zed-210248469160-03727093-0"}
fpga -file C:/Users/khali/ENSC_452_git/ENSC_452/gpio_Interrupts/bttn_interrupts/_ide/bitstream/design_1_wrapper.bit
targets -set -nocase -filter {name =~"APU*"}
loadhw -hw C:/Users/khali/ENSC_452_git/ENSC_452/gpio_Interrupts/gpio_interrupts/export/gpio_interrupts/hw/design_1_wrapper.xsa -mem-ranges [list {0x40000000 0xbfffffff}] -regs
configparams force-mem-access 1
targets -set -nocase -filter {name =~"APU*"}
source C:/Users/khali/ENSC_452_git/ENSC_452/gpio_Interrupts/bttn_interrupts/_ide/psinit/ps7_init.tcl
ps7_init
ps7_post_config
targets -set -nocase -filter {name =~ "*A9*#0"}
dow C:/Users/khali/ENSC_452_git/ENSC_452/gpio_Interrupts/bttn_interrupts/Debug/bttn_interrupts.elf
configparams force-mem-access 0
----------------End of Script----------------

15:46:04 INFO  : Context for processor 'ps7_cortexa9_0' is selected.
15:46:04 INFO  : 'con' command is executed.
15:46:04 INFO  : ----------------XSDB Script (After Launch)----------------
targets -set -nocase -filter {name =~ "*A9*#0"}
con
----------------End of Script----------------

15:46:04 INFO  : Launch script is exported to file 'C:\Users\khali\ENSC_452_git\ENSC_452\gpio_Interrupts\bttn_interrupts_system\_ide\scripts\debugger_bttn_interrupts-default.tcl'
15:49:19 INFO  : Disconnected from the channel tcfchan#7.
15:49:22 INFO  : Connected to target on host '127.0.0.1' and port '3121'.
15:49:23 INFO  : Jtag cable 'Digilent Zed 210248469160' is selected.
15:49:23 INFO  : 'jtag frequency' command is executed.
15:49:23 INFO  : Context for 'APU' is selected.
15:49:23 INFO  : System reset is completed.
15:49:26 INFO  : 'after 3000' command is executed.
15:49:26 INFO  : 'targets -set -filter {jtag_cable_name =~ "Digilent Zed 210248469160" && level==0 && jtag_device_ctx=="jsn-Zed-210248469160-03727093-0"}' command is executed.
15:49:29 INFO  : Device configured successfully with "C:/Users/khali/ENSC_452_git/ENSC_452/gpio_Interrupts/bttn_interrupts/_ide/bitstream/design_1_wrapper.bit"
15:49:29 INFO  : Context for 'APU' is selected.
15:49:29 INFO  : Hardware design and registers information is loaded from 'C:/Users/khali/ENSC_452_git/ENSC_452/gpio_Interrupts/gpio_interrupts/export/gpio_interrupts/hw/design_1_wrapper.xsa'.
15:49:29 INFO  : 'configparams force-mem-access 1' command is executed.
15:49:29 INFO  : Context for 'APU' is selected.
15:49:29 INFO  : Sourcing of 'C:/Users/khali/ENSC_452_git/ENSC_452/gpio_Interrupts/bttn_interrupts/_ide/psinit/ps7_init.tcl' is done.
15:49:29 INFO  : 'ps7_init' command is executed.
15:49:29 INFO  : 'ps7_post_config' command is executed.
15:49:29 INFO  : Context for processor 'ps7_cortexa9_0' is selected.
15:49:29 INFO  : The application 'C:/Users/khali/ENSC_452_git/ENSC_452/gpio_Interrupts/bttn_interrupts/Debug/bttn_interrupts.elf' is downloaded to processor 'ps7_cortexa9_0'.
15:49:29 INFO  : 'configparams force-mem-access 0' command is executed.
15:49:29 INFO  : ----------------XSDB Script----------------
connect -url tcp:127.0.0.1:3121
targets -set -nocase -filter {name =~"APU*"}
rst -system
after 3000
targets -set -filter {jtag_cable_name =~ "Digilent Zed 210248469160" && level==0 && jtag_device_ctx=="jsn-Zed-210248469160-03727093-0"}
fpga -file C:/Users/khali/ENSC_452_git/ENSC_452/gpio_Interrupts/bttn_interrupts/_ide/bitstream/design_1_wrapper.bit
targets -set -nocase -filter {name =~"APU*"}
loadhw -hw C:/Users/khali/ENSC_452_git/ENSC_452/gpio_Interrupts/gpio_interrupts/export/gpio_interrupts/hw/design_1_wrapper.xsa -mem-ranges [list {0x40000000 0xbfffffff}] -regs
configparams force-mem-access 1
targets -set -nocase -filter {name =~"APU*"}
source C:/Users/khali/ENSC_452_git/ENSC_452/gpio_Interrupts/bttn_interrupts/_ide/psinit/ps7_init.tcl
ps7_init
ps7_post_config
targets -set -nocase -filter {name =~ "*A9*#0"}
dow C:/Users/khali/ENSC_452_git/ENSC_452/gpio_Interrupts/bttn_interrupts/Debug/bttn_interrupts.elf
configparams force-mem-access 0
----------------End of Script----------------

15:49:30 INFO  : Context for processor 'ps7_cortexa9_0' is selected.
15:49:30 INFO  : 'con' command is executed.
15:49:30 INFO  : ----------------XSDB Script (After Launch)----------------
targets -set -nocase -filter {name =~ "*A9*#0"}
con
----------------End of Script----------------

15:49:30 INFO  : Launch script is exported to file 'C:\Users\khali\ENSC_452_git\ENSC_452\gpio_Interrupts\bttn_interrupts_system\_ide\scripts\debugger_bttn_interrupts-default.tcl'
15:49:42 INFO  : Disconnected from the channel tcfchan#8.
15:49:58 INFO  : Connected to target on host '127.0.0.1' and port '3121'.
15:49:58 INFO  : Jtag cable 'Digilent Zed 210248469160' is selected.
15:49:58 INFO  : 'jtag frequency' command is executed.
15:49:58 INFO  : Context for 'APU' is selected.
15:49:58 INFO  : System reset is completed.
15:50:01 INFO  : 'after 3000' command is executed.
15:50:01 INFO  : 'targets -set -filter {jtag_cable_name =~ "Digilent Zed 210248469160" && level==0 && jtag_device_ctx=="jsn-Zed-210248469160-03727093-0"}' command is executed.
15:50:04 INFO  : Device configured successfully with "C:/Users/khali/ENSC_452_git/ENSC_452/gpio_Interrupts/bttn_interrupts/_ide/bitstream/design_1_wrapper.bit"
15:50:04 INFO  : Context for 'APU' is selected.
15:50:04 INFO  : Hardware design and registers information is loaded from 'C:/Users/khali/ENSC_452_git/ENSC_452/gpio_Interrupts/gpio_interrupts/export/gpio_interrupts/hw/design_1_wrapper.xsa'.
15:50:04 INFO  : 'configparams force-mem-access 1' command is executed.
15:50:04 INFO  : Context for 'APU' is selected.
15:50:04 INFO  : Sourcing of 'C:/Users/khali/ENSC_452_git/ENSC_452/gpio_Interrupts/bttn_interrupts/_ide/psinit/ps7_init.tcl' is done.
15:50:04 INFO  : 'ps7_init' command is executed.
15:50:04 INFO  : 'ps7_post_config' command is executed.
15:50:04 INFO  : Context for processor 'ps7_cortexa9_0' is selected.
15:50:05 INFO  : The application 'C:/Users/khali/ENSC_452_git/ENSC_452/gpio_Interrupts/bttn_interrupts/Debug/bttn_interrupts.elf' is downloaded to processor 'ps7_cortexa9_0'.
15:50:05 INFO  : 'configparams force-mem-access 0' command is executed.
15:50:05 INFO  : ----------------XSDB Script----------------
connect -url tcp:127.0.0.1:3121
targets -set -nocase -filter {name =~"APU*"}
rst -system
after 3000
targets -set -filter {jtag_cable_name =~ "Digilent Zed 210248469160" && level==0 && jtag_device_ctx=="jsn-Zed-210248469160-03727093-0"}
fpga -file C:/Users/khali/ENSC_452_git/ENSC_452/gpio_Interrupts/bttn_interrupts/_ide/bitstream/design_1_wrapper.bit
targets -set -nocase -filter {name =~"APU*"}
loadhw -hw C:/Users/khali/ENSC_452_git/ENSC_452/gpio_Interrupts/gpio_interrupts/export/gpio_interrupts/hw/design_1_wrapper.xsa -mem-ranges [list {0x40000000 0xbfffffff}] -regs
configparams force-mem-access 1
targets -set -nocase -filter {name =~"APU*"}
source C:/Users/khali/ENSC_452_git/ENSC_452/gpio_Interrupts/bttn_interrupts/_ide/psinit/ps7_init.tcl
ps7_init
ps7_post_config
targets -set -nocase -filter {name =~ "*A9*#0"}
dow C:/Users/khali/ENSC_452_git/ENSC_452/gpio_Interrupts/bttn_interrupts/Debug/bttn_interrupts.elf
configparams force-mem-access 0
----------------End of Script----------------

15:50:05 INFO  : Context for processor 'ps7_cortexa9_0' is selected.
15:50:05 INFO  : 'con' command is executed.
15:50:05 INFO  : ----------------XSDB Script (After Launch)----------------
targets -set -nocase -filter {name =~ "*A9*#0"}
con
----------------End of Script----------------

15:50:05 INFO  : Launch script is exported to file 'C:\Users\khali\ENSC_452_git\ENSC_452\gpio_Interrupts\bttn_interrupts_system\_ide\scripts\debugger_bttn_interrupts-default.tcl'
15:50:34 INFO  : Disconnected from the channel tcfchan#9.
15:53:04 INFO  : Connected to target on host '127.0.0.1' and port '3121'.
15:53:04 INFO  : Jtag cable 'Digilent Zed 210248469160' is selected.
15:53:04 INFO  : 'jtag frequency' command is executed.
15:53:04 INFO  : Context for 'APU' is selected.
15:53:04 INFO  : System reset is completed.
15:53:07 INFO  : 'after 3000' command is executed.
15:53:08 INFO  : 'targets -set -filter {jtag_cable_name =~ "Digilent Zed 210248469160" && level==0 && jtag_device_ctx=="jsn-Zed-210248469160-03727093-0"}' command is executed.
15:53:10 INFO  : Device configured successfully with "C:/Users/khali/ENSC_452_git/ENSC_452/gpio_Interrupts/bttn_interrupts/_ide/bitstream/design_1_wrapper.bit"
15:53:10 INFO  : Context for 'APU' is selected.
15:53:10 INFO  : Hardware design and registers information is loaded from 'C:/Users/khali/ENSC_452_git/ENSC_452/gpio_Interrupts/gpio_interrupts/export/gpio_interrupts/hw/design_1_wrapper.xsa'.
15:53:10 INFO  : 'configparams force-mem-access 1' command is executed.
15:53:10 INFO  : Context for 'APU' is selected.
15:53:10 INFO  : Sourcing of 'C:/Users/khali/ENSC_452_git/ENSC_452/gpio_Interrupts/bttn_interrupts/_ide/psinit/ps7_init.tcl' is done.
15:53:10 INFO  : 'ps7_init' command is executed.
15:53:10 INFO  : 'ps7_post_config' command is executed.
15:53:10 INFO  : Context for processor 'ps7_cortexa9_0' is selected.
15:53:11 INFO  : The application 'C:/Users/khali/ENSC_452_git/ENSC_452/gpio_Interrupts/bttn_interrupts/Debug/bttn_interrupts.elf' is downloaded to processor 'ps7_cortexa9_0'.
15:53:11 INFO  : 'configparams force-mem-access 0' command is executed.
15:53:11 INFO  : ----------------XSDB Script----------------
connect -url tcp:127.0.0.1:3121
targets -set -nocase -filter {name =~"APU*"}
rst -system
after 3000
targets -set -filter {jtag_cable_name =~ "Digilent Zed 210248469160" && level==0 && jtag_device_ctx=="jsn-Zed-210248469160-03727093-0"}
fpga -file C:/Users/khali/ENSC_452_git/ENSC_452/gpio_Interrupts/bttn_interrupts/_ide/bitstream/design_1_wrapper.bit
targets -set -nocase -filter {name =~"APU*"}
loadhw -hw C:/Users/khali/ENSC_452_git/ENSC_452/gpio_Interrupts/gpio_interrupts/export/gpio_interrupts/hw/design_1_wrapper.xsa -mem-ranges [list {0x40000000 0xbfffffff}] -regs
configparams force-mem-access 1
targets -set -nocase -filter {name =~"APU*"}
source C:/Users/khali/ENSC_452_git/ENSC_452/gpio_Interrupts/bttn_interrupts/_ide/psinit/ps7_init.tcl
ps7_init
ps7_post_config
targets -set -nocase -filter {name =~ "*A9*#0"}
dow C:/Users/khali/ENSC_452_git/ENSC_452/gpio_Interrupts/bttn_interrupts/Debug/bttn_interrupts.elf
configparams force-mem-access 0
----------------End of Script----------------

15:53:11 INFO  : Context for processor 'ps7_cortexa9_0' is selected.
15:53:11 INFO  : 'con' command is executed.
15:53:11 INFO  : ----------------XSDB Script (After Launch)----------------
targets -set -nocase -filter {name =~ "*A9*#0"}
con
----------------End of Script----------------

15:53:11 INFO  : Launch script is exported to file 'C:\Users\khali\ENSC_452_git\ENSC_452\gpio_Interrupts\bttn_interrupts_system\_ide\scripts\debugger_bttn_interrupts-default.tcl'
15:54:08 INFO  : Disconnected from the channel tcfchan#10.
15:54:11 INFO  : Connected to target on host '127.0.0.1' and port '3121'.
15:54:12 INFO  : Jtag cable 'Digilent Zed 210248469160' is selected.
15:54:12 INFO  : 'jtag frequency' command is executed.
15:54:12 INFO  : Context for 'APU' is selected.
15:54:12 INFO  : System reset is completed.
15:54:15 INFO  : 'after 3000' command is executed.
15:54:15 INFO  : 'targets -set -filter {jtag_cable_name =~ "Digilent Zed 210248469160" && level==0 && jtag_device_ctx=="jsn-Zed-210248469160-03727093-0"}' command is executed.
15:54:17 INFO  : Device configured successfully with "C:/Users/khali/ENSC_452_git/ENSC_452/gpio_Interrupts/bttn_interrupts/_ide/bitstream/design_1_wrapper.bit"
15:54:17 INFO  : Context for 'APU' is selected.
15:54:17 INFO  : Hardware design and registers information is loaded from 'C:/Users/khali/ENSC_452_git/ENSC_452/gpio_Interrupts/gpio_interrupts/export/gpio_interrupts/hw/design_1_wrapper.xsa'.
15:54:17 INFO  : 'configparams force-mem-access 1' command is executed.
15:54:17 INFO  : Context for 'APU' is selected.
15:54:17 INFO  : Sourcing of 'C:/Users/khali/ENSC_452_git/ENSC_452/gpio_Interrupts/bttn_interrupts/_ide/psinit/ps7_init.tcl' is done.
15:54:18 INFO  : 'ps7_init' command is executed.
15:54:18 INFO  : 'ps7_post_config' command is executed.
15:54:18 INFO  : Context for processor 'ps7_cortexa9_0' is selected.
15:54:18 INFO  : The application 'C:/Users/khali/ENSC_452_git/ENSC_452/gpio_Interrupts/bttn_interrupts/Debug/bttn_interrupts.elf' is downloaded to processor 'ps7_cortexa9_0'.
15:54:18 INFO  : 'configparams force-mem-access 0' command is executed.
15:54:18 INFO  : ----------------XSDB Script----------------
connect -url tcp:127.0.0.1:3121
targets -set -nocase -filter {name =~"APU*"}
rst -system
after 3000
targets -set -filter {jtag_cable_name =~ "Digilent Zed 210248469160" && level==0 && jtag_device_ctx=="jsn-Zed-210248469160-03727093-0"}
fpga -file C:/Users/khali/ENSC_452_git/ENSC_452/gpio_Interrupts/bttn_interrupts/_ide/bitstream/design_1_wrapper.bit
targets -set -nocase -filter {name =~"APU*"}
loadhw -hw C:/Users/khali/ENSC_452_git/ENSC_452/gpio_Interrupts/gpio_interrupts/export/gpio_interrupts/hw/design_1_wrapper.xsa -mem-ranges [list {0x40000000 0xbfffffff}] -regs
configparams force-mem-access 1
targets -set -nocase -filter {name =~"APU*"}
source C:/Users/khali/ENSC_452_git/ENSC_452/gpio_Interrupts/bttn_interrupts/_ide/psinit/ps7_init.tcl
ps7_init
ps7_post_config
targets -set -nocase -filter {name =~ "*A9*#0"}
dow C:/Users/khali/ENSC_452_git/ENSC_452/gpio_Interrupts/bttn_interrupts/Debug/bttn_interrupts.elf
configparams force-mem-access 0
----------------End of Script----------------

15:54:18 INFO  : Context for processor 'ps7_cortexa9_0' is selected.
15:54:18 INFO  : 'con' command is executed.
15:54:18 INFO  : ----------------XSDB Script (After Launch)----------------
targets -set -nocase -filter {name =~ "*A9*#0"}
con
----------------End of Script----------------

15:54:18 INFO  : Launch script is exported to file 'C:\Users\khali\ENSC_452_git\ENSC_452\gpio_Interrupts\bttn_interrupts_system\_ide\scripts\debugger_bttn_interrupts-default.tcl'
15:54:41 INFO  : Disconnected from the channel tcfchan#11.
15:54:43 INFO  : Connected to target on host '127.0.0.1' and port '3121'.
15:54:43 INFO  : Jtag cable 'Digilent Zed 210248469160' is selected.
15:54:43 INFO  : 'jtag frequency' command is executed.
15:54:43 INFO  : Context for 'APU' is selected.
15:54:43 INFO  : System reset is completed.
15:54:46 INFO  : 'after 3000' command is executed.
15:54:46 INFO  : 'targets -set -filter {jtag_cable_name =~ "Digilent Zed 210248469160" && level==0 && jtag_device_ctx=="jsn-Zed-210248469160-03727093-0"}' command is executed.
15:54:49 INFO  : Device configured successfully with "C:/Users/khali/ENSC_452_git/ENSC_452/gpio_Interrupts/bttn_interrupts/_ide/bitstream/design_1_wrapper.bit"
15:54:49 INFO  : Context for 'APU' is selected.
15:54:49 INFO  : Hardware design and registers information is loaded from 'C:/Users/khali/ENSC_452_git/ENSC_452/gpio_Interrupts/gpio_interrupts/export/gpio_interrupts/hw/design_1_wrapper.xsa'.
15:54:49 INFO  : 'configparams force-mem-access 1' command is executed.
15:54:49 INFO  : Context for 'APU' is selected.
15:54:49 INFO  : Sourcing of 'C:/Users/khali/ENSC_452_git/ENSC_452/gpio_Interrupts/bttn_interrupts/_ide/psinit/ps7_init.tcl' is done.
15:54:49 INFO  : 'ps7_init' command is executed.
15:54:49 INFO  : 'ps7_post_config' command is executed.
15:54:49 INFO  : Context for processor 'ps7_cortexa9_0' is selected.
15:54:50 INFO  : The application 'C:/Users/khali/ENSC_452_git/ENSC_452/gpio_Interrupts/bttn_interrupts/Debug/bttn_interrupts.elf' is downloaded to processor 'ps7_cortexa9_0'.
15:54:50 INFO  : 'configparams force-mem-access 0' command is executed.
15:54:50 INFO  : ----------------XSDB Script----------------
connect -url tcp:127.0.0.1:3121
targets -set -nocase -filter {name =~"APU*"}
rst -system
after 3000
targets -set -filter {jtag_cable_name =~ "Digilent Zed 210248469160" && level==0 && jtag_device_ctx=="jsn-Zed-210248469160-03727093-0"}
fpga -file C:/Users/khali/ENSC_452_git/ENSC_452/gpio_Interrupts/bttn_interrupts/_ide/bitstream/design_1_wrapper.bit
targets -set -nocase -filter {name =~"APU*"}
loadhw -hw C:/Users/khali/ENSC_452_git/ENSC_452/gpio_Interrupts/gpio_interrupts/export/gpio_interrupts/hw/design_1_wrapper.xsa -mem-ranges [list {0x40000000 0xbfffffff}] -regs
configparams force-mem-access 1
targets -set -nocase -filter {name =~"APU*"}
source C:/Users/khali/ENSC_452_git/ENSC_452/gpio_Interrupts/bttn_interrupts/_ide/psinit/ps7_init.tcl
ps7_init
ps7_post_config
targets -set -nocase -filter {name =~ "*A9*#0"}
dow C:/Users/khali/ENSC_452_git/ENSC_452/gpio_Interrupts/bttn_interrupts/Debug/bttn_interrupts.elf
configparams force-mem-access 0
----------------End of Script----------------

15:54:50 INFO  : Context for processor 'ps7_cortexa9_0' is selected.
15:54:50 INFO  : 'con' command is executed.
15:54:50 INFO  : ----------------XSDB Script (After Launch)----------------
targets -set -nocase -filter {name =~ "*A9*#0"}
con
----------------End of Script----------------

15:54:50 INFO  : Launch script is exported to file 'C:\Users\khali\ENSC_452_git\ENSC_452\gpio_Interrupts\bttn_interrupts_system\_ide\scripts\debugger_bttn_interrupts-default.tcl'
15:55:15 INFO  : Disconnected from the channel tcfchan#12.
15:55:17 INFO  : Connected to target on host '127.0.0.1' and port '3121'.
15:55:18 INFO  : Jtag cable 'Digilent Zed 210248469160' is selected.
15:55:18 INFO  : 'jtag frequency' command is executed.
15:55:18 INFO  : Context for 'APU' is selected.
15:55:18 INFO  : System reset is completed.
15:55:21 INFO  : 'after 3000' command is executed.
15:55:21 INFO  : 'targets -set -filter {jtag_cable_name =~ "Digilent Zed 210248469160" && level==0 && jtag_device_ctx=="jsn-Zed-210248469160-03727093-0"}' command is executed.
15:55:23 INFO  : Device configured successfully with "C:/Users/khali/ENSC_452_git/ENSC_452/gpio_Interrupts/bttn_interrupts/_ide/bitstream/design_1_wrapper.bit"
15:55:23 INFO  : Context for 'APU' is selected.
15:55:23 INFO  : Hardware design and registers information is loaded from 'C:/Users/khali/ENSC_452_git/ENSC_452/gpio_Interrupts/gpio_interrupts/export/gpio_interrupts/hw/design_1_wrapper.xsa'.
15:55:23 INFO  : 'configparams force-mem-access 1' command is executed.
15:55:23 INFO  : Context for 'APU' is selected.
15:55:23 INFO  : Sourcing of 'C:/Users/khali/ENSC_452_git/ENSC_452/gpio_Interrupts/bttn_interrupts/_ide/psinit/ps7_init.tcl' is done.
15:55:24 INFO  : 'ps7_init' command is executed.
15:55:24 INFO  : 'ps7_post_config' command is executed.
15:55:24 INFO  : Context for processor 'ps7_cortexa9_0' is selected.
15:55:24 INFO  : The application 'C:/Users/khali/ENSC_452_git/ENSC_452/gpio_Interrupts/bttn_interrupts/Debug/bttn_interrupts.elf' is downloaded to processor 'ps7_cortexa9_0'.
15:55:24 INFO  : 'configparams force-mem-access 0' command is executed.
15:55:24 INFO  : ----------------XSDB Script----------------
connect -url tcp:127.0.0.1:3121
targets -set -nocase -filter {name =~"APU*"}
rst -system
after 3000
targets -set -filter {jtag_cable_name =~ "Digilent Zed 210248469160" && level==0 && jtag_device_ctx=="jsn-Zed-210248469160-03727093-0"}
fpga -file C:/Users/khali/ENSC_452_git/ENSC_452/gpio_Interrupts/bttn_interrupts/_ide/bitstream/design_1_wrapper.bit
targets -set -nocase -filter {name =~"APU*"}
loadhw -hw C:/Users/khali/ENSC_452_git/ENSC_452/gpio_Interrupts/gpio_interrupts/export/gpio_interrupts/hw/design_1_wrapper.xsa -mem-ranges [list {0x40000000 0xbfffffff}] -regs
configparams force-mem-access 1
targets -set -nocase -filter {name =~"APU*"}
source C:/Users/khali/ENSC_452_git/ENSC_452/gpio_Interrupts/bttn_interrupts/_ide/psinit/ps7_init.tcl
ps7_init
ps7_post_config
targets -set -nocase -filter {name =~ "*A9*#0"}
dow C:/Users/khali/ENSC_452_git/ENSC_452/gpio_Interrupts/bttn_interrupts/Debug/bttn_interrupts.elf
configparams force-mem-access 0
----------------End of Script----------------

15:55:24 INFO  : Context for processor 'ps7_cortexa9_0' is selected.
15:55:24 INFO  : 'con' command is executed.
15:55:24 INFO  : ----------------XSDB Script (After Launch)----------------
targets -set -nocase -filter {name =~ "*A9*#0"}
con
----------------End of Script----------------

15:55:24 INFO  : Launch script is exported to file 'C:\Users\khali\ENSC_452_git\ENSC_452\gpio_Interrupts\bttn_interrupts_system\_ide\scripts\debugger_bttn_interrupts-default.tcl'
15:55:38 INFO  : Disconnected from the channel tcfchan#13.
15:55:43 INFO  : Connected to target on host '127.0.0.1' and port '3121'.
15:55:44 INFO  : Jtag cable 'Digilent Zed 210248469160' is selected.
15:55:44 INFO  : 'jtag frequency' command is executed.
15:55:44 INFO  : Context for 'APU' is selected.
15:55:44 INFO  : System reset is completed.
15:55:47 INFO  : 'after 3000' command is executed.
15:55:47 INFO  : 'targets -set -filter {jtag_cable_name =~ "Digilent Zed 210248469160" && level==0 && jtag_device_ctx=="jsn-Zed-210248469160-03727093-0"}' command is executed.
15:55:49 INFO  : Device configured successfully with "C:/Users/khali/ENSC_452_git/ENSC_452/gpio_Interrupts/bttn_interrupts/_ide/bitstream/design_1_wrapper.bit"
15:55:49 INFO  : Context for 'APU' is selected.
15:55:49 INFO  : Hardware design and registers information is loaded from 'C:/Users/khali/ENSC_452_git/ENSC_452/gpio_Interrupts/gpio_interrupts/export/gpio_interrupts/hw/design_1_wrapper.xsa'.
15:55:49 INFO  : 'configparams force-mem-access 1' command is executed.
15:55:49 INFO  : Context for 'APU' is selected.
15:55:49 INFO  : Sourcing of 'C:/Users/khali/ENSC_452_git/ENSC_452/gpio_Interrupts/bttn_interrupts/_ide/psinit/ps7_init.tcl' is done.
15:55:50 INFO  : 'ps7_init' command is executed.
15:55:50 INFO  : 'ps7_post_config' command is executed.
15:55:50 INFO  : Context for processor 'ps7_cortexa9_0' is selected.
15:55:50 INFO  : The application 'C:/Users/khali/ENSC_452_git/ENSC_452/gpio_Interrupts/bttn_interrupts/Debug/bttn_interrupts.elf' is downloaded to processor 'ps7_cortexa9_0'.
15:55:50 INFO  : 'configparams force-mem-access 0' command is executed.
15:55:50 INFO  : ----------------XSDB Script----------------
connect -url tcp:127.0.0.1:3121
targets -set -nocase -filter {name =~"APU*"}
rst -system
after 3000
targets -set -filter {jtag_cable_name =~ "Digilent Zed 210248469160" && level==0 && jtag_device_ctx=="jsn-Zed-210248469160-03727093-0"}
fpga -file C:/Users/khali/ENSC_452_git/ENSC_452/gpio_Interrupts/bttn_interrupts/_ide/bitstream/design_1_wrapper.bit
targets -set -nocase -filter {name =~"APU*"}
loadhw -hw C:/Users/khali/ENSC_452_git/ENSC_452/gpio_Interrupts/gpio_interrupts/export/gpio_interrupts/hw/design_1_wrapper.xsa -mem-ranges [list {0x40000000 0xbfffffff}] -regs
configparams force-mem-access 1
targets -set -nocase -filter {name =~"APU*"}
source C:/Users/khali/ENSC_452_git/ENSC_452/gpio_Interrupts/bttn_interrupts/_ide/psinit/ps7_init.tcl
ps7_init
ps7_post_config
targets -set -nocase -filter {name =~ "*A9*#0"}
dow C:/Users/khali/ENSC_452_git/ENSC_452/gpio_Interrupts/bttn_interrupts/Debug/bttn_interrupts.elf
configparams force-mem-access 0
----------------End of Script----------------

15:55:50 INFO  : Context for processor 'ps7_cortexa9_0' is selected.
15:55:50 INFO  : 'con' command is executed.
15:55:50 INFO  : ----------------XSDB Script (After Launch)----------------
targets -set -nocase -filter {name =~ "*A9*#0"}
con
----------------End of Script----------------

15:55:50 INFO  : Launch script is exported to file 'C:\Users\khali\ENSC_452_git\ENSC_452\gpio_Interrupts\bttn_interrupts_system\_ide\scripts\debugger_bttn_interrupts-default.tcl'
15:58:05 INFO  : Disconnected from the channel tcfchan#14.
15:58:14 INFO  : Checking for BSP changes to sync application flags for project 'bttn_interrupts'...
15:58:35 INFO  : Connected to target on host '127.0.0.1' and port '3121'.
15:58:35 INFO  : Jtag cable 'Digilent Zed 210248469160' is selected.
15:58:35 INFO  : 'jtag frequency' command is executed.
15:58:35 INFO  : Context for 'APU' is selected.
15:58:35 INFO  : System reset is completed.
15:58:38 INFO  : 'after 3000' command is executed.
15:58:38 INFO  : 'targets -set -filter {jtag_cable_name =~ "Digilent Zed 210248469160" && level==0 && jtag_device_ctx=="jsn-Zed-210248469160-03727093-0"}' command is executed.
15:58:41 INFO  : Device configured successfully with "C:/Users/khali/ENSC_452_git/ENSC_452/gpio_Interrupts/bttn_interrupts/_ide/bitstream/design_1_wrapper.bit"
15:58:41 INFO  : Context for 'APU' is selected.
15:58:41 INFO  : Hardware design and registers information is loaded from 'C:/Users/khali/ENSC_452_git/ENSC_452/gpio_Interrupts/gpio_interrupts/export/gpio_interrupts/hw/design_1_wrapper.xsa'.
15:58:41 INFO  : 'configparams force-mem-access 1' command is executed.
15:58:41 INFO  : Context for 'APU' is selected.
15:58:41 INFO  : Sourcing of 'C:/Users/khali/ENSC_452_git/ENSC_452/gpio_Interrupts/bttn_interrupts/_ide/psinit/ps7_init.tcl' is done.
15:58:41 INFO  : 'ps7_init' command is executed.
15:58:41 INFO  : 'ps7_post_config' command is executed.
15:58:41 INFO  : Context for processor 'ps7_cortexa9_0' is selected.
15:58:42 INFO  : The application 'C:/Users/khali/ENSC_452_git/ENSC_452/gpio_Interrupts/bttn_interrupts/Debug/bttn_interrupts.elf' is downloaded to processor 'ps7_cortexa9_0'.
15:58:42 INFO  : 'configparams force-mem-access 0' command is executed.
15:58:42 INFO  : ----------------XSDB Script----------------
connect -url tcp:127.0.0.1:3121
targets -set -nocase -filter {name =~"APU*"}
rst -system
after 3000
targets -set -filter {jtag_cable_name =~ "Digilent Zed 210248469160" && level==0 && jtag_device_ctx=="jsn-Zed-210248469160-03727093-0"}
fpga -file C:/Users/khali/ENSC_452_git/ENSC_452/gpio_Interrupts/bttn_interrupts/_ide/bitstream/design_1_wrapper.bit
targets -set -nocase -filter {name =~"APU*"}
loadhw -hw C:/Users/khali/ENSC_452_git/ENSC_452/gpio_Interrupts/gpio_interrupts/export/gpio_interrupts/hw/design_1_wrapper.xsa -mem-ranges [list {0x40000000 0xbfffffff}] -regs
configparams force-mem-access 1
targets -set -nocase -filter {name =~"APU*"}
source C:/Users/khali/ENSC_452_git/ENSC_452/gpio_Interrupts/bttn_interrupts/_ide/psinit/ps7_init.tcl
ps7_init
ps7_post_config
targets -set -nocase -filter {name =~ "*A9*#0"}
dow C:/Users/khali/ENSC_452_git/ENSC_452/gpio_Interrupts/bttn_interrupts/Debug/bttn_interrupts.elf
configparams force-mem-access 0
----------------End of Script----------------

15:58:42 INFO  : Context for processor 'ps7_cortexa9_0' is selected.
15:58:42 INFO  : 'con' command is executed.
15:58:42 INFO  : ----------------XSDB Script (After Launch)----------------
targets -set -nocase -filter {name =~ "*A9*#0"}
con
----------------End of Script----------------

15:58:42 INFO  : Launch script is exported to file 'C:\Users\khali\ENSC_452_git\ENSC_452\gpio_Interrupts\bttn_interrupts_system\_ide\scripts\debugger_bttn_interrupts-default.tcl'
16:02:46 INFO  : Disconnected from the channel tcfchan#16.
16:02:52 INFO  : Checking for BSP changes to sync application flags for project 'bttn_interrupts'...
16:03:13 INFO  : Connected to target on host '127.0.0.1' and port '3121'.
16:03:13 INFO  : Jtag cable 'Digilent Zed 210248469160' is selected.
16:03:13 INFO  : 'jtag frequency' command is executed.
16:03:13 INFO  : Context for 'APU' is selected.
16:03:13 INFO  : System reset is completed.
16:03:16 INFO  : 'after 3000' command is executed.
16:03:16 INFO  : 'targets -set -filter {jtag_cable_name =~ "Digilent Zed 210248469160" && level==0 && jtag_device_ctx=="jsn-Zed-210248469160-03727093-0"}' command is executed.
16:03:19 INFO  : Device configured successfully with "C:/Users/khali/ENSC_452_git/ENSC_452/gpio_Interrupts/bttn_interrupts/_ide/bitstream/design_1_wrapper.bit"
16:03:19 INFO  : Context for 'APU' is selected.
16:03:19 INFO  : Hardware design and registers information is loaded from 'C:/Users/khali/ENSC_452_git/ENSC_452/gpio_Interrupts/gpio_interrupts/export/gpio_interrupts/hw/design_1_wrapper.xsa'.
16:03:19 INFO  : 'configparams force-mem-access 1' command is executed.
16:03:19 INFO  : Context for 'APU' is selected.
16:03:19 INFO  : Sourcing of 'C:/Users/khali/ENSC_452_git/ENSC_452/gpio_Interrupts/bttn_interrupts/_ide/psinit/ps7_init.tcl' is done.
16:03:19 INFO  : 'ps7_init' command is executed.
16:03:19 INFO  : 'ps7_post_config' command is executed.
16:03:19 INFO  : Context for processor 'ps7_cortexa9_0' is selected.
16:03:20 INFO  : The application 'C:/Users/khali/ENSC_452_git/ENSC_452/gpio_Interrupts/bttn_interrupts/Debug/bttn_interrupts.elf' is downloaded to processor 'ps7_cortexa9_0'.
16:03:20 INFO  : 'configparams force-mem-access 0' command is executed.
16:03:20 INFO  : ----------------XSDB Script----------------
connect -url tcp:127.0.0.1:3121
targets -set -nocase -filter {name =~"APU*"}
rst -system
after 3000
targets -set -filter {jtag_cable_name =~ "Digilent Zed 210248469160" && level==0 && jtag_device_ctx=="jsn-Zed-210248469160-03727093-0"}
fpga -file C:/Users/khali/ENSC_452_git/ENSC_452/gpio_Interrupts/bttn_interrupts/_ide/bitstream/design_1_wrapper.bit
targets -set -nocase -filter {name =~"APU*"}
loadhw -hw C:/Users/khali/ENSC_452_git/ENSC_452/gpio_Interrupts/gpio_interrupts/export/gpio_interrupts/hw/design_1_wrapper.xsa -mem-ranges [list {0x40000000 0xbfffffff}] -regs
configparams force-mem-access 1
targets -set -nocase -filter {name =~"APU*"}
source C:/Users/khali/ENSC_452_git/ENSC_452/gpio_Interrupts/bttn_interrupts/_ide/psinit/ps7_init.tcl
ps7_init
ps7_post_config
targets -set -nocase -filter {name =~ "*A9*#0"}
dow C:/Users/khali/ENSC_452_git/ENSC_452/gpio_Interrupts/bttn_interrupts/Debug/bttn_interrupts.elf
configparams force-mem-access 0
----------------End of Script----------------

16:03:20 INFO  : Context for processor 'ps7_cortexa9_0' is selected.
16:03:20 INFO  : 'con' command is executed.
16:03:20 INFO  : ----------------XSDB Script (After Launch)----------------
targets -set -nocase -filter {name =~ "*A9*#0"}
con
----------------End of Script----------------

16:03:20 INFO  : Launch script is exported to file 'C:\Users\khali\ENSC_452_git\ENSC_452\gpio_Interrupts\bttn_interrupts_system\_ide\scripts\debugger_bttn_interrupts-default.tcl'
16:06:25 INFO  : Disconnected from the channel tcfchan#18.
16:06:28 INFO  : Checking for BSP changes to sync application flags for project 'bttn_interrupts'...
16:06:51 INFO  : Connected to target on host '127.0.0.1' and port '3121'.
16:06:51 INFO  : Jtag cable 'Digilent Zed 210248469160' is selected.
16:06:51 INFO  : 'jtag frequency' command is executed.
16:06:51 INFO  : Context for 'APU' is selected.
16:06:51 INFO  : System reset is completed.
16:06:54 INFO  : 'after 3000' command is executed.
16:06:54 INFO  : 'targets -set -filter {jtag_cable_name =~ "Digilent Zed 210248469160" && level==0 && jtag_device_ctx=="jsn-Zed-210248469160-03727093-0"}' command is executed.
16:06:57 INFO  : Device configured successfully with "C:/Users/khali/ENSC_452_git/ENSC_452/gpio_Interrupts/bttn_interrupts/_ide/bitstream/design_1_wrapper.bit"
16:06:57 INFO  : Context for 'APU' is selected.
16:06:57 INFO  : Hardware design and registers information is loaded from 'C:/Users/khali/ENSC_452_git/ENSC_452/gpio_Interrupts/gpio_interrupts/export/gpio_interrupts/hw/design_1_wrapper.xsa'.
16:06:57 INFO  : 'configparams force-mem-access 1' command is executed.
16:06:57 INFO  : Context for 'APU' is selected.
16:06:57 INFO  : Sourcing of 'C:/Users/khali/ENSC_452_git/ENSC_452/gpio_Interrupts/bttn_interrupts/_ide/psinit/ps7_init.tcl' is done.
16:06:57 INFO  : 'ps7_init' command is executed.
16:06:57 INFO  : 'ps7_post_config' command is executed.
16:06:57 INFO  : Context for processor 'ps7_cortexa9_0' is selected.
16:06:58 INFO  : The application 'C:/Users/khali/ENSC_452_git/ENSC_452/gpio_Interrupts/bttn_interrupts/Debug/bttn_interrupts.elf' is downloaded to processor 'ps7_cortexa9_0'.
16:06:58 INFO  : 'configparams force-mem-access 0' command is executed.
16:06:58 INFO  : ----------------XSDB Script----------------
connect -url tcp:127.0.0.1:3121
targets -set -nocase -filter {name =~"APU*"}
rst -system
after 3000
targets -set -filter {jtag_cable_name =~ "Digilent Zed 210248469160" && level==0 && jtag_device_ctx=="jsn-Zed-210248469160-03727093-0"}
fpga -file C:/Users/khali/ENSC_452_git/ENSC_452/gpio_Interrupts/bttn_interrupts/_ide/bitstream/design_1_wrapper.bit
targets -set -nocase -filter {name =~"APU*"}
loadhw -hw C:/Users/khali/ENSC_452_git/ENSC_452/gpio_Interrupts/gpio_interrupts/export/gpio_interrupts/hw/design_1_wrapper.xsa -mem-ranges [list {0x40000000 0xbfffffff}] -regs
configparams force-mem-access 1
targets -set -nocase -filter {name =~"APU*"}
source C:/Users/khali/ENSC_452_git/ENSC_452/gpio_Interrupts/bttn_interrupts/_ide/psinit/ps7_init.tcl
ps7_init
ps7_post_config
targets -set -nocase -filter {name =~ "*A9*#0"}
dow C:/Users/khali/ENSC_452_git/ENSC_452/gpio_Interrupts/bttn_interrupts/Debug/bttn_interrupts.elf
configparams force-mem-access 0
----------------End of Script----------------

16:06:58 INFO  : Context for processor 'ps7_cortexa9_0' is selected.
16:06:58 INFO  : 'con' command is executed.
16:06:58 INFO  : ----------------XSDB Script (After Launch)----------------
targets -set -nocase -filter {name =~ "*A9*#0"}
con
----------------End of Script----------------

16:06:58 INFO  : Launch script is exported to file 'C:\Users\khali\ENSC_452_git\ENSC_452\gpio_Interrupts\bttn_interrupts_system\_ide\scripts\debugger_bttn_interrupts-default.tcl'
16:10:01 INFO  : Disconnected from the channel tcfchan#20.
16:10:04 INFO  : Checking for BSP changes to sync application flags for project 'bttn_interrupts'...
16:10:21 INFO  : Connected to target on host '127.0.0.1' and port '3121'.
16:10:22 INFO  : Jtag cable 'Digilent Zed 210248469160' is selected.
16:10:22 INFO  : 'jtag frequency' command is executed.
16:10:22 INFO  : Context for 'APU' is selected.
16:10:22 INFO  : System reset is completed.
16:10:25 INFO  : 'after 3000' command is executed.
16:10:25 INFO  : 'targets -set -filter {jtag_cable_name =~ "Digilent Zed 210248469160" && level==0 && jtag_device_ctx=="jsn-Zed-210248469160-03727093-0"}' command is executed.
16:10:27 INFO  : Device configured successfully with "C:/Users/khali/ENSC_452_git/ENSC_452/gpio_Interrupts/bttn_interrupts/_ide/bitstream/design_1_wrapper.bit"
16:10:27 INFO  : Context for 'APU' is selected.
16:10:27 INFO  : Hardware design and registers information is loaded from 'C:/Users/khali/ENSC_452_git/ENSC_452/gpio_Interrupts/gpio_interrupts/export/gpio_interrupts/hw/design_1_wrapper.xsa'.
16:10:27 INFO  : 'configparams force-mem-access 1' command is executed.
16:10:27 INFO  : Context for 'APU' is selected.
16:10:27 INFO  : Sourcing of 'C:/Users/khali/ENSC_452_git/ENSC_452/gpio_Interrupts/bttn_interrupts/_ide/psinit/ps7_init.tcl' is done.
16:10:28 INFO  : 'ps7_init' command is executed.
16:10:28 INFO  : 'ps7_post_config' command is executed.
16:10:28 INFO  : Context for processor 'ps7_cortexa9_0' is selected.
16:10:28 INFO  : The application 'C:/Users/khali/ENSC_452_git/ENSC_452/gpio_Interrupts/bttn_interrupts/Debug/bttn_interrupts.elf' is downloaded to processor 'ps7_cortexa9_0'.
16:10:28 INFO  : 'configparams force-mem-access 0' command is executed.
16:10:28 INFO  : ----------------XSDB Script----------------
connect -url tcp:127.0.0.1:3121
targets -set -nocase -filter {name =~"APU*"}
rst -system
after 3000
targets -set -filter {jtag_cable_name =~ "Digilent Zed 210248469160" && level==0 && jtag_device_ctx=="jsn-Zed-210248469160-03727093-0"}
fpga -file C:/Users/khali/ENSC_452_git/ENSC_452/gpio_Interrupts/bttn_interrupts/_ide/bitstream/design_1_wrapper.bit
targets -set -nocase -filter {name =~"APU*"}
loadhw -hw C:/Users/khali/ENSC_452_git/ENSC_452/gpio_Interrupts/gpio_interrupts/export/gpio_interrupts/hw/design_1_wrapper.xsa -mem-ranges [list {0x40000000 0xbfffffff}] -regs
configparams force-mem-access 1
targets -set -nocase -filter {name =~"APU*"}
source C:/Users/khali/ENSC_452_git/ENSC_452/gpio_Interrupts/bttn_interrupts/_ide/psinit/ps7_init.tcl
ps7_init
ps7_post_config
targets -set -nocase -filter {name =~ "*A9*#0"}
dow C:/Users/khali/ENSC_452_git/ENSC_452/gpio_Interrupts/bttn_interrupts/Debug/bttn_interrupts.elf
configparams force-mem-access 0
----------------End of Script----------------

16:10:28 INFO  : Context for processor 'ps7_cortexa9_0' is selected.
16:10:28 INFO  : 'con' command is executed.
16:10:28 INFO  : ----------------XSDB Script (After Launch)----------------
targets -set -nocase -filter {name =~ "*A9*#0"}
con
----------------End of Script----------------

16:10:28 INFO  : Launch script is exported to file 'C:\Users\khali\ENSC_452_git\ENSC_452\gpio_Interrupts\bttn_interrupts_system\_ide\scripts\debugger_bttn_interrupts-default.tcl'
16:12:16 INFO  : Disconnected from the channel tcfchan#22.
16:12:19 INFO  : Checking for BSP changes to sync application flags for project 'bttn_interrupts'...
16:12:34 INFO  : Checking for BSP changes to sync application flags for project 'bttn_interrupts'...
16:12:52 INFO  : Connected to target on host '127.0.0.1' and port '3121'.
16:12:52 INFO  : Jtag cable 'Digilent Zed 210248469160' is selected.
16:12:52 INFO  : 'jtag frequency' command is executed.
16:12:52 INFO  : Context for 'APU' is selected.
16:12:52 INFO  : System reset is completed.
16:12:55 INFO  : 'after 3000' command is executed.
16:12:55 INFO  : 'targets -set -filter {jtag_cable_name =~ "Digilent Zed 210248469160" && level==0 && jtag_device_ctx=="jsn-Zed-210248469160-03727093-0"}' command is executed.
16:12:58 INFO  : Device configured successfully with "C:/Users/khali/ENSC_452_git/ENSC_452/gpio_Interrupts/bttn_interrupts/_ide/bitstream/design_1_wrapper.bit"
16:12:58 INFO  : Context for 'APU' is selected.
16:12:58 INFO  : Hardware design and registers information is loaded from 'C:/Users/khali/ENSC_452_git/ENSC_452/gpio_Interrupts/gpio_interrupts/export/gpio_interrupts/hw/design_1_wrapper.xsa'.
16:12:58 INFO  : 'configparams force-mem-access 1' command is executed.
16:12:58 INFO  : Context for 'APU' is selected.
16:12:58 INFO  : Sourcing of 'C:/Users/khali/ENSC_452_git/ENSC_452/gpio_Interrupts/bttn_interrupts/_ide/psinit/ps7_init.tcl' is done.
16:12:58 INFO  : 'ps7_init' command is executed.
16:12:58 INFO  : 'ps7_post_config' command is executed.
16:12:58 INFO  : Context for processor 'ps7_cortexa9_0' is selected.
16:12:58 INFO  : The application 'C:/Users/khali/ENSC_452_git/ENSC_452/gpio_Interrupts/bttn_interrupts/Debug/bttn_interrupts.elf' is downloaded to processor 'ps7_cortexa9_0'.
16:12:59 INFO  : 'configparams force-mem-access 0' command is executed.
16:12:59 INFO  : ----------------XSDB Script----------------
connect -url tcp:127.0.0.1:3121
targets -set -nocase -filter {name =~"APU*"}
rst -system
after 3000
targets -set -filter {jtag_cable_name =~ "Digilent Zed 210248469160" && level==0 && jtag_device_ctx=="jsn-Zed-210248469160-03727093-0"}
fpga -file C:/Users/khali/ENSC_452_git/ENSC_452/gpio_Interrupts/bttn_interrupts/_ide/bitstream/design_1_wrapper.bit
targets -set -nocase -filter {name =~"APU*"}
loadhw -hw C:/Users/khali/ENSC_452_git/ENSC_452/gpio_Interrupts/gpio_interrupts/export/gpio_interrupts/hw/design_1_wrapper.xsa -mem-ranges [list {0x40000000 0xbfffffff}] -regs
configparams force-mem-access 1
targets -set -nocase -filter {name =~"APU*"}
source C:/Users/khali/ENSC_452_git/ENSC_452/gpio_Interrupts/bttn_interrupts/_ide/psinit/ps7_init.tcl
ps7_init
ps7_post_config
targets -set -nocase -filter {name =~ "*A9*#0"}
dow C:/Users/khali/ENSC_452_git/ENSC_452/gpio_Interrupts/bttn_interrupts/Debug/bttn_interrupts.elf
configparams force-mem-access 0
----------------End of Script----------------

16:12:59 INFO  : Context for processor 'ps7_cortexa9_0' is selected.
16:12:59 INFO  : 'con' command is executed.
16:12:59 INFO  : ----------------XSDB Script (After Launch)----------------
targets -set -nocase -filter {name =~ "*A9*#0"}
con
----------------End of Script----------------

16:12:59 INFO  : Launch script is exported to file 'C:\Users\khali\ENSC_452_git\ENSC_452\gpio_Interrupts\bttn_interrupts_system\_ide\scripts\debugger_bttn_interrupts-default.tcl'
16:13:53 INFO  : Disconnected from the channel tcfchan#25.
16:13:54 INFO  : Connected to target on host '127.0.0.1' and port '3121'.
16:13:54 INFO  : Jtag cable 'Digilent Zed 210248469160' is selected.
16:13:54 INFO  : 'jtag frequency' command is executed.
16:13:55 INFO  : Context for 'APU' is selected.
16:13:55 INFO  : System reset is completed.
16:13:58 INFO  : 'after 3000' command is executed.
16:13:58 INFO  : 'targets -set -filter {jtag_cable_name =~ "Digilent Zed 210248469160" && level==0 && jtag_device_ctx=="jsn-Zed-210248469160-03727093-0"}' command is executed.
16:14:00 INFO  : Device configured successfully with "C:/Users/khali/ENSC_452_git/ENSC_452/gpio_Interrupts/bttn_interrupts/_ide/bitstream/design_1_wrapper.bit"
16:14:00 INFO  : Context for 'APU' is selected.
16:14:00 INFO  : Hardware design and registers information is loaded from 'C:/Users/khali/ENSC_452_git/ENSC_452/gpio_Interrupts/gpio_interrupts/export/gpio_interrupts/hw/design_1_wrapper.xsa'.
16:14:00 INFO  : 'configparams force-mem-access 1' command is executed.
16:14:00 INFO  : Context for 'APU' is selected.
16:14:00 INFO  : Sourcing of 'C:/Users/khali/ENSC_452_git/ENSC_452/gpio_Interrupts/bttn_interrupts/_ide/psinit/ps7_init.tcl' is done.
16:14:01 INFO  : 'ps7_init' command is executed.
16:14:01 INFO  : 'ps7_post_config' command is executed.
16:14:01 INFO  : Context for processor 'ps7_cortexa9_0' is selected.
16:14:01 INFO  : The application 'C:/Users/khali/ENSC_452_git/ENSC_452/gpio_Interrupts/bttn_interrupts/Debug/bttn_interrupts.elf' is downloaded to processor 'ps7_cortexa9_0'.
16:14:01 INFO  : 'configparams force-mem-access 0' command is executed.
16:14:01 INFO  : ----------------XSDB Script----------------
connect -url tcp:127.0.0.1:3121
targets -set -nocase -filter {name =~"APU*"}
rst -system
after 3000
targets -set -filter {jtag_cable_name =~ "Digilent Zed 210248469160" && level==0 && jtag_device_ctx=="jsn-Zed-210248469160-03727093-0"}
fpga -file C:/Users/khali/ENSC_452_git/ENSC_452/gpio_Interrupts/bttn_interrupts/_ide/bitstream/design_1_wrapper.bit
targets -set -nocase -filter {name =~"APU*"}
loadhw -hw C:/Users/khali/ENSC_452_git/ENSC_452/gpio_Interrupts/gpio_interrupts/export/gpio_interrupts/hw/design_1_wrapper.xsa -mem-ranges [list {0x40000000 0xbfffffff}] -regs
configparams force-mem-access 1
targets -set -nocase -filter {name =~"APU*"}
source C:/Users/khali/ENSC_452_git/ENSC_452/gpio_Interrupts/bttn_interrupts/_ide/psinit/ps7_init.tcl
ps7_init
ps7_post_config
targets -set -nocase -filter {name =~ "*A9*#0"}
dow C:/Users/khali/ENSC_452_git/ENSC_452/gpio_Interrupts/bttn_interrupts/Debug/bttn_interrupts.elf
configparams force-mem-access 0
----------------End of Script----------------

16:14:01 INFO  : Context for processor 'ps7_cortexa9_0' is selected.
16:14:01 INFO  : 'con' command is executed.
16:14:01 INFO  : ----------------XSDB Script (After Launch)----------------
targets -set -nocase -filter {name =~ "*A9*#0"}
con
----------------End of Script----------------

16:14:01 INFO  : Launch script is exported to file 'C:\Users\khali\ENSC_452_git\ENSC_452\gpio_Interrupts\bttn_interrupts_system\_ide\scripts\debugger_bttn_interrupts-default.tcl'
16:14:15 INFO  : Disconnected from the channel tcfchan#26.
