#-----------------------------------------------------------
# Vivado v2020.2 (64-bit)
# SW Build 3064766 on Wed Nov 18 09:12:45 MST 2020
# IP Build 3064653 on Wed Nov 18 14:17:31 MST 2020
# Start of session at: Sun Feb 28 23:14:23 2021
# Process ID: 6424
# Current directory: C:/Users/khali/ENSC_452_git/ENSC_452/LFSR_Generator/lfsr_generator_vivado
# Command line: vivado.exe -gui_launcher_event rodinguilauncherevent15372 C:\Users\khali\ENSC_452_git\ENSC_452\LFSR_Generator\lfsr_generator_vivado\lfsr_generator_vivado.xpr
# Log file: C:/Users/khali/ENSC_452_git/ENSC_452/LFSR_Generator/lfsr_generator_vivado/vivado.log
# Journal file: C:/Users/khali/ENSC_452_git/ENSC_452/LFSR_Generator/lfsr_generator_vivado\vivado.jou
#-----------------------------------------------------------
start_gui
open_project C:/Users/khali/ENSC_452_git/ENSC_452/LFSR_Generator/lfsr_generator_vivado/lfsr_generator_vivado.xpr
Scanning sources...
Finished scanning sources
INFO: [IP_Flow 19-234] Refreshing IP repositories
INFO: [IP_Flow 19-1700] Loaded user IP repository 'c:/Users/khali/ENSC_452_git/ENSC_452/LFSR_Generator/ip_sources/lfsr_1.0'.
INFO: [IP_Flow 19-2313] Loaded Vivado IP repository 'C:/Xilinx/Vivado/2020.2/data/ip'.
open_project: Time (s): cpu = 00:00:22 ; elapsed = 00:00:11 . Memory (MB): peak = 1103.742 ; gain = 0.000
not ready
Command: synth_design -rtl -rtl_skip_mlo -name rtl_1
Starting synth_design
Using part: xc7z020clg484-1
Top: lfsr_7
INFO: [Device 21-403] Loading part xc7z020clg484-1
---------------------------------------------------------------------------------
Starting RTL Elaboration : Time (s): cpu = 00:00:08 ; elapsed = 00:00:07 . Memory (MB): peak = 1436.754 ; gain = 269.281
---------------------------------------------------------------------------------
INFO: [Synth 8-638] synthesizing module 'lfsr_7' [C:/Users/khali/ENSC_452_git/ENSC_452/LFSR_Generator/lfsr_generator_vivado/lfsr_generator_vivado.srcs/sources_1/imports/lfsr_1.0/lfsr.vhd:14]
INFO: [Synth 8-256] done synthesizing module 'lfsr_7' (1#1) [C:/Users/khali/ENSC_452_git/ENSC_452/LFSR_Generator/lfsr_generator_vivado/lfsr_generator_vivado.srcs/sources_1/imports/lfsr_1.0/lfsr.vhd:14]
---------------------------------------------------------------------------------
Finished RTL Elaboration : Time (s): cpu = 00:00:10 ; elapsed = 00:00:08 . Memory (MB): peak = 1510.980 ; gain = 343.508
---------------------------------------------------------------------------------
---------------------------------------------------------------------------------
Start Handling Custom Attributes
---------------------------------------------------------------------------------
---------------------------------------------------------------------------------
Finished Handling Custom Attributes : Time (s): cpu = 00:00:11 ; elapsed = 00:00:09 . Memory (MB): peak = 1510.980 ; gain = 343.508
---------------------------------------------------------------------------------
---------------------------------------------------------------------------------
Finished RTL Optimization Phase 1 : Time (s): cpu = 00:00:11 ; elapsed = 00:00:09 . Memory (MB): peak = 1510.980 ; gain = 343.508
---------------------------------------------------------------------------------
Netlist sorting complete. Time (s): cpu = 00:00:00 ; elapsed = 00:00:00.001 . Memory (MB): peak = 1510.980 ; gain = 0.000
INFO: [Project 1-570] Preparing netlist for logic optimization

Processing XDC Constraints
Initializing timing engine
Completed Processing XDC Constraints

Netlist sorting complete. Time (s): cpu = 00:00:00 ; elapsed = 00:00:00 . Memory (MB): peak = 1535.020 ; gain = 0.000
INFO: [Project 1-111] Unisim Transformation Summary:
No Unisim elements were transformed.

RTL Elaboration Complete:  : Time (s): cpu = 00:00:31 ; elapsed = 00:00:18 . Memory (MB): peak = 1643.711 ; gain = 476.238
8 Infos, 0 Warnings, 0 Critical Warnings and 0 Errors encountered.
synth_design completed successfully
synth_design: Time (s): cpu = 00:00:41 ; elapsed = 00:00:28 . Memory (MB): peak = 1643.711 ; gain = 539.969
Command: launch_simulation 
INFO: [Vivado 12-5682] Launching behavioral simulation in 'C:/Users/khali/ENSC_452_git/ENSC_452/LFSR_Generator/lfsr_generator_vivado/lfsr_generator_vivado.sim/sim_1/behav/xsim'
INFO: [SIM-utils-51] Simulation object is 'sim_1'
INFO: [SIM-utils-54] Inspecting design source files for 'tb_lfsr' in fileset 'sim_1'...
INFO: [USF-XSim-97] Finding global include files...
INFO: [USF-XSim-98] Fetching design files from 'sim_1'...
INFO: [USF-XSim-2] XSim::Compile design
INFO: [USF-XSim-61] Executing 'COMPILE and ANALYZE' step in 'C:/Users/khali/ENSC_452_git/ENSC_452/LFSR_Generator/lfsr_generator_vivado/lfsr_generator_vivado.sim/sim_1/behav/xsim'
"xvhdl --incr --relax -prj tb_lfsr_vhdl.prj"
INFO: [VRFC 10-163] Analyzing VHDL file "C:/Users/khali/ENSC_452_git/ENSC_452/LFSR_Generator/lfsr_generator_vivado/lfsr_generator_vivado.srcs/sources_1/imports/lfsr_1.0/lfsr.vhd" into library xil_defaultlib
INFO: [VRFC 10-3107] analyzing entity 'lfsr_7'
INFO: [VRFC 10-163] Analyzing VHDL file "C:/Users/khali/ENSC_452_git/ENSC_452/LFSR_Generator/lfsr_generator_vivado/lfsr_generator_vivado.srcs/sim_1/imports/tb_lfsr_1.0/tb_lfsr.vhd" into library xil_defaultlib
INFO: [VRFC 10-3107] analyzing entity 'tb_lfsr'
INFO: [USF-XSim-69] 'compile' step finished in '2' seconds
INFO: [USF-XSim-3] XSim::Elaborate design
INFO: [USF-XSim-61] Executing 'ELABORATE' step in 'C:/Users/khali/ENSC_452_git/ENSC_452/LFSR_Generator/lfsr_generator_vivado/lfsr_generator_vivado.sim/sim_1/behav/xsim'
"xelab -wto cb51b1385a464b90be8cb805d1bc6c65 --incr --debug typical --relax --mt 2 -L xil_defaultlib -L secureip --snapshot tb_lfsr_behav xil_defaultlib.tb_lfsr -log elaborate.log"
Vivado Simulator 2020.2
Copyright 1986-1999, 2001-2020 Xilinx, Inc. All Rights Reserved.
Running: C:/Xilinx/Vivado/2020.2/bin/unwrapped/win64.o/xelab.exe -wto cb51b1385a464b90be8cb805d1bc6c65 --incr --debug typical --relax --mt 2 -L xil_defaultlib -L secureip --snapshot tb_lfsr_behav xil_defaultlib.tb_lfsr -log elaborate.log 
Using 2 slave threads.
Starting static elaboration
Completed static elaboration
Starting simulation data flow analysis
Completed simulation data flow analysis
Time Resolution for simulation is 1ps
Compiling package std.standard
Compiling package std.textio
Compiling package ieee.std_logic_1164
Compiling architecture rtl of entity xil_defaultlib.lfsr_7 [lfsr_7_default]
Compiling architecture test of entity xil_defaultlib.tb_lfsr
Built simulation snapshot tb_lfsr_behav

****** Webtalk v2020.2 (64-bit)
  **** SW Build 3064766 on Wed Nov 18 09:12:45 MST 2020
  **** IP Build 3064653 on Wed Nov 18 14:17:31 MST 2020
    ** Copyright 1986-2020 Xilinx, Inc. All Rights Reserved.

source C:/Users/khali/ENSC_452_git/ENSC_452/LFSR_Generator/lfsr_generator_vivado/lfsr_generator_vivado.sim/sim_1/behav/xsim/xsim.dir/tb_lfsr_behav/webtalk/xsim_webtalk.tcl -notrace
INFO: [Common 17-206] Exiting Webtalk at Sun Feb 28 23:15:46 2021...
INFO: [USF-XSim-69] 'elaborate' step finished in '5' seconds
INFO: [USF-XSim-4] XSim::Simulate design
INFO: [USF-XSim-61] Executing 'SIMULATE' step in 'C:/Users/khali/ENSC_452_git/ENSC_452/LFSR_Generator/lfsr_generator_vivado/lfsr_generator_vivado.sim/sim_1/behav/xsim'
INFO: [USF-XSim-98] *** Running xsim
   with args "tb_lfsr_behav -key {Behavioral:sim_1:Functional:tb_lfsr} -tclbatch {tb_lfsr.tcl} -log {simulate.log}"
INFO: [USF-XSim-8] Loading simulator feature
Vivado Simulator 2020.2
Time resolution is 1 ps
xsim: Time (s): cpu = 00:00:11 ; elapsed = 00:00:05 . Memory (MB): peak = 1686.426 ; gain = 18.684
INFO: [USF-XSim-96] XSim completed. Design snapshot 'tb_lfsr_behav' loaded.
INFO: [USF-XSim-97] XSim simulation ran for 1000ns
launch_simulation: Time (s): cpu = 00:00:14 ; elapsed = 00:00:14 . Memory (MB): peak = 1686.426 ; gain = 33.680
Failure: End of simulation.
Time: 3115 ns  Iteration: 0  Process: /tb_lfsr/stop_pr  File: C:/Users/khali/ENSC_452_git/ENSC_452/LFSR_Generator/lfsr_generator_vivado/lfsr_generator_vivado.srcs/sim_1/imports/tb_lfsr_1.0/tb_lfsr.vhd
$finish called at time : 3115 ns : File "C:/Users/khali/ENSC_452_git/ENSC_452/LFSR_Generator/lfsr_generator_vivado/lfsr_generator_vivado.srcs/sim_1/imports/tb_lfsr_1.0/tb_lfsr.vhd" Line 48
Failure: End of simulation.
Time: 3125 ns  Iteration: 0  Process: /tb_lfsr/stop_pr  File: C:/Users/khali/ENSC_452_git/ENSC_452/LFSR_Generator/lfsr_generator_vivado/lfsr_generator_vivado.srcs/sim_1/imports/tb_lfsr_1.0/tb_lfsr.vhd
$finish called at time : 3125 ns : File "C:/Users/khali/ENSC_452_git/ENSC_452/LFSR_Generator/lfsr_generator_vivado/lfsr_generator_vivado.srcs/sim_1/imports/tb_lfsr_1.0/tb_lfsr.vhd" Line 48
Failure: End of simulation.
Time: 3135 ns  Iteration: 0  Process: /tb_lfsr/stop_pr  File: C:/Users/khali/ENSC_452_git/ENSC_452/LFSR_Generator/lfsr_generator_vivado/lfsr_generator_vivado.srcs/sim_1/imports/tb_lfsr_1.0/tb_lfsr.vhd
$finish called at time : 3135 ns : File "C:/Users/khali/ENSC_452_git/ENSC_452/LFSR_Generator/lfsr_generator_vivado/lfsr_generator_vivado.srcs/sim_1/imports/tb_lfsr_1.0/tb_lfsr.vhd" Line 48
INFO: [Simtcl 6-16] Simulation closed
close_sim: Time (s): cpu = 00:00:03 ; elapsed = 00:00:05 . Memory (MB): peak = 1701.258 ; gain = 0.000
Command: launch_simulation 
INFO: [Vivado 12-5682] Launching behavioral simulation in 'C:/Users/khali/ENSC_452_git/ENSC_452/LFSR_Generator/lfsr_generator_vivado/lfsr_generator_vivado.sim/sim_1/behav/xsim'
INFO: [SIM-utils-51] Simulation object is 'sim_1'
INFO: [SIM-utils-54] Inspecting design source files for 'tb_lfsr' in fileset 'sim_1'...
INFO: [USF-XSim-97] Finding global include files...
INFO: [USF-XSim-98] Fetching design files from 'sim_1'...
INFO: [USF-XSim-2] XSim::Compile design
INFO: [USF-XSim-61] Executing 'COMPILE and ANALYZE' step in 'C:/Users/khali/ENSC_452_git/ENSC_452/LFSR_Generator/lfsr_generator_vivado/lfsr_generator_vivado.sim/sim_1/behav/xsim'
"xvhdl --incr --relax -prj tb_lfsr_vhdl.prj"
INFO: [USF-XSim-69] 'compile' step finished in '2' seconds
INFO: [USF-XSim-3] XSim::Elaborate design
INFO: [USF-XSim-61] Executing 'ELABORATE' step in 'C:/Users/khali/ENSC_452_git/ENSC_452/LFSR_Generator/lfsr_generator_vivado/lfsr_generator_vivado.sim/sim_1/behav/xsim'
"xelab -wto cb51b1385a464b90be8cb805d1bc6c65 --incr --debug typical --relax --mt 2 -L xil_defaultlib -L secureip --snapshot tb_lfsr_behav xil_defaultlib.tb_lfsr -log elaborate.log"
Vivado Simulator 2020.2
Copyright 1986-1999, 2001-2020 Xilinx, Inc. All Rights Reserved.
Running: C:/Xilinx/Vivado/2020.2/bin/unwrapped/win64.o/xelab.exe -wto cb51b1385a464b90be8cb805d1bc6c65 --incr --debug typical --relax --mt 2 -L xil_defaultlib -L secureip --snapshot tb_lfsr_behav xil_defaultlib.tb_lfsr -log elaborate.log 
Using 2 slave threads.
Starting static elaboration
Completed static elaboration
INFO: [XSIM 43-4323] No Change in HDL. Linking previously generated obj files to create kernel
INFO: [USF-XSim-69] 'elaborate' step finished in '2' seconds
INFO: [USF-XSim-4] XSim::Simulate design
INFO: [USF-XSim-61] Executing 'SIMULATE' step in 'C:/Users/khali/ENSC_452_git/ENSC_452/LFSR_Generator/lfsr_generator_vivado/lfsr_generator_vivado.sim/sim_1/behav/xsim'
INFO: [USF-XSim-98] *** Running xsim
   with args "tb_lfsr_behav -key {Behavioral:sim_1:Functional:tb_lfsr} -tclbatch {tb_lfsr.tcl} -log {simulate.log}"
INFO: [USF-XSim-8] Loading simulator feature
Vivado Simulator 2020.2
Time resolution is 1 ps
ERROR: [Simulator 45-7] No such file 'C:/Users/khali/ENSC_452_git/ENSC_452/LFSR_Generator/lfsr_generator_vivado/lfsr_generator_vivado.srcs/sources_1/imports/lfsr_1.0/lfsr.vhdC:/Users/khali/ENSC_452_git/ENSC_452/LFSR_Generator/lfsr_generator_vivado/lfsr_generator_vivado.srcs/sources_1/imports/lfsr_1.0/lfsr.vhd' in the design.

ERROR: [USF-XSim-62] 'simulate' step failed with errors. Please check the Tcl console or log files for more information.
ERROR: [Vivado 12-4473] Detected error while running simulation. Please correct the issue and retry this operation.
launch_simulation: Time (s): cpu = 00:00:02 ; elapsed = 00:00:06 . Memory (MB): peak = 1701.258 ; gain = 0.000
ERROR: [Common 17-39] 'launch_simulation' failed due to earlier errors.
INFO: [Simtcl 6-16] Simulation closed
Command: launch_simulation 
INFO: [Vivado 12-5682] Launching behavioral simulation in 'C:/Users/khali/ENSC_452_git/ENSC_452/LFSR_Generator/lfsr_generator_vivado/lfsr_generator_vivado.sim/sim_1/behav/xsim'
INFO: [SIM-utils-51] Simulation object is 'sim_1'
INFO: [SIM-utils-54] Inspecting design source files for 'tb_lfsr' in fileset 'sim_1'...
INFO: [USF-XSim-97] Finding global include files...
INFO: [USF-XSim-98] Fetching design files from 'sim_1'...
INFO: [USF-XSim-2] XSim::Compile design
INFO: [USF-XSim-61] Executing 'COMPILE and ANALYZE' step in 'C:/Users/khali/ENSC_452_git/ENSC_452/LFSR_Generator/lfsr_generator_vivado/lfsr_generator_vivado.sim/sim_1/behav/xsim'
"xvhdl --incr --relax -prj tb_lfsr_vhdl.prj"
INFO: [VRFC 10-163] Analyzing VHDL file "C:/Users/khali/ENSC_452_git/ENSC_452/LFSR_Generator/lfsr_generator_vivado/lfsr_generator_vivado.srcs/sources_1/imports/lfsr_1.0/lfsr.vhd" into library xil_defaultlib
INFO: [VRFC 10-3107] analyzing entity 'lfsr_7'
INFO: [VRFC 10-163] Analyzing VHDL file "C:/Users/khali/ENSC_452_git/ENSC_452/LFSR_Generator/lfsr_generator_vivado/lfsr_generator_vivado.srcs/sim_1/imports/tb_lfsr_1.0/tb_lfsr.vhd" into library xil_defaultlib
INFO: [VRFC 10-3107] analyzing entity 'tb_lfsr'
INFO: [USF-XSim-69] 'compile' step finished in '2' seconds
INFO: [USF-XSim-3] XSim::Elaborate design
INFO: [USF-XSim-61] Executing 'ELABORATE' step in 'C:/Users/khali/ENSC_452_git/ENSC_452/LFSR_Generator/lfsr_generator_vivado/lfsr_generator_vivado.sim/sim_1/behav/xsim'
"xelab -wto cb51b1385a464b90be8cb805d1bc6c65 --incr --debug typical --relax --mt 2 -L xil_defaultlib -L secureip --snapshot tb_lfsr_behav xil_defaultlib.tb_lfsr -log elaborate.log"
Vivado Simulator 2020.2
Copyright 1986-1999, 2001-2020 Xilinx, Inc. All Rights Reserved.
Running: C:/Xilinx/Vivado/2020.2/bin/unwrapped/win64.o/xelab.exe -wto cb51b1385a464b90be8cb805d1bc6c65 --incr --debug typical --relax --mt 2 -L xil_defaultlib -L secureip --snapshot tb_lfsr_behav xil_defaultlib.tb_lfsr -log elaborate.log 
Using 2 slave threads.
Starting static elaboration
Completed static elaboration
Starting simulation data flow analysis
Completed simulation data flow analysis
Time Resolution for simulation is 1ps
Compiling package std.standard
Compiling package std.textio
Compiling package ieee.std_logic_1164
Compiling architecture rtl of entity xil_defaultlib.lfsr_7 [lfsr_7_default]
Compiling architecture test of entity xil_defaultlib.tb_lfsr
Built simulation snapshot tb_lfsr_behav

****** Webtalk v2020.2 (64-bit)
  **** SW Build 3064766 on Wed Nov 18 09:12:45 MST 2020
  **** IP Build 3064653 on Wed Nov 18 14:17:31 MST 2020
    ** Copyright 1986-2020 Xilinx, Inc. All Rights Reserved.

source C:/Users/khali/ENSC_452_git/ENSC_452/LFSR_Generator/lfsr_generator_vivado/lfsr_generator_vivado.sim/sim_1/behav/xsim/xsim.dir/tb_lfsr_behav/webtalk/xsim_webtalk.tcl -notrace
INFO: [Common 17-206] Exiting Webtalk at Sun Feb 28 23:18:11 2021...
INFO: [USF-XSim-69] 'elaborate' step finished in '5' seconds
INFO: [USF-XSim-4] XSim::Simulate design
INFO: [USF-XSim-61] Executing 'SIMULATE' step in 'C:/Users/khali/ENSC_452_git/ENSC_452/LFSR_Generator/lfsr_generator_vivado/lfsr_generator_vivado.sim/sim_1/behav/xsim'
INFO: [USF-XSim-98] *** Running xsim
   with args "tb_lfsr_behav -key {Behavioral:sim_1:Functional:tb_lfsr} -tclbatch {tb_lfsr.tcl} -log {simulate.log}"
INFO: [USF-XSim-8] Loading simulator feature
Vivado Simulator 2020.2
Time resolution is 1 ps
INFO: [USF-XSim-96] XSim completed. Design snapshot 'tb_lfsr_behav' loaded.
INFO: [USF-XSim-97] XSim simulation ran for 1000ns
launch_simulation: Time (s): cpu = 00:00:06 ; elapsed = 00:00:11 . Memory (MB): peak = 1711.844 ; gain = 10.586
INFO: [Simtcl 6-17] Simulation restarted
Stopped at time : 0 fs : File "C:/Users/khali/ENSC_452_git/ENSC_452/LFSR_Generator/lfsr_generator_vivado/lfsr_generator_vivado.srcs/sources_1/imports/lfsr_1.0/lfsr.vhd" Line 24
Stopped at time : 5 ns : File "C:/Users/khali/ENSC_452_git/ENSC_452/LFSR_Generator/lfsr_generator_vivado/lfsr_generator_vivado.srcs/sources_1/imports/lfsr_1.0/lfsr.vhd" Line 24
Stopped at time : 5 ns : File "C:/Users/khali/ENSC_452_git/ENSC_452/LFSR_Generator/lfsr_generator_vivado/lfsr_generator_vivado.srcs/sources_1/imports/lfsr_1.0/lfsr.vhd" Line 25
Stopped at time : 5 ns : File "C:/Users/khali/ENSC_452_git/ENSC_452/LFSR_Generator/lfsr_generator_vivado/lfsr_generator_vivado.srcs/sources_1/imports/lfsr_1.0/lfsr.vhd" Line 26
Stopped at time : 10 ns : File "C:/Users/khali/ENSC_452_git/ENSC_452/LFSR_Generator/lfsr_generator_vivado/lfsr_generator_vivado.srcs/sources_1/imports/lfsr_1.0/lfsr.vhd" Line 24
Stopped at time : 15 ns : File "C:/Users/khali/ENSC_452_git/ENSC_452/LFSR_Generator/lfsr_generator_vivado/lfsr_generator_vivado.srcs/sources_1/imports/lfsr_1.0/lfsr.vhd" Line 24
Stopped at time : 15 ns : File "C:/Users/khali/ENSC_452_git/ENSC_452/LFSR_Generator/lfsr_generator_vivado/lfsr_generator_vivado.srcs/sources_1/imports/lfsr_1.0/lfsr.vhd" Line 25
Stopped at time : 15 ns : File "C:/Users/khali/ENSC_452_git/ENSC_452/LFSR_Generator/lfsr_generator_vivado/lfsr_generator_vivado.srcs/sources_1/imports/lfsr_1.0/lfsr.vhd" Line 26
Stopped at time : 20 ns : File "C:/Users/khali/ENSC_452_git/ENSC_452/LFSR_Generator/lfsr_generator_vivado/lfsr_generator_vivado.srcs/sources_1/imports/lfsr_1.0/lfsr.vhd" Line 24
Stopped at time : 25 ns : File "C:/Users/khali/ENSC_452_git/ENSC_452/LFSR_Generator/lfsr_generator_vivado/lfsr_generator_vivado.srcs/sources_1/imports/lfsr_1.0/lfsr.vhd" Line 24
Stopped at time : 25 ns : File "C:/Users/khali/ENSC_452_git/ENSC_452/LFSR_Generator/lfsr_generator_vivado/lfsr_generator_vivado.srcs/sources_1/imports/lfsr_1.0/lfsr.vhd" Line 25
Stopped at time : 25 ns : File "C:/Users/khali/ENSC_452_git/ENSC_452/LFSR_Generator/lfsr_generator_vivado/lfsr_generator_vivado.srcs/sources_1/imports/lfsr_1.0/lfsr.vhd" Line 26
Stopped at time : 30 ns : File "C:/Users/khali/ENSC_452_git/ENSC_452/LFSR_Generator/lfsr_generator_vivado/lfsr_generator_vivado.srcs/sources_1/imports/lfsr_1.0/lfsr.vhd" Line 24
INFO: [Simtcl 6-17] Simulation restarted
Stopped at time : 0 fs : File "C:/Users/khali/ENSC_452_git/ENSC_452/LFSR_Generator/lfsr_generator_vivado/lfsr_generator_vivado.srcs/sources_1/imports/lfsr_1.0/lfsr.vhd" Line 24
Stopped at time : 5 ns : File "C:/Users/khali/ENSC_452_git/ENSC_452/LFSR_Generator/lfsr_generator_vivado/lfsr_generator_vivado.srcs/sources_1/imports/lfsr_1.0/lfsr.vhd" Line 24
Stopped at time : 5 ns : File "C:/Users/khali/ENSC_452_git/ENSC_452/LFSR_Generator/lfsr_generator_vivado/lfsr_generator_vivado.srcs/sources_1/imports/lfsr_1.0/lfsr.vhd" Line 25
Stopped at time : 5 ns : File "C:/Users/khali/ENSC_452_git/ENSC_452/LFSR_Generator/lfsr_generator_vivado/lfsr_generator_vivado.srcs/sources_1/imports/lfsr_1.0/lfsr.vhd" Line 26
Stopped at time : 10 ns : File "C:/Users/khali/ENSC_452_git/ENSC_452/LFSR_Generator/lfsr_generator_vivado/lfsr_generator_vivado.srcs/sources_1/imports/lfsr_1.0/lfsr.vhd" Line 24
Stopped at time : 15 ns : File "C:/Users/khali/ENSC_452_git/ENSC_452/LFSR_Generator/lfsr_generator_vivado/lfsr_generator_vivado.srcs/sources_1/imports/lfsr_1.0/lfsr.vhd" Line 24
Stopped at time : 15 ns : File "C:/Users/khali/ENSC_452_git/ENSC_452/LFSR_Generator/lfsr_generator_vivado/lfsr_generator_vivado.srcs/sources_1/imports/lfsr_1.0/lfsr.vhd" Line 25
Stopped at time : 15 ns : File "C:/Users/khali/ENSC_452_git/ENSC_452/LFSR_Generator/lfsr_generator_vivado/lfsr_generator_vivado.srcs/sources_1/imports/lfsr_1.0/lfsr.vhd" Line 26
Stopped at time : 20 ns : File "C:/Users/khali/ENSC_452_git/ENSC_452/LFSR_Generator/lfsr_generator_vivado/lfsr_generator_vivado.srcs/sources_1/imports/lfsr_1.0/lfsr.vhd" Line 24
Stopped at time : 25 ns : File "C:/Users/khali/ENSC_452_git/ENSC_452/LFSR_Generator/lfsr_generator_vivado/lfsr_generator_vivado.srcs/sources_1/imports/lfsr_1.0/lfsr.vhd" Line 24
Stopped at time : 25 ns : File "C:/Users/khali/ENSC_452_git/ENSC_452/LFSR_Generator/lfsr_generator_vivado/lfsr_generator_vivado.srcs/sources_1/imports/lfsr_1.0/lfsr.vhd" Line 25
INFO: [Simtcl 6-16] Simulation closed
Command: launch_simulation 
INFO: [Vivado 12-5682] Launching behavioral simulation in 'C:/Users/khali/ENSC_452_git/ENSC_452/LFSR_Generator/lfsr_generator_vivado/lfsr_generator_vivado.sim/sim_1/behav/xsim'
INFO: [SIM-utils-51] Simulation object is 'sim_1'
INFO: [SIM-utils-54] Inspecting design source files for 'tb_lfsr' in fileset 'sim_1'...
INFO: [USF-XSim-97] Finding global include files...
INFO: [USF-XSim-98] Fetching design files from 'sim_1'...
INFO: [USF-XSim-2] XSim::Compile design
INFO: [USF-XSim-61] Executing 'COMPILE and ANALYZE' step in 'C:/Users/khali/ENSC_452_git/ENSC_452/LFSR_Generator/lfsr_generator_vivado/lfsr_generator_vivado.sim/sim_1/behav/xsim'
"xvhdl --incr --relax -prj tb_lfsr_vhdl.prj"
INFO: [VRFC 10-163] Analyzing VHDL file "C:/Users/khali/ENSC_452_git/ENSC_452/LFSR_Generator/lfsr_generator_vivado/lfsr_generator_vivado.srcs/sim_1/imports/tb_lfsr_1.0/tb_lfsr.vhd" into library xil_defaultlib
INFO: [VRFC 10-3107] analyzing entity 'tb_lfsr'
INFO: [USF-XSim-69] 'compile' step finished in '2' seconds
INFO: [USF-XSim-3] XSim::Elaborate design
INFO: [USF-XSim-61] Executing 'ELABORATE' step in 'C:/Users/khali/ENSC_452_git/ENSC_452/LFSR_Generator/lfsr_generator_vivado/lfsr_generator_vivado.sim/sim_1/behav/xsim'
"xelab -wto cb51b1385a464b90be8cb805d1bc6c65 --incr --debug typical --relax --mt 2 -L xil_defaultlib -L secureip --snapshot tb_lfsr_behav xil_defaultlib.tb_lfsr -log elaborate.log"
Vivado Simulator 2020.2
Copyright 1986-1999, 2001-2020 Xilinx, Inc. All Rights Reserved.
Running: C:/Xilinx/Vivado/2020.2/bin/unwrapped/win64.o/xelab.exe -wto cb51b1385a464b90be8cb805d1bc6c65 --incr --debug typical --relax --mt 2 -L xil_defaultlib -L secureip --snapshot tb_lfsr_behav xil_defaultlib.tb_lfsr -log elaborate.log 
Using 2 slave threads.
Starting static elaboration
Completed static elaboration
Starting simulation data flow analysis
Completed simulation data flow analysis
Time Resolution for simulation is 1ps
Compiling package std.standard
Compiling package std.textio
Compiling package ieee.std_logic_1164
Compiling architecture rtl of entity xil_defaultlib.lfsr_7 [lfsr_7_default]
Compiling architecture test of entity xil_defaultlib.tb_lfsr
Built simulation snapshot tb_lfsr_behav
INFO: [USF-XSim-69] 'elaborate' step finished in '2' seconds
INFO: [USF-XSim-4] XSim::Simulate design
INFO: [USF-XSim-61] Executing 'SIMULATE' step in 'C:/Users/khali/ENSC_452_git/ENSC_452/LFSR_Generator/lfsr_generator_vivado/lfsr_generator_vivado.sim/sim_1/behav/xsim'
INFO: [USF-XSim-98] *** Running xsim
   with args "tb_lfsr_behav -key {Behavioral:sim_1:Functional:tb_lfsr} -tclbatch {tb_lfsr.tcl} -log {simulate.log}"
INFO: [USF-XSim-8] Loading simulator feature
Vivado Simulator 2020.2
Time resolution is 1 ps
ERROR: [Simulator 45-7] No such file 'C:/Users/khali/ENSC_452_git/ENSC_452/LFSR_Generator/lfsr_generator_vivado/lfsr_generator_vivado.srcs/sources_1/imports/lfsr_1.0/lfsr.vhdC:/Users/khali/ENSC_452_git/ENSC_452/LFSR_Generator/lfsr_generator_vivado/lfsr_generator_vivado.srcs/sources_1/imports/lfsr_1.0/lfsr.vhd' in the design.

ERROR: [USF-XSim-62] 'simulate' step failed with errors. Please check the Tcl console or log files for more information.
ERROR: [Vivado 12-4473] Detected error while running simulation. Please correct the issue and retry this operation.
launch_simulation: Time (s): cpu = 00:00:01 ; elapsed = 00:00:06 . Memory (MB): peak = 1723.832 ; gain = 0.000
ERROR: [Common 17-39] 'launch_simulation' failed due to earlier errors.
INFO: [Simtcl 6-16] Simulation closed
Command: launch_simulation 
INFO: [Vivado 12-5682] Launching behavioral simulation in 'C:/Users/khali/ENSC_452_git/ENSC_452/LFSR_Generator/lfsr_generator_vivado/lfsr_generator_vivado.sim/sim_1/behav/xsim'
INFO: [SIM-utils-51] Simulation object is 'sim_1'
INFO: [SIM-utils-54] Inspecting design source files for 'tb_lfsr' in fileset 'sim_1'...
INFO: [USF-XSim-97] Finding global include files...
INFO: [USF-XSim-98] Fetching design files from 'sim_1'...
INFO: [USF-XSim-2] XSim::Compile design
INFO: [USF-XSim-61] Executing 'COMPILE and ANALYZE' step in 'C:/Users/khali/ENSC_452_git/ENSC_452/LFSR_Generator/lfsr_generator_vivado/lfsr_generator_vivado.sim/sim_1/behav/xsim'
"xvhdl --incr --relax -prj tb_lfsr_vhdl.prj"
INFO: [USF-XSim-69] 'compile' step finished in '3' seconds
INFO: [USF-XSim-3] XSim::Elaborate design
INFO: [USF-XSim-61] Executing 'ELABORATE' step in 'C:/Users/khali/ENSC_452_git/ENSC_452/LFSR_Generator/lfsr_generator_vivado/lfsr_generator_vivado.sim/sim_1/behav/xsim'
"xelab -wto cb51b1385a464b90be8cb805d1bc6c65 --incr --debug typical --relax --mt 2 -L xil_defaultlib -L secureip --snapshot tb_lfsr_behav xil_defaultlib.tb_lfsr -log elaborate.log"
Vivado Simulator 2020.2
Copyright 1986-1999, 2001-2020 Xilinx, Inc. All Rights Reserved.
Running: C:/Xilinx/Vivado/2020.2/bin/unwrapped/win64.o/xelab.exe -wto cb51b1385a464b90be8cb805d1bc6c65 --incr --debug typical --relax --mt 2 -L xil_defaultlib -L secureip --snapshot tb_lfsr_behav xil_defaultlib.tb_lfsr -log elaborate.log 
Using 2 slave threads.
Starting static elaboration
Completed static elaboration
INFO: [XSIM 43-4323] No Change in HDL. Linking previously generated obj files to create kernel
INFO: [USF-XSim-69] 'elaborate' step finished in '2' seconds
INFO: [USF-XSim-4] XSim::Simulate design
INFO: [USF-XSim-61] Executing 'SIMULATE' step in 'C:/Users/khali/ENSC_452_git/ENSC_452/LFSR_Generator/lfsr_generator_vivado/lfsr_generator_vivado.sim/sim_1/behav/xsim'
INFO: [USF-XSim-98] *** Running xsim
   with args "tb_lfsr_behav -key {Behavioral:sim_1:Functional:tb_lfsr} -tclbatch {tb_lfsr.tcl} -log {simulate.log}"
INFO: [USF-XSim-8] Loading simulator feature
Vivado Simulator 2020.2
Time resolution is 1 ps
ERROR: [Simulator 45-7] No such file 'C:/Users/khali/ENSC_452_git/ENSC_452/LFSR_Generator/lfsr_generator_vivado/lfsr_generator_vivado.srcs/sources_1/imports/lfsr_1.0/lfsr.vhdC:/Users/khali/ENSC_452_git/ENSC_452/LFSR_Generator/lfsr_generator_vivado/lfsr_generator_vivado.srcs/sources_1/imports/lfsr_1.0/lfsr.vhd' in the design.

ERROR: [USF-XSim-62] 'simulate' step failed with errors. Please check the Tcl console or log files for more information.
ERROR: [Vivado 12-4473] Detected error while running simulation. Please correct the issue and retry this operation.
launch_simulation: Time (s): cpu = 00:00:01 ; elapsed = 00:00:06 . Memory (MB): peak = 1723.832 ; gain = 0.000
ERROR: [Common 17-39] 'launch_simulation' failed due to earlier errors.
INFO: [Simtcl 6-16] Simulation closed
Command: launch_simulation 
INFO: [Vivado 12-5682] Launching behavioral simulation in 'C:/Users/khali/ENSC_452_git/ENSC_452/LFSR_Generator/lfsr_generator_vivado/lfsr_generator_vivado.sim/sim_1/behav/xsim'
INFO: [SIM-utils-51] Simulation object is 'sim_1'
INFO: [SIM-utils-54] Inspecting design source files for 'tb_lfsr' in fileset 'sim_1'...
INFO: [USF-XSim-97] Finding global include files...
INFO: [USF-XSim-98] Fetching design files from 'sim_1'...
INFO: [USF-XSim-2] XSim::Compile design
INFO: [USF-XSim-61] Executing 'COMPILE and ANALYZE' step in 'C:/Users/khali/ENSC_452_git/ENSC_452/LFSR_Generator/lfsr_generator_vivado/lfsr_generator_vivado.sim/sim_1/behav/xsim'
"xvhdl --incr --relax -prj tb_lfsr_vhdl.prj"
INFO: [USF-XSim-69] 'compile' step finished in '2' seconds
INFO: [USF-XSim-3] XSim::Elaborate design
INFO: [USF-XSim-61] Executing 'ELABORATE' step in 'C:/Users/khali/ENSC_452_git/ENSC_452/LFSR_Generator/lfsr_generator_vivado/lfsr_generator_vivado.sim/sim_1/behav/xsim'
"xelab -wto cb51b1385a464b90be8cb805d1bc6c65 --incr --debug typical --relax --mt 2 -L xil_defaultlib -L secureip --snapshot tb_lfsr_behav xil_defaultlib.tb_lfsr -log elaborate.log"
Vivado Simulator 2020.2
Copyright 1986-1999, 2001-2020 Xilinx, Inc. All Rights Reserved.
Running: C:/Xilinx/Vivado/2020.2/bin/unwrapped/win64.o/xelab.exe -wto cb51b1385a464b90be8cb805d1bc6c65 --incr --debug typical --relax --mt 2 -L xil_defaultlib -L secureip --snapshot tb_lfsr_behav xil_defaultlib.tb_lfsr -log elaborate.log 
Using 2 slave threads.
Starting static elaboration
Completed static elaboration
INFO: [XSIM 43-4323] No Change in HDL. Linking previously generated obj files to create kernel
run_program: Time (s): cpu = 00:00:00 ; elapsed = 00:00:05 . Memory (MB): peak = 1723.832 ; gain = 0.000
INFO: [USF-XSim-69] 'elaborate' step finished in '6' seconds
INFO: [USF-XSim-4] XSim::Simulate design
INFO: [USF-XSim-61] Executing 'SIMULATE' step in 'C:/Users/khali/ENSC_452_git/ENSC_452/LFSR_Generator/lfsr_generator_vivado/lfsr_generator_vivado.sim/sim_1/behav/xsim'
INFO: [USF-XSim-98] *** Running xsim
   with args "tb_lfsr_behav -key {Behavioral:sim_1:Functional:tb_lfsr} -tclbatch {tb_lfsr.tcl} -log {simulate.log}"
INFO: [USF-XSim-8] Loading simulator feature
Vivado Simulator 2020.2
INFO: [Common 17-41] Interrupt caught. Command should exit soon.
