#-----------------------------------------------------------
# Vivado v2020.2 (64-bit)
# SW Build 3064766 on Wed Nov 18 09:12:45 MST 2020
# IP Build 3064653 on Wed Nov 18 14:17:31 MST 2020
# Start of session at: Sun Feb 28 22:42:59 2021
# Process ID: 22140
# Current directory: C:/Users/khali/ENSC_452_git/ENSC_452/LFSR_Generator/lfsr_generator_vivado
# Command line: vivado.exe -gui_launcher_event rodinguilauncherevent22572 C:\Users\khali\ENSC_452_git\ENSC_452\LFSR_Generator\lfsr_generator_vivado\lfsr_generator_vivado.xpr
# Log file: C:/Users/khali/ENSC_452_git/ENSC_452/LFSR_Generator/lfsr_generator_vivado/vivado.log
# Journal file: C:/Users/khali/ENSC_452_git/ENSC_452/LFSR_Generator/lfsr_generator_vivado\vivado.jou
#-----------------------------------------------------------
start_gui
open_project C:/Users/khali/ENSC_452_git/ENSC_452/LFSR_Generator/lfsr_generator_vivado/lfsr_generator_vivado.xpr
Scanning sources...
Finished scanning sources
INFO: [IP_Flow 19-234] Refreshing IP repositories
INFO: [IP_Flow 19-1700] Loaded user IP repository 'c:/Users/khali/ENSC_452_git/ENSC_452/LFSR_Generator/ip_sources/lfsr_1.0'.
INFO: [IP_Flow 19-2313] Loaded Vivado IP repository 'C:/Xilinx/Vivado/2020.2/data/ip'.
open_project: Time (s): cpu = 00:00:21 ; elapsed = 00:00:11 . Memory (MB): peak = 1101.930 ; gain = 0.000
launch_simulation
Command: launch_simulation 
boost::filesystem::remove: The process cannot access the file because it is being used by another process: "C:/Users/khali/ENSC_452_git/ENSC_452/LFSR_Generator/lfsr_generator_vivado/lfsr_generator_vivado.sim/sim_1/behav/xsim/elaborate.log"
update_compile_order -fileset sources_1
launch_simulation
Command: launch_simulation 
boost::filesystem::remove: The process cannot access the file because it is being used by another process: "C:/Users/khali/ENSC_452_git/ENSC_452/LFSR_Generator/lfsr_generator_vivado/lfsr_generator_vivado.sim/sim_1/behav/xsim/elaborate.log"
exit
INFO: [Common 17-206] Exiting Vivado at Sun Feb 28 22:44:34 2021...
