#-----------------------------------------------------------
# Webtalk v2019.1 (64-bit)
# SW Build 2552052 on Fri May 24 14:49:42 MDT 2019
# 
# Start of session at: Tue Feb 11 18:19:46 2020
# Process ID: 2888
# Current directory: U:/ENSC_452/Project_Modules/Audio/Experimental/volume_control/volume_control.sdk/webtalk
# Command line: wbtcv.exe -mode batch -source sdk_webtalk.tcl
# Log file: U:/ENSC_452/Project_Modules/Audio/Experimental/volume_control/volume_control.sdk/webtalk/webtalk.log
# Journal file: U:/ENSC_452/Project_Modules/Audio/Experimental/volume_control/volume_control.sdk/webtalk\webtalk.jou
#-----------------------------------------------------------
source sdk_webtalk.tcl
# webtalk_init -webtalk_dir U:\\ENSC_452\\Project_Modules\\Audio\\Experimental\\volume_control\\volume_control.sdk\\webtalk
# webtalk_register_client -client project
# webtalk_add_data -client project -key date_generated -value "2020-02-11 18:19:43" -context "software_version_and_target_device"
# webtalk_add_data -client project -key product_version -value "SDK v2019.1" -context "software_version_and_target_device"
# webtalk_add_data -client project -key build_version -value "2019.1" -context "software_version_and_target_device"
# webtalk_add_data -client project -key os_platform -value "amd64" -context "software_version_and_target_device"
# webtalk_add_data -client project -key registration_id -value "174126375_1777515234_210673548_246" -context "software_version_and_target_device"
# webtalk_add_data -client project -key tool_flow -value "SDK" -context "software_version_and_target_device"
# webtalk_add_data -client project -key beta -value "false" -context "software_version_and_target_device"
# webtalk_add_data -client project -key route_design -value "NA" -context "software_version_and_target_device"
# webtalk_add_data -client project -key target_family -value "NA" -context "software_version_and_target_device"
# webtalk_add_data -client project -key target_device -value "NA" -context "software_version_and_target_device"
# webtalk_add_data -client project -key target_package -value "NA" -context "software_version_and_target_device"
# webtalk_add_data -client project -key target_speed -value "NA" -context "software_version_and_target_device"
# webtalk_add_data -client project -key random_id -value "bug176v6v6mlqgjtafsa1b2ken" -context "software_version_and_target_device"
# webtalk_add_data -client project -key project_id -value "2019.1_2" -context "software_version_and_target_device"
# webtalk_add_data -client project -key project_iteration -value "2" -context "software_version_and_target_device"
# webtalk_add_data -client project -key os_name -value "Microsoft Windows 8 or later , 64-bit" -context "user_environment"
# webtalk_add_data -client project -key os_release -value "major release  (build 9200)" -context "user_environment"
# webtalk_add_data -client project -key cpu_name -value "Intel(R) Core(TM) i7-4770S CPU @ 3.10GHz" -context "user_environment"
# webtalk_add_data -client project -key cpu_speed -value "3093 MHz" -context "user_environment"
# webtalk_add_data -client project -key total_processors -value "1" -context "user_environment"
# webtalk_add_data -client project -key system_ram -value "17.084 GB" -context "user_environment"
# webtalk_register_client -client sdk
# webtalk_add_data -client sdk -key uid -value "1581470027082" -context "sdk\\\\hardware/1581470027082"
# webtalk_add_data -client sdk -key isZynq -value "true" -context "sdk\\\\hardware/1581470027082"
# webtalk_add_data -client sdk -key isZynqMP -value "false" -context "sdk\\\\hardware/1581470027082"
# webtalk_add_data -client sdk -key Processors -value "2" -context "sdk\\\\hardware/1581470027082"
# webtalk_add_data -client sdk -key VivadoVersion -value "2019.1" -context "sdk\\\\hardware/1581470027082"
# webtalk_add_data -client sdk -key Arch -value "zynq" -context "sdk\\\\hardware/1581470027082"
# webtalk_add_data -client sdk -key Device -value "7z020" -context "sdk\\\\hardware/1581470027082"
# webtalk_add_data -client sdk -key IsHandoff -value "true" -context "sdk\\\\hardware/1581470027082"
# webtalk_add_data -client sdk -key os -value "NA" -context "sdk\\\\hardware/1581470027082"
# webtalk_add_data -client sdk -key apptemplate -value "NA" -context "sdk\\\\hardware/1581470027082"
# webtalk_add_data -client sdk -key RecordType -value "HWCreation" -context "sdk\\\\hardware/1581470027082"
# webtalk_add_data -client sdk -key uid -value "1581470079343" -context "sdk\\\\bsp/1581470079343"
# webtalk_add_data -client sdk -key hwid -value "1581470027082" -context "sdk\\\\bsp/1581470079343"
# webtalk_add_data -client sdk -key os -value "standalone" -context "sdk\\\\bsp/1581470079343"
# webtalk_add_data -client sdk -key apptemplate -value "hello_world" -context "sdk\\\\bsp/1581470079343"
# webtalk_add_data -client sdk -key RecordType -value "BSPCreation" -context "sdk\\\\bsp/1581470079343"
# webtalk_add_data -client sdk -key uid -value "1581470100425" -context "sdk\\\\application/1581470100425"
# webtalk_add_data -client sdk -key hwid -value "1581470027082" -context "sdk\\\\application/1581470100425"
# webtalk_add_data -client sdk -key bspid -value "1581470079343" -context "sdk\\\\application/1581470100425"
# webtalk_add_data -client sdk -key newbsp -value "true" -context "sdk\\\\application/1581470100425"
# webtalk_add_data -client sdk -key os -value "standalone" -context "sdk\\\\application/1581470100425"
# webtalk_add_data -client sdk -key apptemplate -value "hello_world" -context "sdk\\\\application/1581470100425"
# webtalk_add_data -client sdk -key RecordType -value "APPCreation" -context "sdk\\\\application/1581470100425"
# webtalk_add_data -client sdk -key LangUsed -value "C" -context "sdk\\\\application/1581470100425"
# webtalk_add_data -client sdk -key Procused -value "ps7_cortexa9" -context "sdk\\\\application/1581470100425"
# webtalk_add_data -client sdk -key projSize -value "694.1484375" -context "sdk\\\\application/1581470100425"
# webtalk_add_data -client sdk -key uid -value "NA" -context "sdk\\\\bsp/1581473983621"
# webtalk_add_data -client sdk -key RecordType -value "ToolUsage" -context "sdk\\\\bsp/1581473983621"
# webtalk_add_data -client sdk -key BootgenCount -value "0" -context "sdk\\\\bsp/1581473983621"
# webtalk_add_data -client sdk -key DebugCount -value "24" -context "sdk\\\\bsp/1581473983621"
# webtalk_add_data -client sdk -key PerfCount -value "0" -context "sdk\\\\bsp/1581473983621"
# webtalk_add_data -client sdk -key FlashCount -value "0" -context "sdk\\\\bsp/1581473983621"
# webtalk_add_data -client sdk -key CrossTriggCount -value "0" -context "sdk\\\\bsp/1581473983621"
# webtalk_add_data -client sdk -key QemuDebugCount -value "0" -context "sdk\\\\bsp/1581473983621"
# webtalk_transmit -clientid 2327053362 -regid "174126375_1777515234_210673548_246" -xml U:\\ENSC_452\\Project_Modules\\Audio\\Experimental\\volume_control\\volume_control.sdk\\webtalk\\usage_statistics_ext_sdk.xml -html U:\\ENSC_452\\Project_Modules\\Audio\\Experimental\\volume_control\\volume_control.sdk\\webtalk\\usage_statistics_ext_sdk.html -wdm U:\\ENSC_452\\Project_Modules\\Audio\\Experimental\\volume_control\\volume_control.sdk\\webtalk\\sdk_webtalk.wdm -intro "<H3>SDK Usage Report</H3><BR>"
# webtalk_terminate
INFO: [Common 17-206] Exiting Webtalk at Tue Feb 11 18:19:47 2020...
