#-----------------------------------------------------------
# Vivado v2020.2 (64-bit)
# SW Build 3064766 on Wed Nov 18 09:12:45 MST 2020
# IP Build 3064653 on Wed Nov 18 14:17:31 MST 2020
# Start of session at: Tue Jan 26 22:29:27 2021
# Process ID: 16548
# Current directory: C:/Users/khali/ENSC_452/adventures_with_ip
# Command line: vivado.exe -gui_launcher_event rodinguilauncherevent364 C:\Users\khali\ENSC_452\adventures_with_ip\adventures_with_ip.xpr
# Log file: C:/Users/khali/ENSC_452/adventures_with_ip/vivado.log
# Journal file: C:/Users/khali/ENSC_452/adventures_with_ip\vivado.jou
#-----------------------------------------------------------
start_gui
open_project C:/Users/khali/ENSC_452/adventures_with_ip/adventures_with_ip.xpr
Scanning sources...
Finished scanning sources
INFO: [IP_Flow 19-234] Refreshing IP repositories
INFO: [IP_Flow 19-1700] Loaded user IP repository 'c:/Users/khali/ENSC_452/ip_repo'.
INFO: [IP_Flow 19-2313] Loaded Vivado IP repository 'C:/Xilinx/Vivado/2020.2/data/ip'.
open_project: Time (s): cpu = 00:00:36 ; elapsed = 00:00:19 . Memory (MB): peak = 1101.816 ; gain = 0.000
INFO: [Vivado 12-8231] Launching Vitis
INFO: [Vivado 12-417] Running vitis
INFO: [Vivado 12-8232] Vitis launch initiated. Please check console for any further messages.
update_compile_order -fileset sources_1
open_run impl_1
INFO: [Device 21-403] Loading part xc7z020clg484-1
Netlist sorting complete. Time (s): cpu = 00:00:01 ; elapsed = 00:00:00.171 . Memory (MB): peak = 1234.469 ; gain = 0.000
INFO: [Netlist 29-17] Analyzing 20 Unisim elements for replacement
INFO: [Netlist 29-28] Unisim Transformation completed in 0 CPU seconds
INFO: [Project 1-479] Netlist was created with Vivado 2020.2
INFO: [Project 1-570] Preparing netlist for logic optimization
INFO: [Timing 38-478] Restoring timing data from binary archive.
INFO: [Timing 38-479] Binary timing data restore complete.
INFO: [Project 1-856] Restoring constraints from binary archive.
INFO: [Project 1-853] Binary constraint restore complete.
Reading XDEF placement.
Reading placer database...
Reading XDEF routing.
Read XDEF File: Time (s): cpu = 00:00:01 ; elapsed = 00:00:00.637 . Memory (MB): peak = 1937.355 ; gain = 0.000
Restored from archive | CPU: 1.000000 secs | Memory: 0.000000 MB |
Finished XDEF File Restore: Time (s): cpu = 00:00:01 ; elapsed = 00:00:00.645 . Memory (MB): peak = 1937.355 ; gain = 0.000
Netlist sorting complete. Time (s): cpu = 00:00:00 ; elapsed = 00:00:00.001 . Memory (MB): peak = 1937.355 ; gain = 0.000
INFO: [Project 1-111] Unisim Transformation Summary:
  A total of 2 instances were transformed.
  IOBUF => IOBUF (IBUF, OBUFT): 2 instances

open_run: Time (s): cpu = 00:00:47 ; elapsed = 00:00:36 . Memory (MB): peak = 2050.219 ; gain = 948.402
write_hw_platform -fixed -include_bit -force -file C:/Users/khali/ENSC_452/adventures_with_ip/design_1_wrapper.xsa
INFO: [Vivado 12-4895] Creating Hardware Platform: C:/Users/khali/ENSC_452/adventures_with_ip/design_1_wrapper.xsa ...
INFO: [Hsi 55-2053] elapsed time for repository (C:/Xilinx/Vivado/2020.2/data\embeddedsw) loading 0 seconds
INFO: [Vivado 12-12467] The Hardware Platform can be used for Hardware
INFO: [Vivado 12-4896] Successfully created Hardware Platform: C:/Users/khali/ENSC_452/adventures_with_ip/design_1_wrapper.xsa
write_hw_platform: Time (s): cpu = 00:00:09 ; elapsed = 00:00:09 . Memory (MB): peak = 2557.953 ; gain = 84.973
reset_run impl_1 -prev_step 
launch_runs impl_1 -to_step write_bitstream -jobs 4
[Tue Jan 26 23:17:50 2021] Launched impl_1...
Run output will be captured here: C:/Users/khali/ENSC_452/adventures_with_ip/adventures_with_ip.runs/impl_1/runme.log
write_hw_platform -fixed -include_bit -force -file C:/Users/khali/ENSC_452/adventures_with_ip/design_1_wrapper.xsa
INFO: [Vivado 12-4895] Creating Hardware Platform: C:/Users/khali/ENSC_452/adventures_with_ip/design_1_wrapper.xsa ...
INFO: [Vivado 12-12467] The Hardware Platform can be used for Hardware
INFO: [Vivado 12-4896] Successfully created Hardware Platform: C:/Users/khali/ENSC_452/adventures_with_ip/design_1_wrapper.xsa
write_hw_platform: Time (s): cpu = 00:00:10 ; elapsed = 00:00:09 . Memory (MB): peak = 2608.125 ; gain = 50.172
INFO: [Vivado 12-8231] Launching Vitis
INFO: [Vivado 12-417] Running vitis
INFO: [Vivado 12-8232] Vitis launch initiated. Please check console for any further messages.
INFO: [Vivado 12-8231] Launching Vitis
INFO: [Vivado 12-417] Running vitis
INFO: [Vivado 12-8232] Vitis launch initiated. Please check console for any further messages.
INFO: [Vivado 12-8231] Launching Vitis
INFO: [Vivado 12-417] Running vitis
INFO: [Vivado 12-8232] Vitis launch initiated. Please check console for any further messages.
exit
INFO: [Common 17-206] Exiting Vivado at Wed Jan 27 18:27:50 2021...
