00:40:16 INFO  : Launching XSCT server: xsct.bat -n  -interactive C:\Users\khali\ENSC_452_git\ENSC_452\adventures_with_ip\Workspace\temp_xsdb_launch_script.tcl
00:40:18 INFO  : Registering command handlers for Vitis TCF services
00:40:23 INFO  : XSCT server has started successfully.
00:40:26 INFO  : Platform repository initialization has completed.
00:40:27 INFO  : plnx-install-location is set to ''
00:40:27 INFO  : Successfully done setting XSCT server connection channel  
00:40:27 INFO  : Successfully done query RDI_DATADIR 
00:40:27 INFO  : Successfully done setting workspace for the tool. 
00:40:49 INFO  : Platform 'zedboard_audio' is added to custom repositories.
00:40:50 INFO  : [Import] Updating active build configuration of the system project 'adventures_with_ip_system' to 'Debug' after the import.
00:41:58 INFO  : Result from executing command 'getProjects': zedboard_audio
00:41:58 INFO  : Result from executing command 'getPlatforms': zedboard_audio|C:/Users/khali/ENSC_452_git/ENSC_452/adventures_with_ip/Workspace/zedboard_audio/export/zedboard_audio/zedboard_audio.xpfm
00:42:13 INFO  : Checking for BSP changes to sync application flags for project 'adventures_with_ip'...
00:43:28 INFO  : Connected to target on host '127.0.0.1' and port '3121'.
00:43:29 INFO  : 'targets -set -filter {jtag_cable_name =~ "Digilent Zed 210248469160" && level==0 && jtag_device_ctx=="jsn-Zed-210248469160-03727093-0"}' command is executed.
00:43:31 INFO  : Device configured successfully with "C:/Users/khali/ENSC_452_git/ENSC_452/adventures_with_ip/Workspace/adventures_with_ip/_ide/bitstream/design_1_wrapper.bit"
00:43:53 INFO  : Connected to target on host '127.0.0.1' and port '3121'.
00:43:54 INFO  : Jtag cable 'Digilent Zed 210248469160' is selected.
00:43:54 INFO  : 'jtag frequency' command is executed.
00:43:54 INFO  : Context for 'APU' is selected.
00:43:54 INFO  : System reset is completed.
00:43:57 INFO  : 'after 3000' command is executed.
00:43:57 INFO  : 'targets -set -filter {jtag_cable_name =~ "Digilent Zed 210248469160" && level==0 && jtag_device_ctx=="jsn-Zed-210248469160-03727093-0"}' command is executed.
00:43:59 INFO  : Device configured successfully with "C:/Users/khali/ENSC_452_git/ENSC_452/adventures_with_ip/Workspace/adventures_with_ip/_ide/bitstream/design_1_wrapper.bit"
00:44:00 INFO  : Context for 'APU' is selected.
00:44:00 INFO  : Hardware design and registers information is loaded from 'C:/Users/khali/ENSC_452_git/ENSC_452/adventures_with_ip/Workspace/zedboard_audio/export/zedboard_audio/hw/design_1_wrapper.xsa'.
00:44:00 INFO  : 'configparams force-mem-access 1' command is executed.
00:44:00 INFO  : Context for 'APU' is selected.
00:44:00 INFO  : Sourcing of 'C:/Users/khali/ENSC_452_git/ENSC_452/adventures_with_ip/Workspace/adventures_with_ip/_ide/psinit/ps7_init.tcl' is done.
00:44:00 INFO  : 'ps7_init' command is executed.
00:44:00 INFO  : 'ps7_post_config' command is executed.
00:44:00 INFO  : Context for processor 'ps7_cortexa9_0' is selected.
00:44:01 INFO  : The application 'C:/Users/khali/ENSC_452_git/ENSC_452/adventures_with_ip/Workspace/adventures_with_ip/Debug/adventures_with_ip.elf' is downloaded to processor 'ps7_cortexa9_0'.
00:44:01 INFO  : 'configparams force-mem-access 0' command is executed.
00:44:01 INFO  : ----------------XSDB Script----------------
connect -url tcp:127.0.0.1:3121
targets -set -nocase -filter {name =~"APU*"}
rst -system
after 3000
targets -set -filter {jtag_cable_name =~ "Digilent Zed 210248469160" && level==0 && jtag_device_ctx=="jsn-Zed-210248469160-03727093-0"}
fpga -file C:/Users/khali/ENSC_452_git/ENSC_452/adventures_with_ip/Workspace/adventures_with_ip/_ide/bitstream/design_1_wrapper.bit
targets -set -nocase -filter {name =~"APU*"}
loadhw -hw C:/Users/khali/ENSC_452_git/ENSC_452/adventures_with_ip/Workspace/zedboard_audio/export/zedboard_audio/hw/design_1_wrapper.xsa -mem-ranges [list {0x40000000 0xbfffffff}] -regs
configparams force-mem-access 1
targets -set -nocase -filter {name =~"APU*"}
source C:/Users/khali/ENSC_452_git/ENSC_452/adventures_with_ip/Workspace/adventures_with_ip/_ide/psinit/ps7_init.tcl
ps7_init
ps7_post_config
targets -set -nocase -filter {name =~ "*A9*#0"}
dow C:/Users/khali/ENSC_452_git/ENSC_452/adventures_with_ip/Workspace/adventures_with_ip/Debug/adventures_with_ip.elf
configparams force-mem-access 0
----------------End of Script----------------

00:44:01 INFO  : Context for processor 'ps7_cortexa9_0' is selected.
00:44:01 INFO  : 'con' command is executed.
00:44:01 INFO  : ----------------XSDB Script (After Launch)----------------
targets -set -nocase -filter {name =~ "*A9*#0"}
con
----------------End of Script----------------

00:44:01 INFO  : Launch script is exported to file 'C:\Users\khali\ENSC_452_git\ENSC_452\adventures_with_ip\Workspace\adventures_with_ip_system\_ide\scripts\debugger_adventures_with_ip-default.tcl'
00:45:20 INFO  : Disconnected from the channel tcfchan#3.
01:00:54 INFO  : Checking for BSP changes to sync application flags for project 'adventures_with_ip'...
01:02:06 INFO  : Checking for BSP changes to sync application flags for project 'adventures_with_ip'...
01:05:21 INFO  : Checking for BSP changes to sync application flags for project 'adventures_with_ip'...
01:06:11 INFO  : Checking for BSP changes to sync application flags for project 'adventures_with_ip'...
01:06:30 INFO  : Connected to target on host '127.0.0.1' and port '3121'.
01:06:30 INFO  : Jtag cable 'Digilent Zed 210248469160' is selected.
01:06:30 INFO  : 'jtag frequency' command is executed.
01:06:30 INFO  : Context for 'APU' is selected.
01:06:31 INFO  : System reset is completed.
01:06:34 INFO  : 'after 3000' command is executed.
01:06:34 INFO  : 'targets -set -filter {jtag_cable_name =~ "Digilent Zed 210248469160" && level==0 && jtag_device_ctx=="jsn-Zed-210248469160-03727093-0"}' command is executed.
01:06:36 INFO  : Device configured successfully with "C:/Users/khali/ENSC_452_git/ENSC_452/adventures_with_ip/Workspace/adventures_with_ip/_ide/bitstream/design_1_wrapper.bit"
01:06:36 INFO  : Context for 'APU' is selected.
01:06:36 INFO  : Hardware design and registers information is loaded from 'C:/Users/khali/ENSC_452_git/ENSC_452/adventures_with_ip/Workspace/zedboard_audio/export/zedboard_audio/hw/design_1_wrapper.xsa'.
01:06:36 INFO  : 'configparams force-mem-access 1' command is executed.
01:06:36 INFO  : Context for 'APU' is selected.
01:06:36 INFO  : Sourcing of 'C:/Users/khali/ENSC_452_git/ENSC_452/adventures_with_ip/Workspace/adventures_with_ip/_ide/psinit/ps7_init.tcl' is done.
01:06:37 INFO  : 'ps7_init' command is executed.
01:06:37 INFO  : 'ps7_post_config' command is executed.
01:06:37 INFO  : Context for processor 'ps7_cortexa9_0' is selected.
01:06:37 INFO  : The application 'C:/Users/khali/ENSC_452_git/ENSC_452/adventures_with_ip/Workspace/adventures_with_ip/Debug/adventures_with_ip.elf' is downloaded to processor 'ps7_cortexa9_0'.
01:06:37 INFO  : 'configparams force-mem-access 0' command is executed.
01:06:37 INFO  : ----------------XSDB Script----------------
connect -url tcp:127.0.0.1:3121
targets -set -nocase -filter {name =~"APU*"}
rst -system
after 3000
targets -set -filter {jtag_cable_name =~ "Digilent Zed 210248469160" && level==0 && jtag_device_ctx=="jsn-Zed-210248469160-03727093-0"}
fpga -file C:/Users/khali/ENSC_452_git/ENSC_452/adventures_with_ip/Workspace/adventures_with_ip/_ide/bitstream/design_1_wrapper.bit
targets -set -nocase -filter {name =~"APU*"}
loadhw -hw C:/Users/khali/ENSC_452_git/ENSC_452/adventures_with_ip/Workspace/zedboard_audio/export/zedboard_audio/hw/design_1_wrapper.xsa -mem-ranges [list {0x40000000 0xbfffffff}] -regs
configparams force-mem-access 1
targets -set -nocase -filter {name =~"APU*"}
source C:/Users/khali/ENSC_452_git/ENSC_452/adventures_with_ip/Workspace/adventures_with_ip/_ide/psinit/ps7_init.tcl
ps7_init
ps7_post_config
targets -set -nocase -filter {name =~ "*A9*#0"}
dow C:/Users/khali/ENSC_452_git/ENSC_452/adventures_with_ip/Workspace/adventures_with_ip/Debug/adventures_with_ip.elf
configparams force-mem-access 0
----------------End of Script----------------

01:06:37 INFO  : Context for processor 'ps7_cortexa9_0' is selected.
01:06:38 INFO  : 'con' command is executed.
01:06:38 INFO  : ----------------XSDB Script (After Launch)----------------
targets -set -nocase -filter {name =~ "*A9*#0"}
con
----------------End of Script----------------

01:06:38 INFO  : Launch script is exported to file 'C:\Users\khali\ENSC_452_git\ENSC_452\adventures_with_ip\Workspace\adventures_with_ip_system\_ide\scripts\debugger_adventures_with_ip-default.tcl'
01:07:50 INFO  : Disconnected from the channel tcfchan#5.
01:07:51 INFO  : Connected to target on host '127.0.0.1' and port '3121'.
01:07:51 INFO  : Jtag cable 'Digilent Zed 210248469160' is selected.
01:07:51 INFO  : 'jtag frequency' command is executed.
01:07:51 INFO  : Context for 'APU' is selected.
01:07:51 INFO  : System reset is completed.
01:07:54 INFO  : 'after 3000' command is executed.
01:07:54 INFO  : 'targets -set -filter {jtag_cable_name =~ "Digilent Zed 210248469160" && level==0 && jtag_device_ctx=="jsn-Zed-210248469160-03727093-0"}' command is executed.
01:07:57 INFO  : Device configured successfully with "C:/Users/khali/ENSC_452_git/ENSC_452/adventures_with_ip/Workspace/adventures_with_ip/_ide/bitstream/design_1_wrapper.bit"
01:07:57 INFO  : Context for 'APU' is selected.
01:07:57 INFO  : Hardware design and registers information is loaded from 'C:/Users/khali/ENSC_452_git/ENSC_452/adventures_with_ip/Workspace/zedboard_audio/export/zedboard_audio/hw/design_1_wrapper.xsa'.
01:07:57 INFO  : 'configparams force-mem-access 1' command is executed.
01:07:57 INFO  : Context for 'APU' is selected.
01:07:57 INFO  : Sourcing of 'C:/Users/khali/ENSC_452_git/ENSC_452/adventures_with_ip/Workspace/adventures_with_ip/_ide/psinit/ps7_init.tcl' is done.
01:07:57 INFO  : 'ps7_init' command is executed.
01:07:57 INFO  : 'ps7_post_config' command is executed.
01:07:57 INFO  : Context for processor 'ps7_cortexa9_0' is selected.
01:07:58 INFO  : The application 'C:/Users/khali/ENSC_452_git/ENSC_452/adventures_with_ip/Workspace/adventures_with_ip/Debug/adventures_with_ip.elf' is downloaded to processor 'ps7_cortexa9_0'.
01:07:58 INFO  : 'configparams force-mem-access 0' command is executed.
01:07:58 INFO  : ----------------XSDB Script----------------
connect -url tcp:127.0.0.1:3121
targets -set -nocase -filter {name =~"APU*"}
rst -system
after 3000
targets -set -filter {jtag_cable_name =~ "Digilent Zed 210248469160" && level==0 && jtag_device_ctx=="jsn-Zed-210248469160-03727093-0"}
fpga -file C:/Users/khali/ENSC_452_git/ENSC_452/adventures_with_ip/Workspace/adventures_with_ip/_ide/bitstream/design_1_wrapper.bit
targets -set -nocase -filter {name =~"APU*"}
loadhw -hw C:/Users/khali/ENSC_452_git/ENSC_452/adventures_with_ip/Workspace/zedboard_audio/export/zedboard_audio/hw/design_1_wrapper.xsa -mem-ranges [list {0x40000000 0xbfffffff}] -regs
configparams force-mem-access 1
targets -set -nocase -filter {name =~"APU*"}
source C:/Users/khali/ENSC_452_git/ENSC_452/adventures_with_ip/Workspace/adventures_with_ip/_ide/psinit/ps7_init.tcl
ps7_init
ps7_post_config
targets -set -nocase -filter {name =~ "*A9*#0"}
dow C:/Users/khali/ENSC_452_git/ENSC_452/adventures_with_ip/Workspace/adventures_with_ip/Debug/adventures_with_ip.elf
configparams force-mem-access 0
----------------End of Script----------------

01:07:58 INFO  : Context for processor 'ps7_cortexa9_0' is selected.
01:07:58 INFO  : 'con' command is executed.
01:07:58 INFO  : ----------------XSDB Script (After Launch)----------------
targets -set -nocase -filter {name =~ "*A9*#0"}
con
----------------End of Script----------------

01:07:58 INFO  : Launch script is exported to file 'C:\Users\khali\ENSC_452_git\ENSC_452\adventures_with_ip\Workspace\adventures_with_ip_system\_ide\scripts\debugger_adventures_with_ip-default.tcl'
01:08:39 INFO  : Disconnected from the channel tcfchan#6.
01:08:46 INFO  : Connected to target on host '127.0.0.1' and port '3121'.
01:08:47 INFO  : Jtag cable 'Digilent Zed 210248469160' is selected.
01:08:47 INFO  : 'jtag frequency' command is executed.
01:08:47 INFO  : Context for 'APU' is selected.
01:08:47 INFO  : System reset is completed.
01:08:50 INFO  : 'after 3000' command is executed.
01:08:50 INFO  : 'targets -set -filter {jtag_cable_name =~ "Digilent Zed 210248469160" && level==0 && jtag_device_ctx=="jsn-Zed-210248469160-03727093-0"}' command is executed.
01:08:52 INFO  : Device configured successfully with "C:/Users/khali/ENSC_452_git/ENSC_452/adventures_with_ip/Workspace/adventures_with_ip/_ide/bitstream/design_1_wrapper.bit"
01:08:52 INFO  : Context for 'APU' is selected.
01:08:52 INFO  : Hardware design and registers information is loaded from 'C:/Users/khali/ENSC_452_git/ENSC_452/adventures_with_ip/Workspace/zedboard_audio/export/zedboard_audio/hw/design_1_wrapper.xsa'.
01:08:52 INFO  : 'configparams force-mem-access 1' command is executed.
01:08:52 INFO  : Context for 'APU' is selected.
01:08:52 INFO  : Sourcing of 'C:/Users/khali/ENSC_452_git/ENSC_452/adventures_with_ip/Workspace/adventures_with_ip/_ide/psinit/ps7_init.tcl' is done.
01:08:53 INFO  : 'ps7_init' command is executed.
01:08:53 INFO  : 'ps7_post_config' command is executed.
01:08:53 INFO  : Context for processor 'ps7_cortexa9_0' is selected.
01:08:53 INFO  : The application 'C:/Users/khali/ENSC_452_git/ENSC_452/adventures_with_ip/Workspace/adventures_with_ip/Debug/adventures_with_ip.elf' is downloaded to processor 'ps7_cortexa9_0'.
01:08:53 INFO  : 'configparams force-mem-access 0' command is executed.
01:08:53 INFO  : ----------------XSDB Script----------------
connect -url tcp:127.0.0.1:3121
targets -set -nocase -filter {name =~"APU*"}
rst -system
after 3000
targets -set -filter {jtag_cable_name =~ "Digilent Zed 210248469160" && level==0 && jtag_device_ctx=="jsn-Zed-210248469160-03727093-0"}
fpga -file C:/Users/khali/ENSC_452_git/ENSC_452/adventures_with_ip/Workspace/adventures_with_ip/_ide/bitstream/design_1_wrapper.bit
targets -set -nocase -filter {name =~"APU*"}
loadhw -hw C:/Users/khali/ENSC_452_git/ENSC_452/adventures_with_ip/Workspace/zedboard_audio/export/zedboard_audio/hw/design_1_wrapper.xsa -mem-ranges [list {0x40000000 0xbfffffff}] -regs
configparams force-mem-access 1
targets -set -nocase -filter {name =~"APU*"}
source C:/Users/khali/ENSC_452_git/ENSC_452/adventures_with_ip/Workspace/adventures_with_ip/_ide/psinit/ps7_init.tcl
ps7_init
ps7_post_config
targets -set -nocase -filter {name =~ "*A9*#0"}
dow C:/Users/khali/ENSC_452_git/ENSC_452/adventures_with_ip/Workspace/adventures_with_ip/Debug/adventures_with_ip.elf
configparams force-mem-access 0
----------------End of Script----------------

01:08:53 INFO  : Context for processor 'ps7_cortexa9_0' is selected.
01:08:53 INFO  : 'con' command is executed.
01:08:53 INFO  : ----------------XSDB Script (After Launch)----------------
targets -set -nocase -filter {name =~ "*A9*#0"}
con
----------------End of Script----------------

01:08:53 INFO  : Launch script is exported to file 'C:\Users\khali\ENSC_452_git\ENSC_452\adventures_with_ip\Workspace\adventures_with_ip_system\_ide\scripts\debugger_adventures_with_ip-default.tcl'
01:11:12 INFO  : Disconnected from the channel tcfchan#7.
01:11:54 INFO  : Connected to target on host '127.0.0.1' and port '3121'.
01:11:55 INFO  : Jtag cable 'Digilent Zed 210248469160' is selected.
01:11:55 INFO  : 'jtag frequency' command is executed.
01:11:55 INFO  : Context for 'APU' is selected.
01:11:55 INFO  : System reset is completed.
01:11:58 INFO  : 'after 3000' command is executed.
01:11:58 INFO  : 'targets -set -filter {jtag_cable_name =~ "Digilent Zed 210248469160" && level==0 && jtag_device_ctx=="jsn-Zed-210248469160-03727093-0"}' command is executed.
01:12:00 INFO  : Device configured successfully with "C:/Users/khali/ENSC_452_git/ENSC_452/adventures_with_ip/Workspace/adventures_with_ip/_ide/bitstream/design_1_wrapper.bit"
01:12:01 INFO  : Context for 'APU' is selected.
01:12:01 INFO  : Hardware design and registers information is loaded from 'C:/Users/khali/ENSC_452_git/ENSC_452/adventures_with_ip/Workspace/zedboard_audio/export/zedboard_audio/hw/design_1_wrapper.xsa'.
01:12:01 INFO  : 'configparams force-mem-access 1' command is executed.
01:12:01 INFO  : Context for 'APU' is selected.
01:12:01 INFO  : Sourcing of 'C:/Users/khali/ENSC_452_git/ENSC_452/adventures_with_ip/Workspace/adventures_with_ip/_ide/psinit/ps7_init.tcl' is done.
01:12:01 INFO  : 'ps7_init' command is executed.
01:12:01 INFO  : 'ps7_post_config' command is executed.
01:12:01 INFO  : Context for processor 'ps7_cortexa9_0' is selected.
01:12:01 INFO  : The application 'C:/Users/khali/ENSC_452_git/ENSC_452/adventures_with_ip/Workspace/adventures_with_ip/Debug/adventures_with_ip.elf' is downloaded to processor 'ps7_cortexa9_0'.
01:12:01 INFO  : 'configparams force-mem-access 0' command is executed.
01:12:01 INFO  : ----------------XSDB Script----------------
connect -url tcp:127.0.0.1:3121
targets -set -nocase -filter {name =~"APU*"}
rst -system
after 3000
targets -set -filter {jtag_cable_name =~ "Digilent Zed 210248469160" && level==0 && jtag_device_ctx=="jsn-Zed-210248469160-03727093-0"}
fpga -file C:/Users/khali/ENSC_452_git/ENSC_452/adventures_with_ip/Workspace/adventures_with_ip/_ide/bitstream/design_1_wrapper.bit
targets -set -nocase -filter {name =~"APU*"}
loadhw -hw C:/Users/khali/ENSC_452_git/ENSC_452/adventures_with_ip/Workspace/zedboard_audio/export/zedboard_audio/hw/design_1_wrapper.xsa -mem-ranges [list {0x40000000 0xbfffffff}] -regs
configparams force-mem-access 1
targets -set -nocase -filter {name =~"APU*"}
source C:/Users/khali/ENSC_452_git/ENSC_452/adventures_with_ip/Workspace/adventures_with_ip/_ide/psinit/ps7_init.tcl
ps7_init
ps7_post_config
targets -set -nocase -filter {name =~ "*A9*#0"}
dow C:/Users/khali/ENSC_452_git/ENSC_452/adventures_with_ip/Workspace/adventures_with_ip/Debug/adventures_with_ip.elf
configparams force-mem-access 0
----------------End of Script----------------

01:12:01 INFO  : Context for processor 'ps7_cortexa9_0' is selected.
01:12:02 INFO  : 'con' command is executed.
01:12:02 INFO  : ----------------XSDB Script (After Launch)----------------
targets -set -nocase -filter {name =~ "*A9*#0"}
con
----------------End of Script----------------

01:12:02 INFO  : Launch script is exported to file 'C:\Users\khali\ENSC_452_git\ENSC_452\adventures_with_ip\Workspace\adventures_with_ip_system\_ide\scripts\debugger_adventures_with_ip-default.tcl'
01:12:19 INFO  : Disconnected from the channel tcfchan#8.
01:12:26 INFO  : Checking for BSP changes to sync application flags for project 'adventures_with_ip'...
01:12:35 INFO  : Connected to target on host '127.0.0.1' and port '3121'.
01:12:36 INFO  : Jtag cable 'Digilent Zed 210248469160' is selected.
01:12:36 INFO  : 'jtag frequency' command is executed.
01:12:36 INFO  : Context for 'APU' is selected.
01:12:36 INFO  : System reset is completed.
01:12:39 INFO  : 'after 3000' command is executed.
01:12:39 INFO  : 'targets -set -filter {jtag_cable_name =~ "Digilent Zed 210248469160" && level==0 && jtag_device_ctx=="jsn-Zed-210248469160-03727093-0"}' command is executed.
01:12:43 INFO  : Device configured successfully with "C:/Users/khali/ENSC_452_git/ENSC_452/adventures_with_ip/Workspace/adventures_with_ip/_ide/bitstream/design_1_wrapper.bit"
01:12:43 INFO  : Context for 'APU' is selected.
01:12:43 INFO  : Hardware design and registers information is loaded from 'C:/Users/khali/ENSC_452_git/ENSC_452/adventures_with_ip/Workspace/zedboard_audio/export/zedboard_audio/hw/design_1_wrapper.xsa'.
01:12:43 INFO  : 'configparams force-mem-access 1' command is executed.
01:12:43 INFO  : Context for 'APU' is selected.
01:12:43 INFO  : Sourcing of 'C:/Users/khali/ENSC_452_git/ENSC_452/adventures_with_ip/Workspace/adventures_with_ip/_ide/psinit/ps7_init.tcl' is done.
01:12:43 INFO  : 'ps7_init' command is executed.
01:12:43 INFO  : 'ps7_post_config' command is executed.
01:12:43 INFO  : Context for processor 'ps7_cortexa9_0' is selected.
01:12:43 ERROR : Cannot halt processor core, timeout
01:12:43 INFO  : ----------------XSDB Script----------------
connect -url tcp:127.0.0.1:3121
targets -set -nocase -filter {name =~"APU*"}
rst -system
after 3000
targets -set -filter {jtag_cable_name =~ "Digilent Zed 210248469160" && level==0 && jtag_device_ctx=="jsn-Zed-210248469160-03727093-0"}
fpga -file C:/Users/khali/ENSC_452_git/ENSC_452/adventures_with_ip/Workspace/adventures_with_ip/_ide/bitstream/design_1_wrapper.bit
targets -set -nocase -filter {name =~"APU*"}
loadhw -hw C:/Users/khali/ENSC_452_git/ENSC_452/adventures_with_ip/Workspace/zedboard_audio/export/zedboard_audio/hw/design_1_wrapper.xsa -mem-ranges [list {0x40000000 0xbfffffff}] -regs
configparams force-mem-access 1
targets -set -nocase -filter {name =~"APU*"}
source C:/Users/khali/ENSC_452_git/ENSC_452/adventures_with_ip/Workspace/adventures_with_ip/_ide/psinit/ps7_init.tcl
ps7_init
ps7_post_config
targets -set -nocase -filter {name =~ "*A9*#0"}
dow C:/Users/khali/ENSC_452_git/ENSC_452/adventures_with_ip/Workspace/adventures_with_ip/Debug/adventures_with_ip.elf
----------------End of Script----------------

01:12:43 ERROR : Cannot halt processor core, timeout
01:12:54 INFO  : Connected to target on host '127.0.0.1' and port '3121'.
01:12:54 INFO  : Jtag cable 'Digilent Zed 210248469160' is selected.
01:12:54 INFO  : 'jtag frequency' command is executed.
01:12:54 INFO  : Context for 'APU' is selected.
01:12:54 INFO  : System reset is completed.
01:12:57 INFO  : 'after 3000' command is executed.
01:12:57 INFO  : 'targets -set -filter {jtag_cable_name =~ "Digilent Zed 210248469160" && level==0 && jtag_device_ctx=="jsn-Zed-210248469160-03727093-0"}' command is executed.
01:13:00 INFO  : Device configured successfully with "C:/Users/khali/ENSC_452_git/ENSC_452/adventures_with_ip/Workspace/adventures_with_ip/_ide/bitstream/design_1_wrapper.bit"
01:13:00 INFO  : Context for 'APU' is selected.
01:13:00 INFO  : Hardware design and registers information is loaded from 'C:/Users/khali/ENSC_452_git/ENSC_452/adventures_with_ip/Workspace/zedboard_audio/export/zedboard_audio/hw/design_1_wrapper.xsa'.
01:13:00 INFO  : 'configparams force-mem-access 1' command is executed.
01:13:00 INFO  : Context for 'APU' is selected.
01:13:00 INFO  : Sourcing of 'C:/Users/khali/ENSC_452_git/ENSC_452/adventures_with_ip/Workspace/adventures_with_ip/_ide/psinit/ps7_init.tcl' is done.
01:13:00 INFO  : 'ps7_init' command is executed.
01:13:00 INFO  : 'ps7_post_config' command is executed.
01:13:00 INFO  : Context for processor 'ps7_cortexa9_0' is selected.
01:13:00 INFO  : The application 'C:/Users/khali/ENSC_452_git/ENSC_452/adventures_with_ip/Workspace/adventures_with_ip/Debug/adventures_with_ip.elf' is downloaded to processor 'ps7_cortexa9_0'.
01:13:00 INFO  : 'configparams force-mem-access 0' command is executed.
01:13:00 INFO  : ----------------XSDB Script----------------
connect -url tcp:127.0.0.1:3121
targets -set -nocase -filter {name =~"APU*"}
rst -system
after 3000
targets -set -filter {jtag_cable_name =~ "Digilent Zed 210248469160" && level==0 && jtag_device_ctx=="jsn-Zed-210248469160-03727093-0"}
fpga -file C:/Users/khali/ENSC_452_git/ENSC_452/adventures_with_ip/Workspace/adventures_with_ip/_ide/bitstream/design_1_wrapper.bit
targets -set -nocase -filter {name =~"APU*"}
loadhw -hw C:/Users/khali/ENSC_452_git/ENSC_452/adventures_with_ip/Workspace/zedboard_audio/export/zedboard_audio/hw/design_1_wrapper.xsa -mem-ranges [list {0x40000000 0xbfffffff}] -regs
configparams force-mem-access 1
targets -set -nocase -filter {name =~"APU*"}
source C:/Users/khali/ENSC_452_git/ENSC_452/adventures_with_ip/Workspace/adventures_with_ip/_ide/psinit/ps7_init.tcl
ps7_init
ps7_post_config
targets -set -nocase -filter {name =~ "*A9*#0"}
dow C:/Users/khali/ENSC_452_git/ENSC_452/adventures_with_ip/Workspace/adventures_with_ip/Debug/adventures_with_ip.elf
configparams force-mem-access 0
----------------End of Script----------------

01:13:00 INFO  : Context for processor 'ps7_cortexa9_0' is selected.
01:13:00 INFO  : 'con' command is executed.
01:13:00 INFO  : ----------------XSDB Script (After Launch)----------------
targets -set -nocase -filter {name =~ "*A9*#0"}
con
----------------End of Script----------------

01:13:00 INFO  : Launch script is exported to file 'C:\Users\khali\ENSC_452_git\ENSC_452\adventures_with_ip\Workspace\adventures_with_ip_system\_ide\scripts\debugger_adventures_with_ip-default.tcl'
01:13:28 INFO  : Disconnected from the channel tcfchan#9.
01:13:34 INFO  : Checking for BSP changes to sync application flags for project 'adventures_with_ip'...
01:13:38 INFO  : Connected to target on host '127.0.0.1' and port '3121'.
01:13:39 INFO  : Jtag cable 'Digilent Zed 210248469160' is selected.
01:13:39 INFO  : 'jtag frequency' command is executed.
01:13:39 INFO  : Context for 'APU' is selected.
01:13:39 INFO  : System reset is completed.
01:13:42 INFO  : 'after 3000' command is executed.
01:13:42 INFO  : 'targets -set -filter {jtag_cable_name =~ "Digilent Zed 210248469160" && level==0 && jtag_device_ctx=="jsn-Zed-210248469160-03727093-0"}' command is executed.
01:13:44 INFO  : Device configured successfully with "C:/Users/khali/ENSC_452_git/ENSC_452/adventures_with_ip/Workspace/adventures_with_ip/_ide/bitstream/design_1_wrapper.bit"
01:13:44 INFO  : Context for 'APU' is selected.
01:13:44 INFO  : Hardware design and registers information is loaded from 'C:/Users/khali/ENSC_452_git/ENSC_452/adventures_with_ip/Workspace/zedboard_audio/export/zedboard_audio/hw/design_1_wrapper.xsa'.
01:13:44 INFO  : 'configparams force-mem-access 1' command is executed.
01:13:45 INFO  : Context for 'APU' is selected.
01:13:45 INFO  : Sourcing of 'C:/Users/khali/ENSC_452_git/ENSC_452/adventures_with_ip/Workspace/adventures_with_ip/_ide/psinit/ps7_init.tcl' is done.
01:13:45 INFO  : 'ps7_init' command is executed.
01:13:45 INFO  : 'ps7_post_config' command is executed.
01:13:45 INFO  : Context for processor 'ps7_cortexa9_0' is selected.
01:13:45 INFO  : The application 'C:/Users/khali/ENSC_452_git/ENSC_452/adventures_with_ip/Workspace/adventures_with_ip/Debug/adventures_with_ip.elf' is downloaded to processor 'ps7_cortexa9_0'.
01:13:45 INFO  : 'configparams force-mem-access 0' command is executed.
01:13:45 INFO  : ----------------XSDB Script----------------
connect -url tcp:127.0.0.1:3121
targets -set -nocase -filter {name =~"APU*"}
rst -system
after 3000
targets -set -filter {jtag_cable_name =~ "Digilent Zed 210248469160" && level==0 && jtag_device_ctx=="jsn-Zed-210248469160-03727093-0"}
fpga -file C:/Users/khali/ENSC_452_git/ENSC_452/adventures_with_ip/Workspace/adventures_with_ip/_ide/bitstream/design_1_wrapper.bit
targets -set -nocase -filter {name =~"APU*"}
loadhw -hw C:/Users/khali/ENSC_452_git/ENSC_452/adventures_with_ip/Workspace/zedboard_audio/export/zedboard_audio/hw/design_1_wrapper.xsa -mem-ranges [list {0x40000000 0xbfffffff}] -regs
configparams force-mem-access 1
targets -set -nocase -filter {name =~"APU*"}
source C:/Users/khali/ENSC_452_git/ENSC_452/adventures_with_ip/Workspace/adventures_with_ip/_ide/psinit/ps7_init.tcl
ps7_init
ps7_post_config
targets -set -nocase -filter {name =~ "*A9*#0"}
dow C:/Users/khali/ENSC_452_git/ENSC_452/adventures_with_ip/Workspace/adventures_with_ip/Debug/adventures_with_ip.elf
configparams force-mem-access 0
----------------End of Script----------------

01:13:46 INFO  : Context for processor 'ps7_cortexa9_0' is selected.
01:13:46 INFO  : 'con' command is executed.
01:13:46 INFO  : ----------------XSDB Script (After Launch)----------------
targets -set -nocase -filter {name =~ "*A9*#0"}
con
----------------End of Script----------------

01:13:46 INFO  : Launch script is exported to file 'C:\Users\khali\ENSC_452_git\ENSC_452\adventures_with_ip\Workspace\adventures_with_ip_system\_ide\scripts\debugger_adventures_with_ip-default.tcl'
01:15:58 INFO  : Disconnected from the channel tcfchan#10.
01:16:06 INFO  : Connected to target on host '127.0.0.1' and port '3121'.
01:16:06 INFO  : Jtag cable 'Digilent Zed 210248469160' is selected.
01:16:06 INFO  : 'jtag frequency' command is executed.
01:16:07 INFO  : Context for 'APU' is selected.
01:16:07 INFO  : System reset is completed.
01:16:10 INFO  : 'after 3000' command is executed.
01:16:10 INFO  : 'targets -set -filter {jtag_cable_name =~ "Digilent Zed 210248469160" && level==0 && jtag_device_ctx=="jsn-Zed-210248469160-03727093-0"}' command is executed.
01:16:12 INFO  : Device configured successfully with "C:/Users/khali/ENSC_452_git/ENSC_452/adventures_with_ip/Workspace/adventures_with_ip/_ide/bitstream/design_1_wrapper.bit"
01:16:12 INFO  : Context for 'APU' is selected.
01:16:12 INFO  : Hardware design and registers information is loaded from 'C:/Users/khali/ENSC_452_git/ENSC_452/adventures_with_ip/Workspace/zedboard_audio/export/zedboard_audio/hw/design_1_wrapper.xsa'.
01:16:12 INFO  : 'configparams force-mem-access 1' command is executed.
01:16:12 INFO  : Context for 'APU' is selected.
01:16:12 INFO  : Sourcing of 'C:/Users/khali/ENSC_452_git/ENSC_452/adventures_with_ip/Workspace/adventures_with_ip/_ide/psinit/ps7_init.tcl' is done.
01:16:13 INFO  : 'ps7_init' command is executed.
01:16:13 INFO  : 'ps7_post_config' command is executed.
01:16:13 INFO  : Context for processor 'ps7_cortexa9_0' is selected.
01:16:13 INFO  : The application 'C:/Users/khali/ENSC_452_git/ENSC_452/adventures_with_ip/Workspace/adventures_with_ip/Debug/adventures_with_ip.elf' is downloaded to processor 'ps7_cortexa9_0'.
01:16:13 INFO  : 'configparams force-mem-access 0' command is executed.
01:16:13 INFO  : ----------------XSDB Script----------------
connect -url tcp:127.0.0.1:3121
targets -set -nocase -filter {name =~"APU*"}
rst -system
after 3000
targets -set -filter {jtag_cable_name =~ "Digilent Zed 210248469160" && level==0 && jtag_device_ctx=="jsn-Zed-210248469160-03727093-0"}
fpga -file C:/Users/khali/ENSC_452_git/ENSC_452/adventures_with_ip/Workspace/adventures_with_ip/_ide/bitstream/design_1_wrapper.bit
targets -set -nocase -filter {name =~"APU*"}
loadhw -hw C:/Users/khali/ENSC_452_git/ENSC_452/adventures_with_ip/Workspace/zedboard_audio/export/zedboard_audio/hw/design_1_wrapper.xsa -mem-ranges [list {0x40000000 0xbfffffff}] -regs
configparams force-mem-access 1
targets -set -nocase -filter {name =~"APU*"}
source C:/Users/khali/ENSC_452_git/ENSC_452/adventures_with_ip/Workspace/adventures_with_ip/_ide/psinit/ps7_init.tcl
ps7_init
ps7_post_config
targets -set -nocase -filter {name =~ "*A9*#0"}
dow C:/Users/khali/ENSC_452_git/ENSC_452/adventures_with_ip/Workspace/adventures_with_ip/Debug/adventures_with_ip.elf
configparams force-mem-access 0
----------------End of Script----------------

01:16:13 INFO  : Context for processor 'ps7_cortexa9_0' is selected.
01:16:13 INFO  : 'con' command is executed.
01:16:13 INFO  : ----------------XSDB Script (After Launch)----------------
targets -set -nocase -filter {name =~ "*A9*#0"}
con
----------------End of Script----------------

01:16:13 INFO  : Launch script is exported to file 'C:\Users\khali\ENSC_452_git\ENSC_452\adventures_with_ip\Workspace\adventures_with_ip_system\_ide\scripts\debugger_adventures_with_ip-default.tcl'
01:17:07 INFO  : Disconnected from the channel tcfchan#11.
01:17:08 INFO  : Connected to target on host '127.0.0.1' and port '3121'.
01:17:08 INFO  : Jtag cable 'Digilent Zed 210248469160' is selected.
01:17:08 INFO  : 'jtag frequency' command is executed.
01:17:08 INFO  : Context for 'APU' is selected.
01:17:08 INFO  : System reset is completed.
01:17:11 INFO  : 'after 3000' command is executed.
01:17:11 INFO  : 'targets -set -filter {jtag_cable_name =~ "Digilent Zed 210248469160" && level==0 && jtag_device_ctx=="jsn-Zed-210248469160-03727093-0"}' command is executed.
01:17:14 INFO  : Device configured successfully with "C:/Users/khali/ENSC_452_git/ENSC_452/adventures_with_ip/Workspace/adventures_with_ip/_ide/bitstream/design_1_wrapper.bit"
01:17:14 INFO  : Context for 'APU' is selected.
01:17:14 INFO  : Hardware design and registers information is loaded from 'C:/Users/khali/ENSC_452_git/ENSC_452/adventures_with_ip/Workspace/zedboard_audio/export/zedboard_audio/hw/design_1_wrapper.xsa'.
01:17:14 INFO  : 'configparams force-mem-access 1' command is executed.
01:17:14 INFO  : Context for 'APU' is selected.
01:17:14 INFO  : Sourcing of 'C:/Users/khali/ENSC_452_git/ENSC_452/adventures_with_ip/Workspace/adventures_with_ip/_ide/psinit/ps7_init.tcl' is done.
01:17:14 INFO  : 'ps7_init' command is executed.
01:17:14 INFO  : 'ps7_post_config' command is executed.
01:17:14 INFO  : Context for processor 'ps7_cortexa9_0' is selected.
01:17:15 INFO  : The application 'C:/Users/khali/ENSC_452_git/ENSC_452/adventures_with_ip/Workspace/adventures_with_ip/Debug/adventures_with_ip.elf' is downloaded to processor 'ps7_cortexa9_0'.
01:17:15 INFO  : 'configparams force-mem-access 0' command is executed.
01:17:15 INFO  : ----------------XSDB Script----------------
connect -url tcp:127.0.0.1:3121
targets -set -nocase -filter {name =~"APU*"}
rst -system
after 3000
targets -set -filter {jtag_cable_name =~ "Digilent Zed 210248469160" && level==0 && jtag_device_ctx=="jsn-Zed-210248469160-03727093-0"}
fpga -file C:/Users/khali/ENSC_452_git/ENSC_452/adventures_with_ip/Workspace/adventures_with_ip/_ide/bitstream/design_1_wrapper.bit
targets -set -nocase -filter {name =~"APU*"}
loadhw -hw C:/Users/khali/ENSC_452_git/ENSC_452/adventures_with_ip/Workspace/zedboard_audio/export/zedboard_audio/hw/design_1_wrapper.xsa -mem-ranges [list {0x40000000 0xbfffffff}] -regs
configparams force-mem-access 1
targets -set -nocase -filter {name =~"APU*"}
source C:/Users/khali/ENSC_452_git/ENSC_452/adventures_with_ip/Workspace/adventures_with_ip/_ide/psinit/ps7_init.tcl
ps7_init
ps7_post_config
targets -set -nocase -filter {name =~ "*A9*#0"}
dow C:/Users/khali/ENSC_452_git/ENSC_452/adventures_with_ip/Workspace/adventures_with_ip/Debug/adventures_with_ip.elf
configparams force-mem-access 0
----------------End of Script----------------

01:17:15 INFO  : Context for processor 'ps7_cortexa9_0' is selected.
01:17:15 INFO  : 'con' command is executed.
01:17:15 INFO  : ----------------XSDB Script (After Launch)----------------
targets -set -nocase -filter {name =~ "*A9*#0"}
con
----------------End of Script----------------

01:17:15 INFO  : Launch script is exported to file 'C:\Users\khali\ENSC_452_git\ENSC_452\adventures_with_ip\Workspace\adventures_with_ip_system\_ide\scripts\debugger_adventures_with_ip-default.tcl'
01:31:41 INFO  : Disconnected from the channel tcfchan#12.
01:32:17 INFO  : Checking for BSP changes to sync application flags for project 'adventures_with_ip'...
01:32:25 INFO  : Connected to target on host '127.0.0.1' and port '3121'.
01:32:25 INFO  : Jtag cable 'Digilent Zed 210248469160' is selected.
01:32:25 INFO  : 'jtag frequency' command is executed.
01:32:25 INFO  : Context for 'APU' is selected.
01:32:26 INFO  : System reset is completed.
01:32:29 INFO  : 'after 3000' command is executed.
01:32:29 INFO  : 'targets -set -filter {jtag_cable_name =~ "Digilent Zed 210248469160" && level==0 && jtag_device_ctx=="jsn-Zed-210248469160-03727093-0"}' command is executed.
01:32:31 INFO  : Device configured successfully with "C:/Users/khali/ENSC_452_git/ENSC_452/adventures_with_ip/Workspace/adventures_with_ip/_ide/bitstream/design_1_wrapper.bit"
01:32:31 INFO  : Context for 'APU' is selected.
01:32:31 INFO  : Hardware design and registers information is loaded from 'C:/Users/khali/ENSC_452_git/ENSC_452/adventures_with_ip/Workspace/zedboard_audio/export/zedboard_audio/hw/design_1_wrapper.xsa'.
01:32:31 INFO  : 'configparams force-mem-access 1' command is executed.
01:32:31 INFO  : Context for 'APU' is selected.
01:32:31 INFO  : Sourcing of 'C:/Users/khali/ENSC_452_git/ENSC_452/adventures_with_ip/Workspace/adventures_with_ip/_ide/psinit/ps7_init.tcl' is done.
01:32:32 INFO  : 'ps7_init' command is executed.
01:32:32 INFO  : 'ps7_post_config' command is executed.
01:32:32 INFO  : Context for processor 'ps7_cortexa9_0' is selected.
01:32:32 INFO  : The application 'C:/Users/khali/ENSC_452_git/ENSC_452/adventures_with_ip/Workspace/adventures_with_ip/Debug/adventures_with_ip.elf' is downloaded to processor 'ps7_cortexa9_0'.
01:32:32 INFO  : 'configparams force-mem-access 0' command is executed.
01:32:32 INFO  : ----------------XSDB Script----------------
connect -url tcp:127.0.0.1:3121
targets -set -nocase -filter {name =~"APU*"}
rst -system
after 3000
targets -set -filter {jtag_cable_name =~ "Digilent Zed 210248469160" && level==0 && jtag_device_ctx=="jsn-Zed-210248469160-03727093-0"}
fpga -file C:/Users/khali/ENSC_452_git/ENSC_452/adventures_with_ip/Workspace/adventures_with_ip/_ide/bitstream/design_1_wrapper.bit
targets -set -nocase -filter {name =~"APU*"}
loadhw -hw C:/Users/khali/ENSC_452_git/ENSC_452/adventures_with_ip/Workspace/zedboard_audio/export/zedboard_audio/hw/design_1_wrapper.xsa -mem-ranges [list {0x40000000 0xbfffffff}] -regs
configparams force-mem-access 1
targets -set -nocase -filter {name =~"APU*"}
source C:/Users/khali/ENSC_452_git/ENSC_452/adventures_with_ip/Workspace/adventures_with_ip/_ide/psinit/ps7_init.tcl
ps7_init
ps7_post_config
targets -set -nocase -filter {name =~ "*A9*#0"}
dow C:/Users/khali/ENSC_452_git/ENSC_452/adventures_with_ip/Workspace/adventures_with_ip/Debug/adventures_with_ip.elf
configparams force-mem-access 0
----------------End of Script----------------

01:32:32 INFO  : Context for processor 'ps7_cortexa9_0' is selected.
01:32:32 INFO  : 'con' command is executed.
01:32:32 INFO  : ----------------XSDB Script (After Launch)----------------
targets -set -nocase -filter {name =~ "*A9*#0"}
con
----------------End of Script----------------

01:32:32 INFO  : Launch script is exported to file 'C:\Users\khali\ENSC_452_git\ENSC_452\adventures_with_ip\Workspace\adventures_with_ip_system\_ide\scripts\debugger_adventures_with_ip-default.tcl'
01:33:23 INFO  : Disconnected from the channel tcfchan#13.
01:33:36 INFO  : Checking for BSP changes to sync application flags for project 'adventures_with_ip'...
01:33:42 INFO  : Connected to target on host '127.0.0.1' and port '3121'.
01:33:42 INFO  : Jtag cable 'Digilent Zed 210248469160' is selected.
01:33:42 INFO  : 'jtag frequency' command is executed.
01:33:42 INFO  : Context for 'APU' is selected.
01:33:42 INFO  : System reset is completed.
01:33:45 INFO  : 'after 3000' command is executed.
01:33:46 INFO  : 'targets -set -filter {jtag_cable_name =~ "Digilent Zed 210248469160" && level==0 && jtag_device_ctx=="jsn-Zed-210248469160-03727093-0"}' command is executed.
01:33:48 INFO  : Device configured successfully with "C:/Users/khali/ENSC_452_git/ENSC_452/adventures_with_ip/Workspace/adventures_with_ip/_ide/bitstream/design_1_wrapper.bit"
01:33:48 INFO  : Context for 'APU' is selected.
01:33:48 INFO  : Hardware design and registers information is loaded from 'C:/Users/khali/ENSC_452_git/ENSC_452/adventures_with_ip/Workspace/zedboard_audio/export/zedboard_audio/hw/design_1_wrapper.xsa'.
01:33:48 INFO  : 'configparams force-mem-access 1' command is executed.
01:33:48 INFO  : Context for 'APU' is selected.
01:33:48 INFO  : Sourcing of 'C:/Users/khali/ENSC_452_git/ENSC_452/adventures_with_ip/Workspace/adventures_with_ip/_ide/psinit/ps7_init.tcl' is done.
01:33:49 INFO  : 'ps7_init' command is executed.
01:33:49 INFO  : 'ps7_post_config' command is executed.
01:33:49 INFO  : Context for processor 'ps7_cortexa9_0' is selected.
01:33:49 INFO  : The application 'C:/Users/khali/ENSC_452_git/ENSC_452/adventures_with_ip/Workspace/adventures_with_ip/Debug/adventures_with_ip.elf' is downloaded to processor 'ps7_cortexa9_0'.
01:33:49 INFO  : 'configparams force-mem-access 0' command is executed.
01:33:49 INFO  : ----------------XSDB Script----------------
connect -url tcp:127.0.0.1:3121
targets -set -nocase -filter {name =~"APU*"}
rst -system
after 3000
targets -set -filter {jtag_cable_name =~ "Digilent Zed 210248469160" && level==0 && jtag_device_ctx=="jsn-Zed-210248469160-03727093-0"}
fpga -file C:/Users/khali/ENSC_452_git/ENSC_452/adventures_with_ip/Workspace/adventures_with_ip/_ide/bitstream/design_1_wrapper.bit
targets -set -nocase -filter {name =~"APU*"}
loadhw -hw C:/Users/khali/ENSC_452_git/ENSC_452/adventures_with_ip/Workspace/zedboard_audio/export/zedboard_audio/hw/design_1_wrapper.xsa -mem-ranges [list {0x40000000 0xbfffffff}] -regs
configparams force-mem-access 1
targets -set -nocase -filter {name =~"APU*"}
source C:/Users/khali/ENSC_452_git/ENSC_452/adventures_with_ip/Workspace/adventures_with_ip/_ide/psinit/ps7_init.tcl
ps7_init
ps7_post_config
targets -set -nocase -filter {name =~ "*A9*#0"}
dow C:/Users/khali/ENSC_452_git/ENSC_452/adventures_with_ip/Workspace/adventures_with_ip/Debug/adventures_with_ip.elf
configparams force-mem-access 0
----------------End of Script----------------

01:33:49 INFO  : Context for processor 'ps7_cortexa9_0' is selected.
01:33:50 INFO  : 'con' command is executed.
01:33:50 INFO  : ----------------XSDB Script (After Launch)----------------
targets -set -nocase -filter {name =~ "*A9*#0"}
con
----------------End of Script----------------

01:33:50 INFO  : Launch script is exported to file 'C:\Users\khali\ENSC_452_git\ENSC_452\adventures_with_ip\Workspace\adventures_with_ip_system\_ide\scripts\debugger_adventures_with_ip-default.tcl'
01:35:25 INFO  : Disconnected from the channel tcfchan#14.
01:35:28 INFO  : Checking for BSP changes to sync application flags for project 'adventures_with_ip'...
01:35:33 INFO  : Connected to target on host '127.0.0.1' and port '3121'.
01:35:33 INFO  : Jtag cable 'Digilent Zed 210248469160' is selected.
01:35:33 INFO  : 'jtag frequency' command is executed.
01:35:33 INFO  : Context for 'APU' is selected.
01:35:33 INFO  : System reset is completed.
01:35:36 INFO  : 'after 3000' command is executed.
01:35:36 INFO  : 'targets -set -filter {jtag_cable_name =~ "Digilent Zed 210248469160" && level==0 && jtag_device_ctx=="jsn-Zed-210248469160-03727093-0"}' command is executed.
01:35:39 INFO  : Device configured successfully with "C:/Users/khali/ENSC_452_git/ENSC_452/adventures_with_ip/Workspace/adventures_with_ip/_ide/bitstream/design_1_wrapper.bit"
01:35:39 INFO  : Context for 'APU' is selected.
01:35:39 INFO  : Hardware design and registers information is loaded from 'C:/Users/khali/ENSC_452_git/ENSC_452/adventures_with_ip/Workspace/zedboard_audio/export/zedboard_audio/hw/design_1_wrapper.xsa'.
01:35:39 INFO  : 'configparams force-mem-access 1' command is executed.
01:35:39 INFO  : Context for 'APU' is selected.
01:35:39 INFO  : Sourcing of 'C:/Users/khali/ENSC_452_git/ENSC_452/adventures_with_ip/Workspace/adventures_with_ip/_ide/psinit/ps7_init.tcl' is done.
01:35:39 INFO  : 'ps7_init' command is executed.
01:35:39 INFO  : 'ps7_post_config' command is executed.
01:35:39 INFO  : Context for processor 'ps7_cortexa9_0' is selected.
01:35:39 INFO  : The application 'C:/Users/khali/ENSC_452_git/ENSC_452/adventures_with_ip/Workspace/adventures_with_ip/Debug/adventures_with_ip.elf' is downloaded to processor 'ps7_cortexa9_0'.
01:35:39 INFO  : 'configparams force-mem-access 0' command is executed.
01:35:39 INFO  : ----------------XSDB Script----------------
connect -url tcp:127.0.0.1:3121
targets -set -nocase -filter {name =~"APU*"}
rst -system
after 3000
targets -set -filter {jtag_cable_name =~ "Digilent Zed 210248469160" && level==0 && jtag_device_ctx=="jsn-Zed-210248469160-03727093-0"}
fpga -file C:/Users/khali/ENSC_452_git/ENSC_452/adventures_with_ip/Workspace/adventures_with_ip/_ide/bitstream/design_1_wrapper.bit
targets -set -nocase -filter {name =~"APU*"}
loadhw -hw C:/Users/khali/ENSC_452_git/ENSC_452/adventures_with_ip/Workspace/zedboard_audio/export/zedboard_audio/hw/design_1_wrapper.xsa -mem-ranges [list {0x40000000 0xbfffffff}] -regs
configparams force-mem-access 1
targets -set -nocase -filter {name =~"APU*"}
source C:/Users/khali/ENSC_452_git/ENSC_452/adventures_with_ip/Workspace/adventures_with_ip/_ide/psinit/ps7_init.tcl
ps7_init
ps7_post_config
targets -set -nocase -filter {name =~ "*A9*#0"}
dow C:/Users/khali/ENSC_452_git/ENSC_452/adventures_with_ip/Workspace/adventures_with_ip/Debug/adventures_with_ip.elf
configparams force-mem-access 0
----------------End of Script----------------

01:35:39 INFO  : Context for processor 'ps7_cortexa9_0' is selected.
01:35:40 INFO  : 'con' command is executed.
01:35:40 INFO  : ----------------XSDB Script (After Launch)----------------
targets -set -nocase -filter {name =~ "*A9*#0"}
con
----------------End of Script----------------

01:35:40 INFO  : Launch script is exported to file 'C:\Users\khali\ENSC_452_git\ENSC_452\adventures_with_ip\Workspace\adventures_with_ip_system\_ide\scripts\debugger_adventures_with_ip-default.tcl'
01:37:33 INFO  : Disconnected from the channel tcfchan#15.
01:37:38 INFO  : Checking for BSP changes to sync application flags for project 'adventures_with_ip'...
01:37:55 INFO  : Connected to target on host '127.0.0.1' and port '3121'.
01:37:55 INFO  : Jtag cable 'Digilent Zed 210248469160' is selected.
01:37:55 INFO  : 'jtag frequency' command is executed.
01:37:55 INFO  : Context for 'APU' is selected.
01:37:55 INFO  : System reset is completed.
01:37:58 INFO  : 'after 3000' command is executed.
01:37:59 INFO  : 'targets -set -filter {jtag_cable_name =~ "Digilent Zed 210248469160" && level==0 && jtag_device_ctx=="jsn-Zed-210248469160-03727093-0"}' command is executed.
01:38:01 INFO  : Device configured successfully with "C:/Users/khali/ENSC_452_git/ENSC_452/adventures_with_ip/Workspace/adventures_with_ip/_ide/bitstream/design_1_wrapper.bit"
01:38:01 INFO  : Context for 'APU' is selected.
01:38:01 INFO  : Hardware design and registers information is loaded from 'C:/Users/khali/ENSC_452_git/ENSC_452/adventures_with_ip/Workspace/zedboard_audio/export/zedboard_audio/hw/design_1_wrapper.xsa'.
01:38:01 INFO  : 'configparams force-mem-access 1' command is executed.
01:38:01 INFO  : Context for 'APU' is selected.
01:38:01 INFO  : Sourcing of 'C:/Users/khali/ENSC_452_git/ENSC_452/adventures_with_ip/Workspace/adventures_with_ip/_ide/psinit/ps7_init.tcl' is done.
01:38:01 INFO  : 'ps7_init' command is executed.
01:38:01 INFO  : 'ps7_post_config' command is executed.
01:38:01 INFO  : Context for processor 'ps7_cortexa9_0' is selected.
01:38:02 INFO  : The application 'C:/Users/khali/ENSC_452_git/ENSC_452/adventures_with_ip/Workspace/adventures_with_ip/Debug/adventures_with_ip.elf' is downloaded to processor 'ps7_cortexa9_0'.
01:38:02 INFO  : 'configparams force-mem-access 0' command is executed.
01:38:02 INFO  : ----------------XSDB Script----------------
connect -url tcp:127.0.0.1:3121
targets -set -nocase -filter {name =~"APU*"}
rst -system
after 3000
targets -set -filter {jtag_cable_name =~ "Digilent Zed 210248469160" && level==0 && jtag_device_ctx=="jsn-Zed-210248469160-03727093-0"}
fpga -file C:/Users/khali/ENSC_452_git/ENSC_452/adventures_with_ip/Workspace/adventures_with_ip/_ide/bitstream/design_1_wrapper.bit
targets -set -nocase -filter {name =~"APU*"}
loadhw -hw C:/Users/khali/ENSC_452_git/ENSC_452/adventures_with_ip/Workspace/zedboard_audio/export/zedboard_audio/hw/design_1_wrapper.xsa -mem-ranges [list {0x40000000 0xbfffffff}] -regs
configparams force-mem-access 1
targets -set -nocase -filter {name =~"APU*"}
source C:/Users/khali/ENSC_452_git/ENSC_452/adventures_with_ip/Workspace/adventures_with_ip/_ide/psinit/ps7_init.tcl
ps7_init
ps7_post_config
targets -set -nocase -filter {name =~ "*A9*#0"}
dow C:/Users/khali/ENSC_452_git/ENSC_452/adventures_with_ip/Workspace/adventures_with_ip/Debug/adventures_with_ip.elf
configparams force-mem-access 0
----------------End of Script----------------

01:38:02 INFO  : Context for processor 'ps7_cortexa9_0' is selected.
01:38:02 INFO  : 'con' command is executed.
01:38:02 INFO  : ----------------XSDB Script (After Launch)----------------
targets -set -nocase -filter {name =~ "*A9*#0"}
con
----------------End of Script----------------

01:38:02 INFO  : Launch script is exported to file 'C:\Users\khali\ENSC_452_git\ENSC_452\adventures_with_ip\Workspace\adventures_with_ip_system\_ide\scripts\debugger_adventures_with_ip-default.tcl'
01:39:11 INFO  : Disconnected from the channel tcfchan#17.
01:39:17 INFO  : Checking for BSP changes to sync application flags for project 'adventures_with_ip'...
01:39:32 INFO  : Connected to target on host '127.0.0.1' and port '3121'.
01:39:32 INFO  : Jtag cable 'Digilent Zed 210248469160' is selected.
01:39:32 INFO  : 'jtag frequency' command is executed.
01:39:33 INFO  : Context for 'APU' is selected.
01:39:33 INFO  : System reset is completed.
01:39:36 INFO  : 'after 3000' command is executed.
01:39:36 INFO  : 'targets -set -filter {jtag_cable_name =~ "Digilent Zed 210248469160" && level==0 && jtag_device_ctx=="jsn-Zed-210248469160-03727093-0"}' command is executed.
01:39:38 INFO  : Device configured successfully with "C:/Users/khali/ENSC_452_git/ENSC_452/adventures_with_ip/Workspace/adventures_with_ip/_ide/bitstream/design_1_wrapper.bit"
01:39:38 INFO  : Context for 'APU' is selected.
01:39:38 INFO  : Hardware design and registers information is loaded from 'C:/Users/khali/ENSC_452_git/ENSC_452/adventures_with_ip/Workspace/zedboard_audio/export/zedboard_audio/hw/design_1_wrapper.xsa'.
01:39:38 INFO  : 'configparams force-mem-access 1' command is executed.
01:39:38 INFO  : Context for 'APU' is selected.
01:39:38 INFO  : Sourcing of 'C:/Users/khali/ENSC_452_git/ENSC_452/adventures_with_ip/Workspace/adventures_with_ip/_ide/psinit/ps7_init.tcl' is done.
01:39:40 INFO  : 'ps7_init' command is executed.
01:39:40 INFO  : 'ps7_post_config' command is executed.
01:39:40 INFO  : Context for processor 'ps7_cortexa9_0' is selected.
01:39:40 ERROR : Cannot halt processor core, timeout
01:39:40 INFO  : ----------------XSDB Script----------------
connect -url tcp:127.0.0.1:3121
targets -set -nocase -filter {name =~"APU*"}
rst -system
after 3000
targets -set -filter {jtag_cable_name =~ "Digilent Zed 210248469160" && level==0 && jtag_device_ctx=="jsn-Zed-210248469160-03727093-0"}
fpga -file C:/Users/khali/ENSC_452_git/ENSC_452/adventures_with_ip/Workspace/adventures_with_ip/_ide/bitstream/design_1_wrapper.bit
targets -set -nocase -filter {name =~"APU*"}
loadhw -hw C:/Users/khali/ENSC_452_git/ENSC_452/adventures_with_ip/Workspace/zedboard_audio/export/zedboard_audio/hw/design_1_wrapper.xsa -mem-ranges [list {0x40000000 0xbfffffff}] -regs
configparams force-mem-access 1
targets -set -nocase -filter {name =~"APU*"}
source C:/Users/khali/ENSC_452_git/ENSC_452/adventures_with_ip/Workspace/adventures_with_ip/_ide/psinit/ps7_init.tcl
ps7_init
ps7_post_config
targets -set -nocase -filter {name =~ "*A9*#0"}
dow C:/Users/khali/ENSC_452_git/ENSC_452/adventures_with_ip/Workspace/adventures_with_ip/Debug/adventures_with_ip.elf
----------------End of Script----------------

01:39:40 ERROR : Cannot halt processor core, timeout
01:39:46 INFO  : Connected to target on host '127.0.0.1' and port '3121'.
01:39:46 INFO  : Jtag cable 'Digilent Zed 210248469160' is selected.
01:39:47 INFO  : 'jtag frequency' command is executed.
01:39:47 INFO  : Context for 'APU' is selected.
01:39:47 INFO  : System reset is completed.
01:39:50 INFO  : 'after 3000' command is executed.
01:39:50 INFO  : 'targets -set -filter {jtag_cable_name =~ "Digilent Zed 210248469160" && level==0 && jtag_device_ctx=="jsn-Zed-210248469160-03727093-0"}' command is executed.
01:39:52 INFO  : Device configured successfully with "C:/Users/khali/ENSC_452_git/ENSC_452/adventures_with_ip/Workspace/adventures_with_ip/_ide/bitstream/design_1_wrapper.bit"
01:39:52 INFO  : Context for 'APU' is selected.
01:39:52 INFO  : Hardware design and registers information is loaded from 'C:/Users/khali/ENSC_452_git/ENSC_452/adventures_with_ip/Workspace/zedboard_audio/export/zedboard_audio/hw/design_1_wrapper.xsa'.
01:39:52 INFO  : 'configparams force-mem-access 1' command is executed.
01:39:52 INFO  : Context for 'APU' is selected.
01:39:52 INFO  : Sourcing of 'C:/Users/khali/ENSC_452_git/ENSC_452/adventures_with_ip/Workspace/adventures_with_ip/_ide/psinit/ps7_init.tcl' is done.
01:39:53 INFO  : 'ps7_init' command is executed.
01:39:53 INFO  : 'ps7_post_config' command is executed.
01:39:53 INFO  : Context for processor 'ps7_cortexa9_0' is selected.
01:39:53 INFO  : The application 'C:/Users/khali/ENSC_452_git/ENSC_452/adventures_with_ip/Workspace/adventures_with_ip/Debug/adventures_with_ip.elf' is downloaded to processor 'ps7_cortexa9_0'.
01:39:53 INFO  : 'configparams force-mem-access 0' command is executed.
01:39:53 INFO  : ----------------XSDB Script----------------
connect -url tcp:127.0.0.1:3121
targets -set -nocase -filter {name =~"APU*"}
rst -system
after 3000
targets -set -filter {jtag_cable_name =~ "Digilent Zed 210248469160" && level==0 && jtag_device_ctx=="jsn-Zed-210248469160-03727093-0"}
fpga -file C:/Users/khali/ENSC_452_git/ENSC_452/adventures_with_ip/Workspace/adventures_with_ip/_ide/bitstream/design_1_wrapper.bit
targets -set -nocase -filter {name =~"APU*"}
loadhw -hw C:/Users/khali/ENSC_452_git/ENSC_452/adventures_with_ip/Workspace/zedboard_audio/export/zedboard_audio/hw/design_1_wrapper.xsa -mem-ranges [list {0x40000000 0xbfffffff}] -regs
configparams force-mem-access 1
targets -set -nocase -filter {name =~"APU*"}
source C:/Users/khali/ENSC_452_git/ENSC_452/adventures_with_ip/Workspace/adventures_with_ip/_ide/psinit/ps7_init.tcl
ps7_init
ps7_post_config
targets -set -nocase -filter {name =~ "*A9*#0"}
dow C:/Users/khali/ENSC_452_git/ENSC_452/adventures_with_ip/Workspace/adventures_with_ip/Debug/adventures_with_ip.elf
configparams force-mem-access 0
----------------End of Script----------------

01:39:53 INFO  : Context for processor 'ps7_cortexa9_0' is selected.
01:39:53 INFO  : 'con' command is executed.
01:39:53 INFO  : ----------------XSDB Script (After Launch)----------------
targets -set -nocase -filter {name =~ "*A9*#0"}
con
----------------End of Script----------------

01:39:53 INFO  : Launch script is exported to file 'C:\Users\khali\ENSC_452_git\ENSC_452\adventures_with_ip\Workspace\adventures_with_ip_system\_ide\scripts\debugger_adventures_with_ip-default.tcl'
01:40:19 INFO  : Disconnected from the channel tcfchan#19.
01:40:24 INFO  : Checking for BSP changes to sync application flags for project 'adventures_with_ip'...
01:40:44 INFO  : Connected to target on host '127.0.0.1' and port '3121'.
01:40:44 INFO  : Jtag cable 'Digilent Zed 210248469160' is selected.
01:40:44 INFO  : 'jtag frequency' command is executed.
01:40:44 INFO  : Context for 'APU' is selected.
01:40:44 INFO  : System reset is completed.
01:40:47 INFO  : 'after 3000' command is executed.
01:40:47 INFO  : 'targets -set -filter {jtag_cable_name =~ "Digilent Zed 210248469160" && level==0 && jtag_device_ctx=="jsn-Zed-210248469160-03727093-0"}' command is executed.
01:40:50 INFO  : Device configured successfully with "C:/Users/khali/ENSC_452_git/ENSC_452/adventures_with_ip/Workspace/adventures_with_ip/_ide/bitstream/design_1_wrapper.bit"
01:40:50 INFO  : Context for 'APU' is selected.
01:40:50 INFO  : Hardware design and registers information is loaded from 'C:/Users/khali/ENSC_452_git/ENSC_452/adventures_with_ip/Workspace/zedboard_audio/export/zedboard_audio/hw/design_1_wrapper.xsa'.
01:40:50 INFO  : 'configparams force-mem-access 1' command is executed.
01:40:50 INFO  : Context for 'APU' is selected.
01:40:50 INFO  : Sourcing of 'C:/Users/khali/ENSC_452_git/ENSC_452/adventures_with_ip/Workspace/adventures_with_ip/_ide/psinit/ps7_init.tcl' is done.
01:40:50 INFO  : 'ps7_init' command is executed.
01:40:50 INFO  : 'ps7_post_config' command is executed.
01:40:50 INFO  : Context for processor 'ps7_cortexa9_0' is selected.
01:40:51 INFO  : The application 'C:/Users/khali/ENSC_452_git/ENSC_452/adventures_with_ip/Workspace/adventures_with_ip/Debug/adventures_with_ip.elf' is downloaded to processor 'ps7_cortexa9_0'.
01:40:51 INFO  : 'configparams force-mem-access 0' command is executed.
01:40:51 INFO  : ----------------XSDB Script----------------
connect -url tcp:127.0.0.1:3121
targets -set -nocase -filter {name =~"APU*"}
rst -system
after 3000
targets -set -filter {jtag_cable_name =~ "Digilent Zed 210248469160" && level==0 && jtag_device_ctx=="jsn-Zed-210248469160-03727093-0"}
fpga -file C:/Users/khali/ENSC_452_git/ENSC_452/adventures_with_ip/Workspace/adventures_with_ip/_ide/bitstream/design_1_wrapper.bit
targets -set -nocase -filter {name =~"APU*"}
loadhw -hw C:/Users/khali/ENSC_452_git/ENSC_452/adventures_with_ip/Workspace/zedboard_audio/export/zedboard_audio/hw/design_1_wrapper.xsa -mem-ranges [list {0x40000000 0xbfffffff}] -regs
configparams force-mem-access 1
targets -set -nocase -filter {name =~"APU*"}
source C:/Users/khali/ENSC_452_git/ENSC_452/adventures_with_ip/Workspace/adventures_with_ip/_ide/psinit/ps7_init.tcl
ps7_init
ps7_post_config
targets -set -nocase -filter {name =~ "*A9*#0"}
dow C:/Users/khali/ENSC_452_git/ENSC_452/adventures_with_ip/Workspace/adventures_with_ip/Debug/adventures_with_ip.elf
configparams force-mem-access 0
----------------End of Script----------------

01:40:51 INFO  : Context for processor 'ps7_cortexa9_0' is selected.
01:40:51 INFO  : 'con' command is executed.
01:40:51 INFO  : ----------------XSDB Script (After Launch)----------------
targets -set -nocase -filter {name =~ "*A9*#0"}
con
----------------End of Script----------------

01:40:51 INFO  : Launch script is exported to file 'C:\Users\khali\ENSC_452_git\ENSC_452\adventures_with_ip\Workspace\adventures_with_ip_system\_ide\scripts\debugger_adventures_with_ip-default.tcl'
01:43:06 INFO  : Disconnected from the channel tcfchan#21.
