23:40:38 INFO  : Launching XSCT server: xsct.bat -n  -interactive C:\Users\khali\ENSC_452_git\ENSC_452\DUAL_CPU\temp_xsdb_launch_script.tcl
23:40:40 INFO  : Registering command handlers for Vitis TCF services
23:40:44 INFO  : XSCT server has started successfully.
23:40:44 INFO  : Successfully done setting XSCT server connection channel  
23:40:44 INFO  : plnx-install-location is set to ''
23:40:46 INFO  : Successfully done setting workspace for the tool. 
23:40:46 INFO  : Successfully done query RDI_DATADIR 
23:40:46 INFO  : Platform repository initialization has completed.
23:42:35 INFO  : Result from executing command 'getProjects': dual_core_hw
23:42:35 INFO  : Result from executing command 'getPlatforms': 
23:43:40 INFO  : Result from executing command 'getProjects': dual_core_hw
23:43:40 INFO  : Result from executing command 'getPlatforms': dual_core_hw|C:/Users/khali/ENSC_452_git/ENSC_452/DUAL_CPU/dual_core_hw/export/dual_core_hw/dual_core_hw.xpfm
23:46:23 INFO  : Result from executing command 'getProjects': dual_core_hw
23:46:23 INFO  : Result from executing command 'getPlatforms': dual_core_hw|C:/Users/khali/ENSC_452_git/ENSC_452/DUAL_CPU/dual_core_hw/export/dual_core_hw/dual_core_hw.xpfm
00:01:46 INFO  : Result from executing command 'getProjects': dual_core_hw
00:01:46 INFO  : Result from executing command 'getPlatforms': dual_core_hw|C:/Users/khali/ENSC_452_git/ENSC_452/DUAL_CPU/dual_core_hw/export/dual_core_hw/dual_core_hw.xpfm
00:01:46 INFO  : Checking for BSP changes to sync application flags for project 'dual_core'...
00:02:07 INFO  : Checking for BSP changes to sync application flags for project 'second_core'...
00:02:08 INFO  : Updating application flags with new BSP settings...
00:02:08 INFO  : Successfully updated application flags for project second_core.
00:03:01 INFO  : Checking for BSP changes to sync application flags for project 'dual_core'...
00:03:19 INFO  : Checking for BSP changes to sync application flags for project 'second_core'...
00:08:36 INFO  : No changes in MSS file content so sources will not be generated.
00:09:47 INFO  : Generated template bif file for dual_core_system
00:12:38 INFO  : Result from executing command 'getProjects': dual_core_hw
00:12:38 INFO  : Result from executing command 'getPlatforms': dual_core_hw|C:/Users/khali/ENSC_452_git/ENSC_452/DUAL_CPU/dual_core_hw/export/dual_core_hw/dual_core_hw.xpfm
00:12:40 INFO  : Checking for BSP changes to sync application flags for project 'dual_core'...
00:12:43 INFO  : Checking for BSP changes to sync application flags for project 'second_core'...
00:14:28 INFO  : Checking for BSP changes to sync application flags for project 'dual_core'...
00:14:29 INFO  : Checking for BSP changes to sync application flags for project 'second_core'...
00:21:47 INFO  : Invoking Bootgen: bootgen -image dual_core_system.bif -arch zynq -o C:/Users/khali/ENSC_452_git/ENSC_452/DUAL_CPU/dual_core_system/_ide/bootimage/BOOT.bin
00:21:47 INFO  : Overwriting existing bif file C:/Users/khali/ENSC_452_git/ENSC_452/DUAL_CPU/dual_core_system/_ide/bootimage/dual_core_system.bif
00:21:50 INFO  : Bootgen command execution is done.
00:23:57 INFO  : Connected to target on host '127.0.0.1' and port '3121'.
00:23:58 INFO  : Jtag cable 'Digilent Zed 210248469160' is selected.
00:23:58 INFO  : 'jtag frequency' command is executed.
00:23:58 INFO  : Context for 'APU' is selected.
00:23:58 INFO  : System reset is completed.
00:24:01 INFO  : 'after 3000' command is executed.
00:24:01 INFO  : 'targets -set -filter {jtag_cable_name =~ "Digilent Zed 210248469160" && level==0 && jtag_device_ctx=="jsn-Zed-210248469160-03727093-0"}' command is executed.
00:24:03 INFO  : Device configured successfully with "C:/Users/khali/ENSC_452_git/ENSC_452/DUAL_CPU/dual_core/_ide/bitstream/design_1_wrapper.bit"
00:24:03 INFO  : Context for 'APU' is selected.
00:24:04 INFO  : Hardware design and registers information is loaded from 'C:/Users/khali/ENSC_452_git/ENSC_452/DUAL_CPU/dual_core_hw/export/dual_core_hw/hw/design_1_wrapper.xsa'.
00:24:04 INFO  : 'configparams force-mem-access 1' command is executed.
00:24:04 INFO  : Context for 'APU' is selected.
00:24:04 INFO  : Sourcing of 'C:/Users/khali/ENSC_452_git/ENSC_452/DUAL_CPU/dual_core/_ide/psinit/ps7_init.tcl' is done.
00:24:04 INFO  : 'ps7_init' command is executed.
00:24:04 INFO  : 'ps7_post_config' command is executed.
00:24:04 INFO  : Context for processor 'ps7_cortexa9_0' is selected.
00:24:04 INFO  : The application 'C:/Users/khali/ENSC_452_git/ENSC_452/DUAL_CPU/dual_core/Debug/dual_core.elf' is downloaded to processor 'ps7_cortexa9_0'.
00:24:04 INFO  : 'configparams force-mem-access 0' command is executed.
00:24:04 INFO  : ----------------XSDB Script----------------
connect -url tcp:127.0.0.1:3121
targets -set -nocase -filter {name =~"APU*"}
rst -system
after 3000
targets -set -filter {jtag_cable_name =~ "Digilent Zed 210248469160" && level==0 && jtag_device_ctx=="jsn-Zed-210248469160-03727093-0"}
fpga -file C:/Users/khali/ENSC_452_git/ENSC_452/DUAL_CPU/dual_core/_ide/bitstream/design_1_wrapper.bit
targets -set -nocase -filter {name =~"APU*"}
loadhw -hw C:/Users/khali/ENSC_452_git/ENSC_452/DUAL_CPU/dual_core_hw/export/dual_core_hw/hw/design_1_wrapper.xsa -mem-ranges [list {0x40000000 0xbfffffff}] -regs
configparams force-mem-access 1
targets -set -nocase -filter {name =~"APU*"}
source C:/Users/khali/ENSC_452_git/ENSC_452/DUAL_CPU/dual_core/_ide/psinit/ps7_init.tcl
ps7_init
ps7_post_config
targets -set -nocase -filter {name =~ "*A9*#0"}
dow C:/Users/khali/ENSC_452_git/ENSC_452/DUAL_CPU/dual_core/Debug/dual_core.elf
configparams force-mem-access 0
----------------End of Script----------------

00:24:05 INFO  : Context for processor 'ps7_cortexa9_0' is selected.
00:24:05 INFO  : 'con' command is executed.
00:24:05 INFO  : ----------------XSDB Script (After Launch)----------------
targets -set -nocase -filter {name =~ "*A9*#0"}
con
----------------End of Script----------------

00:24:05 INFO  : Launch script is exported to file 'C:\Users\khali\ENSC_452_git\ENSC_452\DUAL_CPU\dual_core_system\_ide\scripts\debugger_dual_core-default.tcl'
00:24:34 INFO  : Connected to target on host '127.0.0.1' and port '3121'.
00:24:34 INFO  : Jtag cable 'Digilent Zed 210248469160' is selected.
00:24:34 INFO  : 'jtag frequency' command is executed.
00:24:34 INFO  : Context for 'APU' is selected.
00:24:34 INFO  : System reset is completed.
00:24:37 INFO  : 'after 3000' command is executed.
00:24:37 INFO  : Disconnected from the channel tcfchan#10.
00:24:37 ERROR : Exception occured while running Program Device.
java.lang.RuntimeException: Invalid target. Use "connect" command to connect to hw_server/TCF agent
00:24:37 INFO  : ----------------XSDB Script----------------
connect -url tcp:127.0.0.1:3121
targets -set -nocase -filter {name =~"APU*"}
rst -system
after 3000
----------------End of Script----------------

00:24:37 ERROR : Invalid target. Use "connect" command to connect to hw_server/TCF agent
00:25:17 INFO  : Connected to target on host '127.0.0.1' and port '3121'.
00:25:17 INFO  : Jtag cable 'Digilent Zed 210248469160' is selected.
00:25:17 INFO  : 'jtag frequency' command is executed.
00:25:17 INFO  : Context for 'APU' is selected.
00:25:18 INFO  : System reset is completed.
00:25:21 INFO  : 'after 3000' command is executed.
00:25:21 INFO  : 'targets -set -filter {jtag_cable_name =~ "Digilent Zed 210248469160" && level==0 && jtag_device_ctx=="jsn-Zed-210248469160-03727093-0"}' command is executed.
00:25:23 INFO  : Device configured successfully with "C:/Users/khali/ENSC_452_git/ENSC_452/DUAL_CPU/dual_core/_ide/bitstream/design_1_wrapper.bit"
00:25:23 INFO  : Context for 'APU' is selected.
00:25:23 INFO  : Hardware design and registers information is loaded from 'C:/Users/khali/ENSC_452_git/ENSC_452/DUAL_CPU/dual_core_hw/export/dual_core_hw/hw/design_1_wrapper.xsa'.
00:25:23 INFO  : 'configparams force-mem-access 1' command is executed.
00:25:23 INFO  : Context for 'APU' is selected.
00:25:23 INFO  : Sourcing of 'C:/Users/khali/ENSC_452_git/ENSC_452/DUAL_CPU/dual_core/_ide/psinit/ps7_init.tcl' is done.
00:25:24 INFO  : 'ps7_init' command is executed.
00:25:24 INFO  : 'ps7_post_config' command is executed.
00:25:24 INFO  : Context for processor 'ps7_cortexa9_0' is selected.
00:25:24 INFO  : The application 'C:/Users/khali/ENSC_452_git/ENSC_452/DUAL_CPU/dual_core/Debug/dual_core.elf' is downloaded to processor 'ps7_cortexa9_0'.
00:25:24 INFO  : Context for processor 'ps7_cortexa9_1' is selected.
00:25:24 INFO  : The application 'C:/Users/khali/ENSC_452_git/ENSC_452/DUAL_CPU/second_core/Debug/second_core.elf' is downloaded to processor 'ps7_cortexa9_1'.
00:25:24 INFO  : 'configparams force-mem-access 0' command is executed.
00:25:24 INFO  : ----------------XSDB Script----------------
connect -url tcp:127.0.0.1:3121
targets -set -nocase -filter {name =~"APU*"}
rst -system
after 3000
targets -set -filter {jtag_cable_name =~ "Digilent Zed 210248469160" && level==0 && jtag_device_ctx=="jsn-Zed-210248469160-03727093-0"}
fpga -file C:/Users/khali/ENSC_452_git/ENSC_452/DUAL_CPU/dual_core/_ide/bitstream/design_1_wrapper.bit
targets -set -nocase -filter {name =~"APU*"}
loadhw -hw C:/Users/khali/ENSC_452_git/ENSC_452/DUAL_CPU/dual_core_hw/export/dual_core_hw/hw/design_1_wrapper.xsa -mem-ranges [list {0x40000000 0xbfffffff}] -regs
configparams force-mem-access 1
targets -set -nocase -filter {name =~"APU*"}
source C:/Users/khali/ENSC_452_git/ENSC_452/DUAL_CPU/dual_core/_ide/psinit/ps7_init.tcl
ps7_init
ps7_post_config
targets -set -nocase -filter {name =~ "*A9*#0"}
dow C:/Users/khali/ENSC_452_git/ENSC_452/DUAL_CPU/dual_core/Debug/dual_core.elf
targets -set -nocase -filter {name =~ "*A9*#1"}
dow C:/Users/khali/ENSC_452_git/ENSC_452/DUAL_CPU/second_core/Debug/second_core.elf
configparams force-mem-access 0
----------------End of Script----------------

00:25:24 INFO  : Context for processor 'ps7_cortexa9_0' is selected.
00:25:25 INFO  : 'con' command is executed.
00:25:25 INFO  : Context for processor 'ps7_cortexa9_1' is selected.
00:25:25 INFO  : 'con' command is executed.
00:25:25 INFO  : ----------------XSDB Script (After Launch)----------------
targets -set -nocase -filter {name =~ "*A9*#0"}
con
targets -set -nocase -filter {name =~ "*A9*#1"}
con
----------------End of Script----------------

00:25:25 INFO  : Launch script is exported to file 'C:\Users\khali\ENSC_452_git\ENSC_452\DUAL_CPU\dual_core_system\_ide\scripts\systemdebugger_dual_core_system_standalone.tcl'
01:12:20 INFO  : Disconnected from the channel tcfchan#11.
