TRACE::2021-01-27.15:36:35::SCWBifWriter::Found the complete platform C:/Users/khali/ENSC_452/adventures_with_ip/Workspace/zedboard_audio/export/zedboard_audio/zedboard_audio.xpfm
TRACE::2021-01-27.15:36:35::SCWBifWriter::hardware databse : design_1_wrapper_11
TRACE::2021-01-27.15:36:35::SCWBifWriter::bitstream found in the design
TRACE::2021-01-27.15:36:35::SCWBifWriter::Found a baremetal domain, proc: ps7_cortexa9_0
TRACE::2021-01-27.15:36:35::SCWBifWriter::proc type : 
TRACE::2021-01-27.15:36:35::SCWBifWriter::proc[0] : ps7_cortexa9_0
TRACE::2021-01-27.15:36:35::SCWBifWriter::Device type is : zynq
TRACE::2021-01-27.15:36:35::SCWBifWriter::Writing BIF to file : C:/Users/khali/ENSC_452/adventures_with_ip/Workspace/adventures_with_ip_system/Debug/system.bif
TRACE::2021-01-27.15:36:35::SCWBifWriter::Writing the Zynq Baremetal bif 
TRACE::2021-01-27.16:36:19::SCWBifWriter::Found the complete platform C:/Users/khali/ENSC_452/adventures_with_ip/Workspace/zedboard_audio/export/zedboard_audio/zedboard_audio.xpfm
TRACE::2021-01-27.16:36:20::SCWBifWriter::hardware databse : design_1_wrapper_11
TRACE::2021-01-27.16:36:20::SCWBifWriter::bitstream found in the design
TRACE::2021-01-27.16:36:20::SCWBifWriter::Found a baremetal domain, proc: ps7_cortexa9_0
TRACE::2021-01-27.16:36:20::SCWBifWriter::proc type : 
TRACE::2021-01-27.16:36:20::SCWBifWriter::proc[0] : ps7_cortexa9_0
TRACE::2021-01-27.16:36:20::SCWBifWriter::Device type is : zynq
TRACE::2021-01-27.16:36:20::SCWBifWriter::Writing BIF to file : C:/Users/khali/ENSC_452/adventures_with_ip/Workspace/adventures_with_ip_system/Debug/system.bif
TRACE::2021-01-27.16:36:20::SCWBifWriter::Writing the Zynq Baremetal bif 
TRACE::2021-02-01.14:57:48::SCWBifWriter::Found the complete platform C:/Users/khali/ENSC_452/adventures_with_ip/Workspace/zedboard_audio/export/zedboard_audio/zedboard_audio.xpfm
TRACE::2021-02-01.14:57:48::SCWBifWriter::hardware databse : design_1_wrapper_0
TRACE::2021-02-01.14:57:48::SCWBifWriter::bitstream found in the design
TRACE::2021-02-01.14:57:48::SCWBifWriter::Found a baremetal domain, proc: ps7_cortexa9_0
TRACE::2021-02-01.14:57:48::SCWBifWriter::proc type : 
TRACE::2021-02-01.14:57:48::SCWBifWriter::proc[0] : ps7_cortexa9_0
TRACE::2021-02-01.14:57:48::SCWBifWriter::Device type is : zynq
TRACE::2021-02-01.14:57:48::SCWBifWriter::Writing BIF to file : C:/Users/khali/ENSC_452/adventures_with_ip/Workspace/adventures_with_ip_system/Debug/system.bif
TRACE::2021-02-01.14:57:48::SCWBifWriter::Writing the Zynq Baremetal bif 
TRACE::2021-02-04.22:10:00::SCWBifWriter::Found the complete platform C:/Users/khali/ENSC_452/adventures_with_ip/Workspace/zedboard_audio/export/zedboard_audio/zedboard_audio.xpfm
TRACE::2021-02-04.22:10:00::SCWBifWriter::hardware databse : design_1_wrapper_1
TRACE::2021-02-04.22:10:00::SCWBifWriter::bitstream found in the design
TRACE::2021-02-04.22:10:00::SCWBifWriter::Found a baremetal domain, proc: ps7_cortexa9_0
TRACE::2021-02-04.22:10:00::SCWBifWriter::proc type : 
TRACE::2021-02-04.22:10:00::SCWBifWriter::proc[0] : ps7_cortexa9_0
TRACE::2021-02-04.22:10:00::SCWBifWriter::Device type is : zynq
TRACE::2021-02-04.22:10:00::SCWBifWriter::Writing BIF to file : C:/Users/khali/ENSC_452/adventures_with_ip/Workspace/adventures_with_ip_system/Debug/system.bif
TRACE::2021-02-04.22:10:00::SCWBifWriter::Writing the Zynq Baremetal bif 
TRACE::2021-02-04.22:15:56::SCWBifWriter::Found the complete platform C:/Users/khali/ENSC_452/adventures_with_ip/Workspace/zedboard_audio/export/zedboard_audio/zedboard_audio.xpfm
TRACE::2021-02-04.22:15:56::SCWBifWriter::hardware databse : design_1_wrapper_1
TRACE::2021-02-04.22:15:56::SCWBifWriter::bitstream found in the design
TRACE::2021-02-04.22:15:56::SCWBifWriter::Found a baremetal domain, proc: ps7_cortexa9_0
TRACE::2021-02-04.22:15:56::SCWBifWriter::proc type : 
TRACE::2021-02-04.22:15:56::SCWBifWriter::proc[0] : ps7_cortexa9_0
TRACE::2021-02-04.22:15:56::SCWBifWriter::Device type is : zynq
TRACE::2021-02-04.22:15:56::SCWBifWriter::Writing BIF to file : C:/Users/khali/ENSC_452/adventures_with_ip/Workspace/adventures_with_ip_system/Debug/system.bif
TRACE::2021-02-04.22:15:56::SCWBifWriter::Writing the Zynq Baremetal bif 
TRACE::2021-02-04.22:49:49::SCWBifWriter::Found the complete platform C:/Users/khali/ENSC_452/adventures_with_ip/Workspace/zedboard_audio/export/zedboard_audio/zedboard_audio.xpfm
TRACE::2021-02-04.22:49:50::SCWBifWriter::hardware databse : design_1_wrapper_1
TRACE::2021-02-04.22:49:50::SCWBifWriter::bitstream found in the design
TRACE::2021-02-04.22:49:50::SCWBifWriter::Found a baremetal domain, proc: ps7_cortexa9_0
TRACE::2021-02-04.22:49:50::SCWBifWriter::proc type : 
TRACE::2021-02-04.22:49:50::SCWBifWriter::proc[0] : ps7_cortexa9_0
TRACE::2021-02-04.22:49:50::SCWBifWriter::Device type is : zynq
TRACE::2021-02-04.22:49:50::SCWBifWriter::Writing BIF to file : C:/Users/khali/ENSC_452/adventures_with_ip/Workspace/adventures_with_ip_system/Debug/system.bif
TRACE::2021-02-04.22:49:50::SCWBifWriter::Writing the Zynq Baremetal bif 
TRACE::2021-02-04.22:50:56::SCWBifWriter::Found the complete platform C:/Users/khali/ENSC_452/adventures_with_ip/Workspace/zedboard_audio/export/zedboard_audio/zedboard_audio.xpfm
TRACE::2021-02-04.22:50:56::SCWBifWriter::hardware databse : design_1_wrapper_1
TRACE::2021-02-04.22:50:56::SCWBifWriter::bitstream found in the design
TRACE::2021-02-04.22:50:56::SCWBifWriter::Found a baremetal domain, proc: ps7_cortexa9_0
TRACE::2021-02-04.22:50:56::SCWBifWriter::proc type : 
TRACE::2021-02-04.22:50:56::SCWBifWriter::proc[0] : ps7_cortexa9_0
TRACE::2021-02-04.22:50:56::SCWBifWriter::Device type is : zynq
TRACE::2021-02-04.22:50:56::SCWBifWriter::Writing BIF to file : C:/Users/khali/ENSC_452/adventures_with_ip/Workspace/adventures_with_ip_system/Debug/system.bif
TRACE::2021-02-04.22:50:56::SCWBifWriter::Writing the Zynq Baremetal bif 
TRACE::2021-02-04.22:55:53::SCWBifWriter::Found the complete platform C:/Users/khali/ENSC_452/adventures_with_ip/Workspace/zedboard_audio/export/zedboard_audio/zedboard_audio.xpfm
TRACE::2021-02-04.22:55:53::SCWBifWriter::hardware databse : design_1_wrapper_1
TRACE::2021-02-04.22:55:53::SCWBifWriter::bitstream found in the design
TRACE::2021-02-04.22:55:53::SCWBifWriter::Found a baremetal domain, proc: ps7_cortexa9_0
TRACE::2021-02-04.22:55:53::SCWBifWriter::proc type : 
TRACE::2021-02-04.22:55:53::SCWBifWriter::proc[0] : ps7_cortexa9_0
TRACE::2021-02-04.22:55:53::SCWBifWriter::Device type is : zynq
TRACE::2021-02-04.22:55:53::SCWBifWriter::Writing BIF to file : C:/Users/khali/ENSC_452/adventures_with_ip/Workspace/adventures_with_ip_system/Debug/system.bif
TRACE::2021-02-04.22:55:53::SCWBifWriter::Writing the Zynq Baremetal bif 
TRACE::2021-02-05.01:46:36::SCWBifWriter::Found the complete platform C:/Users/khali/ENSC_452/adventures_with_ip/Workspace/zedboard_audio/export/zedboard_audio/zedboard_audio.xpfm
TRACE::2021-02-05.01:46:36::SCWBifWriter::hardware databse : design_1_wrapper_2
TRACE::2021-02-05.01:46:36::SCWBifWriter::bitstream found in the design
TRACE::2021-02-05.01:46:36::SCWBifWriter::Found a baremetal domain, proc: ps7_cortexa9_0
TRACE::2021-02-05.01:46:36::SCWBifWriter::proc type : 
TRACE::2021-02-05.01:46:36::SCWBifWriter::proc[0] : ps7_cortexa9_0
TRACE::2021-02-05.01:46:36::SCWBifWriter::Device type is : zynq
TRACE::2021-02-05.01:46:36::SCWBifWriter::Writing BIF to file : C:/Users/khali/ENSC_452/adventures_with_ip/Workspace/adventures_with_ip_system/Debug/system.bif
TRACE::2021-02-05.01:46:36::SCWBifWriter::Writing the Zynq Baremetal bif 
TRACE::2021-02-05.14:41:45::SCWBifWriter::Found the complete platform C:/Users/khali/ENSC_452/adventures_with_ip/Workspace/zedboard_audio/export/zedboard_audio/zedboard_audio.xpfm
TRACE::2021-02-05.14:41:46::SCWBifWriter::hardware databse : design_1_wrapper_2
TRACE::2021-02-05.14:41:46::SCWBifWriter::bitstream found in the design
TRACE::2021-02-05.14:41:46::SCWBifWriter::Found a baremetal domain, proc: ps7_cortexa9_0
TRACE::2021-02-05.14:41:46::SCWBifWriter::proc type : 
TRACE::2021-02-05.14:41:46::SCWBifWriter::proc[0] : ps7_cortexa9_0
TRACE::2021-02-05.14:41:46::SCWBifWriter::Device type is : zynq
TRACE::2021-02-05.14:41:46::SCWBifWriter::Writing BIF to file : C:/Users/khali/ENSC_452/adventures_with_ip/Workspace/adventures_with_ip_system/Debug/system.bif
TRACE::2021-02-05.14:41:46::SCWBifWriter::Writing the Zynq Baremetal bif 
TRACE::2021-02-05.14:45:47::SCWBifWriter::Found the complete platform C:/Users/khali/ENSC_452/adventures_with_ip/Workspace/zedboard_audio/export/zedboard_audio/zedboard_audio.xpfm
TRACE::2021-02-05.14:45:47::SCWBifWriter::hardware databse : design_1_wrapper_2
TRACE::2021-02-05.14:45:47::SCWBifWriter::bitstream found in the design
TRACE::2021-02-05.14:45:47::SCWBifWriter::Found a baremetal domain, proc: ps7_cortexa9_0
TRACE::2021-02-05.14:45:47::SCWBifWriter::proc type : 
TRACE::2021-02-05.14:45:47::SCWBifWriter::proc[0] : ps7_cortexa9_0
TRACE::2021-02-05.14:45:47::SCWBifWriter::Device type is : zynq
TRACE::2021-02-05.14:45:47::SCWBifWriter::Writing BIF to file : C:/Users/khali/ENSC_452/adventures_with_ip/Workspace/adventures_with_ip_system/Debug/system.bif
TRACE::2021-02-05.14:45:47::SCWBifWriter::Writing the Zynq Baremetal bif 
TRACE::2021-02-05.15:07:16::SCWBifWriter::Found the complete platform C:/Users/khali/ENSC_452/adventures_with_ip/Workspace/zedboard_audio/export/zedboard_audio/zedboard_audio.xpfm
TRACE::2021-02-05.15:07:16::SCWBifWriter::hardware databse : design_1_wrapper_2
TRACE::2021-02-05.15:07:16::SCWBifWriter::bitstream found in the design
TRACE::2021-02-05.15:07:16::SCWBifWriter::Found a baremetal domain, proc: ps7_cortexa9_0
TRACE::2021-02-05.15:07:16::SCWBifWriter::proc type : 
TRACE::2021-02-05.15:07:16::SCWBifWriter::proc[0] : ps7_cortexa9_0
TRACE::2021-02-05.15:07:16::SCWBifWriter::Device type is : zynq
TRACE::2021-02-05.15:07:16::SCWBifWriter::Writing BIF to file : C:/Users/khali/ENSC_452/adventures_with_ip/Workspace/adventures_with_ip_system/Debug/system.bif
TRACE::2021-02-05.15:07:16::SCWBifWriter::Writing the Zynq Baremetal bif 
TRACE::2021-02-05.15:08:14::SCWBifWriter::Found the complete platform C:/Users/khali/ENSC_452/adventures_with_ip/Workspace/zedboard_audio/export/zedboard_audio/zedboard_audio.xpfm
TRACE::2021-02-05.15:08:14::SCWBifWriter::hardware databse : design_1_wrapper_2
TRACE::2021-02-05.15:08:14::SCWBifWriter::bitstream found in the design
TRACE::2021-02-05.15:08:14::SCWBifWriter::Found a baremetal domain, proc: ps7_cortexa9_0
TRACE::2021-02-05.15:08:14::SCWBifWriter::proc type : 
TRACE::2021-02-05.15:08:14::SCWBifWriter::proc[0] : ps7_cortexa9_0
TRACE::2021-02-05.15:08:14::SCWBifWriter::Device type is : zynq
TRACE::2021-02-05.15:08:14::SCWBifWriter::Writing BIF to file : C:/Users/khali/ENSC_452/adventures_with_ip/Workspace/adventures_with_ip_system/Debug/system.bif
TRACE::2021-02-05.15:08:14::SCWBifWriter::Writing the Zynq Baremetal bif 
TRACE::2021-02-05.15:08:31::SCWBifWriter::Found the complete platform C:/Users/khali/ENSC_452/adventures_with_ip/Workspace/zedboard_audio/export/zedboard_audio/zedboard_audio.xpfm
TRACE::2021-02-05.15:08:31::SCWBifWriter::hardware databse : design_1_wrapper_2
TRACE::2021-02-05.15:08:31::SCWBifWriter::bitstream found in the design
TRACE::2021-02-05.15:08:31::SCWBifWriter::Found a baremetal domain, proc: ps7_cortexa9_0
TRACE::2021-02-05.15:08:31::SCWBifWriter::proc type : 
TRACE::2021-02-05.15:08:31::SCWBifWriter::proc[0] : ps7_cortexa9_0
TRACE::2021-02-05.15:08:31::SCWBifWriter::Device type is : zynq
TRACE::2021-02-05.15:08:31::SCWBifWriter::Writing BIF to file : C:/Users/khali/ENSC_452/adventures_with_ip/Workspace/adventures_with_ip_system/Debug/system.bif
TRACE::2021-02-05.15:08:31::SCWBifWriter::Writing the Zynq Baremetal bif 
TRACE::2021-02-05.15:10:27::SCWBifWriter::Found the complete platform C:/Users/khali/ENSC_452/adventures_with_ip/Workspace/zedboard_audio/export/zedboard_audio/zedboard_audio.xpfm
TRACE::2021-02-05.15:10:27::SCWBifWriter::hardware databse : design_1_wrapper_2
TRACE::2021-02-05.15:10:27::SCWBifWriter::bitstream found in the design
TRACE::2021-02-05.15:10:27::SCWBifWriter::Found a baremetal domain, proc: ps7_cortexa9_0
TRACE::2021-02-05.15:10:27::SCWBifWriter::proc type : 
TRACE::2021-02-05.15:10:27::SCWBifWriter::proc[0] : ps7_cortexa9_0
TRACE::2021-02-05.15:10:27::SCWBifWriter::Device type is : zynq
TRACE::2021-02-05.15:10:27::SCWBifWriter::Writing BIF to file : C:/Users/khali/ENSC_452/adventures_with_ip/Workspace/adventures_with_ip_system/Debug/system.bif
TRACE::2021-02-05.15:10:27::SCWBifWriter::Writing the Zynq Baremetal bif 
TRACE::2021-02-05.15:10:49::SCWBifWriter::Found the complete platform C:/Users/khali/ENSC_452/adventures_with_ip/Workspace/zedboard_audio/export/zedboard_audio/zedboard_audio.xpfm
TRACE::2021-02-05.15:10:49::SCWBifWriter::hardware databse : design_1_wrapper_2
TRACE::2021-02-05.15:10:49::SCWBifWriter::bitstream found in the design
TRACE::2021-02-05.15:10:49::SCWBifWriter::Found a baremetal domain, proc: ps7_cortexa9_0
TRACE::2021-02-05.15:10:49::SCWBifWriter::proc type : 
TRACE::2021-02-05.15:10:49::SCWBifWriter::proc[0] : ps7_cortexa9_0
TRACE::2021-02-05.15:10:49::SCWBifWriter::Device type is : zynq
TRACE::2021-02-05.15:10:49::SCWBifWriter::Writing BIF to file : C:/Users/khali/ENSC_452/adventures_with_ip/Workspace/adventures_with_ip_system/Debug/system.bif
TRACE::2021-02-05.15:10:49::SCWBifWriter::Writing the Zynq Baremetal bif 
TRACE::2021-02-05.15:26:21::SCWBifWriter::Found the complete platform C:/Users/khali/ENSC_452/adventures_with_ip/Workspace/zedboard_audio/export/zedboard_audio/zedboard_audio.xpfm
TRACE::2021-02-05.15:26:21::SCWBifWriter::hardware databse : design_1_wrapper_2
TRACE::2021-02-05.15:26:21::SCWBifWriter::bitstream found in the design
TRACE::2021-02-05.15:26:21::SCWBifWriter::Found a baremetal domain, proc: ps7_cortexa9_0
TRACE::2021-02-05.15:26:21::SCWBifWriter::proc type : 
TRACE::2021-02-05.15:26:21::SCWBifWriter::proc[0] : ps7_cortexa9_0
TRACE::2021-02-05.15:26:21::SCWBifWriter::Device type is : zynq
TRACE::2021-02-05.15:26:21::SCWBifWriter::Writing BIF to file : C:/Users/khali/ENSC_452/adventures_with_ip/Workspace/adventures_with_ip_system/Debug/system.bif
TRACE::2021-02-05.15:26:21::SCWBifWriter::Writing the Zynq Baremetal bif 
TRACE::2021-02-05.15:26:42::SCWBifWriter::Found the complete platform C:/Users/khali/ENSC_452/adventures_with_ip/Workspace/zedboard_audio/export/zedboard_audio/zedboard_audio.xpfm
TRACE::2021-02-05.15:26:42::SCWBifWriter::hardware databse : design_1_wrapper_2
TRACE::2021-02-05.15:26:42::SCWBifWriter::bitstream found in the design
TRACE::2021-02-05.15:26:42::SCWBifWriter::Found a baremetal domain, proc: ps7_cortexa9_0
TRACE::2021-02-05.15:26:42::SCWBifWriter::proc type : 
TRACE::2021-02-05.15:26:42::SCWBifWriter::proc[0] : ps7_cortexa9_0
TRACE::2021-02-05.15:26:42::SCWBifWriter::Device type is : zynq
TRACE::2021-02-05.15:26:42::SCWBifWriter::Writing BIF to file : C:/Users/khali/ENSC_452/adventures_with_ip/Workspace/adventures_with_ip_system/Debug/system.bif
TRACE::2021-02-05.15:26:42::SCWBifWriter::Writing the Zynq Baremetal bif 
TRACE::2021-02-05.15:27:01::SCWBifWriter::Found the complete platform C:/Users/khali/ENSC_452/adventures_with_ip/Workspace/zedboard_audio/export/zedboard_audio/zedboard_audio.xpfm
TRACE::2021-02-05.15:27:02::SCWBifWriter::hardware databse : design_1_wrapper_2
TRACE::2021-02-05.15:27:02::SCWBifWriter::bitstream found in the design
TRACE::2021-02-05.15:27:02::SCWBifWriter::Found a baremetal domain, proc: ps7_cortexa9_0
TRACE::2021-02-05.15:27:02::SCWBifWriter::proc type : 
TRACE::2021-02-05.15:27:02::SCWBifWriter::proc[0] : ps7_cortexa9_0
TRACE::2021-02-05.15:27:02::SCWBifWriter::Device type is : zynq
TRACE::2021-02-05.15:27:02::SCWBifWriter::Writing BIF to file : C:/Users/khali/ENSC_452/adventures_with_ip/Workspace/adventures_with_ip_system/Debug/system.bif
TRACE::2021-02-05.15:27:02::SCWBifWriter::Writing the Zynq Baremetal bif 
TRACE::2021-02-06.23:41:26::SCWBifWriter::Found the complete platform C:/Users/khali/ENSC_452/adventures_with_ip/Workspace/zedboard_audio/export/zedboard_audio/zedboard_audio.xpfm
TRACE::2021-02-06.23:41:26::SCWBifWriter::hardware databse : design_1_wrapper
TRACE::2021-02-06.23:41:26::SCWBifWriter::bitstream found in the design
TRACE::2021-02-06.23:41:26::SCWBifWriter::Found a baremetal domain, proc: ps7_cortexa9_0
TRACE::2021-02-06.23:41:26::SCWBifWriter::proc type : 
TRACE::2021-02-06.23:41:26::SCWBifWriter::proc[0] : ps7_cortexa9_0
TRACE::2021-02-06.23:41:26::SCWBifWriter::Device type is : zynq
TRACE::2021-02-06.23:41:26::SCWBifWriter::Writing BIF to file : C:/Users/khali/ENSC_452/adventures_with_ip/Workspace/adventures_with_ip_system/Debug/system.bif
TRACE::2021-02-06.23:41:26::SCWBifWriter::Writing the Zynq Baremetal bif 
TRACE::2021-02-06.23:42:04::SCWBifWriter::Found the complete platform C:/Users/khali/ENSC_452/adventures_with_ip/Workspace/zedboard_audio/export/zedboard_audio/zedboard_audio.xpfm
TRACE::2021-02-06.23:42:05::SCWBifWriter::hardware databse : design_1_wrapper
TRACE::2021-02-06.23:42:05::SCWBifWriter::bitstream found in the design
TRACE::2021-02-06.23:42:05::SCWBifWriter::Found a baremetal domain, proc: ps7_cortexa9_0
TRACE::2021-02-06.23:42:05::SCWBifWriter::proc type : 
TRACE::2021-02-06.23:42:05::SCWBifWriter::proc[0] : ps7_cortexa9_0
TRACE::2021-02-06.23:42:05::SCWBifWriter::Device type is : zynq
TRACE::2021-02-06.23:42:05::SCWBifWriter::Writing BIF to file : C:/Users/khali/ENSC_452/adventures_with_ip/Workspace/adventures_with_ip_system/Debug/system.bif
TRACE::2021-02-06.23:42:05::SCWBifWriter::Writing the Zynq Baremetal bif 
TRACE::2021-02-06.23:50:33::SCWBifWriter::Found the complete platform C:/Users/khali/ENSC_452/adventures_with_ip/Workspace/zedboard_audio/export/zedboard_audio/zedboard_audio.xpfm
TRACE::2021-02-06.23:50:33::SCWBifWriter::hardware databse : design_1_wrapper_0
TRACE::2021-02-06.23:50:33::SCWBifWriter::bitstream found in the design
TRACE::2021-02-06.23:50:33::SCWBifWriter::Found a baremetal domain, proc: ps7_cortexa9_0
TRACE::2021-02-06.23:50:33::SCWBifWriter::proc type : 
TRACE::2021-02-06.23:50:33::SCWBifWriter::proc[0] : ps7_cortexa9_0
TRACE::2021-02-06.23:50:33::SCWBifWriter::Device type is : zynq
TRACE::2021-02-06.23:50:33::SCWBifWriter::Writing BIF to file : C:/Users/khali/ENSC_452/adventures_with_ip/Workspace/adventures_with_ip_system/Debug/system.bif
TRACE::2021-02-06.23:50:33::SCWBifWriter::Writing the Zynq Baremetal bif 
TRACE::2021-02-06.23:52:39::SCWBifWriter::Found the complete platform C:/Users/khali/ENSC_452/adventures_with_ip/Workspace/zedboard_audio/export/zedboard_audio/zedboard_audio.xpfm
TRACE::2021-02-06.23:52:39::SCWBifWriter::hardware databse : design_1_wrapper_1
TRACE::2021-02-06.23:52:39::SCWBifWriter::bitstream found in the design
TRACE::2021-02-06.23:52:39::SCWBifWriter::Found a baremetal domain, proc: ps7_cortexa9_0
TRACE::2021-02-06.23:52:39::SCWBifWriter::proc type : 
TRACE::2021-02-06.23:52:39::SCWBifWriter::proc[0] : ps7_cortexa9_0
TRACE::2021-02-06.23:52:39::SCWBifWriter::Device type is : zynq
TRACE::2021-02-06.23:52:39::SCWBifWriter::Writing BIF to file : C:/Users/khali/ENSC_452/adventures_with_ip/Workspace/adventures_with_ip_system/Debug/system.bif
TRACE::2021-02-06.23:52:39::SCWBifWriter::Writing the Zynq Baremetal bif 
TRACE::2021-02-07.00:03:17::SCWBifWriter::Found the complete platform C:/Users/khali/ENSC_452/adventures_with_ip/Workspace/zedboard_audio/export/zedboard_audio/zedboard_audio.xpfm
TRACE::2021-02-07.00:03:17::SCWBifWriter::hardware databse : design_1_wrapper_1
TRACE::2021-02-07.00:03:17::SCWBifWriter::bitstream found in the design
TRACE::2021-02-07.00:03:17::SCWBifWriter::Found a baremetal domain, proc: ps7_cortexa9_0
TRACE::2021-02-07.00:03:17::SCWBifWriter::proc type : 
TRACE::2021-02-07.00:03:17::SCWBifWriter::proc[0] : ps7_cortexa9_0
TRACE::2021-02-07.00:03:17::SCWBifWriter::Device type is : zynq
TRACE::2021-02-07.00:03:17::SCWBifWriter::Writing BIF to file : C:/Users/khali/ENSC_452/adventures_with_ip/Workspace/adventures_with_ip_system/Debug/system.bif
TRACE::2021-02-07.00:03:17::SCWBifWriter::Writing the Zynq Baremetal bif 
TRACE::2021-02-07.00:04:27::SCWBifWriter::Found the complete platform C:/Users/khali/ENSC_452/adventures_with_ip/Workspace/zedboard_audio/export/zedboard_audio/zedboard_audio.xpfm
TRACE::2021-02-07.00:04:27::SCWBifWriter::hardware databse : design_1_wrapper_1
TRACE::2021-02-07.00:04:27::SCWBifWriter::bitstream found in the design
TRACE::2021-02-07.00:04:27::SCWBifWriter::Found a baremetal domain, proc: ps7_cortexa9_0
TRACE::2021-02-07.00:04:27::SCWBifWriter::proc type : 
TRACE::2021-02-07.00:04:27::SCWBifWriter::proc[0] : ps7_cortexa9_0
TRACE::2021-02-07.00:04:27::SCWBifWriter::Device type is : zynq
TRACE::2021-02-07.00:04:27::SCWBifWriter::Writing BIF to file : C:/Users/khali/ENSC_452/adventures_with_ip/Workspace/adventures_with_ip_system/Debug/system.bif
TRACE::2021-02-07.00:04:27::SCWBifWriter::Writing the Zynq Baremetal bif 
TRACE::2021-02-07.00:04:43::SCWBifWriter::Found the complete platform C:/Users/khali/ENSC_452/adventures_with_ip/Workspace/zedboard_audio/export/zedboard_audio/zedboard_audio.xpfm
TRACE::2021-02-07.00:04:44::SCWBifWriter::hardware databse : design_1_wrapper_1
TRACE::2021-02-07.00:04:44::SCWBifWriter::bitstream found in the design
TRACE::2021-02-07.00:04:44::SCWBifWriter::Found a baremetal domain, proc: ps7_cortexa9_0
TRACE::2021-02-07.00:04:44::SCWBifWriter::proc type : 
TRACE::2021-02-07.00:04:44::SCWBifWriter::proc[0] : ps7_cortexa9_0
TRACE::2021-02-07.00:04:44::SCWBifWriter::Device type is : zynq
TRACE::2021-02-07.00:04:44::SCWBifWriter::Writing BIF to file : C:/Users/khali/ENSC_452/adventures_with_ip/Workspace/adventures_with_ip_system/Debug/system.bif
TRACE::2021-02-07.00:04:44::SCWBifWriter::Writing the Zynq Baremetal bif 
TRACE::2021-02-07.00:13:34::SCWBifWriter::Found the complete platform C:/Users/khali/ENSC_452/adventures_with_ip/Workspace/zedboard_audio/export/zedboard_audio/zedboard_audio.xpfm
TRACE::2021-02-07.00:13:35::SCWBifWriter::hardware databse : design_1_wrapper_3
TRACE::2021-02-07.00:13:35::SCWBifWriter::bitstream found in the design
TRACE::2021-02-07.00:13:35::SCWBifWriter::Found a baremetal domain, proc: ps7_cortexa9_0
TRACE::2021-02-07.00:13:35::SCWBifWriter::proc type : 
TRACE::2021-02-07.00:13:35::SCWBifWriter::proc[0] : ps7_cortexa9_0
TRACE::2021-02-07.00:13:35::SCWBifWriter::Device type is : zynq
TRACE::2021-02-07.00:13:35::SCWBifWriter::Writing BIF to file : C:/Users/khali/ENSC_452/adventures_with_ip/Workspace/adventures_with_ip_system/Debug/system.bif
TRACE::2021-02-07.00:13:35::SCWBifWriter::Writing the Zynq Baremetal bif 
TRACE::2021-02-07.00:20:10::SCWBifWriter::Found the complete platform C:/Users/khali/ENSC_452/adventures_with_ip/Workspace/zedboard_audio/export/zedboard_audio/zedboard_audio.xpfm
TRACE::2021-02-07.00:20:10::SCWBifWriter::hardware databse : design_1_wrapper_4
TRACE::2021-02-07.00:20:10::SCWBifWriter::bitstream found in the design
TRACE::2021-02-07.00:20:10::SCWBifWriter::Found a baremetal domain, proc: ps7_cortexa9_0
TRACE::2021-02-07.00:20:10::SCWBifWriter::proc type : 
TRACE::2021-02-07.00:20:10::SCWBifWriter::proc[0] : ps7_cortexa9_0
TRACE::2021-02-07.00:20:10::SCWBifWriter::Device type is : zynq
TRACE::2021-02-07.00:20:10::SCWBifWriter::Writing BIF to file : C:/Users/khali/ENSC_452/adventures_with_ip/Workspace/adventures_with_ip_system/Debug/system.bif
TRACE::2021-02-07.00:20:10::SCWBifWriter::Writing the Zynq Baremetal bif 
TRACE::2021-02-07.00:42:24::SCWBifWriter::Found the complete platform C:/Users/khali/ENSC_452_git/ENSC_452/adventures_with_ip/Workspace/zedboard_audio/export/zedboard_audio/zedboard_audio.xpfm
TRACE::2021-02-07.00:42:24::SCWBifWriter::hardware databse : design_1_wrapper_0
TRACE::2021-02-07.00:42:24::SCWBifWriter::bitstream found in the design
TRACE::2021-02-07.00:42:24::SCWBifWriter::Found a baremetal domain, proc: ps7_cortexa9_0
TRACE::2021-02-07.00:42:24::SCWBifWriter::proc type : 
TRACE::2021-02-07.00:42:24::SCWBifWriter::proc[0] : ps7_cortexa9_0
TRACE::2021-02-07.00:42:24::SCWBifWriter::Device type is : zynq
TRACE::2021-02-07.00:42:24::SCWBifWriter::Writing BIF to file : C:/Users/khali/ENSC_452_git/ENSC_452/adventures_with_ip/Workspace/adventures_with_ip_system/Debug/system.bif
TRACE::2021-02-07.00:42:24::SCWBifWriter::Writing the Zynq Baremetal bif 
TRACE::2021-02-07.01:00:59::SCWBifWriter::Found the complete platform C:/Users/khali/ENSC_452_git/ENSC_452/adventures_with_ip/Workspace/zedboard_audio/export/zedboard_audio/zedboard_audio.xpfm
TRACE::2021-02-07.01:00:59::SCWBifWriter::hardware databse : design_1_wrapper_0
TRACE::2021-02-07.01:00:59::SCWBifWriter::bitstream found in the design
TRACE::2021-02-07.01:00:59::SCWBifWriter::Found a baremetal domain, proc: ps7_cortexa9_0
TRACE::2021-02-07.01:00:59::SCWBifWriter::proc type : 
TRACE::2021-02-07.01:00:59::SCWBifWriter::proc[0] : ps7_cortexa9_0
TRACE::2021-02-07.01:00:59::SCWBifWriter::Device type is : zynq
TRACE::2021-02-07.01:00:59::SCWBifWriter::Writing BIF to file : C:/Users/khali/ENSC_452_git/ENSC_452/adventures_with_ip/Workspace/adventures_with_ip_system/Debug/system.bif
TRACE::2021-02-07.01:00:59::SCWBifWriter::Writing the Zynq Baremetal bif 
TRACE::2021-02-07.01:37:44::SCWBifWriter::Found the complete platform C:/Users/khali/ENSC_452_git/ENSC_452/adventures_with_ip/Workspace/zedboard_audio/export/zedboard_audio/zedboard_audio.xpfm
TRACE::2021-02-07.01:37:44::SCWBifWriter::hardware databse : design_1_wrapper_0
TRACE::2021-02-07.01:37:44::SCWBifWriter::bitstream found in the design
TRACE::2021-02-07.01:37:44::SCWBifWriter::Found a baremetal domain, proc: ps7_cortexa9_0
TRACE::2021-02-07.01:37:44::SCWBifWriter::proc type : 
TRACE::2021-02-07.01:37:44::SCWBifWriter::proc[0] : ps7_cortexa9_0
TRACE::2021-02-07.01:37:44::SCWBifWriter::Device type is : zynq
TRACE::2021-02-07.01:37:44::SCWBifWriter::Writing BIF to file : C:/Users/khali/ENSC_452_git/ENSC_452/adventures_with_ip/Workspace/adventures_with_ip_system/Debug/system.bif
TRACE::2021-02-07.01:37:44::SCWBifWriter::Writing the Zynq Baremetal bif 
TRACE::2021-02-07.01:39:22::SCWBifWriter::Found the complete platform C:/Users/khali/ENSC_452_git/ENSC_452/adventures_with_ip/Workspace/zedboard_audio/export/zedboard_audio/zedboard_audio.xpfm
TRACE::2021-02-07.01:39:22::SCWBifWriter::hardware databse : design_1_wrapper_0
TRACE::2021-02-07.01:39:22::SCWBifWriter::bitstream found in the design
TRACE::2021-02-07.01:39:22::SCWBifWriter::Found a baremetal domain, proc: ps7_cortexa9_0
TRACE::2021-02-07.01:39:22::SCWBifWriter::proc type : 
TRACE::2021-02-07.01:39:22::SCWBifWriter::proc[0] : ps7_cortexa9_0
TRACE::2021-02-07.01:39:22::SCWBifWriter::Device type is : zynq
TRACE::2021-02-07.01:39:22::SCWBifWriter::Writing BIF to file : C:/Users/khali/ENSC_452_git/ENSC_452/adventures_with_ip/Workspace/adventures_with_ip_system/Debug/system.bif
TRACE::2021-02-07.01:39:22::SCWBifWriter::Writing the Zynq Baremetal bif 
TRACE::2021-02-07.01:40:31::SCWBifWriter::Found the complete platform C:/Users/khali/ENSC_452_git/ENSC_452/adventures_with_ip/Workspace/zedboard_audio/export/zedboard_audio/zedboard_audio.xpfm
TRACE::2021-02-07.01:40:31::SCWBifWriter::hardware databse : design_1_wrapper_0
TRACE::2021-02-07.01:40:31::SCWBifWriter::bitstream found in the design
TRACE::2021-02-07.01:40:31::SCWBifWriter::Found a baremetal domain, proc: ps7_cortexa9_0
TRACE::2021-02-07.01:40:31::SCWBifWriter::proc type : 
TRACE::2021-02-07.01:40:31::SCWBifWriter::proc[0] : ps7_cortexa9_0
TRACE::2021-02-07.01:40:31::SCWBifWriter::Device type is : zynq
TRACE::2021-02-07.01:40:31::SCWBifWriter::Writing BIF to file : C:/Users/khali/ENSC_452_git/ENSC_452/adventures_with_ip/Workspace/adventures_with_ip_system/Debug/system.bif
TRACE::2021-02-07.01:40:31::SCWBifWriter::Writing the Zynq Baremetal bif 
TRACE::2021-02-08.15:12:10::SCWBifWriter::Found the complete platform C:/Users/khali/ENSC_452_git/ENSC_452/adventures_with_ip/Workspace/zedboard_audio/export/zedboard_audio/zedboard_audio.xpfm
TRACE::2021-02-08.15:12:10::SCWBifWriter::hardware databse : design_1_wrapper
TRACE::2021-02-08.15:12:10::SCWBifWriter::bitstream found in the design
TRACE::2021-02-08.15:12:10::SCWBifWriter::Found a baremetal domain, proc: ps7_cortexa9_0
TRACE::2021-02-08.15:12:10::SCWBifWriter::proc type : 
TRACE::2021-02-08.15:12:10::SCWBifWriter::proc[0] : ps7_cortexa9_0
TRACE::2021-02-08.15:12:10::SCWBifWriter::Device type is : zynq
TRACE::2021-02-08.15:12:10::SCWBifWriter::Writing BIF to file : C:/Users/khali/ENSC_452_git/ENSC_452/adventures_with_ip/Workspace/adventures_with_ip_system/Debug/system.bif
TRACE::2021-02-08.15:12:10::SCWBifWriter::Writing the Zynq Baremetal bif 
