19:02:52 INFO  : Launching XSCT server: xsct.bat -n  -interactive C:\Users\khali\ENSC_452_git\ENSC_452\LFSR_Generator\temp_xsdb_launch_script.tcl
19:02:54 INFO  : Registering command handlers for Vitis TCF services
19:03:01 INFO  : XSCT server has started successfully.
19:03:04 INFO  : plnx-install-location is set to ''
19:03:04 INFO  : Successfully done setting XSCT server connection channel  
19:03:04 INFO  : Successfully done query RDI_DATADIR 
19:03:04 INFO  : Successfully done setting workspace for the tool. 
19:03:05 INFO  : Platform repository initialization has completed.
19:06:15 INFO  : Result from executing command 'getProjects': lfsr_hw
19:06:16 INFO  : Result from executing command 'getPlatforms': 
19:12:34 INFO  : Result from executing command 'getProjects': lfsr_hw
19:12:34 INFO  : Result from executing command 'getPlatforms': lfsr_hw|C:/Users/khali/ENSC_452_git/ENSC_452/LFSR_Generator/lfsr_hw/export/lfsr_hw/lfsr_hw.xpfm
19:14:22 INFO  : Checking for BSP changes to sync application flags for project 'lfsr'...
19:17:56 INFO  : Checking for BSP changes to sync application flags for project 'lfsr'...
19:18:53 INFO  : Checking for BSP changes to sync application flags for project 'lfsr'...
19:23:35 ERROR : An unexpected exception occurred in the module 'reading platform'
19:25:12 INFO  : Result from executing command 'getProjects': LFSR_HW
19:25:12 INFO  : Result from executing command 'getPlatforms': 
19:29:01 INFO  : Result from executing command 'getProjects': LFSR_HW
19:29:01 INFO  : Result from executing command 'getPlatforms': LFSR_HW|C:/Users/khali/ENSC_452_git/ENSC_452/LFSR_Generator/LFSR_HW/export/LFSR_HW/LFSR_HW.xpfm
19:29:47 ERROR : Failed to openhw "C:/Users/khali/ENSC_452_git/ENSC_452/LFSR_Generator/LFSR_HW/export/LFSR_HW/hw/design_1_wrapper.xsa"
Reason: ERROR: [Common 17-39] 'hsi::open_hw_design' failed due to earlier errors.

19:30:04 ERROR : Failed to openhw "C:/Users/khali/ENSC_452_git/ENSC_452/LFSR_Generator/LFSR_HW/export/LFSR_HW/hw/design_1_wrapper.xsa"
Reason: ERROR: [Common 17-39] 'hsi::open_hw_design' failed due to earlier errors.

19:30:24 ERROR : Failed to openhw "C:/Users/khali/ENSC_452_git/ENSC_452/LFSR_Generator/LFSR_HW/export/LFSR_HW/hw/design_1_wrapper.xsa"
Reason: ERROR: [Common 17-39] 'hsi::open_hw_design' failed due to earlier errors.

19:31:14 ERROR : Failed to openhw "C:/Users/khali/ENSC_452_git/ENSC_452/LFSR_Generator/LFSR_HW/export/LFSR_HW/hw/design_1_wrapper.xsa"
Reason: ERROR: [Common 17-39] 'hsi::open_hw_design' failed due to earlier errors.

19:31:49 INFO  : Launching XSCT server: xsct.bat -n  -interactive C:\Users\khali\ENSC_452_git\ENSC_452\LFSR_Generator\temp_xsdb_launch_script.tcl
19:31:57 INFO  : Registering command handlers for Vitis TCF services
19:32:00 INFO  : XSCT server has started successfully.
19:32:00 INFO  : Successfully done setting XSCT server connection channel  
19:32:01 INFO  : plnx-install-location is set to ''
19:32:01 INFO  : Successfully done query RDI_DATADIR 
19:32:01 INFO  : Successfully done setting workspace for the tool. 
19:32:03 INFO  : Platform repository initialization has completed.
19:32:59 INFO  : Checking for BSP changes to sync application flags for project 'lfsr'...
19:33:09 ERROR : (XSDB Server)ERROR: [Hsi 55-1571] The design file C:/Users/khali/ENSC_452_git/ENSC_452/LFSR_Generator/LFSR_HW/export/LFSR_HW/hw/design_1_wrapper.xsa is already opened

19:36:39 INFO  : Checking for BSP changes to sync application flags for project 'lfsr'...
19:36:44 ERROR : (XSDB Server)ERROR: [Hsi 55-1571] The design file C:/Users/khali/ENSC_452_git/ENSC_452/LFSR_Generator/LFSR_HW/export/LFSR_HW/hw/design_1_wrapper.xsa is already opened

19:37:03 INFO  : Checking for BSP changes to sync application flags for project 'lfsr'...
19:37:07 ERROR : (XSDB Server)ERROR: [Hsi 55-1571] The design file C:/Users/khali/ENSC_452_git/ENSC_452/LFSR_Generator/LFSR_HW/export/LFSR_HW/hw/design_1_wrapper.xsa is already opened

19:50:41 INFO  : Result from executing command 'getProjects': LFSR_HW
19:50:41 INFO  : Result from executing command 'getPlatforms': LFSR_HW|C:/Users/khali/ENSC_452_git/ENSC_452/LFSR_Generator/LFSR_HW/export/LFSR_HW/LFSR_HW.xpfm
19:50:41 INFO  : Checking for BSP changes to sync application flags for project 'lfsr'...
19:51:36 INFO  : Checking for BSP changes to sync application flags for project 'lfsr'...
19:52:15 INFO  : Checking for BSP changes to sync application flags for project 'lfsr'...
19:54:08 INFO  : Checking for BSP changes to sync application flags for project 'lfsr'...
19:56:23 INFO  : Connected to target on host '127.0.0.1' and port '3121'.
19:56:24 INFO  : Jtag cable 'Digilent Zed 210248469160' is selected.
19:56:24 INFO  : 'jtag frequency' command is executed.
19:56:24 INFO  : Context for 'APU' is selected.
19:56:24 INFO  : System reset is completed.
19:56:27 INFO  : 'after 3000' command is executed.
19:56:28 INFO  : 'targets -set -filter {jtag_cable_name =~ "Digilent Zed 210248469160" && level==0 && jtag_device_ctx=="jsn-Zed-210248469160-03727093-0"}' command is executed.
19:56:31 INFO  : Device configured successfully with "C:/Users/khali/ENSC_452_git/ENSC_452/LFSR_Generator/lfsr/_ide/bitstream/design_1_wrapper.bit"
19:56:31 INFO  : Context for 'APU' is selected.
19:56:31 INFO  : Hardware design and registers information is loaded from 'C:/Users/khali/ENSC_452_git/ENSC_452/LFSR_Generator/LFSR_HW/export/LFSR_HW/hw/design_1_wrapper.xsa'.
19:56:31 INFO  : 'configparams force-mem-access 1' command is executed.
19:56:31 INFO  : Context for 'APU' is selected.
19:56:31 INFO  : Sourcing of 'C:/Users/khali/ENSC_452_git/ENSC_452/LFSR_Generator/lfsr/_ide/psinit/ps7_init.tcl' is done.
19:56:32 INFO  : 'ps7_init' command is executed.
19:56:32 INFO  : 'ps7_post_config' command is executed.
19:56:32 INFO  : Context for processor 'ps7_cortexa9_0' is selected.
19:56:33 INFO  : The application 'C:/Users/khali/ENSC_452_git/ENSC_452/LFSR_Generator/lfsr/Debug/lfsr.elf' is downloaded to processor 'ps7_cortexa9_0'.
19:56:33 INFO  : 'configparams force-mem-access 0' command is executed.
19:56:33 INFO  : ----------------XSDB Script----------------
connect -url tcp:127.0.0.1:3121
targets -set -nocase -filter {name =~"APU*"}
rst -system
after 3000
targets -set -filter {jtag_cable_name =~ "Digilent Zed 210248469160" && level==0 && jtag_device_ctx=="jsn-Zed-210248469160-03727093-0"}
fpga -file C:/Users/khali/ENSC_452_git/ENSC_452/LFSR_Generator/lfsr/_ide/bitstream/design_1_wrapper.bit
targets -set -nocase -filter {name =~"APU*"}
loadhw -hw C:/Users/khali/ENSC_452_git/ENSC_452/LFSR_Generator/LFSR_HW/export/LFSR_HW/hw/design_1_wrapper.xsa -mem-ranges [list {0x40000000 0xbfffffff}] -regs
configparams force-mem-access 1
targets -set -nocase -filter {name =~"APU*"}
source C:/Users/khali/ENSC_452_git/ENSC_452/LFSR_Generator/lfsr/_ide/psinit/ps7_init.tcl
ps7_init
ps7_post_config
targets -set -nocase -filter {name =~ "*A9*#0"}
dow C:/Users/khali/ENSC_452_git/ENSC_452/LFSR_Generator/lfsr/Debug/lfsr.elf
configparams force-mem-access 0
----------------End of Script----------------

19:56:33 INFO  : Context for processor 'ps7_cortexa9_0' is selected.
19:56:33 INFO  : 'con' command is executed.
19:56:33 INFO  : ----------------XSDB Script (After Launch)----------------
targets -set -nocase -filter {name =~ "*A9*#0"}
con
----------------End of Script----------------

19:56:33 INFO  : Launch script is exported to file 'C:\Users\khali\ENSC_452_git\ENSC_452\LFSR_Generator\lfsr_system\_ide\scripts\debugger_lfsr-default.tcl'
19:57:54 INFO  : Disconnected from the channel tcfchan#9.
19:57:56 INFO  : Connected to target on host '127.0.0.1' and port '3121'.
19:57:56 INFO  : Jtag cable 'Digilent Zed 210248469160' is selected.
19:57:56 INFO  : 'jtag frequency' command is executed.
19:57:56 INFO  : Context for 'APU' is selected.
19:57:57 INFO  : System reset is completed.
19:58:00 INFO  : 'after 3000' command is executed.
19:58:00 INFO  : 'targets -set -filter {jtag_cable_name =~ "Digilent Zed 210248469160" && level==0 && jtag_device_ctx=="jsn-Zed-210248469160-03727093-0"}' command is executed.
19:58:03 INFO  : Device configured successfully with "C:/Users/khali/ENSC_452_git/ENSC_452/LFSR_Generator/lfsr/_ide/bitstream/design_1_wrapper.bit"
19:58:03 INFO  : Context for 'APU' is selected.
19:58:08 INFO  : Hardware design and registers information is loaded from 'C:/Users/khali/ENSC_452_git/ENSC_452/LFSR_Generator/LFSR_HW/export/LFSR_HW/hw/design_1_wrapper.xsa'.
19:58:08 INFO  : 'configparams force-mem-access 1' command is executed.
19:58:08 INFO  : Context for 'APU' is selected.
19:58:08 INFO  : Sourcing of 'C:/Users/khali/ENSC_452_git/ENSC_452/LFSR_Generator/lfsr/_ide/psinit/ps7_init.tcl' is done.
19:58:09 INFO  : 'ps7_init' command is executed.
19:58:09 INFO  : 'ps7_post_config' command is executed.
19:58:09 INFO  : Context for processor 'ps7_cortexa9_0' is selected.
19:58:09 INFO  : The application 'C:/Users/khali/ENSC_452_git/ENSC_452/LFSR_Generator/lfsr/Debug/lfsr.elf' is downloaded to processor 'ps7_cortexa9_0'.
19:58:09 INFO  : 'configparams force-mem-access 0' command is executed.
19:58:09 INFO  : ----------------XSDB Script----------------
connect -url tcp:127.0.0.1:3121
targets -set -nocase -filter {name =~"APU*"}
rst -system
after 3000
targets -set -filter {jtag_cable_name =~ "Digilent Zed 210248469160" && level==0 && jtag_device_ctx=="jsn-Zed-210248469160-03727093-0"}
fpga -file C:/Users/khali/ENSC_452_git/ENSC_452/LFSR_Generator/lfsr/_ide/bitstream/design_1_wrapper.bit
targets -set -nocase -filter {name =~"APU*"}
loadhw -hw C:/Users/khali/ENSC_452_git/ENSC_452/LFSR_Generator/LFSR_HW/export/LFSR_HW/hw/design_1_wrapper.xsa -mem-ranges [list {0x40000000 0xbfffffff}] -regs
configparams force-mem-access 1
targets -set -nocase -filter {name =~"APU*"}
source C:/Users/khali/ENSC_452_git/ENSC_452/LFSR_Generator/lfsr/_ide/psinit/ps7_init.tcl
ps7_init
ps7_post_config
targets -set -nocase -filter {name =~ "*A9*#0"}
dow C:/Users/khali/ENSC_452_git/ENSC_452/LFSR_Generator/lfsr/Debug/lfsr.elf
configparams force-mem-access 0
----------------End of Script----------------

19:58:09 INFO  : Context for processor 'ps7_cortexa9_0' is selected.
19:58:10 INFO  : 'con' command is executed.
19:58:10 INFO  : ----------------XSDB Script (After Launch)----------------
targets -set -nocase -filter {name =~ "*A9*#0"}
con
----------------End of Script----------------

19:58:10 INFO  : Launch script is exported to file 'C:\Users\khali\ENSC_452_git\ENSC_452\LFSR_Generator\lfsr_system\_ide\scripts\debugger_lfsr-default.tcl'
19:59:46 INFO  : Disconnected from the channel tcfchan#10.
20:00:30 INFO  : Checking for BSP changes to sync application flags for project 'lfsr'...
20:01:24 INFO  : Checking for BSP changes to sync application flags for project 'lfsr'...
20:01:48 INFO  : Connected to target on host '127.0.0.1' and port '3121'.
20:01:49 INFO  : Jtag cable 'Digilent Zed 210248469160' is selected.
20:01:49 INFO  : 'jtag frequency' command is executed.
20:01:49 INFO  : Context for 'APU' is selected.
20:01:49 INFO  : System reset is completed.
20:01:52 INFO  : 'after 3000' command is executed.
20:01:52 INFO  : 'targets -set -filter {jtag_cable_name =~ "Digilent Zed 210248469160" && level==0 && jtag_device_ctx=="jsn-Zed-210248469160-03727093-0"}' command is executed.
20:01:55 INFO  : Device configured successfully with "C:/Users/khali/ENSC_452_git/ENSC_452/LFSR_Generator/lfsr/_ide/bitstream/design_1_wrapper.bit"
20:01:55 INFO  : Context for 'APU' is selected.
20:01:55 INFO  : Hardware design and registers information is loaded from 'C:/Users/khali/ENSC_452_git/ENSC_452/LFSR_Generator/LFSR_HW/export/LFSR_HW/hw/design_1_wrapper.xsa'.
20:01:55 INFO  : 'configparams force-mem-access 1' command is executed.
20:01:55 INFO  : Context for 'APU' is selected.
20:01:55 INFO  : Sourcing of 'C:/Users/khali/ENSC_452_git/ENSC_452/LFSR_Generator/lfsr/_ide/psinit/ps7_init.tcl' is done.
20:01:56 INFO  : 'ps7_init' command is executed.
20:01:56 INFO  : 'ps7_post_config' command is executed.
20:01:56 INFO  : Context for processor 'ps7_cortexa9_0' is selected.
20:01:57 INFO  : The application 'C:/Users/khali/ENSC_452_git/ENSC_452/LFSR_Generator/lfsr/Debug/lfsr.elf' is downloaded to processor 'ps7_cortexa9_0'.
20:01:57 INFO  : 'configparams force-mem-access 0' command is executed.
20:01:57 INFO  : ----------------XSDB Script----------------
connect -url tcp:127.0.0.1:3121
targets -set -nocase -filter {name =~"APU*"}
rst -system
after 3000
targets -set -filter {jtag_cable_name =~ "Digilent Zed 210248469160" && level==0 && jtag_device_ctx=="jsn-Zed-210248469160-03727093-0"}
fpga -file C:/Users/khali/ENSC_452_git/ENSC_452/LFSR_Generator/lfsr/_ide/bitstream/design_1_wrapper.bit
targets -set -nocase -filter {name =~"APU*"}
loadhw -hw C:/Users/khali/ENSC_452_git/ENSC_452/LFSR_Generator/LFSR_HW/export/LFSR_HW/hw/design_1_wrapper.xsa -mem-ranges [list {0x40000000 0xbfffffff}] -regs
configparams force-mem-access 1
targets -set -nocase -filter {name =~"APU*"}
source C:/Users/khali/ENSC_452_git/ENSC_452/LFSR_Generator/lfsr/_ide/psinit/ps7_init.tcl
ps7_init
ps7_post_config
targets -set -nocase -filter {name =~ "*A9*#0"}
dow C:/Users/khali/ENSC_452_git/ENSC_452/LFSR_Generator/lfsr/Debug/lfsr.elf
configparams force-mem-access 0
----------------End of Script----------------

20:01:57 INFO  : Context for processor 'ps7_cortexa9_0' is selected.
20:01:57 INFO  : 'con' command is executed.
20:01:57 INFO  : ----------------XSDB Script (After Launch)----------------
targets -set -nocase -filter {name =~ "*A9*#0"}
con
----------------End of Script----------------

20:01:57 INFO  : Launch script is exported to file 'C:\Users\khali\ENSC_452_git\ENSC_452\LFSR_Generator\lfsr_system\_ide\scripts\debugger_lfsr-default.tcl'
20:04:08 INFO  : Disconnected from the channel tcfchan#13.
20:04:10 INFO  : Checking for BSP changes to sync application flags for project 'lfsr'...
20:05:12 INFO  : Checking for BSP changes to sync application flags for project 'lfsr'...
20:05:42 INFO  : Connected to target on host '127.0.0.1' and port '3121'.
20:05:43 INFO  : Jtag cable 'Digilent Zed 210248469160' is selected.
20:05:43 INFO  : 'jtag frequency' command is executed.
20:05:43 INFO  : Context for 'APU' is selected.
20:05:43 INFO  : System reset is completed.
20:05:46 INFO  : 'after 3000' command is executed.
20:05:46 INFO  : 'targets -set -filter {jtag_cable_name =~ "Digilent Zed 210248469160" && level==0 && jtag_device_ctx=="jsn-Zed-210248469160-03727093-0"}' command is executed.
20:05:49 INFO  : Device configured successfully with "C:/Users/khali/ENSC_452_git/ENSC_452/LFSR_Generator/lfsr/_ide/bitstream/design_1_wrapper.bit"
20:05:49 INFO  : Context for 'APU' is selected.
20:05:49 INFO  : Hardware design and registers information is loaded from 'C:/Users/khali/ENSC_452_git/ENSC_452/LFSR_Generator/LFSR_HW/export/LFSR_HW/hw/design_1_wrapper.xsa'.
20:05:49 INFO  : 'configparams force-mem-access 1' command is executed.
20:05:49 INFO  : Context for 'APU' is selected.
20:05:49 INFO  : Sourcing of 'C:/Users/khali/ENSC_452_git/ENSC_452/LFSR_Generator/lfsr/_ide/psinit/ps7_init.tcl' is done.
20:05:50 INFO  : 'ps7_init' command is executed.
20:05:51 INFO  : 'ps7_post_config' command is executed.
20:05:51 INFO  : Context for processor 'ps7_cortexa9_0' is selected.
20:05:51 INFO  : The application 'C:/Users/khali/ENSC_452_git/ENSC_452/LFSR_Generator/lfsr/Debug/lfsr.elf' is downloaded to processor 'ps7_cortexa9_0'.
20:05:51 INFO  : 'configparams force-mem-access 0' command is executed.
20:05:51 INFO  : ----------------XSDB Script----------------
connect -url tcp:127.0.0.1:3121
targets -set -nocase -filter {name =~"APU*"}
rst -system
after 3000
targets -set -filter {jtag_cable_name =~ "Digilent Zed 210248469160" && level==0 && jtag_device_ctx=="jsn-Zed-210248469160-03727093-0"}
fpga -file C:/Users/khali/ENSC_452_git/ENSC_452/LFSR_Generator/lfsr/_ide/bitstream/design_1_wrapper.bit
targets -set -nocase -filter {name =~"APU*"}
loadhw -hw C:/Users/khali/ENSC_452_git/ENSC_452/LFSR_Generator/LFSR_HW/export/LFSR_HW/hw/design_1_wrapper.xsa -mem-ranges [list {0x40000000 0xbfffffff}] -regs
configparams force-mem-access 1
targets -set -nocase -filter {name =~"APU*"}
source C:/Users/khali/ENSC_452_git/ENSC_452/LFSR_Generator/lfsr/_ide/psinit/ps7_init.tcl
ps7_init
ps7_post_config
targets -set -nocase -filter {name =~ "*A9*#0"}
dow C:/Users/khali/ENSC_452_git/ENSC_452/LFSR_Generator/lfsr/Debug/lfsr.elf
configparams force-mem-access 0
----------------End of Script----------------

20:05:51 INFO  : Context for processor 'ps7_cortexa9_0' is selected.
20:05:52 INFO  : 'con' command is executed.
20:05:52 INFO  : ----------------XSDB Script (After Launch)----------------
targets -set -nocase -filter {name =~ "*A9*#0"}
con
----------------End of Script----------------

20:05:52 INFO  : Launch script is exported to file 'C:\Users\khali\ENSC_452_git\ENSC_452\LFSR_Generator\lfsr_system\_ide\scripts\debugger_lfsr-default.tcl'
20:07:57 INFO  : Disconnected from the channel tcfchan#16.
20:08:20 INFO  : Checking for BSP changes to sync application flags for project 'lfsr'...
20:08:49 INFO  : Connected to target on host '127.0.0.1' and port '3121'.
20:08:50 INFO  : Jtag cable 'Digilent Zed 210248469160' is selected.
20:08:50 INFO  : 'jtag frequency' command is executed.
20:08:50 INFO  : Context for 'APU' is selected.
20:08:50 INFO  : System reset is completed.
20:08:53 INFO  : 'after 3000' command is executed.
20:08:54 INFO  : 'targets -set -filter {jtag_cable_name =~ "Digilent Zed 210248469160" && level==0 && jtag_device_ctx=="jsn-Zed-210248469160-03727093-0"}' command is executed.
20:08:56 INFO  : Device configured successfully with "C:/Users/khali/ENSC_452_git/ENSC_452/LFSR_Generator/lfsr/_ide/bitstream/design_1_wrapper.bit"
20:08:56 INFO  : Context for 'APU' is selected.
20:08:56 INFO  : Hardware design and registers information is loaded from 'C:/Users/khali/ENSC_452_git/ENSC_452/LFSR_Generator/LFSR_HW/export/LFSR_HW/hw/design_1_wrapper.xsa'.
20:08:56 INFO  : 'configparams force-mem-access 1' command is executed.
20:08:56 INFO  : Context for 'APU' is selected.
20:08:56 INFO  : Sourcing of 'C:/Users/khali/ENSC_452_git/ENSC_452/LFSR_Generator/lfsr/_ide/psinit/ps7_init.tcl' is done.
20:08:58 INFO  : 'ps7_init' command is executed.
20:08:58 INFO  : 'ps7_post_config' command is executed.
20:08:58 INFO  : Context for processor 'ps7_cortexa9_0' is selected.
20:08:58 ERROR : Cannot halt processor core, timeout
20:08:58 INFO  : ----------------XSDB Script----------------
connect -url tcp:127.0.0.1:3121
targets -set -nocase -filter {name =~"APU*"}
rst -system
after 3000
targets -set -filter {jtag_cable_name =~ "Digilent Zed 210248469160" && level==0 && jtag_device_ctx=="jsn-Zed-210248469160-03727093-0"}
fpga -file C:/Users/khali/ENSC_452_git/ENSC_452/LFSR_Generator/lfsr/_ide/bitstream/design_1_wrapper.bit
targets -set -nocase -filter {name =~"APU*"}
loadhw -hw C:/Users/khali/ENSC_452_git/ENSC_452/LFSR_Generator/LFSR_HW/export/LFSR_HW/hw/design_1_wrapper.xsa -mem-ranges [list {0x40000000 0xbfffffff}] -regs
configparams force-mem-access 1
targets -set -nocase -filter {name =~"APU*"}
source C:/Users/khali/ENSC_452_git/ENSC_452/LFSR_Generator/lfsr/_ide/psinit/ps7_init.tcl
ps7_init
ps7_post_config
targets -set -nocase -filter {name =~ "*A9*#0"}
dow C:/Users/khali/ENSC_452_git/ENSC_452/LFSR_Generator/lfsr/Debug/lfsr.elf
----------------End of Script----------------

20:08:58 ERROR : Cannot halt processor core, timeout
20:09:13 INFO  : Connected to target on host '127.0.0.1' and port '3121'.
20:09:13 INFO  : Jtag cable 'Digilent Zed 210248469160' is selected.
20:09:14 INFO  : 'jtag frequency' command is executed.
20:09:14 INFO  : Context for 'APU' is selected.
20:09:14 INFO  : System reset is completed.
20:09:17 INFO  : 'after 3000' command is executed.
20:09:17 INFO  : 'targets -set -filter {jtag_cable_name =~ "Digilent Zed 210248469160" && level==0 && jtag_device_ctx=="jsn-Zed-210248469160-03727093-0"}' command is executed.
20:09:20 INFO  : Device configured successfully with "C:/Users/khali/ENSC_452_git/ENSC_452/LFSR_Generator/lfsr/_ide/bitstream/design_1_wrapper.bit"
20:09:20 INFO  : Context for 'APU' is selected.
20:09:20 INFO  : Hardware design and registers information is loaded from 'C:/Users/khali/ENSC_452_git/ENSC_452/LFSR_Generator/LFSR_HW/export/LFSR_HW/hw/design_1_wrapper.xsa'.
20:09:20 INFO  : 'configparams force-mem-access 1' command is executed.
20:09:20 INFO  : Context for 'APU' is selected.
20:09:20 INFO  : Sourcing of 'C:/Users/khali/ENSC_452_git/ENSC_452/LFSR_Generator/lfsr/_ide/psinit/ps7_init.tcl' is done.
20:09:22 INFO  : 'ps7_init' command is executed.
20:09:22 INFO  : 'ps7_post_config' command is executed.
20:09:22 INFO  : Context for processor 'ps7_cortexa9_0' is selected.
20:09:22 INFO  : The application 'C:/Users/khali/ENSC_452_git/ENSC_452/LFSR_Generator/lfsr/Debug/lfsr.elf' is downloaded to processor 'ps7_cortexa9_0'.
20:09:22 INFO  : 'configparams force-mem-access 0' command is executed.
20:09:22 INFO  : ----------------XSDB Script----------------
connect -url tcp:127.0.0.1:3121
targets -set -nocase -filter {name =~"APU*"}
rst -system
after 3000
targets -set -filter {jtag_cable_name =~ "Digilent Zed 210248469160" && level==0 && jtag_device_ctx=="jsn-Zed-210248469160-03727093-0"}
fpga -file C:/Users/khali/ENSC_452_git/ENSC_452/LFSR_Generator/lfsr/_ide/bitstream/design_1_wrapper.bit
targets -set -nocase -filter {name =~"APU*"}
loadhw -hw C:/Users/khali/ENSC_452_git/ENSC_452/LFSR_Generator/LFSR_HW/export/LFSR_HW/hw/design_1_wrapper.xsa -mem-ranges [list {0x40000000 0xbfffffff}] -regs
configparams force-mem-access 1
targets -set -nocase -filter {name =~"APU*"}
source C:/Users/khali/ENSC_452_git/ENSC_452/LFSR_Generator/lfsr/_ide/psinit/ps7_init.tcl
ps7_init
ps7_post_config
targets -set -nocase -filter {name =~ "*A9*#0"}
dow C:/Users/khali/ENSC_452_git/ENSC_452/LFSR_Generator/lfsr/Debug/lfsr.elf
configparams force-mem-access 0
----------------End of Script----------------

20:09:22 INFO  : Context for processor 'ps7_cortexa9_0' is selected.
20:09:22 INFO  : 'con' command is executed.
20:09:22 INFO  : ----------------XSDB Script (After Launch)----------------
targets -set -nocase -filter {name =~ "*A9*#0"}
con
----------------End of Script----------------

20:09:22 INFO  : Launch script is exported to file 'C:\Users\khali\ENSC_452_git\ENSC_452\LFSR_Generator\lfsr_system\_ide\scripts\debugger_lfsr-default.tcl'
20:14:11 INFO  : Disconnected from the channel tcfchan#18.
20:20:54 INFO  : Connected to target on host '127.0.0.1' and port '3121'.
20:20:55 INFO  : Jtag cable 'Digilent Zed 210248469160' is selected.
20:20:55 INFO  : 'jtag frequency' command is executed.
20:20:55 INFO  : Context for 'APU' is selected.
20:20:55 INFO  : System reset is completed.
20:20:58 INFO  : 'after 3000' command is executed.
20:20:58 INFO  : 'targets -set -filter {jtag_cable_name =~ "Digilent Zed 210248469160" && level==0 && jtag_device_ctx=="jsn-Zed-210248469160-03727093-0"}' command is executed.
20:21:01 INFO  : Device configured successfully with "C:/Users/khali/ENSC_452_git/ENSC_452/LFSR_Generator/lfsr/_ide/bitstream/design_1_wrapper.bit"
20:21:01 INFO  : Context for 'APU' is selected.
20:21:01 INFO  : Hardware design and registers information is loaded from 'C:/Users/khali/ENSC_452_git/ENSC_452/LFSR_Generator/LFSR_HW/export/LFSR_HW/hw/design_1_wrapper.xsa'.
20:21:01 INFO  : 'configparams force-mem-access 1' command is executed.
20:21:01 INFO  : Context for 'APU' is selected.
20:21:01 INFO  : Sourcing of 'C:/Users/khali/ENSC_452_git/ENSC_452/LFSR_Generator/lfsr/_ide/psinit/ps7_init.tcl' is done.
20:21:03 INFO  : 'ps7_init' command is executed.
20:21:03 INFO  : 'ps7_post_config' command is executed.
20:21:03 INFO  : Context for processor 'ps7_cortexa9_0' is selected.
20:21:03 ERROR : Cannot halt processor core, timeout
20:21:03 INFO  : ----------------XSDB Script----------------
connect -url tcp:127.0.0.1:3121
targets -set -nocase -filter {name =~"APU*"}
rst -system
after 3000
targets -set -filter {jtag_cable_name =~ "Digilent Zed 210248469160" && level==0 && jtag_device_ctx=="jsn-Zed-210248469160-03727093-0"}
fpga -file C:/Users/khali/ENSC_452_git/ENSC_452/LFSR_Generator/lfsr/_ide/bitstream/design_1_wrapper.bit
targets -set -nocase -filter {name =~"APU*"}
loadhw -hw C:/Users/khali/ENSC_452_git/ENSC_452/LFSR_Generator/LFSR_HW/export/LFSR_HW/hw/design_1_wrapper.xsa -mem-ranges [list {0x40000000 0xbfffffff}] -regs
configparams force-mem-access 1
targets -set -nocase -filter {name =~"APU*"}
source C:/Users/khali/ENSC_452_git/ENSC_452/LFSR_Generator/lfsr/_ide/psinit/ps7_init.tcl
ps7_init
ps7_post_config
targets -set -nocase -filter {name =~ "*A9*#0"}
dow C:/Users/khali/ENSC_452_git/ENSC_452/LFSR_Generator/lfsr/Debug/lfsr.elf
----------------End of Script----------------

20:21:03 ERROR : Cannot halt processor core, timeout
20:21:07 INFO  : Checking for BSP changes to sync application flags for project 'lfsr'...
20:22:09 INFO  : Connected to target on host '127.0.0.1' and port '3121'.
20:22:09 INFO  : Jtag cable 'Digilent Zed 210248469160' is selected.
20:22:09 INFO  : 'jtag frequency' command is executed.
20:22:09 INFO  : Context for 'APU' is selected.
20:22:09 INFO  : System reset is completed.
20:22:12 INFO  : 'after 3000' command is executed.
20:22:13 INFO  : 'targets -set -filter {jtag_cable_name =~ "Digilent Zed 210248469160" && level==0 && jtag_device_ctx=="jsn-Zed-210248469160-03727093-0"}' command is executed.
20:22:15 INFO  : Device configured successfully with "C:/Users/khali/ENSC_452_git/ENSC_452/LFSR_Generator/lfsr/_ide/bitstream/design_1_wrapper.bit"
20:22:16 INFO  : Context for 'APU' is selected.
20:22:16 INFO  : Hardware design and registers information is loaded from 'C:/Users/khali/ENSC_452_git/ENSC_452/LFSR_Generator/LFSR_HW/export/LFSR_HW/hw/design_1_wrapper.xsa'.
20:22:16 INFO  : 'configparams force-mem-access 1' command is executed.
20:22:16 INFO  : Context for 'APU' is selected.
20:22:16 INFO  : Sourcing of 'C:/Users/khali/ENSC_452_git/ENSC_452/LFSR_Generator/lfsr/_ide/psinit/ps7_init.tcl' is done.
20:23:10 ERROR : 'ps7_init' is cancelled.
20:23:10 INFO  : ----------------XSDB Script----------------
connect -url tcp:127.0.0.1:3121
targets -set -nocase -filter {name =~"APU*"}
rst -system
after 3000
targets -set -filter {jtag_cable_name =~ "Digilent Zed 210248469160" && level==0 && jtag_device_ctx=="jsn-Zed-210248469160-03727093-0"}
fpga -file C:/Users/khali/ENSC_452_git/ENSC_452/LFSR_Generator/lfsr/_ide/bitstream/design_1_wrapper.bit
targets -set -nocase -filter {name =~"APU*"}
loadhw -hw C:/Users/khali/ENSC_452_git/ENSC_452/LFSR_Generator/LFSR_HW/export/LFSR_HW/hw/design_1_wrapper.xsa -mem-ranges [list {0x40000000 0xbfffffff}] -regs
configparams force-mem-access 1
targets -set -nocase -filter {name =~"APU*"}
source C:/Users/khali/ENSC_452_git/ENSC_452/LFSR_Generator/lfsr/_ide/psinit/ps7_init.tcl
ps7_init
----------------End of Script----------------

20:23:10 ERROR : 'ps7_init' is cancelled.
20:23:42 INFO  : Connected to target on host '127.0.0.1' and port '3121'.
20:23:43 INFO  : Jtag cable 'Digilent Zed 210248469160' is selected.
20:23:43 INFO  : 'jtag frequency' command is executed.
20:23:44 INFO  : Context for 'APU' is selected.
20:23:44 INFO  : System reset is completed.
20:23:47 INFO  : 'after 3000' command is executed.
20:23:47 INFO  : 'targets -set -filter {jtag_cable_name =~ "Digilent Zed 210248469160" && level==0 && jtag_device_ctx=="jsn-Zed-210248469160-03727093-0"}' command is executed.
20:23:51 ERROR : fpga configuration failed. DONE PIN is not HIGH
20:23:52 ERROR : Exception occured while running Program Device.
java.lang.RuntimeException: fpga configuration failed. DONE PIN is not HIGH
20:23:52 INFO  : ----------------XSDB Script----------------
connect -url tcp:127.0.0.1:3121
targets -set -nocase -filter {name =~"APU*"}
rst -system
after 3000
----------------End of Script----------------

20:23:52 ERROR : fpga configuration failed. DONE PIN is not HIGH
20:24:34 INFO  : Connected to target on host '127.0.0.1' and port '3121'.
20:24:34 INFO  : Jtag cable 'Digilent Zed 210248469160' is selected.
20:24:34 INFO  : 'jtag frequency' command is executed.
20:24:34 INFO  : Context for 'APU' is selected.
20:24:35 INFO  : System reset is completed.
20:24:38 INFO  : 'after 3000' command is executed.
20:24:38 INFO  : 'targets -set -filter {jtag_cable_name =~ "Digilent Zed 210248469160" && level==0 && jtag_device_ctx=="jsn-Zed-210248469160-03727093-0"}' command is executed.
20:24:41 INFO  : Device configured successfully with "C:/Users/khali/ENSC_452_git/ENSC_452/LFSR_Generator/lfsr/_ide/bitstream/design_1_wrapper.bit"
20:24:41 INFO  : Context for 'APU' is selected.
20:24:41 INFO  : Hardware design and registers information is loaded from 'C:/Users/khali/ENSC_452_git/ENSC_452/LFSR_Generator/LFSR_HW/export/LFSR_HW/hw/design_1_wrapper.xsa'.
20:24:41 INFO  : 'configparams force-mem-access 1' command is executed.
20:24:41 INFO  : Context for 'APU' is selected.
20:24:41 INFO  : Sourcing of 'C:/Users/khali/ENSC_452_git/ENSC_452/LFSR_Generator/lfsr/_ide/psinit/ps7_init.tcl' is done.
20:24:42 INFO  : 'ps7_init' command is executed.
20:24:42 INFO  : 'ps7_post_config' command is executed.
20:24:42 INFO  : Context for processor 'ps7_cortexa9_0' is selected.
20:24:42 ERROR : AP transaction timeout
20:24:42 INFO  : ----------------XSDB Script----------------
connect -url tcp:127.0.0.1:3121
targets -set -nocase -filter {name =~"APU*"}
rst -system
after 3000
targets -set -filter {jtag_cable_name =~ "Digilent Zed 210248469160" && level==0 && jtag_device_ctx=="jsn-Zed-210248469160-03727093-0"}
fpga -file C:/Users/khali/ENSC_452_git/ENSC_452/LFSR_Generator/lfsr/_ide/bitstream/design_1_wrapper.bit
targets -set -nocase -filter {name =~"APU*"}
loadhw -hw C:/Users/khali/ENSC_452_git/ENSC_452/LFSR_Generator/LFSR_HW/export/LFSR_HW/hw/design_1_wrapper.xsa -mem-ranges [list {0x40000000 0xbfffffff}] -regs
configparams force-mem-access 1
targets -set -nocase -filter {name =~"APU*"}
source C:/Users/khali/ENSC_452_git/ENSC_452/LFSR_Generator/lfsr/_ide/psinit/ps7_init.tcl
ps7_init
ps7_post_config
targets -set -nocase -filter {name =~ "*A9*#0"}
dow C:/Users/khali/ENSC_452_git/ENSC_452/LFSR_Generator/lfsr/Debug/lfsr.elf
----------------End of Script----------------

20:24:42 ERROR : AP transaction timeout
20:24:46 INFO  : Checking for BSP changes to sync application flags for project 'lfsr'...
20:25:05 INFO  : Connected to target on host '127.0.0.1' and port '3121'.
20:25:07 INFO  : Jtag cable 'Digilent Zed 210248469160' is selected.
20:25:07 INFO  : 'jtag frequency' command is executed.
20:25:07 INFO  : Context for 'APU' is selected.
20:25:07 INFO  : System reset is completed.
20:25:10 INFO  : 'after 3000' command is executed.
20:25:11 INFO  : 'targets -set -filter {jtag_cable_name =~ "Digilent Zed 210248469160" && level==0 && jtag_device_ctx=="jsn-Zed-210248469160-03727093-0"}' command is executed.
20:25:13 INFO  : Device configured successfully with "C:/Users/khali/ENSC_452_git/ENSC_452/LFSR_Generator/lfsr/_ide/bitstream/design_1_wrapper.bit"
20:25:13 INFO  : Context for 'APU' is selected.
20:25:13 INFO  : Hardware design and registers information is loaded from 'C:/Users/khali/ENSC_452_git/ENSC_452/LFSR_Generator/LFSR_HW/export/LFSR_HW/hw/design_1_wrapper.xsa'.
20:25:13 INFO  : 'configparams force-mem-access 1' command is executed.
20:25:13 INFO  : Context for 'APU' is selected.
20:25:13 INFO  : Sourcing of 'C:/Users/khali/ENSC_452_git/ENSC_452/LFSR_Generator/lfsr/_ide/psinit/ps7_init.tcl' is done.
20:25:15 INFO  : 'ps7_init' command is executed.
20:25:15 INFO  : 'ps7_post_config' command is executed.
20:25:15 INFO  : Context for processor 'ps7_cortexa9_0' is selected.
20:25:16 INFO  : The application 'C:/Users/khali/ENSC_452_git/ENSC_452/LFSR_Generator/lfsr/Debug/lfsr.elf' is downloaded to processor 'ps7_cortexa9_0'.
20:25:17 INFO  : 'configparams force-mem-access 0' command is executed.
20:25:17 INFO  : ----------------XSDB Script----------------
connect -url tcp:127.0.0.1:3121
targets -set -nocase -filter {name =~"APU*"}
rst -system
after 3000
targets -set -filter {jtag_cable_name =~ "Digilent Zed 210248469160" && level==0 && jtag_device_ctx=="jsn-Zed-210248469160-03727093-0"}
fpga -file C:/Users/khali/ENSC_452_git/ENSC_452/LFSR_Generator/lfsr/_ide/bitstream/design_1_wrapper.bit
targets -set -nocase -filter {name =~"APU*"}
loadhw -hw C:/Users/khali/ENSC_452_git/ENSC_452/LFSR_Generator/LFSR_HW/export/LFSR_HW/hw/design_1_wrapper.xsa -mem-ranges [list {0x40000000 0xbfffffff}] -regs
configparams force-mem-access 1
targets -set -nocase -filter {name =~"APU*"}
source C:/Users/khali/ENSC_452_git/ENSC_452/LFSR_Generator/lfsr/_ide/psinit/ps7_init.tcl
ps7_init
ps7_post_config
targets -set -nocase -filter {name =~ "*A9*#0"}
dow C:/Users/khali/ENSC_452_git/ENSC_452/LFSR_Generator/lfsr/Debug/lfsr.elf
configparams force-mem-access 0
----------------End of Script----------------

20:25:17 INFO  : Context for processor 'ps7_cortexa9_0' is selected.
20:25:17 INFO  : 'con' command is executed.
20:25:17 INFO  : ----------------XSDB Script (After Launch)----------------
targets -set -nocase -filter {name =~ "*A9*#0"}
con
----------------End of Script----------------

20:25:17 INFO  : Launch script is exported to file 'C:\Users\khali\ENSC_452_git\ENSC_452\LFSR_Generator\lfsr_system\_ide\scripts\debugger_lfsr-default.tcl'
20:28:49 INFO  : Disconnected from the channel tcfchan#19.
20:36:12 INFO  : Connected to target on host '127.0.0.1' and port '3121'.
20:36:12 INFO  : Jtag cable 'Digilent Zed 210248469160' is selected.
20:36:12 INFO  : 'jtag frequency' command is executed.
20:36:12 INFO  : Context for 'APU' is selected.
20:36:13 INFO  : System reset is completed.
20:36:16 INFO  : 'after 3000' command is executed.
20:36:16 INFO  : 'targets -set -filter {jtag_cable_name =~ "Digilent Zed 210248469160" && level==0 && jtag_device_ctx=="jsn-Zed-210248469160-03727093-0"}' command is executed.
20:36:18 INFO  : Device configured successfully with "C:/Users/khali/ENSC_452_git/ENSC_452/LFSR_Generator/lfsr/_ide/bitstream/design_1_wrapper.bit"
20:36:19 INFO  : Context for 'APU' is selected.
20:36:19 INFO  : Hardware design and registers information is loaded from 'C:/Users/khali/ENSC_452_git/ENSC_452/LFSR_Generator/LFSR_HW/export/LFSR_HW/hw/design_1_wrapper.xsa'.
20:36:19 INFO  : 'configparams force-mem-access 1' command is executed.
20:36:19 INFO  : Context for 'APU' is selected.
20:36:19 INFO  : Sourcing of 'C:/Users/khali/ENSC_452_git/ENSC_452/LFSR_Generator/lfsr/_ide/psinit/ps7_init.tcl' is done.
20:36:20 INFO  : 'ps7_init' command is executed.
20:36:20 INFO  : 'ps7_post_config' command is executed.
20:36:20 INFO  : Context for processor 'ps7_cortexa9_0' is selected.
20:36:21 ERROR : Cannot halt processor core, timeout
20:36:21 INFO  : ----------------XSDB Script----------------
connect -url tcp:127.0.0.1:3121
targets -set -nocase -filter {name =~"APU*"}
rst -system
after 3000
targets -set -filter {jtag_cable_name =~ "Digilent Zed 210248469160" && level==0 && jtag_device_ctx=="jsn-Zed-210248469160-03727093-0"}
fpga -file C:/Users/khali/ENSC_452_git/ENSC_452/LFSR_Generator/lfsr/_ide/bitstream/design_1_wrapper.bit
targets -set -nocase -filter {name =~"APU*"}
loadhw -hw C:/Users/khali/ENSC_452_git/ENSC_452/LFSR_Generator/LFSR_HW/export/LFSR_HW/hw/design_1_wrapper.xsa -mem-ranges [list {0x40000000 0xbfffffff}] -regs
configparams force-mem-access 1
targets -set -nocase -filter {name =~"APU*"}
source C:/Users/khali/ENSC_452_git/ENSC_452/LFSR_Generator/lfsr/_ide/psinit/ps7_init.tcl
ps7_init
ps7_post_config
targets -set -nocase -filter {name =~ "*A9*#0"}
dow C:/Users/khali/ENSC_452_git/ENSC_452/LFSR_Generator/lfsr/Debug/lfsr.elf
----------------End of Script----------------

20:36:21 ERROR : Cannot halt processor core, timeout
20:36:29 INFO  : Connected to target on host '127.0.0.1' and port '3121'.
20:36:30 INFO  : Jtag cable 'Digilent Zed 210248469160' is selected.
20:36:30 INFO  : 'jtag frequency' command is executed.
20:36:30 INFO  : Context for 'APU' is selected.
20:36:31 INFO  : System reset is completed.
20:36:34 INFO  : 'after 3000' command is executed.
20:36:34 INFO  : 'targets -set -filter {jtag_cable_name =~ "Digilent Zed 210248469160" && level==0 && jtag_device_ctx=="jsn-Zed-210248469160-03727093-0"}' command is executed.
20:36:37 INFO  : Device configured successfully with "C:/Users/khali/ENSC_452_git/ENSC_452/LFSR_Generator/lfsr/_ide/bitstream/design_1_wrapper.bit"
20:36:37 INFO  : Context for 'APU' is selected.
20:36:37 INFO  : Hardware design and registers information is loaded from 'C:/Users/khali/ENSC_452_git/ENSC_452/LFSR_Generator/LFSR_HW/export/LFSR_HW/hw/design_1_wrapper.xsa'.
20:36:37 INFO  : 'configparams force-mem-access 1' command is executed.
20:36:37 INFO  : Context for 'APU' is selected.
20:36:37 INFO  : Sourcing of 'C:/Users/khali/ENSC_452_git/ENSC_452/LFSR_Generator/lfsr/_ide/psinit/ps7_init.tcl' is done.
20:37:34 ERROR : 'ps7_init' is cancelled.
20:37:34 INFO  : ----------------XSDB Script----------------
connect -url tcp:127.0.0.1:3121
targets -set -nocase -filter {name =~"APU*"}
rst -system
after 3000
targets -set -filter {jtag_cable_name =~ "Digilent Zed 210248469160" && level==0 && jtag_device_ctx=="jsn-Zed-210248469160-03727093-0"}
fpga -file C:/Users/khali/ENSC_452_git/ENSC_452/LFSR_Generator/lfsr/_ide/bitstream/design_1_wrapper.bit
targets -set -nocase -filter {name =~"APU*"}
loadhw -hw C:/Users/khali/ENSC_452_git/ENSC_452/LFSR_Generator/LFSR_HW/export/LFSR_HW/hw/design_1_wrapper.xsa -mem-ranges [list {0x40000000 0xbfffffff}] -regs
configparams force-mem-access 1
targets -set -nocase -filter {name =~"APU*"}
source C:/Users/khali/ENSC_452_git/ENSC_452/LFSR_Generator/lfsr/_ide/psinit/ps7_init.tcl
ps7_init
----------------End of Script----------------

20:37:34 ERROR : 'ps7_init' is cancelled.
20:38:00 INFO  : Checking for BSP changes to sync application flags for project 'lfsr'...
20:38:21 INFO  : Connected to target on host '127.0.0.1' and port '3121'.
20:38:21 INFO  : Jtag cable 'Digilent Zed 210248469160' is selected.
20:38:21 INFO  : 'jtag frequency' command is executed.
20:38:21 INFO  : Context for 'APU' is selected.
20:38:22 INFO  : System reset is completed.
20:38:25 INFO  : 'after 3000' command is executed.
20:38:25 INFO  : 'targets -set -filter {jtag_cable_name =~ "Digilent Zed 210248469160" && level==0 && jtag_device_ctx=="jsn-Zed-210248469160-03727093-0"}' command is executed.
20:38:28 INFO  : Device configured successfully with "C:/Users/khali/ENSC_452_git/ENSC_452/LFSR_Generator/lfsr/_ide/bitstream/design_1_wrapper.bit"
20:38:28 INFO  : Context for 'APU' is selected.
20:38:28 INFO  : Hardware design and registers information is loaded from 'C:/Users/khali/ENSC_452_git/ENSC_452/LFSR_Generator/LFSR_HW/export/LFSR_HW/hw/design_1_wrapper.xsa'.
20:38:28 INFO  : 'configparams force-mem-access 1' command is executed.
20:38:28 INFO  : Context for 'APU' is selected.
20:38:28 INFO  : Sourcing of 'C:/Users/khali/ENSC_452_git/ENSC_452/LFSR_Generator/lfsr/_ide/psinit/ps7_init.tcl' is done.
20:38:28 INFO  : 'ps7_init' command is executed.
20:38:28 INFO  : 'ps7_post_config' command is executed.
20:38:28 INFO  : Context for processor 'ps7_cortexa9_0' is selected.
20:38:29 INFO  : The application 'C:/Users/khali/ENSC_452_git/ENSC_452/LFSR_Generator/lfsr/Debug/lfsr.elf' is downloaded to processor 'ps7_cortexa9_0'.
20:38:29 INFO  : 'configparams force-mem-access 0' command is executed.
20:38:29 INFO  : ----------------XSDB Script----------------
connect -url tcp:127.0.0.1:3121
targets -set -nocase -filter {name =~"APU*"}
rst -system
after 3000
targets -set -filter {jtag_cable_name =~ "Digilent Zed 210248469160" && level==0 && jtag_device_ctx=="jsn-Zed-210248469160-03727093-0"}
fpga -file C:/Users/khali/ENSC_452_git/ENSC_452/LFSR_Generator/lfsr/_ide/bitstream/design_1_wrapper.bit
targets -set -nocase -filter {name =~"APU*"}
loadhw -hw C:/Users/khali/ENSC_452_git/ENSC_452/LFSR_Generator/LFSR_HW/export/LFSR_HW/hw/design_1_wrapper.xsa -mem-ranges [list {0x40000000 0xbfffffff}] -regs
configparams force-mem-access 1
targets -set -nocase -filter {name =~"APU*"}
source C:/Users/khali/ENSC_452_git/ENSC_452/LFSR_Generator/lfsr/_ide/psinit/ps7_init.tcl
ps7_init
ps7_post_config
targets -set -nocase -filter {name =~ "*A9*#0"}
dow C:/Users/khali/ENSC_452_git/ENSC_452/LFSR_Generator/lfsr/Debug/lfsr.elf
configparams force-mem-access 0
----------------End of Script----------------

20:38:30 INFO  : Context for processor 'ps7_cortexa9_0' is selected.
20:38:30 INFO  : 'con' command is executed.
20:38:30 INFO  : ----------------XSDB Script (After Launch)----------------
targets -set -nocase -filter {name =~ "*A9*#0"}
con
----------------End of Script----------------

20:38:30 INFO  : Launch script is exported to file 'C:\Users\khali\ENSC_452_git\ENSC_452\LFSR_Generator\lfsr_system\_ide\scripts\debugger_lfsr-default.tcl'
20:39:38 INFO  : Disconnected from the channel tcfchan#22.
17:11:33 INFO  : Launching XSCT server: xsct.bat -n  -interactive C:\Users\khali\ENSC_452_git\ENSC_452\LFSR_Generator\temp_xsdb_launch_script.tcl
17:11:38 INFO  : XSCT server has started successfully.
17:11:38 INFO  : plnx-install-location is set to ''
17:11:38 INFO  : Successfully done setting XSCT server connection channel  
17:11:38 INFO  : Successfully done setting workspace for the tool. 
17:11:53 INFO  : Registering command handlers for Vitis TCF services
17:11:53 INFO  : Platform repository initialization has completed.
17:11:54 INFO  : Successfully done query RDI_DATADIR 
17:23:01 INFO  : Result from executing command 'getProjects': LFSR_HW
17:23:01 INFO  : Result from executing command 'getPlatforms': LFSR_HW|C:/Users/khali/ENSC_452_git/ENSC_452/LFSR_Generator/LFSR_HW/export/LFSR_HW/LFSR_HW.xpfm
17:23:02 INFO  : Checking for BSP changes to sync application flags for project 'lfsr'...
17:23:43 INFO  : Checking for BSP changes to sync application flags for project 'lfsr'...
17:31:07 INFO  : Connected to target on host '127.0.0.1' and port '3121'.
17:31:08 INFO  : Jtag cable 'Digilent Zed 210248469160' is selected.
17:31:08 INFO  : 'jtag frequency' command is executed.
17:31:08 INFO  : Context for 'APU' is selected.
17:31:08 INFO  : System reset is completed.
17:31:11 INFO  : 'after 3000' command is executed.
17:31:11 INFO  : 'targets -set -filter {jtag_cable_name =~ "Digilent Zed 210248469160" && level==0 && jtag_device_ctx=="jsn-Zed-210248469160-03727093-0"}' command is executed.
17:31:14 INFO  : Device configured successfully with "C:/Users/khali/ENSC_452_git/ENSC_452/LFSR_Generator/lfsr/_ide/bitstream/design_1_wrapper.bit"
17:31:14 INFO  : Context for 'APU' is selected.
17:31:14 INFO  : Hardware design and registers information is loaded from 'C:/Users/khali/ENSC_452_git/ENSC_452/LFSR_Generator/LFSR_HW/export/LFSR_HW/hw/design_1_wrapper.xsa'.
17:31:14 INFO  : 'configparams force-mem-access 1' command is executed.
17:31:14 INFO  : Context for 'APU' is selected.
17:31:14 INFO  : Sourcing of 'C:/Users/khali/ENSC_452_git/ENSC_452/LFSR_Generator/lfsr/_ide/psinit/ps7_init.tcl' is done.
17:31:14 INFO  : 'ps7_init' command is executed.
17:31:14 INFO  : 'ps7_post_config' command is executed.
17:31:14 INFO  : Context for processor 'ps7_cortexa9_0' is selected.
17:31:14 INFO  : The application 'C:/Users/khali/ENSC_452_git/ENSC_452/LFSR_Generator/lfsr/Debug/lfsr.elf' is downloaded to processor 'ps7_cortexa9_0'.
17:31:15 INFO  : 'configparams force-mem-access 0' command is executed.
17:31:15 INFO  : ----------------XSDB Script----------------
connect -url tcp:127.0.0.1:3121
targets -set -nocase -filter {name =~"APU*"}
rst -system
after 3000
targets -set -filter {jtag_cable_name =~ "Digilent Zed 210248469160" && level==0 && jtag_device_ctx=="jsn-Zed-210248469160-03727093-0"}
fpga -file C:/Users/khali/ENSC_452_git/ENSC_452/LFSR_Generator/lfsr/_ide/bitstream/design_1_wrapper.bit
targets -set -nocase -filter {name =~"APU*"}
loadhw -hw C:/Users/khali/ENSC_452_git/ENSC_452/LFSR_Generator/LFSR_HW/export/LFSR_HW/hw/design_1_wrapper.xsa -mem-ranges [list {0x40000000 0xbfffffff}] -regs
configparams force-mem-access 1
targets -set -nocase -filter {name =~"APU*"}
source C:/Users/khali/ENSC_452_git/ENSC_452/LFSR_Generator/lfsr/_ide/psinit/ps7_init.tcl
ps7_init
ps7_post_config
targets -set -nocase -filter {name =~ "*A9*#0"}
dow C:/Users/khali/ENSC_452_git/ENSC_452/LFSR_Generator/lfsr/Debug/lfsr.elf
configparams force-mem-access 0
----------------End of Script----------------

17:31:15 INFO  : Context for processor 'ps7_cortexa9_0' is selected.
17:31:15 INFO  : 'con' command is executed.
17:31:15 INFO  : ----------------XSDB Script (After Launch)----------------
targets -set -nocase -filter {name =~ "*A9*#0"}
con
----------------End of Script----------------

17:31:15 INFO  : Launch script is exported to file 'C:\Users\khali\ENSC_452_git\ENSC_452\LFSR_Generator\lfsr_system\_ide\scripts\systemdebugger_lfsr_system_standalone.tcl'
17:31:42 INFO  : Disconnected from the channel tcfchan#4.
17:31:44 INFO  : Connected to target on host '127.0.0.1' and port '3121'.
17:31:44 INFO  : Jtag cable 'Digilent Zed 210248469160' is selected.
17:31:44 INFO  : 'jtag frequency' command is executed.
17:31:44 INFO  : Context for 'APU' is selected.
17:31:44 INFO  : System reset is completed.
17:31:47 INFO  : 'after 3000' command is executed.
17:31:47 INFO  : 'targets -set -filter {jtag_cable_name =~ "Digilent Zed 210248469160" && level==0 && jtag_device_ctx=="jsn-Zed-210248469160-03727093-0"}' command is executed.
17:31:50 INFO  : Device configured successfully with "C:/Users/khali/ENSC_452_git/ENSC_452/LFSR_Generator/lfsr/_ide/bitstream/design_1_wrapper.bit"
17:31:50 INFO  : Context for 'APU' is selected.
17:31:50 INFO  : Hardware design and registers information is loaded from 'C:/Users/khali/ENSC_452_git/ENSC_452/LFSR_Generator/LFSR_HW/export/LFSR_HW/hw/design_1_wrapper.xsa'.
17:31:50 INFO  : 'configparams force-mem-access 1' command is executed.
17:31:50 INFO  : Context for 'APU' is selected.
17:31:50 INFO  : Sourcing of 'C:/Users/khali/ENSC_452_git/ENSC_452/LFSR_Generator/lfsr/_ide/psinit/ps7_init.tcl' is done.
17:31:50 INFO  : 'ps7_init' command is executed.
17:31:50 INFO  : 'ps7_post_config' command is executed.
17:31:50 INFO  : Context for processor 'ps7_cortexa9_0' is selected.
17:31:51 INFO  : The application 'C:/Users/khali/ENSC_452_git/ENSC_452/LFSR_Generator/lfsr/Debug/lfsr.elf' is downloaded to processor 'ps7_cortexa9_0'.
17:31:51 INFO  : 'configparams force-mem-access 0' command is executed.
17:31:51 INFO  : ----------------XSDB Script----------------
connect -url tcp:127.0.0.1:3121
targets -set -nocase -filter {name =~"APU*"}
rst -system
after 3000
targets -set -filter {jtag_cable_name =~ "Digilent Zed 210248469160" && level==0 && jtag_device_ctx=="jsn-Zed-210248469160-03727093-0"}
fpga -file C:/Users/khali/ENSC_452_git/ENSC_452/LFSR_Generator/lfsr/_ide/bitstream/design_1_wrapper.bit
targets -set -nocase -filter {name =~"APU*"}
loadhw -hw C:/Users/khali/ENSC_452_git/ENSC_452/LFSR_Generator/LFSR_HW/export/LFSR_HW/hw/design_1_wrapper.xsa -mem-ranges [list {0x40000000 0xbfffffff}] -regs
configparams force-mem-access 1
targets -set -nocase -filter {name =~"APU*"}
source C:/Users/khali/ENSC_452_git/ENSC_452/LFSR_Generator/lfsr/_ide/psinit/ps7_init.tcl
ps7_init
ps7_post_config
targets -set -nocase -filter {name =~ "*A9*#0"}
dow C:/Users/khali/ENSC_452_git/ENSC_452/LFSR_Generator/lfsr/Debug/lfsr.elf
configparams force-mem-access 0
----------------End of Script----------------

17:31:51 INFO  : Context for processor 'ps7_cortexa9_0' is selected.
17:31:51 INFO  : 'con' command is executed.
17:31:51 INFO  : ----------------XSDB Script (After Launch)----------------
targets -set -nocase -filter {name =~ "*A9*#0"}
con
----------------End of Script----------------

17:31:51 INFO  : Launch script is exported to file 'C:\Users\khali\ENSC_452_git\ENSC_452\LFSR_Generator\lfsr_system\_ide\scripts\systemdebugger_lfsr_system_standalone.tcl'
17:32:00 INFO  : Disconnected from the channel tcfchan#5.
17:32:00 INFO  : Connected to target on host '127.0.0.1' and port '3121'.
17:32:00 INFO  : Jtag cable 'Digilent Zed 210248469160' is selected.
17:32:00 INFO  : 'jtag frequency' command is executed.
17:32:00 INFO  : Context for 'APU' is selected.
17:32:01 INFO  : System reset is completed.
17:32:04 INFO  : 'after 3000' command is executed.
17:32:04 INFO  : 'targets -set -filter {jtag_cable_name =~ "Digilent Zed 210248469160" && level==0 && jtag_device_ctx=="jsn-Zed-210248469160-03727093-0"}' command is executed.
17:32:06 INFO  : Device configured successfully with "C:/Users/khali/ENSC_452_git/ENSC_452/LFSR_Generator/lfsr/_ide/bitstream/design_1_wrapper.bit"
17:32:06 INFO  : Context for 'APU' is selected.
17:32:06 INFO  : Hardware design and registers information is loaded from 'C:/Users/khali/ENSC_452_git/ENSC_452/LFSR_Generator/LFSR_HW/export/LFSR_HW/hw/design_1_wrapper.xsa'.
17:32:06 INFO  : 'configparams force-mem-access 1' command is executed.
17:32:06 INFO  : Context for 'APU' is selected.
17:32:06 INFO  : Sourcing of 'C:/Users/khali/ENSC_452_git/ENSC_452/LFSR_Generator/lfsr/_ide/psinit/ps7_init.tcl' is done.
17:32:07 INFO  : 'ps7_init' command is executed.
17:32:07 INFO  : 'ps7_post_config' command is executed.
17:32:07 INFO  : Context for processor 'ps7_cortexa9_0' is selected.
17:32:07 INFO  : The application 'C:/Users/khali/ENSC_452_git/ENSC_452/LFSR_Generator/lfsr/Debug/lfsr.elf' is downloaded to processor 'ps7_cortexa9_0'.
17:32:07 INFO  : 'configparams force-mem-access 0' command is executed.
17:32:07 INFO  : ----------------XSDB Script----------------
connect -url tcp:127.0.0.1:3121
targets -set -nocase -filter {name =~"APU*"}
rst -system
after 3000
targets -set -filter {jtag_cable_name =~ "Digilent Zed 210248469160" && level==0 && jtag_device_ctx=="jsn-Zed-210248469160-03727093-0"}
fpga -file C:/Users/khali/ENSC_452_git/ENSC_452/LFSR_Generator/lfsr/_ide/bitstream/design_1_wrapper.bit
targets -set -nocase -filter {name =~"APU*"}
loadhw -hw C:/Users/khali/ENSC_452_git/ENSC_452/LFSR_Generator/LFSR_HW/export/LFSR_HW/hw/design_1_wrapper.xsa -mem-ranges [list {0x40000000 0xbfffffff}] -regs
configparams force-mem-access 1
targets -set -nocase -filter {name =~"APU*"}
source C:/Users/khali/ENSC_452_git/ENSC_452/LFSR_Generator/lfsr/_ide/psinit/ps7_init.tcl
ps7_init
ps7_post_config
targets -set -nocase -filter {name =~ "*A9*#0"}
dow C:/Users/khali/ENSC_452_git/ENSC_452/LFSR_Generator/lfsr/Debug/lfsr.elf
configparams force-mem-access 0
----------------End of Script----------------

17:32:07 INFO  : Context for processor 'ps7_cortexa9_0' is selected.
17:32:07 INFO  : 'con' command is executed.
17:32:07 INFO  : ----------------XSDB Script (After Launch)----------------
targets -set -nocase -filter {name =~ "*A9*#0"}
con
----------------End of Script----------------

17:32:07 INFO  : Launch script is exported to file 'C:\Users\khali\ENSC_452_git\ENSC_452\LFSR_Generator\lfsr_system\_ide\scripts\systemdebugger_lfsr_system_standalone.tcl'
17:32:11 INFO  : Disconnected from the channel tcfchan#6.
17:32:53 INFO  : Checking for BSP changes to sync application flags for project 'lfsr'...
17:33:28 INFO  : Connected to target on host '127.0.0.1' and port '3121'.
17:33:29 INFO  : Jtag cable 'Digilent Zed 210248469160' is selected.
17:33:29 INFO  : 'jtag frequency' command is executed.
17:33:29 INFO  : Context for 'APU' is selected.
17:33:29 INFO  : System reset is completed.
17:33:32 INFO  : 'after 3000' command is executed.
17:33:32 INFO  : 'targets -set -filter {jtag_cable_name =~ "Digilent Zed 210248469160" && level==0 && jtag_device_ctx=="jsn-Zed-210248469160-03727093-0"}' command is executed.
17:33:34 INFO  : Device configured successfully with "C:/Users/khali/ENSC_452_git/ENSC_452/LFSR_Generator/lfsr/_ide/bitstream/design_1_wrapper.bit"
17:33:34 INFO  : Context for 'APU' is selected.
17:33:34 INFO  : Hardware design and registers information is loaded from 'C:/Users/khali/ENSC_452_git/ENSC_452/LFSR_Generator/LFSR_HW/export/LFSR_HW/hw/design_1_wrapper.xsa'.
17:33:34 INFO  : 'configparams force-mem-access 1' command is executed.
17:33:34 INFO  : Context for 'APU' is selected.
17:33:34 INFO  : Sourcing of 'C:/Users/khali/ENSC_452_git/ENSC_452/LFSR_Generator/lfsr/_ide/psinit/ps7_init.tcl' is done.
17:33:35 INFO  : 'ps7_init' command is executed.
17:33:35 INFO  : 'ps7_post_config' command is executed.
17:33:35 INFO  : Context for processor 'ps7_cortexa9_0' is selected.
17:33:35 INFO  : The application 'C:/Users/khali/ENSC_452_git/ENSC_452/LFSR_Generator/lfsr/Debug/lfsr.elf' is downloaded to processor 'ps7_cortexa9_0'.
17:33:35 INFO  : 'configparams force-mem-access 0' command is executed.
17:33:35 INFO  : ----------------XSDB Script----------------
connect -url tcp:127.0.0.1:3121
targets -set -nocase -filter {name =~"APU*"}
rst -system
after 3000
targets -set -filter {jtag_cable_name =~ "Digilent Zed 210248469160" && level==0 && jtag_device_ctx=="jsn-Zed-210248469160-03727093-0"}
fpga -file C:/Users/khali/ENSC_452_git/ENSC_452/LFSR_Generator/lfsr/_ide/bitstream/design_1_wrapper.bit
targets -set -nocase -filter {name =~"APU*"}
loadhw -hw C:/Users/khali/ENSC_452_git/ENSC_452/LFSR_Generator/LFSR_HW/export/LFSR_HW/hw/design_1_wrapper.xsa -mem-ranges [list {0x40000000 0xbfffffff}] -regs
configparams force-mem-access 1
targets -set -nocase -filter {name =~"APU*"}
source C:/Users/khali/ENSC_452_git/ENSC_452/LFSR_Generator/lfsr/_ide/psinit/ps7_init.tcl
ps7_init
ps7_post_config
targets -set -nocase -filter {name =~ "*A9*#0"}
dow C:/Users/khali/ENSC_452_git/ENSC_452/LFSR_Generator/lfsr/Debug/lfsr.elf
configparams force-mem-access 0
----------------End of Script----------------

17:33:35 INFO  : Context for processor 'ps7_cortexa9_0' is selected.
17:33:35 INFO  : 'con' command is executed.
17:33:35 INFO  : ----------------XSDB Script (After Launch)----------------
targets -set -nocase -filter {name =~ "*A9*#0"}
con
----------------End of Script----------------

17:33:35 INFO  : Launch script is exported to file 'C:\Users\khali\ENSC_452_git\ENSC_452\LFSR_Generator\lfsr_system\_ide\scripts\systemdebugger_lfsr_system_standalone.tcl'
17:33:47 INFO  : Disconnected from the channel tcfchan#8.
