#-----------------------------------------------------------
# Vivado v2019.1 (64-bit)
# SW Build 2552052 on Fri May 24 14:49:42 MDT 2019
# IP Build 2548770 on Fri May 24 18:01:18 MDT 2019
# Start of session at: Mon Feb 10 20:49:55 2020
# Process ID: 19232
# Current directory: C:/Users/khali/ENSC_452_git/ENSC_452/Audio/Working/Audio_Player_SD
# Command line: vivado.exe -gui_launcher_event rodinguilauncherevent19876 C:\Users\khali\ENSC_452_git\ENSC_452\Audio\Working\Audio_Player_SD\Audio_Player_SD.xpr
# Log file: C:/Users/khali/ENSC_452_git/ENSC_452/Audio/Working/Audio_Player_SD/vivado.log
# Journal file: C:/Users/khali/ENSC_452_git/ENSC_452/Audio/Working/Audio_Player_SD\vivado.jou
#-----------------------------------------------------------
start_gui
open_project C:/Users/khali/ENSC_452_git/ENSC_452/Audio/Working/Audio_Player_SD/Audio_Player_SD.xpr
INFO: [Project 1-313] Project file moved from 'U:/ENSC_452/Project_Modules/Audio/Audio_Player_SD' since last save.
Scanning sources...
Finished scanning sources
WARNING: [filemgmt 56-2] IP Repository Path: Could not find the directory 'C:/Users/khali/ENSC_452_git/ENSC_452/Audio/Working/SPIRxTxDemo/SPIRxTxDemo.ipdefs/myIPCores_0_0', nor could it be found using path 'U:/ENSC_452/Project_Modules/Audio/SPIRxTxDemo/SPIRxTxDemo.ipdefs/myIPCores_0_0'.
INFO: [IP_Flow 19-234] Refreshing IP repositories
WARNING: [IP_Flow 19-2248] Failed to load user IP repository 'c:/Users/khali/ENSC_452_git/ENSC_452/Audio/Working/SPIRxTxDemo/SPIRxTxDemo.ipdefs/myIPCores_0_0'; Can't find the specified path.
If this directory should no longer be in your list of user repositories, go to the IP Settings dialog and remove it.
INFO: [IP_Flow 19-2313] Loaded Vivado IP repository 'C:/Xilinx/Vivado/2019.1/data/ip'.
WARNING: [BD 41-1661] One or more IPs have been locked in the design 'design_1.bd'. Please run report_ip_status for more details and recommendations on how to fix this issue.
List of locked IPs:
design_1_myI2STx_0_0
design_1_mySPIRxTx_0_0
design_1_myPrescaler_0_0
design_1_myPrescaler_1_0

open_project: Time (s): cpu = 00:00:37 ; elapsed = 00:00:23 . Memory (MB): peak = 869.820 ; gain = 35.598
update_compile_order -fileset sources_1
save_project_as volume_control C:/Users/khali/ENSC_452_git/ENSC_452/Audio/Experimental/volume_control -force
WARNING: [IP_Flow 19-2162] IP 'design_1_myI2STx_0_0' is locked:
* IP definition 'myI2STx (1.0)' for IP 'design_1_myI2STx_0_0' (customized with software release 2019.1) was not found in the IP Catalog.
WARNING: [IP_Flow 19-2162] IP 'design_1_myPrescaler_0_0' is locked:
* IP definition 'myPrescaler (1.0)' for IP 'design_1_myPrescaler_0_0' (customized with software release 2019.1) was not found in the IP Catalog.
WARNING: [IP_Flow 19-2162] IP 'design_1_myPrescaler_1_0' is locked:
* IP definition 'myPrescaler (1.0)' for IP 'design_1_myPrescaler_1_0' (customized with software release 2019.1) was not found in the IP Catalog.
WARNING: [IP_Flow 19-2162] IP 'design_1_mySPIRxTx_0_0' is locked:
* IP definition 'mySPIRxTx (1.0)' for IP 'design_1_mySPIRxTx_0_0' (customized with software release 2019.1) was not found in the IP Catalog.
WARNING: [IP_Flow 19-2162] IP 'design_1_mySPIRxTx_0_0' is locked:
* IP definition 'mySPIRxTx (1.0)' for IP 'design_1_mySPIRxTx_0_0' (customized with software release 2019.1) was not found in the IP Catalog.
WARNING: [IP_Flow 19-2162] IP 'design_1_myPrescaler_0_0' is locked:
* IP definition 'myPrescaler (1.0)' for IP 'design_1_myPrescaler_0_0' (customized with software release 2019.1) was not found in the IP Catalog.
WARNING: [IP_Flow 19-2162] IP 'design_1_myPrescaler_1_0' is locked:
* IP definition 'myPrescaler (1.0)' for IP 'design_1_myPrescaler_1_0' (customized with software release 2019.1) was not found in the IP Catalog.
WARNING: [IP_Flow 19-2162] IP 'design_1_myI2STx_0_0' is locked:
* IP definition 'myI2STx (1.0)' for IP 'design_1_myI2STx_0_0' (customized with software release 2019.1) was not found in the IP Catalog.
WARNING: [BD 41-1661] One or more IPs have been locked in the design 'design_1.bd'. Please run report_ip_status for more details and recommendations on how to fix this issue.
List of locked IPs:
design_1_myI2STx_0_0
design_1_mySPIRxTx_0_0
design_1_myPrescaler_0_0
design_1_myPrescaler_1_0

save_project_as: Time (s): cpu = 00:00:27 ; elapsed = 00:00:20 . Memory (MB): peak = 1399.930 ; gain = 2.758
import_files
INFO: [filemgmt 20-334] All file(s) are already imported in fileset: 'design_1_auto_pc_0'
INFO: [filemgmt 20-348] Importing the appropriate files for fileset: 'design_1_auto_pc_0'
INFO: [filemgmt 20-334] All file(s) are already imported in fileset: 'design_1_axi_dma_0_0'
INFO: [filemgmt 20-348] Importing the appropriate files for fileset: 'design_1_axi_dma_0_0'
INFO: [filemgmt 20-334] All file(s) are already imported in fileset: 'design_1_axi_fifo_mm_s_0_0'
INFO: [filemgmt 20-348] Importing the appropriate files for fileset: 'design_1_axi_fifo_mm_s_0_0'
INFO: [filemgmt 20-334] All file(s) are already imported in fileset: 'design_1_axi_smc_0'
INFO: [filemgmt 20-348] Importing the appropriate files for fileset: 'design_1_axi_smc_0'
INFO: [filemgmt 20-334] All file(s) are already imported in fileset: 'design_1_myI2STx_0_0'
INFO: [filemgmt 20-348] Importing the appropriate files for fileset: 'design_1_myI2STx_0_0'
INFO: [filemgmt 20-334] All file(s) are already imported in fileset: 'design_1_myPrescaler_0_0'
INFO: [filemgmt 20-348] Importing the appropriate files for fileset: 'design_1_myPrescaler_0_0'
INFO: [filemgmt 20-334] All file(s) are already imported in fileset: 'design_1_myPrescaler_1_0'
INFO: [filemgmt 20-348] Importing the appropriate files for fileset: 'design_1_myPrescaler_1_0'
INFO: [filemgmt 20-334] All file(s) are already imported in fileset: 'design_1_mySPIRxTx_0_0'
INFO: [filemgmt 20-348] Importing the appropriate files for fileset: 'design_1_mySPIRxTx_0_0'
INFO: [filemgmt 20-334] All file(s) are already imported in fileset: 'design_1_processing_system7_0_0'
INFO: [filemgmt 20-348] Importing the appropriate files for fileset: 'design_1_processing_system7_0_0'
INFO: [filemgmt 20-334] All file(s) are already imported in fileset: 'design_1_rst_ps7_0_100M_0'
INFO: [filemgmt 20-348] Importing the appropriate files for fileset: 'design_1_rst_ps7_0_100M_0'
INFO: [filemgmt 20-334] All file(s) are already imported in fileset: 'design_1_xbar_0'
INFO: [filemgmt 20-348] Importing the appropriate files for fileset: 'design_1_xbar_0'
INFO: [filemgmt 20-334] All file(s) are already imported in fileset: 'constrs_1'
INFO: [filemgmt 20-348] Importing the appropriate files for fileset: 'constrs_1'
INFO: [filemgmt 20-334] All file(s) are already imported in fileset: 'sources_1'
INFO: [filemgmt 20-348] Importing the appropriate files for fileset: 'sources_1'
reset_run synth_1
launch_runs impl_1 -to_step write_bitstream -jobs 4
[Mon Feb 10 20:53:01 2020] Launched synth_1...
Run output will be captured here: C:/Users/khali/ENSC_452_git/ENSC_452/Audio/Experimental/volume_control/volume_control.runs/synth_1/runme.log
[Mon Feb 10 20:53:01 2020] Launched impl_1...
Run output will be captured here: C:/Users/khali/ENSC_452_git/ENSC_452/Audio/Experimental/volume_control/volume_control.runs/impl_1/runme.log
open_run impl_1
INFO: [Device 21-403] Loading part xc7z020clg484-1
INFO: [Netlist 29-17] Analyzing 606 Unisim elements for replacement
INFO: [Netlist 29-28] Unisim Transformation completed in 1 CPU seconds
INFO: [Project 1-479] Netlist was created with Vivado 2019.1
INFO: [Project 1-570] Preparing netlist for logic optimization
INFO: [Timing 38-478] Restoring timing data from binary archive.
INFO: [Timing 38-479] Binary timing data restore complete.
INFO: [Project 1-856] Restoring constraints from binary archive.
INFO: [Project 1-853] Binary constraint restore complete.
Reading XDEF placement.
Reading placer database...
Reading XDEF routing.
Read XDEF File: Time (s): cpu = 00:00:04 ; elapsed = 00:00:04 . Memory (MB): peak = 1972.191 ; gain = 0.000
Restored from archive | CPU: 4.000000 secs | Memory: 0.000000 MB |
Finished XDEF File Restore: Time (s): cpu = 00:00:04 ; elapsed = 00:00:04 . Memory (MB): peak = 1972.191 ; gain = 0.000
Netlist sorting complete. Time (s): cpu = 00:00:00 ; elapsed = 00:00:00.037 . Memory (MB): peak = 1972.191 ; gain = 0.000
INFO: [Project 1-111] Unisim Transformation Summary:
  A total of 238 instances were transformed.
  CFGLUT5 => CFGLUT5 (SRLC32E, SRL16E): 112 instances
  RAM16X1D => RAM32X1D (RAMD32, RAMD32): 1 instances
  RAM32M => RAM32M (RAMD32, RAMD32, RAMD32, RAMD32, RAMD32, RAMD32, RAMS32, RAMS32): 109 instances
  RAM64M => RAM64M (RAMD64E, RAMD64E, RAMD64E, RAMD64E): 14 instances
  RAM64X1D => RAM64X1D (RAMD64E, RAMD64E): 2 instances

open_run: Time (s): cpu = 00:01:27 ; elapsed = 00:01:44 . Memory (MB): peak = 2096.832 ; gain = 676.645
open_report: Time (s): cpu = 00:00:36 ; elapsed = 00:00:28 . Memory (MB): peak = 2188.945 ; gain = 92.113
WARNING: [Timing 38-436] There are set_bus_skew constraint(s) in this design. Please run report_bus_skew to ensure that bus skew requirements are met.
file copy -force C:/Users/khali/ENSC_452_git/ENSC_452/Audio/Experimental/volume_control/volume_control.runs/impl_1/design_1_wrapper.sysdef C:/Users/khali/ENSC_452_git/ENSC_452/Audio/Experimental/volume_control/volume_control.sdk/design_1_wrapper.hdf

launch_sdk -workspace C:/Users/khali/ENSC_452_git/ENSC_452/Audio/Experimental/volume_control/volume_control.sdk -hwspec C:/Users/khali/ENSC_452_git/ENSC_452/Audio/Experimental/volume_control/volume_control.sdk/design_1_wrapper.hdf
INFO: [Vivado 12-393] Launching SDK...
INFO: [Vivado 12-417] Running xsdk -workspace C:/Users/khali/ENSC_452_git/ENSC_452/Audio/Experimental/volume_control/volume_control.sdk -hwspec C:/Users/khali/ENSC_452_git/ENSC_452/Audio/Experimental/volume_control/volume_control.sdk/design_1_wrapper.hdf
INFO: [Vivado 12-3157] SDK launch initiated. Please check console for any further messages.
launch_sdk -workspace C:/Users/khali/ENSC_452_git/ENSC_452/Audio/Experimental/volume_control/volume_control.sdk -hwspec C:/Users/khali/ENSC_452_git/ENSC_452/Audio/Experimental/volume_control/volume_control.sdk/design_1_wrapper.hdf
INFO: [Vivado 12-393] Launching SDK...
INFO: [Vivado 12-417] Running xsdk -workspace C:/Users/khali/ENSC_452_git/ENSC_452/Audio/Experimental/volume_control/volume_control.sdk -hwspec C:/Users/khali/ENSC_452_git/ENSC_452/Audio/Experimental/volume_control/volume_control.sdk/design_1_wrapper.hdf
INFO: [Vivado 12-3157] SDK launch initiated. Please check console for any further messages.
exit
INFO: [Common 17-206] Exiting Vivado at Mon Feb 10 23:46:40 2020...
