#-----------------------------------------------------------
# Webtalk v2017.2 (64-bit)
# SW Build 1909853 on Thu Jun 15 18:39:09 MDT 2017
# 
# Start of session at: Sun Dec 31 18:32:31 2017
# Process ID: 11656
# Current directory: C:/VivadoProjects/SPICodecDmaDemo/SPIRxTxDemo.sdk/webtalk
# Command line: wbtcv.exe -mode batch -source sdk_webtalk.tcl
# Log file: C:/VivadoProjects/SPICodecDmaDemo/SPIRxTxDemo.sdk/webtalk/webtalk.log
# Journal file: C:/VivadoProjects/SPICodecDmaDemo/SPIRxTxDemo.sdk/webtalk\webtalk.jou
#-----------------------------------------------------------
source sdk_webtalk.tcl
# webtalk_init -webtalk_dir C:\\VivadoProjects\\SPICodecDmaDemo\\SPIRxTxDemo.sdk\\webtalk
# webtalk_register_client -client project
# webtalk_add_data -client project -key date_generated -value "2017-12-31 18:32:30" -context "software_version_and_target_device"
# webtalk_add_data -client project -key product_version -value "SDK v2017.2" -context "software_version_and_target_device"
# webtalk_add_data -client project -key build_version -value "2017.2" -context "software_version_and_target_device"
# webtalk_add_data -client project -key os_platform -value "amd64" -context "software_version_and_target_device"
# webtalk_add_data -client project -key registration_id -value "211074443_1777510194_0_859" -context "software_version_and_target_device"
# webtalk_add_data -client project -key tool_flow -value "SDK" -context "software_version_and_target_device"
# webtalk_add_data -client project -key beta -value "false" -context "software_version_and_target_device"
# webtalk_add_data -client project -key route_design -value "NA" -context "software_version_and_target_device"
# webtalk_add_data -client project -key target_family -value "NA" -context "software_version_and_target_device"
# webtalk_add_data -client project -key target_device -value "NA" -context "software_version_and_target_device"
# webtalk_add_data -client project -key target_package -value "NA" -context "software_version_and_target_device"
# webtalk_add_data -client project -key target_speed -value "NA" -context "software_version_and_target_device"
# webtalk_add_data -client project -key random_id -value "8l4s2i8800ig1jk8ci0ekcbnlr" -context "software_version_and_target_device"
# webtalk_add_data -client project -key project_id -value "2017.2_34" -context "software_version_and_target_device"
# webtalk_add_data -client project -key project_iteration -value "34" -context "software_version_and_target_device"
# webtalk_add_data -client project -key os_name -value "Microsoft Windows 7 , 64-bit" -context "user_environment"
# webtalk_add_data -client project -key os_release -value "Service Pack 1  (build 7601)" -context "user_environment"
# webtalk_add_data -client project -key cpu_name -value "Intel(R) Core(TM) i5-4670 CPU @ 3.40GHz" -context "user_environment"
# webtalk_add_data -client project -key cpu_speed -value "3392 MHz" -context "user_environment"
# webtalk_add_data -client project -key total_processors -value "1" -context "user_environment"
# webtalk_add_data -client project -key system_ram -value "8.000 GB" -context "user_environment"
# webtalk_register_client -client sdk
# webtalk_add_data -client sdk -key uid -value "1514643552749" -context "sdk\\\\bsp/1514643552749"
# webtalk_add_data -client sdk -key hwid -value "1514643244103" -context "sdk\\\\bsp/1514643552749"
# webtalk_add_data -client sdk -key os -value "standalone" -context "sdk\\\\bsp/1514643552749"
# webtalk_add_data -client sdk -key apptemplate -value "hello_world" -context "sdk\\\\bsp/1514643552749"
# webtalk_add_data -client sdk -key RecordType -value "BSPCreation" -context "sdk\\\\bsp/1514643552749"
# webtalk_add_data -client sdk -key uid -value "1514643556351" -context "sdk\\\\application/1514643556351"
# webtalk_add_data -client sdk -key hwid -value "1514643244103" -context "sdk\\\\application/1514643556351"
# webtalk_add_data -client sdk -key bspid -value "1514643552749" -context "sdk\\\\application/1514643556351"
# webtalk_add_data -client sdk -key newbsp -value "true" -context "sdk\\\\application/1514643556351"
# webtalk_add_data -client sdk -key os -value "standalone" -context "sdk\\\\application/1514643556351"
# webtalk_add_data -client sdk -key apptemplate -value "hello_world" -context "sdk\\\\application/1514643556351"
# webtalk_add_data -client sdk -key RecordType -value "APPCreation" -context "sdk\\\\application/1514643556351"
# webtalk_add_data -client sdk -key LangUsed -value "C" -context "sdk\\\\application/1514643556351"
# webtalk_add_data -client sdk -key Procused -value "ps7_cortexa9" -context "sdk\\\\application/1514643556351"
# webtalk_add_data -client sdk -key uid -value "1514689402837" -context "sdk\\\\application/1514689402837"
# webtalk_add_data -client sdk -key hwid -value "1514643244103" -context "sdk\\\\application/1514689402837"
# webtalk_add_data -client sdk -key bspid -value "1514643552749" -context "sdk\\\\application/1514689402837"
# webtalk_add_data -client sdk -key newbsp -value "false" -context "sdk\\\\application/1514689402837"
# webtalk_add_data -client sdk -key os -value "standalone" -context "sdk\\\\application/1514689402837"
# webtalk_add_data -client sdk -key apptemplate -value "hello_world" -context "sdk\\\\application/1514689402837"
# webtalk_add_data -client sdk -key RecordType -value "APPCreation" -context "sdk\\\\application/1514689402837"
# webtalk_add_data -client sdk -key LangUsed -value "C" -context "sdk\\\\application/1514689402837"
# webtalk_add_data -client sdk -key Procused -value "ps7_cortexa9" -context "sdk\\\\application/1514689402837"
# webtalk_add_data -client sdk -key uid -value "1514689548624" -context "sdk\\\\application/1514689548624"
# webtalk_add_data -client sdk -key hwid -value "1514643244103" -context "sdk\\\\application/1514689548624"
# webtalk_add_data -client sdk -key bspid -value "1514643552749" -context "sdk\\\\application/1514689548624"
# webtalk_add_data -client sdk -key newbsp -value "false" -context "sdk\\\\application/1514689548624"
# webtalk_add_data -client sdk -key os -value "standalone" -context "sdk\\\\application/1514689548624"
# webtalk_add_data -client sdk -key apptemplate -value "hello_world" -context "sdk\\\\application/1514689548624"
# webtalk_add_data -client sdk -key RecordType -value "APPCreation" -context "sdk\\\\application/1514689548624"
# webtalk_add_data -client sdk -key LangUsed -value "C" -context "sdk\\\\application/1514689548624"
# webtalk_add_data -client sdk -key Procused -value "ps7_cortexa9" -context "sdk\\\\application/1514689548624"
# webtalk_add_data -client sdk -key projSize -value "295.359375" -context "sdk\\\\application/1514689548624"
# webtalk_add_data -client sdk -key uid -value "NA" -context "sdk\\\\bsp/1514705550674"
# webtalk_add_data -client sdk -key RecordType -value "ToolUsage" -context "sdk\\\\bsp/1514705550674"
# webtalk_add_data -client sdk -key BootgenCount -value "0" -context "sdk\\\\bsp/1514705550674"
# webtalk_add_data -client sdk -key DebugCount -value "0" -context "sdk\\\\bsp/1514705550674"
# webtalk_add_data -client sdk -key PerfCount -value "0" -context "sdk\\\\bsp/1514705550674"
# webtalk_add_data -client sdk -key FlashCount -value "0" -context "sdk\\\\bsp/1514705550674"
# webtalk_add_data -client sdk -key CrossTriggCount -value "0" -context "sdk\\\\bsp/1514705550674"
# webtalk_add_data -client sdk -key QemuDebugCount -value "0" -context "sdk\\\\bsp/1514705550674"
# webtalk_transmit -clientid 1443773720 -regid "211074443_1777510194_0_859" -xml C:\\VivadoProjects\\SPICodecDmaDemo\\SPIRxTxDemo.sdk\\webtalk\\usage_statistics_ext_sdk.xml -html C:\\VivadoProjects\\SPICodecDmaDemo\\SPIRxTxDemo.sdk\\webtalk\\usage_statistics_ext_sdk.html -wdm C:\\VivadoProjects\\SPICodecDmaDemo\\SPIRxTxDemo.sdk\\webtalk\\sdk_webtalk.wdm -intro "<H3>SDK Usage Report</H3><BR>"
# webtalk_terminate
INFO: [Common 17-206] Exiting Webtalk at Sun Dec 31 18:32:32 2017...
