
*** Running vivado
    with args -log design_1_Asteroid_Menu_0_0.vds -m64 -product Vivado -mode batch -messageDb vivado.pb -notrace -source design_1_Asteroid_Menu_0_0.tcl



****** Vivado v2020.2 (64-bit)
  **** SW Build 3064766 on Wed Nov 18 09:12:45 MST 2020
  **** IP Build 3064653 on Wed Nov 18 14:17:31 MST 2020
    ** Copyright 1986-2020 Xilinx, Inc. All Rights Reserved.

source design_1_Asteroid_Menu_0_0.tcl -notrace
INFO: [IP_Flow 19-234] Refreshing IP repositories
INFO: [IP_Flow 19-1700] Loaded user IP repository 'c:/Users/khali/ENSC_452_git/ENSC_452/DUAL_CPU/ip_repo'.
INFO: [IP_Flow 19-2313] Loaded Vivado IP repository 'C:/Xilinx/Vivado/2020.2/data/ip'.
Command: synth_design -top design_1_Asteroid_Menu_0_0 -part xc7z020clg484-1 -mode out_of_context
Starting synth_design
WARNING: [IP_Flow 19-3571] IP 'design_1_Asteroid_Menu_0_0' is restricted:
* Module reference is stale and needs refreshing.
Attempting to get a license for feature 'Synthesis' and/or device 'xc7z020'
INFO: [Common 17-349] Got license for feature 'Synthesis' and/or device 'xc7z020'
INFO: [Device 21-403] Loading part xc7z020clg484-1
INFO: [Synth 8-7079] Multithreading enabled for synth_design using a maximum of 2 processes.
INFO: [Synth 8-7078] Launching helper process for spawning children vivado processes
INFO: [Synth 8-7075] Helper process launched with PID 24200
---------------------------------------------------------------------------------
Starting RTL Elaboration : Time (s): cpu = 00:00:10 ; elapsed = 00:00:13 . Memory (MB): peak = 1103.691 ; gain = 0.000
---------------------------------------------------------------------------------
INFO: [Synth 8-638] synthesizing module 'design_1_Asteroid_Menu_0_0' [c:/Users/khali/ENSC_452_git/ENSC_452/DUAL_CPU/dual_cpu.gen/sources_1/bd/design_1/ip/design_1_Asteroid_Menu_0_0/synth/design_1_Asteroid_Menu_0_0.vhd:71]
INFO: [Synth 8-3491] module 'Asteroid_Menu' declared at 'C:/Users/khali/Downloads/AST3.0/Asteroid_menu.vhd:5' bound to instance 'U0' of component 'Asteroid_Menu' [c:/Users/khali/ENSC_452_git/ENSC_452/DUAL_CPU/dual_cpu.gen/sources_1/bd/design_1/ip/design_1_Asteroid_Menu_0_0/synth/design_1_Asteroid_Menu_0_0.vhd:97]
INFO: [Synth 8-638] synthesizing module 'Asteroid_Menu' [C:/Users/khali/Downloads/AST3.0/Asteroid_menu.vhd:19]
INFO: [Synth 8-3491] module 'text_gen' declared at 'C:/Users/khali/Downloads/AST3.0/Drawers.vhd:578' bound to instance 'Ax' of component 'text_gen' [C:/Users/khali/Downloads/AST3.0/Asteroid_menu.vhd:57]
INFO: [Synth 8-638] synthesizing module 'text_gen' [C:/Users/khali/Downloads/AST3.0/Drawers.vhd:590]
INFO: [Synth 8-256] done synthesizing module 'text_gen' (1#1) [C:/Users/khali/Downloads/AST3.0/Drawers.vhd:590]
INFO: [Synth 8-3491] module 'text_gen' declared at 'C:/Users/khali/Downloads/AST3.0/Drawers.vhd:578' bound to instance 'Sx' of component 'text_gen' [C:/Users/khali/Downloads/AST3.0/Asteroid_menu.vhd:58]
INFO: [Synth 8-3491] module 'text_gen' declared at 'C:/Users/khali/Downloads/AST3.0/Drawers.vhd:578' bound to instance 'Tx' of component 'text_gen' [C:/Users/khali/Downloads/AST3.0/Asteroid_menu.vhd:59]
INFO: [Synth 8-3491] module 'text_gen' declared at 'C:/Users/khali/Downloads/AST3.0/Drawers.vhd:578' bound to instance 'Ex' of component 'text_gen' [C:/Users/khali/Downloads/AST3.0/Asteroid_menu.vhd:60]
INFO: [Synth 8-3491] module 'text_gen' declared at 'C:/Users/khali/Downloads/AST3.0/Drawers.vhd:578' bound to instance 'Rx' of component 'text_gen' [C:/Users/khali/Downloads/AST3.0/Asteroid_menu.vhd:61]
INFO: [Synth 8-3491] module 'text_gen' declared at 'C:/Users/khali/Downloads/AST3.0/Drawers.vhd:578' bound to instance 'Ox' of component 'text_gen' [C:/Users/khali/Downloads/AST3.0/Asteroid_menu.vhd:62]
INFO: [Synth 8-3491] module 'text_gen' declared at 'C:/Users/khali/Downloads/AST3.0/Drawers.vhd:578' bound to instance 'Ix' of component 'text_gen' [C:/Users/khali/Downloads/AST3.0/Asteroid_menu.vhd:63]
INFO: [Synth 8-3491] module 'text_gen' declared at 'C:/Users/khali/Downloads/AST3.0/Drawers.vhd:578' bound to instance 'Dx' of component 'text_gen' [C:/Users/khali/Downloads/AST3.0/Asteroid_menu.vhd:64]
INFO: [Synth 8-3491] module 'text_gen' declared at 'C:/Users/khali/Downloads/AST3.0/Drawers.vhd:578' bound to instance 'Sxx' of component 'text_gen' [C:/Users/khali/Downloads/AST3.0/Asteroid_menu.vhd:65]
INFO: [Synth 8-3491] module 'text_gen' declared at 'C:/Users/khali/Downloads/AST3.0/Drawers.vhd:578' bound to instance 'Hx' of component 'text_gen' [C:/Users/khali/Downloads/AST3.0/Asteroid_menu.vhd:67]
INFO: [Synth 8-3491] module 'text_gen' declared at 'C:/Users/khali/Downloads/AST3.0/Drawers.vhd:578' bound to instance 'Ixx' of component 'text_gen' [C:/Users/khali/Downloads/AST3.0/Asteroid_menu.vhd:68]
INFO: [Synth 8-3491] module 'text_gen' declared at 'C:/Users/khali/Downloads/AST3.0/Drawers.vhd:578' bound to instance 'Gx' of component 'text_gen' [C:/Users/khali/Downloads/AST3.0/Asteroid_menu.vhd:69]
INFO: [Synth 8-3491] module 'text_gen' declared at 'C:/Users/khali/Downloads/AST3.0/Drawers.vhd:578' bound to instance 'Hxx' of component 'text_gen' [C:/Users/khali/Downloads/AST3.0/Asteroid_menu.vhd:70]
INFO: [Synth 8-3491] module 'text_gen' declared at 'C:/Users/khali/Downloads/AST3.0/Drawers.vhd:578' bound to instance 'Sxxx' of component 'text_gen' [C:/Users/khali/Downloads/AST3.0/Asteroid_menu.vhd:72]
INFO: [Synth 8-3491] module 'text_gen' declared at 'C:/Users/khali/Downloads/AST3.0/Drawers.vhd:578' bound to instance 'Cx' of component 'text_gen' [C:/Users/khali/Downloads/AST3.0/Asteroid_menu.vhd:73]
INFO: [Synth 8-3491] module 'text_gen' declared at 'C:/Users/khali/Downloads/AST3.0/Drawers.vhd:578' bound to instance 'Oxx' of component 'text_gen' [C:/Users/khali/Downloads/AST3.0/Asteroid_menu.vhd:74]
INFO: [Synth 8-3491] module 'text_gen' declared at 'C:/Users/khali/Downloads/AST3.0/Drawers.vhd:578' bound to instance 'Rxx' of component 'text_gen' [C:/Users/khali/Downloads/AST3.0/Asteroid_menu.vhd:75]
INFO: [Synth 8-3491] module 'text_gen' declared at 'C:/Users/khali/Downloads/AST3.0/Drawers.vhd:578' bound to instance 'Exx' of component 'text_gen' [C:/Users/khali/Downloads/AST3.0/Asteroid_menu.vhd:76]
INFO: [Synth 8-3491] module 'text_gen' declared at 'C:/Users/khali/Downloads/AST3.0/Drawers.vhd:578' bound to instance 'MSBno' of component 'text_gen' [C:/Users/khali/Downloads/AST3.0/Asteroid_menu.vhd:78]
INFO: [Synth 8-3491] module 'text_gen' declared at 'C:/Users/khali/Downloads/AST3.0/Drawers.vhd:578' bound to instance 'xno' of component 'text_gen' [C:/Users/khali/Downloads/AST3.0/Asteroid_menu.vhd:79]
INFO: [Synth 8-3491] module 'text_gen' declared at 'C:/Users/khali/Downloads/AST3.0/Drawers.vhd:578' bound to instance 'LSBno' of component 'text_gen' [C:/Users/khali/Downloads/AST3.0/Asteroid_menu.vhd:80]
INFO: [Synth 8-3491] module 'text_gen' declared at 'C:/Users/khali/Downloads/AST3.0/Drawers.vhd:578' bound to instance 'Ss' of component 'text_gen' [C:/Users/khali/Downloads/AST3.0/Asteroid_menu.vhd:83]
INFO: [Synth 8-3491] module 'text_gen' declared at 'C:/Users/khali/Downloads/AST3.0/Drawers.vhd:578' bound to instance 'Ts' of component 'text_gen' [C:/Users/khali/Downloads/AST3.0/Asteroid_menu.vhd:84]
INFO: [Synth 8-3491] module 'text_gen' declared at 'C:/Users/khali/Downloads/AST3.0/Drawers.vhd:578' bound to instance 'As' of component 'text_gen' [C:/Users/khali/Downloads/AST3.0/Asteroid_menu.vhd:85]
INFO: [Synth 8-3491] module 'text_gen' declared at 'C:/Users/khali/Downloads/AST3.0/Drawers.vhd:578' bound to instance 'Rs' of component 'text_gen' [C:/Users/khali/Downloads/AST3.0/Asteroid_menu.vhd:86]
INFO: [Synth 8-3491] module 'text_gen' declared at 'C:/Users/khali/Downloads/AST3.0/Drawers.vhd:578' bound to instance 'Tss' of component 'text_gen' [C:/Users/khali/Downloads/AST3.0/Asteroid_menu.vhd:87]
INFO: [Synth 8-3491] module 'text_gen' declared at 'C:/Users/khali/Downloads/AST3.0/Drawers.vhd:578' bound to instance 'Sss' of component 'text_gen' [C:/Users/khali/Downloads/AST3.0/Asteroid_menu.vhd:89]
INFO: [Synth 8-3491] module 'text_gen' declared at 'C:/Users/khali/Downloads/AST3.0/Drawers.vhd:578' bound to instance 'Oss' of component 'text_gen' [C:/Users/khali/Downloads/AST3.0/Asteroid_menu.vhd:90]
INFO: [Synth 8-3491] module 'text_gen' declared at 'C:/Users/khali/Downloads/AST3.0/Drawers.vhd:578' bound to instance 'Uss' of component 'text_gen' [C:/Users/khali/Downloads/AST3.0/Asteroid_menu.vhd:91]
INFO: [Synth 8-3491] module 'text_gen' declared at 'C:/Users/khali/Downloads/AST3.0/Drawers.vhd:578' bound to instance 'Nss' of component 'text_gen' [C:/Users/khali/Downloads/AST3.0/Asteroid_menu.vhd:92]
INFO: [Synth 8-3491] module 'text_gen' declared at 'C:/Users/khali/Downloads/AST3.0/Drawers.vhd:578' bound to instance 'Dss' of component 'text_gen' [C:/Users/khali/Downloads/AST3.0/Asteroid_menu.vhd:93]
INFO: [Synth 8-3491] module 'text_gen' declared at 'C:/Users/khali/Downloads/AST3.0/Drawers.vhd:578' bound to instance 'S1ss' of component 'text_gen' [C:/Users/khali/Downloads/AST3.0/Asteroid_menu.vhd:94]
INFO: [Synth 8-3491] module 'text_gen' declared at 'C:/Users/khali/Downloads/AST3.0/Drawers.vhd:578' bound to instance 'O2' of component 'text_gen' [C:/Users/khali/Downloads/AST3.0/Asteroid_menu.vhd:96]
INFO: [Synth 8-3491] module 'text_gen' declared at 'C:/Users/khali/Downloads/AST3.0/Drawers.vhd:578' bound to instance 'N2' of component 'text_gen' [C:/Users/khali/Downloads/AST3.0/Asteroid_menu.vhd:97]
INFO: [Synth 8-3491] module 'text_gen' declared at 'C:/Users/khali/Downloads/AST3.0/Drawers.vhd:578' bound to instance 'O12' of component 'text_gen' [C:/Users/khali/Downloads/AST3.0/Asteroid_menu.vhd:100]
INFO: [Synth 8-3491] module 'text_gen' declared at 'C:/Users/khali/Downloads/AST3.0/Drawers.vhd:578' bound to instance 'F2' of component 'text_gen' [C:/Users/khali/Downloads/AST3.0/Asteroid_menu.vhd:101]
INFO: [Synth 8-3491] module 'text_gen' declared at 'C:/Users/khali/Downloads/AST3.0/Drawers.vhd:578' bound to instance 'F12' of component 'text_gen' [C:/Users/khali/Downloads/AST3.0/Asteroid_menu.vhd:102]
INFO: [Synth 8-3491] module 'text_gen' declared at 'C:/Users/khali/Downloads/AST3.0/Drawers.vhd:578' bound to instance 'Dd' of component 'text_gen' [C:/Users/khali/Downloads/AST3.0/Asteroid_menu.vhd:105]
INFO: [Synth 8-3491] module 'text_gen' declared at 'C:/Users/khali/Downloads/AST3.0/Drawers.vhd:578' bound to instance 'Id' of component 'text_gen' [C:/Users/khali/Downloads/AST3.0/Asteroid_menu.vhd:106]
INFO: [Synth 8-3491] module 'text_gen' declared at 'C:/Users/khali/Downloads/AST3.0/Drawers.vhd:578' bound to instance 'Fd' of component 'text_gen' [C:/Users/khali/Downloads/AST3.0/Asteroid_menu.vhd:107]
INFO: [Synth 8-3491] module 'text_gen' declared at 'C:/Users/khali/Downloads/AST3.0/Drawers.vhd:578' bound to instance 'Fxd' of component 'text_gen' [C:/Users/khali/Downloads/AST3.0/Asteroid_menu.vhd:108]
INFO: [Synth 8-3491] module 'text_gen' declared at 'C:/Users/khali/Downloads/AST3.0/Drawers.vhd:578' bound to instance 'Ixd' of component 'text_gen' [C:/Users/khali/Downloads/AST3.0/Asteroid_menu.vhd:109]
INFO: [Synth 8-3491] module 'text_gen' declared at 'C:/Users/khali/Downloads/AST3.0/Drawers.vhd:578' bound to instance 'Cd' of component 'text_gen' [C:/Users/khali/Downloads/AST3.0/Asteroid_menu.vhd:110]
INFO: [Synth 8-3491] module 'text_gen' declared at 'C:/Users/khali/Downloads/AST3.0/Drawers.vhd:578' bound to instance 'Ud' of component 'text_gen' [C:/Users/khali/Downloads/AST3.0/Asteroid_menu.vhd:111]
INFO: [Synth 8-3491] module 'text_gen' declared at 'C:/Users/khali/Downloads/AST3.0/Drawers.vhd:578' bound to instance 'Ld' of component 'text_gen' [C:/Users/khali/Downloads/AST3.0/Asteroid_menu.vhd:112]
INFO: [Synth 8-3491] module 'text_gen' declared at 'C:/Users/khali/Downloads/AST3.0/Drawers.vhd:578' bound to instance 'Td' of component 'text_gen' [C:/Users/khali/Downloads/AST3.0/Asteroid_menu.vhd:113]
INFO: [Synth 8-3491] module 'text_gen' declared at 'C:/Users/khali/Downloads/AST3.0/Drawers.vhd:578' bound to instance 'Yd' of component 'text_gen' [C:/Users/khali/Downloads/AST3.0/Asteroid_menu.vhd:114]
INFO: [Synth 8-3491] module 'text_gen' declared at 'C:/Users/khali/Downloads/AST3.0/Drawers.vhd:578' bound to instance 'Np' of component 'text_gen' [C:/Users/khali/Downloads/AST3.0/Asteroid_menu.vhd:116]
INFO: [Synth 8-3491] module 'text_gen' declared at 'C:/Users/khali/Downloads/AST3.0/Drawers.vhd:578' bound to instance 'Ep' of component 'text_gen' [C:/Users/khali/Downloads/AST3.0/Asteroid_menu.vhd:117]
INFO: [Synth 8-3491] module 'text_gen' declared at 'C:/Users/khali/Downloads/AST3.0/Drawers.vhd:578' bound to instance 'Wp' of component 'text_gen' [C:/Users/khali/Downloads/AST3.0/Asteroid_menu.vhd:118]
INFO: [Synth 8-3491] module 'text_gen' declared at 'C:/Users/khali/Downloads/AST3.0/Drawers.vhd:578' bound to instance 'Bp' of component 'text_gen' [C:/Users/khali/Downloads/AST3.0/Asteroid_menu.vhd:119]
INFO: [Synth 8-3491] module 'text_gen' declared at 'C:/Users/khali/Downloads/AST3.0/Drawers.vhd:578' bound to instance 'Pp' of component 'text_gen' [C:/Users/khali/Downloads/AST3.0/Asteroid_menu.vhd:121]
INFO: [Synth 8-3491] module 'text_gen' declared at 'C:/Users/khali/Downloads/AST3.0/Drawers.vhd:578' bound to instance 'Rp' of component 'text_gen' [C:/Users/khali/Downloads/AST3.0/Asteroid_menu.vhd:122]
INFO: [Synth 8-3491] module 'text_gen' declared at 'C:/Users/khali/Downloads/AST3.0/Drawers.vhd:578' bound to instance 'Op' of component 'text_gen' [C:/Users/khali/Downloads/AST3.0/Asteroid_menu.vhd:123]
INFO: [Synth 8-3491] module 'Bar' declared at 'C:/Users/khali/Downloads/AST3.0/Drawers.vhd:1275' bound to instance 'bar1' of component 'Bar' [C:/Users/khali/Downloads/AST3.0/Asteroid_menu.vhd:125]
INFO: [Synth 8-638] synthesizing module 'Bar' [C:/Users/khali/Downloads/AST3.0/Drawers.vhd:1286]
INFO: [Synth 8-256] done synthesizing module 'Bar' (2#1) [C:/Users/khali/Downloads/AST3.0/Drawers.vhd:1286]
INFO: [Synth 8-3491] module 'Bar' declared at 'C:/Users/khali/Downloads/AST3.0/Drawers.vhd:1275' bound to instance 'bar2' of component 'Bar' [C:/Users/khali/Downloads/AST3.0/Asteroid_menu.vhd:126]
INFO: [Synth 8-3491] module 'Bar' declared at 'C:/Users/khali/Downloads/AST3.0/Drawers.vhd:1275' bound to instance 'bar3' of component 'Bar' [C:/Users/khali/Downloads/AST3.0/Asteroid_menu.vhd:127]
WARNING: [Synth 8-614] signal 'rgb' is read in the process but is not in the sensitivity list [C:/Users/khali/Downloads/AST3.0/Asteroid_menu.vhd:129]
WARNING: [Synth 8-614] signal 'menu_control' is read in the process but is not in the sensitivity list [C:/Users/khali/Downloads/AST3.0/Asteroid_menu.vhd:129]
WARNING: [Synth 8-614] signal 'diff_setting' is read in the process but is not in the sensitivity list [C:/Users/khali/Downloads/AST3.0/Asteroid_menu.vhd:129]
WARNING: [Synth 8-614] signal 'stars' is read in the process but is not in the sensitivity list [C:/Users/khali/Downloads/AST3.0/Asteroid_menu.vhd:129]
INFO: [Synth 8-256] done synthesizing module 'Asteroid_Menu' (3#1) [C:/Users/khali/Downloads/AST3.0/Asteroid_menu.vhd:19]
INFO: [Synth 8-256] done synthesizing module 'design_1_Asteroid_Menu_0_0' (4#1) [c:/Users/khali/ENSC_452_git/ENSC_452/DUAL_CPU/dual_cpu.gen/sources_1/bd/design_1/ip/design_1_Asteroid_Menu_0_0/synth/design_1_Asteroid_Menu_0_0.vhd:71]
---------------------------------------------------------------------------------
Finished RTL Elaboration : Time (s): cpu = 00:00:13 ; elapsed = 00:00:17 . Memory (MB): peak = 1103.691 ; gain = 0.000
---------------------------------------------------------------------------------
---------------------------------------------------------------------------------
Start Handling Custom Attributes
---------------------------------------------------------------------------------
---------------------------------------------------------------------------------
Finished Handling Custom Attributes : Time (s): cpu = 00:00:14 ; elapsed = 00:00:18 . Memory (MB): peak = 1103.691 ; gain = 0.000
---------------------------------------------------------------------------------
---------------------------------------------------------------------------------
Finished RTL Optimization Phase 1 : Time (s): cpu = 00:00:14 ; elapsed = 00:00:18 . Memory (MB): peak = 1103.691 ; gain = 0.000
---------------------------------------------------------------------------------
Netlist sorting complete. Time (s): cpu = 00:00:00 ; elapsed = 00:00:00.200 . Memory (MB): peak = 1103.691 ; gain = 0.000
INFO: [Project 1-570] Preparing netlist for logic optimization

Processing XDC Constraints
Initializing timing engine
Completed Processing XDC Constraints

Netlist sorting complete. Time (s): cpu = 00:00:00 ; elapsed = 00:00:00.001 . Memory (MB): peak = 1201.402 ; gain = 0.000
INFO: [Project 1-111] Unisim Transformation Summary:
No Unisim elements were transformed.

Constraint Validation Runtime : Time (s): cpu = 00:00:01 ; elapsed = 00:00:00.223 . Memory (MB): peak = 1201.406 ; gain = 0.004
---------------------------------------------------------------------------------
Finished Constraint Validation : Time (s): cpu = 00:00:31 ; elapsed = 00:00:44 . Memory (MB): peak = 1201.406 ; gain = 97.715
---------------------------------------------------------------------------------
---------------------------------------------------------------------------------
Start Loading Part and Timing Information
---------------------------------------------------------------------------------
Loading part: xc7z020clg484-1
---------------------------------------------------------------------------------
Finished Loading Part and Timing Information : Time (s): cpu = 00:00:31 ; elapsed = 00:00:44 . Memory (MB): peak = 1201.406 ; gain = 97.715
---------------------------------------------------------------------------------
---------------------------------------------------------------------------------
Start Applying 'set_property' XDC Constraints
---------------------------------------------------------------------------------
---------------------------------------------------------------------------------
Finished applying 'set_property' XDC Constraints : Time (s): cpu = 00:00:31 ; elapsed = 00:00:44 . Memory (MB): peak = 1201.406 ; gain = 97.715
---------------------------------------------------------------------------------
---------------------------------------------------------------------------------
Finished RTL Optimization Phase 2 : Time (s): cpu = 00:00:32 ; elapsed = 00:00:48 . Memory (MB): peak = 1201.406 ; gain = 97.715
---------------------------------------------------------------------------------
---------------------------------------------------------------------------------
Start RTL Component Statistics 
---------------------------------------------------------------------------------
Detailed RTL Component Info : 
+---Adders : 
	   3 Input   10 Bit       Adders := 108   
	   2 Input   10 Bit       Adders := 60    
	   3 Input    5 Bit       Adders := 54    
	   3 Input    4 Bit       Adders := 54    
+---Muxes : 
	  12 Input   12 Bit        Muxes := 1     
---------------------------------------------------------------------------------
Finished RTL Component Statistics 
---------------------------------------------------------------------------------
---------------------------------------------------------------------------------
Start Part Resource Summary
---------------------------------------------------------------------------------
Part Resources:
DSPs: 220 (col length:60)
BRAMs: 280 (col length: RAMB18 60 RAMB36 30)
---------------------------------------------------------------------------------
Finished Part Resource Summary
---------------------------------------------------------------------------------
---------------------------------------------------------------------------------
Start Cross Boundary and Area Optimization
---------------------------------------------------------------------------------
---------------------------------------------------------------------------------
Finished Cross Boundary and Area Optimization : Time (s): cpu = 00:00:58 ; elapsed = 00:01:26 . Memory (MB): peak = 1201.406 ; gain = 97.715
---------------------------------------------------------------------------------
---------------------------------------------------------------------------------
Start ROM, RAM, DSP, Shift Register and Retiming Reporting
---------------------------------------------------------------------------------

ROM: Preliminary Mapping	Report
+--------------+-------------------+---------------+----------------+
|Module Name   | RTL Object        | Depth x Width | Implemented As | 
+--------------+-------------------+---------------+----------------+
|text_gen      | text_ROM[0]       | 1024x8        | LUT            | 
|Asteroid_Menu | Ax/text_ROM[0]    | 1024x8        | LUT            | 
|Asteroid_Menu | Sx/text_ROM[0]    | 1024x8        | LUT            | 
|Asteroid_Menu | Tx/text_ROM[0]    | 1024x8        | LUT            | 
|Asteroid_Menu | Ex/text_ROM[0]    | 1024x8        | LUT            | 
|Asteroid_Menu | Rx/text_ROM[0]    | 1024x8        | LUT            | 
|Asteroid_Menu | Ox/text_ROM[0]    | 1024x8        | LUT            | 
|Asteroid_Menu | Ix/text_ROM[0]    | 1024x8        | LUT            | 
|Asteroid_Menu | Dx/text_ROM[0]    | 1024x8        | LUT            | 
|Asteroid_Menu | Hx/text_ROM[0]    | 1024x8        | LUT            | 
|Asteroid_Menu | Ixx/text_ROM[0]   | 1024x8        | LUT            | 
|Asteroid_Menu | Gx/text_ROM[0]    | 1024x8        | LUT            | 
|Asteroid_Menu | Sxxx/text_ROM[0]  | 1024x8        | LUT            | 
|Asteroid_Menu | Cx/text_ROM[0]    | 1024x8        | LUT            | 
|Asteroid_Menu | Oxx/text_ROM[0]   | 1024x8        | LUT            | 
|Asteroid_Menu | Rxx/text_ROM[0]   | 1024x8        | LUT            | 
|Asteroid_Menu | Exx/text_ROM[0]   | 1024x8        | LUT            | 
|Asteroid_Menu | MSBno/text_ROM[0] | 1024x8        | LUT            | 
|Asteroid_Menu | Ss/text_ROM[0]    | 1024x8        | LUT            | 
|Asteroid_Menu | Ts/text_ROM[0]    | 1024x8        | LUT            | 
|Asteroid_Menu | As/text_ROM[0]    | 1024x8        | LUT            | 
|Asteroid_Menu | Rs/text_ROM[0]    | 1024x8        | LUT            | 
|Asteroid_Menu | Sss/text_ROM[0]   | 1024x8        | LUT            | 
|Asteroid_Menu | Oss/text_ROM[0]   | 1024x8        | LUT            | 
|Asteroid_Menu | Uss/text_ROM[0]   | 1024x8        | LUT            | 
|Asteroid_Menu | Nss/text_ROM[0]   | 1024x8        | LUT            | 
|Asteroid_Menu | Dss/text_ROM[0]   | 1024x8        | LUT            | 
|Asteroid_Menu | O2/text_ROM[0]    | 1024x8        | LUT            | 
|Asteroid_Menu | N2/text_ROM[0]    | 1024x8        | LUT            | 
|Asteroid_Menu | F2/text_ROM[0]    | 1024x8        | LUT            | 
|Asteroid_Menu | Dd/text_ROM[0]    | 1024x8        | LUT            | 
|Asteroid_Menu | Id/text_ROM[0]    | 1024x8        | LUT            | 
|Asteroid_Menu | Fd/text_ROM[0]    | 1024x8        | LUT            | 
|Asteroid_Menu | Cd/text_ROM[0]    | 1024x8        | LUT            | 
|Asteroid_Menu | Ud/text_ROM[0]    | 1024x8        | LUT            | 
|Asteroid_Menu | Ld/text_ROM[0]    | 1024x8        | LUT            | 
|Asteroid_Menu | Td/text_ROM[0]    | 1024x8        | LUT            | 
|Asteroid_Menu | Yd/text_ROM[0]    | 1024x8        | LUT            | 
|Asteroid_Menu | Ep/text_ROM[0]    | 1024x8        | LUT            | 
|Asteroid_Menu | Wp/text_ROM[0]    | 1024x8        | LUT            | 
|Asteroid_Menu | Bp/text_ROM[0]    | 1024x8        | LUT            | 
|Asteroid_Menu | Pp/text_ROM[0]    | 1024x8        | LUT            | 
|Asteroid_Menu | Rp/text_ROM[0]    | 1024x8        | LUT            | 
+--------------+-------------------+---------------+----------------+

---------------------------------------------------------------------------------
Finished ROM, RAM, DSP, Shift Register and Retiming Reporting
---------------------------------------------------------------------------------
---------------------------------------------------------------------------------
Start Applying XDC Timing Constraints
---------------------------------------------------------------------------------
---------------------------------------------------------------------------------
Finished Applying XDC Timing Constraints : Time (s): cpu = 00:01:15 ; elapsed = 00:01:44 . Memory (MB): peak = 1208.102 ; gain = 104.410
---------------------------------------------------------------------------------
---------------------------------------------------------------------------------
Start Timing Optimization
---------------------------------------------------------------------------------
---------------------------------------------------------------------------------
Finished Timing Optimization : Time (s): cpu = 00:01:15 ; elapsed = 00:01:45 . Memory (MB): peak = 1208.918 ; gain = 105.227
---------------------------------------------------------------------------------
---------------------------------------------------------------------------------
Start Technology Mapping
---------------------------------------------------------------------------------
---------------------------------------------------------------------------------
Finished Technology Mapping : Time (s): cpu = 00:01:16 ; elapsed = 00:01:46 . Memory (MB): peak = 1228.242 ; gain = 124.551
---------------------------------------------------------------------------------
---------------------------------------------------------------------------------
Start IO Insertion
---------------------------------------------------------------------------------
---------------------------------------------------------------------------------
Start Flattening Before IO Insertion
---------------------------------------------------------------------------------
---------------------------------------------------------------------------------
Finished Flattening Before IO Insertion
---------------------------------------------------------------------------------
---------------------------------------------------------------------------------
Start Final Netlist Cleanup
---------------------------------------------------------------------------------
---------------------------------------------------------------------------------
Finished Final Netlist Cleanup
---------------------------------------------------------------------------------
---------------------------------------------------------------------------------
Finished IO Insertion : Time (s): cpu = 00:01:28 ; elapsed = 00:01:59 . Memory (MB): peak = 1243.207 ; gain = 139.516
---------------------------------------------------------------------------------
---------------------------------------------------------------------------------
Start Renaming Generated Instances
---------------------------------------------------------------------------------
---------------------------------------------------------------------------------
Finished Renaming Generated Instances : Time (s): cpu = 00:01:28 ; elapsed = 00:01:59 . Memory (MB): peak = 1243.207 ; gain = 139.516
---------------------------------------------------------------------------------
---------------------------------------------------------------------------------
Start Rebuilding User Hierarchy
---------------------------------------------------------------------------------
---------------------------------------------------------------------------------
Finished Rebuilding User Hierarchy : Time (s): cpu = 00:01:28 ; elapsed = 00:01:59 . Memory (MB): peak = 1243.207 ; gain = 139.516
---------------------------------------------------------------------------------
---------------------------------------------------------------------------------
Start Renaming Generated Ports
---------------------------------------------------------------------------------
---------------------------------------------------------------------------------
Finished Renaming Generated Ports : Time (s): cpu = 00:01:28 ; elapsed = 00:01:59 . Memory (MB): peak = 1243.207 ; gain = 139.516
---------------------------------------------------------------------------------
---------------------------------------------------------------------------------
Start Handling Custom Attributes
---------------------------------------------------------------------------------
---------------------------------------------------------------------------------
Finished Handling Custom Attributes : Time (s): cpu = 00:01:28 ; elapsed = 00:01:59 . Memory (MB): peak = 1243.207 ; gain = 139.516
---------------------------------------------------------------------------------
---------------------------------------------------------------------------------
Start Renaming Generated Nets
---------------------------------------------------------------------------------
---------------------------------------------------------------------------------
Finished Renaming Generated Nets : Time (s): cpu = 00:01:28 ; elapsed = 00:01:59 . Memory (MB): peak = 1243.207 ; gain = 139.516
---------------------------------------------------------------------------------
---------------------------------------------------------------------------------
Start Writing Synthesis Report
---------------------------------------------------------------------------------

Report BlackBoxes: 
+-+--------------+----------+
| |BlackBox name |Instances |
+-+--------------+----------+
+-+--------------+----------+

Report Cell Usage: 
+------+------+------+
|      |Cell  |Count |
+------+------+------+
|1     |LUT1  |     1|
|2     |LUT2  |    17|
|3     |LUT3  |    21|
|4     |LUT4  |    54|
|5     |LUT5  |   225|
|6     |LUT6  |   219|
|7     |MUXF7 |    73|
|8     |MUXF8 |    20|
+------+------+------+
---------------------------------------------------------------------------------
Finished Writing Synthesis Report : Time (s): cpu = 00:01:28 ; elapsed = 00:01:59 . Memory (MB): peak = 1243.207 ; gain = 139.516
---------------------------------------------------------------------------------
Synthesis finished with 0 errors, 0 critical warnings and 0 warnings.
Synthesis Optimization Runtime : Time (s): cpu = 00:01:08 ; elapsed = 00:01:53 . Memory (MB): peak = 1243.207 ; gain = 41.801
Synthesis Optimization Complete : Time (s): cpu = 00:01:28 ; elapsed = 00:01:59 . Memory (MB): peak = 1243.207 ; gain = 139.516
INFO: [Project 1-571] Translating synthesized netlist
Netlist sorting complete. Time (s): cpu = 00:00:00 ; elapsed = 00:00:00.024 . Memory (MB): peak = 1255.273 ; gain = 0.000
INFO: [Netlist 29-17] Analyzing 93 Unisim elements for replacement
INFO: [Netlist 29-28] Unisim Transformation completed in 0 CPU seconds
INFO: [Project 1-570] Preparing netlist for logic optimization
INFO: [Opt 31-138] Pushed 0 inverter(s) to 0 load pin(s).
Netlist sorting complete. Time (s): cpu = 00:00:00 ; elapsed = 00:00:00.001 . Memory (MB): peak = 1255.273 ; gain = 0.000
INFO: [Project 1-111] Unisim Transformation Summary:
No Unisim elements were transformed.

INFO: [Common 17-83] Releasing license: Synthesis
83 Infos, 5 Warnings, 0 Critical Warnings and 0 Errors encountered.
synth_design completed successfully
synth_design: Time (s): cpu = 00:01:43 ; elapsed = 00:02:24 . Memory (MB): peak = 1255.273 ; gain = 151.582
INFO: [Common 17-1381] The checkpoint 'C:/Users/khali/ENSC_452_git/ENSC_452/DUAL_CPU/dual_cpu.runs/design_1_Asteroid_Menu_0_0_synth_1/design_1_Asteroid_Menu_0_0.dcp' has been generated.
WARNING: [Common 17-576] 'use_project_ipc' is deprecated. This option is deprecated and no longer used.
INFO: [Coretcl 2-1174] Renamed 8 cell refs.
INFO: [Common 17-1381] The checkpoint 'C:/Users/khali/ENSC_452_git/ENSC_452/DUAL_CPU/dual_cpu.runs/design_1_Asteroid_Menu_0_0_synth_1/design_1_Asteroid_Menu_0_0.dcp' has been generated.
INFO: [runtcl-4] Executing : report_utilization -file design_1_Asteroid_Menu_0_0_utilization_synth.rpt -pb design_1_Asteroid_Menu_0_0_utilization_synth.pb
INFO: [Common 17-206] Exiting Vivado at Sun Apr  4 15:07:08 2021...
