#-----------------------------------------------------------
# Vivado v2019.1 (64-bit)
# SW Build 2552052 on Fri May 24 14:49:42 MDT 2019
# IP Build 2548770 on Fri May 24 18:01:18 MDT 2019
# Start of session at: Thu Jan 30 23:16:19 2020
# Process ID: 18752
# Current directory: C:/Users/khali/ENSC_452/Project_modules/Audio/btn_controlled_volume
# Command line: vivado.exe -gui_launcher_event rodinguilauncherevent23176 C:\Users\khali\ENSC_452\Project_modules\Audio\btn_controlled_volume\btn_controlled_volume.xpr
# Log file: C:/Users/khali/ENSC_452/Project_modules/Audio/btn_controlled_volume/vivado.log
# Journal file: C:/Users/khali/ENSC_452/Project_modules/Audio/btn_controlled_volume\vivado.jou
#-----------------------------------------------------------
start_gui
open_project C:/Users/khali/ENSC_452/Project_modules/Audio/btn_controlled_volume/btn_controlled_volume.xpr
INFO: [Project 1-313] Project file moved from 'C:/Users/khali/ENSC_452/Project_modules/Audio/New_folder/btn_controlled_volume' since last save.
Scanning sources...
Finished scanning sources
INFO: [IP_Flow 19-234] Refreshing IP repositories
INFO: [IP_Flow 19-1700] Loaded user IP repository 'c:/Users/khali/ENSC_452/Project_modules/Audio/SPIRxTxDemo/SPIRxTxDemo.ipdefs/myIPCores_0_0'.
INFO: [IP_Flow 19-2313] Loaded Vivado IP repository 'C:/Xilinx/Vivado/2019.1/data/ip'.
WARNING: [Project 1-533] File 'c:/Users/khali/ENSC_452/Project_modules/Audio/New_folder/DMA_Audio/DMA_Audio.srcs/sources_1/bd/design_1/ip/design_1_axi_gpio_0_0_1/design_1_axi_gpio_0_0.xci' could not be found in the subdesign 'C:/Users/khali/ENSC_452/Project_modules/Audio/btn_controlled_volume/btn_controlled_volume.srcs/sources_1/bd/design_1/design_1.bd', but fileset 'design_1_axi_gpio_0_0' still exists. The fileset and corresponding run(s) will be deleted the next time top-level synthesis is run.
open_project: Time (s): cpu = 00:00:43 ; elapsed = 00:00:35 . Memory (MB): peak = 907.684 ; gain = 70.648
update_compile_order -fileset sources_1
exit
INFO: [Common 17-206] Exiting Vivado at Thu Jan 30 23:18:22 2020...
